2023-11-27 21:02:44.999555: I external/local_tsl/tsl/cuda/cudart_stub.cc:31] Could not find cuda drivers on your machine, GPU will not be used.
2023-11-27 21:02:45.030249: E external/local_xla/xla/stream_executor/cuda/cuda_dnn.cc:9261] Unable to register cuDNN factory: Attempting to register factory for plugin cuDNN when one has already been registered
2023-11-27 21:02:45.030294: E external/local_xla/xla/stream_executor/cuda/cuda_fft.cc:607] Unable to register cuFFT factory: Attempting to register factory for plugin cuFFT when one has already been registered
2023-11-27 21:02:45.031155: E external/local_xla/xla/stream_executor/cuda/cuda_blas.cc:1515] Unable to register cuBLAS factory: Attempting to register factory for plugin cuBLAS when one has already been registered
2023-11-27 21:02:45.036549: I external/local_tsl/tsl/cuda/cudart_stub.cc:31] Could not find cuda drivers on your machine, GPU will not be used.
2023-11-27 21:02:45.037637: I tensorflow/core/platform/cpu_feature_guard.cc:182] This TensorFlow binary is optimized to use available CPU instructions in performance-critical operations.
To enable the following instructions: AVX2 FMA, in other operations, rebuild TensorFlow with the appropriate compiler flags.
2023-11-27 21:02:47.641217: W tensorflow/compiler/tf2tensorrt/utils/py_utils.cc:38] TF-TRT Warning: Could not find TensorRT
Reloading Tuner from hyperparams/sinus: first real try FIRO/tuner0.json
Dagon try FIRO
300
Model: "model"
_________________________________________________________________
 Layer (type)                Output Shape              Param #   
=================================================================
 input_1 (InputLayer)        [(None, 1)]               0         
                                                                 
 dense (Dense)               (None, 32)                64        
                                                                 
 dense_1 (Dense)             (None, 1)                 33        
                                                                 
=================================================================
Total params: 97 (388.00 Byte)
Trainable params: 97 (388.00 Byte)
Non-trainable params: 0 (0.00 Byte)
_________________________________________________________________
None
Model: "model_1"
_________________________________________________________________
 Layer (type)                Output Shape              Param #   
=================================================================
 input_2 (InputLayer)        [(None, 1)]               0         
                                                                 
 dense_2 (Dense)             (None, 32)                64        
                                                                 
 dense_3 (Dense)             (None, 1)                 33        
                                                                 
=================================================================
Total params: 97 (388.00 Byte)
Trainable params: 97 (388.00 Byte)
Non-trainable params: 0 (0.00 Byte)
_________________________________________________________________
None
Model: "model_2"
_________________________________________________________________
 Layer (type)                Output Shape              Param #   
=================================================================
 input_3 (InputLayer)        [(None, 1)]               0         
                                                                 
 dense_4 (Dense)             (None, 32)                64        
                                                                 
 dense_5 (Dense)             (None, 1)                 33        
                                                                 
=================================================================
Total params: 97 (388.00 Byte)
Trainable params: 97 (388.00 Byte)
Non-trainable params: 0 (0.00 Byte)
_________________________________________________________________
None
Model: "model_3"
_________________________________________________________________
 Layer (type)                Output Shape              Param #   
=================================================================
 input_4 (InputLayer)        [(None, 1)]               0         
                                                                 
 dense_6 (Dense)             (None, 32)                64        
                                                                 
 dense_7 (Dense)             (None, 1)                 33        
                                                                 
=================================================================
Total params: 97 (388.00 Byte)
Trainable params: 97 (388.00 Byte)
Non-trainable params: 0 (0.00 Byte)
_________________________________________________________________
None
Model: "model_4"
_________________________________________________________________
 Layer (type)                Output Shape              Param #   
=================================================================
 input_5 (InputLayer)        [(None, 1)]               0         
                                                                 
 dense_8 (Dense)             (None, 32)                64        
                                                                 
 dense_9 (Dense)             (None, 1)                 33        
                                                                 
=================================================================
Total params: 97 (388.00 Byte)
Trainable params: 97 (388.00 Byte)
Non-trainable params: 0 (0.00 Byte)
_________________________________________________________________
None
Model: "model_5"
_________________________________________________________________
 Layer (type)                Output Shape              Param #   
=================================================================
 input_6 (InputLayer)        [(None, 1)]               0         
                                                                 
 dense_10 (Dense)            (None, 32)                64        
                                                                 
 dense_11 (Dense)            (None, 1)                 33        
                                                                 
=================================================================
Total params: 97 (388.00 Byte)
Trainable params: 97 (388.00 Byte)
Non-trainable params: 0 (0.00 Byte)
_________________________________________________________________
None
Model: "model_6"
_________________________________________________________________
 Layer (type)                Output Shape              Param #   
=================================================================
 input_7 (InputLayer)        [(None, 1)]               0         
                                                                 
 dense_12 (Dense)            (None, 32)                64        
                                                                 
 dense_13 (Dense)            (None, 1)                 33        
                                                                 
=================================================================
Total params: 97 (388.00 Byte)
Trainable params: 97 (388.00 Byte)
Non-trainable params: 0 (0.00 Byte)
_________________________________________________________________
None
Model: "model_7"
_________________________________________________________________
 Layer (type)                Output Shape              Param #   
=================================================================
 input_8 (InputLayer)        [(None, 1)]               0         
                                                                 
 dense_14 (Dense)            (None, 32)                64        
                                                                 
 dense_15 (Dense)            (None, 1)                 33        
                                                                 
=================================================================
Total params: 97 (388.00 Byte)
Trainable params: 97 (388.00 Byte)
Non-trainable params: 0 (0.00 Byte)
_________________________________________________________________
None
Model: "model_8"
_________________________________________________________________
 Layer (type)                Output Shape              Param #   
=================================================================
 input_9 (InputLayer)        [(None, 1)]               0         
                                                                 
 dense_16 (Dense)            (None, 32)                64        
                                                                 
 dense_17 (Dense)            (None, 1)                 33        
                                                                 
=================================================================
Total params: 97 (388.00 Byte)
Trainable params: 97 (388.00 Byte)
Non-trainable params: 0 (0.00 Byte)
_________________________________________________________________
None
Model: "model_9"
_________________________________________________________________
 Layer (type)                Output Shape              Param #   
=================================================================
 input_10 (InputLayer)       [(None, 1)]               0         
                                                                 
 dense_18 (Dense)            (None, 32)                64        
                                                                 
 dense_19 (Dense)            (None, 1)                 33        
                                                                 
=================================================================
Total params: 97 (388.00 Byte)
Trainable params: 97 (388.00 Byte)
Non-trainable params: 0 (0.00 Byte)
_________________________________________________________________
Keras Uncertainty will use standalone Keras backendNone
The results will be saved in results/sinus: first real try FIRO tuned (2)
Time 23.71: used 33.33% of the points.
Time 29.74: used 33.67% of the points.
Time 32.52: used 34.00% of the points.
Time 34.58: used 34.33% of the points.
Time 36.83: used 34.67% of the points.
Time 38.85: used 35.00% of the points.
Time 41.06: used 35.33% of the points.
Time 43.25: used 35.67% of the points.
Time 45.09: used 36.00% of the points.
Time 47.46: used 36.33% of the points.
Time 49.71: used 36.67% of the points.
Time 52.08: used 37.00% of the points.
Time 54.01: used 37.33% of the points.
Time 60.71: used 37.67% of the points.
Time 62.65: used 38.00% of the points.
Time 64.53: used 38.33% of the points.
Time 66.55: used 38.67% of the points.
Time 68.55: used 39.00% of the points.
Time 70.37: used 39.33% of the points.
Time 72.48: used 39.67% of the points.
Time 74.55: used 40.00% of the points.
Time 76.53: used 40.33% of the points.
Time 79.08: used 40.67% of the points.
Time 81.07: used 41.00% of the points.
Time 83.41: used 41.33% of the points.
Time 85.18: used 41.67% of the points.
Time 87.02: used 42.00% of the points.
Time 89.07: used 42.33% of the points.
Time 91.21: used 42.67% of the points.
Time 93.63: used 43.00% of the points.
Time 95.48: used 43.33% of the points.
Time 97.76: used 43.67% of the points.
Time 99.55: used 44.00% of the points.
Time 101.76: used 44.33% of the points.
Time 103.91: used 44.67% of the points.
Time 105.88: used 45.00% of the points.
Time 108.51: used 45.33% of the points.
Time 110.55: used 45.67% of the points.
Time 112.55: used 46.00% of the points.
Time 114.77: used 46.33% of the points.
Time 116.89: used 46.67% of the points.
Time 119.21: used 47.00% of the points.
Time 121.56: used 47.33% of the points.
Time 123.51: used 47.67% of the points.
Time 125.71: used 48.00% of the points.
Time 127.61: used 48.33% of the points.
Time 130.07: used 48.67% of the points.
Time 132.03: used 49.00% of the points.
Time 134.19: used 49.33% of the points.
Time 135.91: used 49.67% of the points.
Time 138.07: used 50.00% of the points.
Time 139.98: used 50.33% of the points.
Time 142.06: used 50.67% of the points.
Time 144.17: used 51.00% of the points.
Time 146.03: used 51.33% of the points.
Time 147.82: used 51.67% of the points.
Time 149.85: used 52.00% of the points.
Time 151.63: used 52.33% of the points.
Time 153.48: used 52.67% of the points.
Time 155.26: used 53.00% of the points.
Time 156.92: used 53.33% of the points.
Time 158.85: used 53.67% of the points.
Time 160.92: used 54.00% of the points.
Time 162.76: used 54.33% of the points.
Time 164.48: used 54.67% of the points.
Time 166.25: used 55.00% of the points.
Time 168.30: used 55.33% of the points.
Time 170.94: used 55.67% of the points.
Time 173.23: used 56.00% of the points.
Time 175.61: used 56.33% of the points.
Time 178.27: used 56.67% of the points.
Time 180.88: used 57.00% of the points.
Time 183.02: used 57.33% of the points.
Time 185.30: used 57.67% of the points.
Time 187.65: used 58.00% of the points.
Time 189.58: used 58.33% of the points.
Time 191.85: used 58.67% of the points.
Time 194.22: used 59.00% of the points.
Time 197.30: used 59.33% of the points.
Time 199.77: used 59.67% of the points.
Time 202.47: used 60.00% of the points.
Time 204.80: used 60.33% of the points.
Time 207.05: used 60.67% of the points.
Time 209.09: used 61.00% of the points.
Time 210.92: used 61.33% of the points.
Time 214.56: used 61.67% of the points.
Time 218.13: used 62.00% of the points.
Time 221.20: used 62.33% of the points.
Time 224.00: used 62.67% of the points.
Time 226.41: used 63.00% of the points.
Time 229.49: used 63.33% of the points.
Time 231.86: used 63.67% of the points.
Time 234.05: used 64.00% of the points.
Time 236.69: used 64.33% of the points.
Time 239.11: used 64.67% of the points.
Time 246.38: used 65.00% of the points.
Time 253.50: used 65.33% of the points.
Time 258.43: used 65.67% of the points.
Time 260.78: used 66.00% of the points.
Time 267.08: used 66.33% of the points.
Time 275.70: used 66.67% of the points.
Time 283.29: used 67.00% of the points.
Time 288.32: used 67.33% of the points.
Time 291.05: used 67.67% of the points.
Time 293.28: used 68.00% of the points.
Time 294.95: used 68.33% of the points.
Time 296.47: used 68.67% of the points.
Time 297.98: used 69.00% of the points.
Time 299.57: used 69.33% of the points.
Time 301.23: used 69.67% of the points.
Time 302.91: used 70.00% of the points.
Time 304.64: used 70.33% of the points.
Time 306.36: used 70.67% of the points.
Time 308.37: used 71.00% of the points.
Time 310.25: used 71.33% of the points.
Time 312.06: used 71.67% of the points.
Time 314.96: used 72.00% of the points.
Time 317.70: used 72.33% of the points.
Time 320.09: used 72.67% of the points.
Time 322.55: used 73.00% of the points.
Time 324.65: used 73.33% of the points.
Time 327.37: used 73.67% of the points.
Time 329.89: used 74.00% of the points.
Time 333.33: used 74.33% of the points.
Time 336.11: used 74.67% of the points.
Time 338.50: used 75.00% of the points.
Time 341.25: used 75.33% of the points.
Time 344.71: used 75.67% of the points.
Time 347.99: used 76.00% of the points.
Time 350.66: used 76.33% of the points.
Time 352.86: used 76.67% of the points.
Time 355.24: used 77.00% of the points.
Time 358.03: used 77.33% of the points.
Time 360.78: used 77.67% of the points.
Time 364.82: used 78.00% of the points.
Time 368.04: used 78.33% of the points.
Time 371.35: used 78.67% of the points.
Time 375.40: used 79.00% of the points.
Time 378.24: used 79.33% of the points.
Time 383.14: used 79.67% of the points.
Time 389.31: used 80.00% of the points.
Time 395.45: used 80.33% of the points.
Time 399.60: used 80.67% of the points.
Time 405.25: used 81.00% of the points.
Time 411.15: used 81.33% of the points.
Time 419.07: used 81.67% of the points.
Time 427.36: used 82.00% of the points.
Time 435.21: used 82.33% of the points.
Time 443.03: used 82.67% of the points.
Time 449.80: used 83.00% of the points.
Time 457.22: used 83.33% of the points.
Time 464.96: used 83.67% of the points.
Time 474.33: used 84.00% of the points.
Time 483.04: used 84.33% of the points.
Time 487.65: used 84.67% of the points.
Time 493.74: used 85.00% of the points.
Time 498.31: used 85.33% of the points.
Time 506.12: used 85.67% of the points.
Time 511.98: used 86.00% of the points.
Time 516.62: used 86.33% of the points.
Time 522.49: used 86.67% of the points.
Time 526.83: used 87.00% of the points.
Time 530.61: used 87.33% of the points.
Time 533.98: used 87.67% of the points.
Time 536.44: used 88.00% of the points.
Time 540.66: used 88.33% of the points.
Time 545.33: used 88.67% of the points.
Time 549.64: used 89.00% of the points.
Time 553.18: used 89.33% of the points.
Time 554.89: used 89.67% of the points.
Time 557.00: used 90.00% of the points.
Time 558.77: used 90.33% of the points.
Time 560.73: used 90.67% of the points.
Time 562.92: used 91.00% of the points.
Time 564.90: used 91.33% of the points.
Time 566.76: used 91.67% of the points.
Time 568.85: used 92.00% of the points.
Time 571.08: used 92.33% of the points.
Time 573.29: used 92.67% of the points.
Time 576.00: used 93.00% of the points.
Time 578.42: used 93.33% of the points.
Time 580.57: used 93.67% of the points.
Time 582.90: used 94.00% of the points.
Time 585.75: used 94.33% of the points.
Time 588.12: used 94.67% of the points.
Time 590.96: used 95.00% of the points.
Time 594.29: used 95.33% of the points.
Time 596.53: used 95.67% of the points.
Time 599.19: used 96.00% of the points.
Time 602.03: used 96.33% of the points.
Time 604.60: used 96.67% of the points.
Time 607.56: used 97.00% of the points.
Time 610.79: used 97.33% of the points.
Time 613.25: used 97.67% of the points.
Time 616.15: used 98.00% of the points.
Time 618.81: used 98.33% of the points.
Time 622.89: used 98.67% of the points.
Time 625.76: used 99.00% of the points.
Time 628.64: used 99.33% of the points.
Time 632.63: used 99.67% of the points.
Time 1701116009.45: used 100.00% of the points.

The following have been reloaded with a version change:
  1) GCCcore/11.2.0 => GCCcore/12.2.0
  2) XZ/5.2.5-GCCcore-11.2.0 => XZ/5.2.7-GCCcore-12.2.0
  3) libreadline/8.1-GCCcore-11.2.0 => libreadline/8.2-GCCcore-12.2.0
  4) ncurses/6.2-GCCcore-11.2.0 => ncurses/6.3-GCCcore-12.2.0
  5) zlib/1.2.11-GCCcore-11.2.0 => zlib/1.2.12-GCCcore-12.2.0

