2023-11-25 06:42:00.651045: I external/local_tsl/tsl/cuda/cudart_stub.cc:31] Could not find cuda drivers on your machine, GPU will not be used.
2023-11-25 06:42:00.681768: E external/local_xla/xla/stream_executor/cuda/cuda_dnn.cc:9261] Unable to register cuDNN factory: Attempting to register factory for plugin cuDNN when one has already been registered
2023-11-25 06:42:00.681825: E external/local_xla/xla/stream_executor/cuda/cuda_fft.cc:607] Unable to register cuFFT factory: Attempting to register factory for plugin cuFFT when one has already been registered
2023-11-25 06:42:00.682805: E external/local_xla/xla/stream_executor/cuda/cuda_blas.cc:1515] Unable to register cuBLAS factory: Attempting to register factory for plugin cuBLAS when one has already been registered
2023-11-25 06:42:00.688452: I external/local_tsl/tsl/cuda/cudart_stub.cc:31] Could not find cuda drivers on your machine, GPU will not be used.
2023-11-25 06:42:00.688613: I tensorflow/core/platform/cpu_feature_guard.cc:182] This TensorFlow binary is optimized to use available CPU instructions in performance-critical operations.
To enable the following instructions: AVX2 FMA, in other operations, rebuild TensorFlow with the appropriate compiler flags.
2023-11-25 06:42:01.610114: W tensorflow/compiler/tf2tensorrt/utils/py_utils.cc:38] TF-TRT Warning: Could not find TensorRT
Reloading Tuner from hyperparams/sinus: first real try RIRO/tuner0.json
sinus: first real try RIRO
300
Model: "model"
_________________________________________________________________
 Layer (type)                Output Shape              Param #   
=================================================================
 input_1 (InputLayer)        [(None, 1)]               0         
                                                                 
 dense (Dense)               (None, 64)                128       
                                                                 
 dense_1 (Dense)             (None, 64)                4160      
                                                                 
 dense_2 (Dense)             (None, 1)                 65        
                                                                 
=================================================================
Total params: 4353 (17.00 KB)
Trainable params: 4353 (17.00 KB)
Non-trainable params: 0 (0.00 Byte)
_________________________________________________________________
None
Model: "model_1"
_________________________________________________________________
 Layer (type)                Output Shape              Param #   
=================================================================
 input_2 (InputLayer)        [(None, 1)]               0         
                                                                 
 dense_3 (Dense)             (None, 64)                128       
                                                                 
 dense_4 (Dense)             (None, 64)                4160      
                                                                 
 dense_5 (Dense)             (None, 1)                 65        
                                                                 
=================================================================
Total params: 4353 (17.00 KB)
Trainable params: 4353 (17.00 KB)
Non-trainable params: 0 (0.00 Byte)
_________________________________________________________________
None
Model: "model_2"
_________________________________________________________________
 Layer (type)                Output Shape              Param #   
=================================================================
 input_3 (InputLayer)        [(None, 1)]               0         
                                                                 
 dense_6 (Dense)             (None, 64)                128       
                                                                 
 dense_7 (Dense)             (None, 64)                4160      
                                                                 
 dense_8 (Dense)             (None, 1)                 65        
                                                                 
=================================================================
Total params: 4353 (17.00 KB)
Trainable params: 4353 (17.00 KB)
Non-trainable params: 0 (0.00 Byte)
_________________________________________________________________
None
Model: "model_3"
_________________________________________________________________
 Layer (type)                Output Shape              Param #   
=================================================================
 input_4 (InputLayer)        [(None, 1)]               0         
                                                                 
 dense_9 (Dense)             (None, 64)                128       
                                                                 
 dense_10 (Dense)            (None, 64)                4160      
                                                                 
 dense_11 (Dense)            (None, 1)                 65        
                                                                 
=================================================================
Total params: 4353 (17.00 KB)
Trainable params: 4353 (17.00 KB)
Non-trainable params: 0 (0.00 Byte)
_________________________________________________________________
None
Model: "model_4"
_________________________________________________________________
 Layer (type)                Output Shape              Param #   
=================================================================
 input_5 (InputLayer)        [(None, 1)]               0         
                                                                 
 dense_12 (Dense)            (None, 64)                128       
                                                                 
 dense_13 (Dense)            (None, 64)                4160      
                                                                 
 dense_14 (Dense)            (None, 1)                 65        
                                                                 
=================================================================
Total params: 4353 (17.00 KB)
Trainable params: 4353 (17.00 KB)
Non-trainable params: 0 (0.00 Byte)
_________________________________________________________________
None
Model: "model_5"
_________________________________________________________________
 Layer (type)                Output Shape              Param #   
=================================================================
 input_6 (InputLayer)        [(None, 1)]               0         
                                                                 
 dense_15 (Dense)            (None, 64)                128       
                                                                 
 dense_16 (Dense)            (None, 64)                4160      
                                                                 
 dense_17 (Dense)            (None, 1)                 65        
                                                                 
=================================================================
Total params: 4353 (17.00 KB)
Trainable params: 4353 (17.00 KB)
Non-trainable params: 0 (0.00 Byte)
_________________________________________________________________
None
Model: "model_6"
_________________________________________________________________
 Layer (type)                Output Shape              Param #   
=================================================================
 input_7 (InputLayer)        [(None, 1)]               0         
                                                                 
 dense_18 (Dense)            (None, 64)                128       
                                                                 
 dense_19 (Dense)            (None, 64)                4160      
                                                                 
 dense_20 (Dense)            (None, 1)                 65        
                                                                 
=================================================================
Total params: 4353 (17.00 KB)
Trainable params: 4353 (17.00 KB)
Non-trainable params: 0 (0.00 Byte)
_________________________________________________________________
None
Model: "model_7"
_________________________________________________________________
 Layer (type)                Output Shape              Param #   
=================================================================
 input_8 (InputLayer)        [(None, 1)]               0         
                                                                 
 dense_21 (Dense)            (None, 64)                128       
                                                                 
 dense_22 (Dense)            (None, 64)                4160      
                                                                 
 dense_23 (Dense)            (None, 1)                 65        
                                                                 
=================================================================
Total params: 4353 (17.00 KB)
Trainable params: 4353 (17.00 KB)
Non-trainable params: 0 (0.00 Byte)
_________________________________________________________________
None
Model: "model_8"
_________________________________________________________________
 Layer (type)                Output Shape              Param #   
=================================================================
 input_9 (InputLayer)        [(None, 1)]               0         
                                                                 
 dense_24 (Dense)            (None, 64)                128       
                                                                 
 dense_25 (Dense)            (None, 64)                4160      
                                                                 
 dense_26 (Dense)            (None, 1)                 65        
                                                                 
=================================================================
Total params: 4353 (17.00 KB)
Trainable params: 4353 (17.00 KB)
Non-trainable params: 0 (0.00 Byte)
_________________________________________________________________
None
Model: "model_9"
_________________________________________________________________
 Layer (type)                Output Shape              Param #   
=================================================================
 input_10 (InputLayer)       [(None, 1)]               0         
                                                                 
 dense_27 (Dense)            (None, 64)                128       
                                                                 
 dense_28 (Dense)            (None, 64)                4160      
                                                                 
 dense_29 (Dense)            (None, 1)                 65        
                                                                 
=================================================================
Total params: 4353 (17.00 KB)
Trainable params: 4353 (17.00 KB)
Non-trainable params: 0 (0.00 Byte)
_________________________________________________________________
Keras Uncertainty will use standalone Keras backendNone
The results will be saved in results/sinus: first real try RIRO tuned (1)
Time 5.91: used 16.67% of the points.
Time 7.25: used 17.00% of the points.
Time 7.28: used 17.33% of the points.
Time 7.31: used 17.67% of the points.
Time 7.33: used 18.00% of the points.
Time 7.36: used 18.33% of the points.
Time 7.39: used 18.67% of the points.
Time 7.41: used 19.00% of the points.
Time 7.44: used 19.33% of the points.
Time 7.47: used 19.67% of the points.
Time 7.49: used 20.00% of the points.
Time 7.52: used 20.33% of the points.
Time 7.55: used 20.67% of the points.
Time 7.57: used 21.00% of the points.
Time 7.60: used 21.33% of the points.
Time 7.63: used 21.67% of the points.
Time 7.65: used 22.00% of the points.
Time 7.68: used 22.33% of the points.
Time 7.71: used 22.67% of the points.
Time 7.74: used 23.00% of the points.
Time 7.76: used 23.33% of the points.
Time 7.79: used 23.67% of the points.
Time 7.82: used 24.00% of the points.
Time 7.84: used 24.33% of the points.
Time 7.87: used 24.67% of the points.
Time 7.90: used 25.00% of the points.
Time 7.92: used 25.33% of the points.
Time 7.95: used 25.67% of the points.
Time 7.98: used 26.00% of the points.
Time 8.00: used 26.33% of the points.
Time 8.03: used 26.67% of the points.
Time 8.06: used 27.00% of the points.
Time 8.08: used 27.33% of the points.
Time 8.11: used 27.67% of the points.
Time 8.14: used 28.00% of the points.
Time 8.16: used 28.33% of the points.
Time 8.19: used 28.67% of the points.
Time 8.22: used 29.00% of the points.
Time 8.24: used 29.33% of the points.
Time 8.27: used 29.67% of the points.
Time 8.30: used 30.00% of the points.
Time 8.33: used 30.33% of the points.
Time 8.36: used 30.67% of the points.
Time 8.38: used 31.00% of the points.
Time 8.41: used 31.33% of the points.
Time 8.44: used 31.67% of the points.
Time 8.47: used 32.00% of the points.
Time 8.49: used 32.33% of the points.
Time 8.52: used 32.67% of the points.
Time 8.55: used 33.00% of the points.
Time 8.57: used 33.33% of the points.
Time 8.60: used 33.67% of the points.
Time 8.62: used 34.00% of the points.
Time 8.65: used 34.33% of the points.
Time 8.68: used 34.67% of the points.
Time 8.71: used 35.00% of the points.
Time 8.73: used 35.33% of the points.
Time 8.76: used 35.67% of the points.
Time 8.79: used 36.00% of the points.
Time 8.81: used 36.33% of the points.
Time 8.84: used 36.67% of the points.
Time 8.87: used 37.00% of the points.
Time 8.89: used 37.33% of the points.
Time 8.92: used 37.67% of the points.
Time 8.95: used 38.00% of the points.
Time 8.97: used 38.33% of the points.
Time 9.00: used 38.67% of the points.
Time 9.03: used 39.00% of the points.
Time 9.05: used 39.33% of the points.
Time 9.08: used 39.67% of the points.
Time 9.11: used 40.00% of the points.
Time 9.13: used 40.33% of the points.
Time 9.16: used 40.67% of the points.
Time 10.57: used 41.00% of the points.
Time 10.60: used 41.33% of the points.
Time 10.63: used 41.67% of the points.
Time 10.65: used 42.00% of the points.
Time 10.68: used 42.33% of the points.
Time 10.71: used 42.67% of the points.
Time 10.73: used 43.00% of the points.
Time 10.76: used 43.33% of the points.
Time 10.79: used 43.67% of the points.
Time 10.82: used 44.00% of the points.
Time 10.84: used 44.33% of the points.
Time 10.87: used 44.67% of the points.
Time 10.90: used 45.00% of the points.
Time 10.92: used 45.33% of the points.
Time 10.95: used 45.67% of the points.
Time 10.98: used 46.00% of the points.
Time 11.00: used 46.33% of the points.
Time 11.03: used 46.67% of the points.
Time 11.06: used 47.00% of the points.
Time 11.08: used 47.33% of the points.
Time 11.11: used 47.67% of the points.
Time 11.14: used 48.00% of the points.
Time 11.16: used 48.33% of the points.
Time 11.19: used 48.67% of the points.
Time 11.22: used 49.00% of the points.
Time 11.24: used 49.33% of the points.
Time 11.27: used 49.67% of the points.
Time 11.30: used 50.00% of the points.
Time 11.32: used 50.33% of the points.
Time 11.35: used 50.67% of the points.
Time 11.38: used 51.00% of the points.
Time 11.40: used 51.33% of the points.
Time 11.43: used 51.67% of the points.
Time 11.46: used 52.00% of the points.
Time 11.48: used 52.33% of the points.
Time 11.51: used 52.67% of the points.
Time 11.54: used 53.00% of the points.
Time 11.56: used 53.33% of the points.
Time 11.59: used 53.67% of the points.
Time 11.62: used 54.00% of the points.
Time 11.64: used 54.33% of the points.
Time 11.67: used 54.67% of the points.
Time 11.70: used 55.00% of the points.
Time 11.72: used 55.33% of the points.
Time 11.75: used 55.67% of the points.
Time 11.78: used 56.00% of the points.
Time 11.80: used 56.33% of the points.
Time 11.83: used 56.67% of the points.
Time 11.86: used 57.00% of the points.
Time 11.89: used 57.33% of the points.
Time 11.91: used 57.67% of the points.
Time 11.94: used 58.00% of the points.
Time 11.97: used 58.33% of the points.
Time 11.99: used 58.67% of the points.
Time 12.02: used 59.00% of the points.
Time 12.05: used 59.33% of the points.
Time 12.08: used 59.67% of the points.
Time 12.10: used 60.00% of the points.
Time 15.06: used 60.33% of the points.
Time 16.86: used 60.67% of the points.
Time 16.89: used 61.00% of the points.
Time 16.92: used 61.33% of the points.
Time 16.94: used 61.67% of the points.
Time 16.97: used 62.00% of the points.
Time 17.00: used 62.33% of the points.
Time 17.02: used 62.67% of the points.
Time 17.05: used 63.00% of the points.
Time 17.08: used 63.33% of the points.
Time 17.10: used 63.67% of the points.
Time 17.13: used 64.00% of the points.
Time 17.16: used 64.33% of the points.
Time 17.18: used 64.67% of the points.
Time 17.21: used 65.00% of the points.
Time 17.24: used 65.33% of the points.
Time 17.27: used 65.67% of the points.
Time 17.29: used 66.00% of the points.
Time 17.32: used 66.33% of the points.
Time 19.16: used 66.67% of the points.
Time 20.78: used 67.00% of the points.
Time 22.50: used 67.33% of the points.
Time 24.23: used 67.67% of the points.
Time 26.00: used 68.00% of the points.
Time 27.89: used 68.33% of the points.
Time 29.76: used 68.67% of the points.
Time 31.60: used 69.00% of the points.
Time 31.63: used 69.33% of the points.
Time 33.62: used 69.67% of the points.
Time 35.63: used 70.00% of the points.
Time 37.85: used 70.33% of the points.
Time 40.45: used 70.67% of the points.
Time 43.61: used 71.00% of the points.
Time 45.89: used 71.33% of the points.
Time 48.18: used 71.67% of the points.
Time 50.66: used 72.00% of the points.
Time 52.68: used 72.33% of the points.
Time 55.01: used 72.67% of the points.
Time 57.21: used 73.00% of the points.
Time 59.22: used 73.33% of the points.
Time 61.35: used 73.67% of the points.
Time 64.18: used 74.00% of the points.
Time 66.90: used 74.33% of the points.
Time 69.06: used 74.67% of the points.
Time 72.02: used 75.00% of the points.
Time 73.99: used 75.33% of the points.
Time 76.44: used 75.67% of the points.
Time 80.81: used 76.00% of the points.
Time 85.72: used 76.33% of the points.
Time 88.98: used 76.67% of the points.
Time 93.93: used 77.00% of the points.
Time 98.31: used 77.33% of the points.
Time 102.88: used 77.67% of the points.
Time 107.32: used 78.00% of the points.
Time 111.26: used 78.33% of the points.
Time 114.75: used 78.67% of the points.
Time 118.08: used 79.00% of the points.
Time 120.81: used 79.33% of the points.
Time 123.31: used 79.67% of the points.
Time 126.04: used 80.00% of the points.
Time 127.90: used 80.33% of the points.
Time 129.49: used 80.67% of the points.
Time 131.91: used 81.00% of the points.
Time 134.23: used 81.33% of the points.
Time 136.66: used 81.67% of the points.
Time 138.56: used 82.00% of the points.
Time 140.54: used 82.33% of the points.
Time 142.20: used 82.67% of the points.
Time 144.03: used 83.00% of the points.
Time 145.58: used 83.33% of the points.
Time 147.40: used 83.67% of the points.
Time 149.04: used 84.00% of the points.
Time 150.57: used 84.33% of the points.
Time 152.25: used 84.67% of the points.
Time 153.82: used 85.00% of the points.
Time 155.32: used 85.33% of the points.
Time 157.18: used 85.67% of the points.
Time 158.79: used 86.00% of the points.
Time 160.51: used 86.33% of the points.
Time 162.16: used 86.67% of the points.
Time 163.70: used 87.00% of the points.
Time 165.14: used 87.33% of the points.
Time 166.67: used 87.67% of the points.
Time 168.48: used 88.00% of the points.
Time 170.16: used 88.33% of the points.
Time 171.72: used 88.67% of the points.
Time 173.37: used 89.00% of the points.
Time 175.10: used 89.33% of the points.
Time 176.58: used 89.67% of the points.
Time 178.44: used 90.00% of the points.
Time 180.21: used 90.33% of the points.
Time 181.83: used 90.67% of the points.
Time 184.18: used 91.00% of the points.
Time 185.80: used 91.33% of the points.
Time 188.54: used 91.67% of the points.
Time 190.74: used 92.00% of the points.
Time 193.72: used 92.33% of the points.
Time 196.22: used 92.67% of the points.
Time 199.48: used 93.00% of the points.
Time 203.26: used 93.33% of the points.
Time 206.14: used 93.67% of the points.
Time 208.72: used 94.00% of the points.
Time 211.92: used 94.33% of the points.
Time 214.39: used 94.67% of the points.
Time 217.82: used 95.00% of the points.
Time 221.78: used 95.33% of the points.
Time 225.57: used 95.67% of the points.
Time 228.96: used 96.00% of the points.
Time 233.82: used 96.33% of the points.
Time 237.42: used 96.67% of the points.
Time 242.11: used 97.00% of the points.
Time 248.04: used 97.33% of the points.
Time 254.60: used 97.67% of the points.
Time 258.61: used 98.00% of the points.
Time 262.01: used 98.33% of the points.
Time 265.47: used 98.67% of the points.
Time 268.40: used 99.00% of the points.
Time 270.69: used 99.33% of the points.
Time 273.35: used 99.67% of the points.
Time 1700891199.20: used 100.00% of the points.

The following have been reloaded with a version change:
  1) GCCcore/11.2.0 => GCCcore/12.2.0
  2) XZ/5.2.5-GCCcore-11.2.0 => XZ/5.2.7-GCCcore-12.2.0
  3) libreadline/8.1-GCCcore-11.2.0 => libreadline/8.2-GCCcore-12.2.0
  4) ncurses/6.2-GCCcore-11.2.0 => ncurses/6.3-GCCcore-12.2.0
  5) zlib/1.2.11-GCCcore-11.2.0 => zlib/1.2.12-GCCcore-12.2.0

