2023-11-28 10:28:16.808969: I external/local_tsl/tsl/cuda/cudart_stub.cc:31] Could not find cuda drivers on your machine, GPU will not be used.
2023-11-28 10:28:16.847567: E external/local_xla/xla/stream_executor/cuda/cuda_dnn.cc:9261] Unable to register cuDNN factory: Attempting to register factory for plugin cuDNN when one has already been registered
2023-11-28 10:28:16.847616: E external/local_xla/xla/stream_executor/cuda/cuda_fft.cc:607] Unable to register cuFFT factory: Attempting to register factory for plugin cuFFT when one has already been registered
2023-11-28 10:28:16.849752: E external/local_xla/xla/stream_executor/cuda/cuda_blas.cc:1515] Unable to register cuBLAS factory: Attempting to register factory for plugin cuBLAS when one has already been registered
2023-11-28 10:28:16.858314: I external/local_tsl/tsl/cuda/cudart_stub.cc:31] Could not find cuda drivers on your machine, GPU will not be used.
2023-11-28 10:28:16.858619: I tensorflow/core/platform/cpu_feature_guard.cc:182] This TensorFlow binary is optimized to use available CPU instructions in performance-critical operations.
To enable the following instructions: AVX2 FMA, in other operations, rebuild TensorFlow with the appropriate compiler flags.
2023-11-28 10:28:19.047492: W tensorflow/compiler/tf2tensorrt/utils/py_utils.cc:38] TF-TRT Warning: Could not find TensorRT
Reloading Tuner from hyperparams/Dagon try GREEDY/tuner0.json
Dagon try GREEDY
1387
Model: "model"
_________________________________________________________________
 Layer (type)                Output Shape              Param #   
=================================================================
 input_1 (InputLayer)        [(None, 6)]               0         
                                                                 
 dense (Dense)               (None, 64)                448       
                                                                 
 dense_1 (Dense)             (None, 3)                 195       
                                                                 
=================================================================
Total params: 643 (2.51 KB)
Trainable params: 643 (2.51 KB)
Non-trainable params: 0 (0.00 Byte)
_________________________________________________________________
None
Model: "model_1"
_________________________________________________________________
 Layer (type)                Output Shape              Param #   
=================================================================
 input_2 (InputLayer)        [(None, 6)]               0         
                                                                 
 dense_2 (Dense)             (None, 64)                448       
                                                                 
 dense_3 (Dense)             (None, 3)                 195       
                                                                 
=================================================================
Total params: 643 (2.51 KB)
Trainable params: 643 (2.51 KB)
Non-trainable params: 0 (0.00 Byte)
_________________________________________________________________
None
Model: "model_2"
_________________________________________________________________
 Layer (type)                Output Shape              Param #   
=================================================================
 input_3 (InputLayer)        [(None, 6)]               0         
                                                                 
 dense_4 (Dense)             (None, 64)                448       
                                                                 
 dense_5 (Dense)             (None, 3)                 195       
                                                                 
=================================================================
Total params: 643 (2.51 KB)
Trainable params: 643 (2.51 KB)
Non-trainable params: 0 (0.00 Byte)
_________________________________________________________________
None
Model: "model_3"
_________________________________________________________________
 Layer (type)                Output Shape              Param #   
=================================================================
 input_4 (InputLayer)        [(None, 6)]               0         
                                                                 
 dense_6 (Dense)             (None, 64)                448       
                                                                 
 dense_7 (Dense)             (None, 3)                 195       
                                                                 
=================================================================
Total params: 643 (2.51 KB)
Trainable params: 643 (2.51 KB)
Non-trainable params: 0 (0.00 Byte)
_________________________________________________________________
None
Model: "model_4"
_________________________________________________________________
 Layer (type)                Output Shape              Param #   
=================================================================
 input_5 (InputLayer)        [(None, 6)]               0         
                                                                 
 dense_8 (Dense)             (None, 64)                448       
                                                                 
 dense_9 (Dense)             (None, 3)                 195       
                                                                 
=================================================================
Total params: 643 (2.51 KB)
Trainable params: 643 (2.51 KB)
Non-trainable params: 0 (0.00 Byte)
_________________________________________________________________
None
Model: "model_5"
_________________________________________________________________
 Layer (type)                Output Shape              Param #   
=================================================================
 input_6 (InputLayer)        [(None, 6)]               0         
                                                                 
 dense_10 (Dense)            (None, 64)                448       
                                                                 
 dense_11 (Dense)            (None, 3)                 195       
                                                                 
=================================================================
Total params: 643 (2.51 KB)
Trainable params: 643 (2.51 KB)
Non-trainable params: 0 (0.00 Byte)
_________________________________________________________________
None
Model: "model_6"
_________________________________________________________________
 Layer (type)                Output Shape              Param #   
=================================================================
 input_7 (InputLayer)        [(None, 6)]               0         
                                                                 
 dense_12 (Dense)            (None, 64)                448       
                                                                 
 dense_13 (Dense)            (None, 3)                 195       
                                                                 
=================================================================
Total params: 643 (2.51 KB)
Trainable params: 643 (2.51 KB)
Non-trainable params: 0 (0.00 Byte)
_________________________________________________________________
None
Model: "model_7"
_________________________________________________________________
 Layer (type)                Output Shape              Param #   
=================================================================
 input_8 (InputLayer)        [(None, 6)]               0         
                                                                 
 dense_14 (Dense)            (None, 64)                448       
                                                                 
 dense_15 (Dense)            (None, 3)                 195       
                                                                 
=================================================================
Total params: 643 (2.51 KB)
Trainable params: 643 (2.51 KB)
Non-trainable params: 0 (0.00 Byte)
_________________________________________________________________
None
Model: "model_8"
_________________________________________________________________
 Layer (type)                Output Shape              Param #   
=================================================================
 input_9 (InputLayer)        [(None, 6)]               0         
                                                                 
 dense_16 (Dense)            (None, 64)                448       
                                                                 
 dense_17 (Dense)            (None, 3)                 195       
                                                                 
=================================================================
Total params: 643 (2.51 KB)
Trainable params: 643 (2.51 KB)
Non-trainable params: 0 (0.00 Byte)
_________________________________________________________________
None
Model: "model_9"
_________________________________________________________________
 Layer (type)                Output Shape              Param #   
=================================================================
 input_10 (InputLayer)       [(None, 6)]               0         
                                                                 
 dense_18 (Dense)            (None, 64)                448       
                                                                 
 dense_19 (Dense)            (None, 3)                 195       
                                                                 
=================================================================
Total params: 643 (2.51 KB)
Trainable params: 643 (2.51 KB)
Non-trainable params: 0 (0.00 Byte)
_________________________________________________________________
Keras Uncertainty will use standalone Keras backendNone
The results will be saved in results/Dagon try GREEDY tuned (0)
Time 31.70: used 7.21% of the points.
Time 49.19: used 7.28% of the points.
Time 54.42: used 7.35% of the points.
Time 56.85: used 7.43% of the points.
Time 59.49: used 7.50% of the points.
Time 61.82: used 7.57% of the points.
Time 65.36: used 7.64% of the points.
Time 67.41: used 7.71% of the points.
Time 69.99: used 7.79% of the points.
Time 72.04: used 7.86% of the points.
Time 75.03: used 7.93% of the points.
Time 77.66: used 8.00% of the points.
Time 80.36: used 8.07% of the points.
Time 82.86: used 8.15% of the points.
Time 85.20: used 8.22% of the points.
Time 87.81: used 8.29% of the points.
Time 90.03: used 8.36% of the points.
Time 92.49: used 8.44% of the points.
Time 95.34: used 8.51% of the points.
Time 97.84: used 8.58% of the points.
Time 100.46: used 8.65% of the points.
Time 103.09: used 8.72% of the points.
Time 105.12: used 8.80% of the points.
Time 107.37: used 8.87% of the points.
Time 109.34: used 8.94% of the points.
Time 112.34: used 9.01% of the points.
Time 114.29: used 9.08% of the points.
Time 116.78: used 9.16% of the points.
Time 120.95: used 9.23% of the points.
Time 123.50: used 9.30% of the points.
Time 126.63: used 9.37% of the points.
Time 129.12: used 9.44% of the points.
Time 131.48: used 9.52% of the points.
Time 134.08: used 9.59% of the points.
Time 136.15: used 9.66% of the points.
Time 139.00: used 9.73% of the points.
Time 141.13: used 9.81% of the points.
Time 142.83: used 9.88% of the points.
Time 145.29: used 9.95% of the points.
Time 147.53: used 10.02% of the points.
Time 149.74: used 10.09% of the points.
Time 152.25: used 10.17% of the points.
Time 154.70: used 10.24% of the points.
Time 157.18: used 10.31% of the points.
Time 159.82: used 10.38% of the points.
Time 162.10: used 10.45% of the points.
Time 164.93: used 10.53% of the points.
Time 167.17: used 10.60% of the points.
Time 169.91: used 10.67% of the points.
Time 171.93: used 10.74% of the points.
Time 174.19: used 10.81% of the points.
Time 176.11: used 10.89% of the points.
Time 178.20: used 10.96% of the points.
Time 180.12: used 11.03% of the points.
Time 182.08: used 11.10% of the points.
Time 184.03: used 11.18% of the points.
Time 185.86: used 11.25% of the points.
Time 188.15: used 11.32% of the points.
Time 190.04: used 11.39% of the points.
Time 191.99: used 11.46% of the points.
Time 193.90: used 11.54% of the points.
Time 195.70: used 11.61% of the points.
Time 197.69: used 11.68% of the points.
Time 199.52: used 11.75% of the points.
Time 201.46: used 11.82% of the points.
Time 203.33: used 11.90% of the points.
Time 205.61: used 11.97% of the points.
Time 209.08: used 12.04% of the points.
Time 212.60: used 12.11% of the points.
Time 216.35: used 12.18% of the points.
Time 221.62: used 12.26% of the points.
Time 224.92: used 12.33% of the points.
Time 227.45: used 12.40% of the points.
Time 230.91: used 12.47% of the points.
Time 234.06: used 12.55% of the points.
Time 236.57: used 12.62% of the points.
Time 239.28: used 12.69% of the points.
Time 241.82: used 12.76% of the points.
Time 244.04: used 12.83% of the points.
Time 246.48: used 12.91% of the points.
Time 248.85: used 12.98% of the points.
Time 251.04: used 13.05% of the points.
Time 253.39: used 13.12% of the points.
Time 255.19: used 13.19% of the points.
Time 257.57: used 13.27% of the points.
Time 259.59: used 13.34% of the points.
Time 261.63: used 13.41% of the points.
Time 263.76: used 13.48% of the points.
Time 265.62: used 13.55% of the points.
Time 267.97: used 13.63% of the points.
Time 269.95: used 13.70% of the points.
Time 271.99: used 13.77% of the points.
Time 273.85: used 13.84% of the points.
Time 276.04: used 13.91% of the points.
Time 277.87: used 13.99% of the points.
Time 279.65: used 14.06% of the points.
Time 281.41: used 14.13% of the points.
Time 283.35: used 14.20% of the points.
Time 285.29: used 14.28% of the points.
Time 287.23: used 14.35% of the points.
Time 289.76: used 14.42% of the points.
Time 291.80: used 14.49% of the points.
Time 293.73: used 14.56% of the points.
Time 295.63: used 14.64% of the points.
Time 297.74: used 14.71% of the points.
Time 299.55: used 14.78% of the points.
Time 302.12: used 14.85% of the points.
Time 304.36: used 14.92% of the points.
Time 306.91: used 15.00% of the points.
Time 309.83: used 15.07% of the points.
Time 312.10: used 15.14% of the points.
Time 314.42: used 15.21% of the points.
Time 316.58: used 15.28% of the points.
Time 318.44: used 15.36% of the points.
Time 320.14: used 15.43% of the points.
Time 322.14: used 15.50% of the points.
Time 324.20: used 15.57% of the points.
Time 326.35: used 15.65% of the points.
Time 328.40: used 15.72% of the points.
Time 330.43: used 15.79% of the points.
Time 332.58: used 15.86% of the points.
Time 334.41: used 15.93% of the points.
Time 336.50: used 16.01% of the points.
Time 338.53: used 16.08% of the points.
Time 341.12: used 16.15% of the points.
Time 343.33: used 16.22% of the points.
Time 345.62: used 16.29% of the points.
Time 347.77: used 16.37% of the points.
Time 350.13: used 16.44% of the points.
Time 352.05: used 16.51% of the points.
Time 353.73: used 16.58% of the points.
Time 355.55: used 16.65% of the points.
Time 357.92: used 16.73% of the points.
Time 359.89: used 16.80% of the points.
Time 361.82: used 16.87% of the points.
Time 363.64: used 16.94% of the points.
Time 365.58: used 17.02% of the points.
Time 367.99: used 17.09% of the points.
Time 370.16: used 17.16% of the points.
Time 372.31: used 17.23% of the points.
Time 374.33: used 17.30% of the points.
Time 376.64: used 17.38% of the points.
Time 379.62: used 17.45% of the points.
Time 382.50: used 17.52% of the points.
Time 386.02: used 17.59% of the points.
Time 391.10: used 17.66% of the points.
Time 394.87: used 17.74% of the points.
Time 398.11: used 17.81% of the points.
Time 403.77: used 17.88% of the points.
Time 406.78: used 17.95% of the points.
Time 409.76: used 18.02% of the points.
Time 413.26: used 18.10% of the points.
Time 415.95: used 18.17% of the points.
Time 418.89: used 18.24% of the points.
Time 421.15: used 18.31% of the points.
Time 423.46: used 18.39% of the points.
Time 426.13: used 18.46% of the points.
Time 428.08: used 18.53% of the points.
Time 430.49: used 18.60% of the points.
Time 432.78: used 18.67% of the points.
Time 435.29: used 18.75% of the points.
Time 437.48: used 18.82% of the points.
Time 439.06: used 18.89% of the points.
Time 441.15: used 18.96% of the points.
Time 443.32: used 19.03% of the points.
Time 445.34: used 19.11% of the points.
Time 447.04: used 19.18% of the points.
Time 449.20: used 19.25% of the points.
Time 451.13: used 19.32% of the points.
Time 453.26: used 19.39% of the points.
Time 455.41: used 19.47% of the points.
Time 457.58: used 19.54% of the points.
Time 459.48: used 19.61% of the points.
Time 461.44: used 19.68% of the points.
Time 463.46: used 19.75% of the points.
Time 465.93: used 19.83% of the points.
Time 467.77: used 19.90% of the points.
Time 470.08: used 19.97% of the points.
Time 472.15: used 20.04% of the points.
Time 474.34: used 20.12% of the points.
Time 476.19: used 20.19% of the points.
Time 478.94: used 20.26% of the points.
Time 481.11: used 20.33% of the points.
Time 483.15: used 20.40% of the points.
Time 486.04: used 20.48% of the points.
Time 488.15: used 20.55% of the points.
Time 490.13: used 20.62% of the points.
Time 493.71: used 20.69% of the points.
Time 496.18: used 20.76% of the points.
Time 498.53: used 20.84% of the points.
Time 501.28: used 20.91% of the points.
Time 504.13: used 20.98% of the points.
Time 506.17: used 21.05% of the points.
Time 508.64: used 21.12% of the points.
Time 510.83: used 21.20% of the points.
Time 513.10: used 21.27% of the points.
Time 515.16: used 21.34% of the points.
Time 517.14: used 21.41% of the points.
Time 519.09: used 21.49% of the points.
Time 520.96: used 21.56% of the points.
Time 523.01: used 21.63% of the points.
Time 525.15: used 21.70% of the points.
Time 527.42: used 21.77% of the points.
Time 529.37: used 21.85% of the points.
Time 531.55: used 21.92% of the points.
Time 533.27: used 21.99% of the points.
Time 535.16: used 22.06% of the points.
Time 537.07: used 22.13% of the points.
Time 539.06: used 22.21% of the points.
Time 540.58: used 22.28% of the points.
Time 542.73: used 22.35% of the points.
Time 544.66: used 22.42% of the points.
Time 546.87: used 22.49% of the points.
Time 548.88: used 22.57% of the points.
Time 550.82: used 22.64% of the points.
Time 552.69: used 22.71% of the points.
Time 554.32: used 22.78% of the points.
Time 556.46: used 22.86% of the points.
Time 558.91: used 22.93% of the points.
Time 561.03: used 23.00% of the points.
Time 563.68: used 23.07% of the points.
Time 565.97: used 23.14% of the points.
Time 568.34: used 23.22% of the points.
Time 571.74: used 23.29% of the points.
Time 574.09: used 23.36% of the points.
Time 576.89: used 23.43% of the points.
Time 579.66: used 23.50% of the points.
Time 582.07: used 23.58% of the points.
Time 584.79: used 23.65% of the points.
Time 587.10: used 23.72% of the points.
Time 589.39: used 23.79% of the points.
Time 591.08: used 23.86% of the points.
Time 593.71: used 23.94% of the points.
Time 595.76: used 24.01% of the points.
Time 597.85: used 24.08% of the points.
Time 599.72: used 24.15% of the points.
Time 601.58: used 24.22% of the points.
Time 603.34: used 24.30% of the points.
Time 605.29: used 24.37% of the points.
Time 607.08: used 24.44% of the points.
Time 609.06: used 24.51% of the points.
Time 611.02: used 24.59% of the points.
Time 613.10: used 24.66% of the points.
Time 614.79: used 24.73% of the points.
Time 616.87: used 24.80% of the points.
Time 618.96: used 24.87% of the points.
Time 620.84: used 24.95% of the points.
Time 622.79: used 25.02% of the points.
Time 624.65: used 25.09% of the points.
Time 626.38: used 25.16% of the points.
Time 628.29: used 25.23% of the points.
Time 630.58: used 25.31% of the points.
Time 632.57: used 25.38% of the points.
Time 635.21: used 25.45% of the points.
Time 637.72: used 25.52% of the points.
Time 639.95: used 25.59% of the points.
Time 641.98: used 25.67% of the points.
Time 644.32: used 25.74% of the points.
Time 646.79: used 25.81% of the points.
Time 649.80: used 25.88% of the points.
Time 651.75: used 25.96% of the points.
Time 654.27: used 26.03% of the points.
Time 657.77: used 26.10% of the points.
Time 660.30: used 26.17% of the points.
Time 662.50: used 26.24% of the points.
Time 665.12: used 26.32% of the points.
Time 667.62: used 26.39% of the points.
Time 669.56: used 26.46% of the points.
Time 672.00: used 26.53% of the points.
Time 674.34: used 26.60% of the points.
Time 676.66: used 26.68% of the points.
Time 678.38: used 26.75% of the points.
Time 680.76: used 26.82% of the points.
Time 682.52: used 26.89% of the points.
Time 684.52: used 26.96% of the points.
Time 686.57: used 27.04% of the points.
Time 688.98: used 27.11% of the points.
Time 690.87: used 27.18% of the points.
Time 693.30: used 27.25% of the points.
Time 695.17: used 27.33% of the points.
Time 697.20: used 27.40% of the points.
Time 699.10: used 27.47% of the points.
Time 700.90: used 27.54% of the points.
Time 703.31: used 27.61% of the points.
Time 705.04: used 27.69% of the points.
Time 706.57: used 27.76% of the points.
Time 708.56: used 27.83% of the points.
Time 710.75: used 27.90% of the points.
Time 712.76: used 27.97% of the points.
Time 715.05: used 28.05% of the points.
Time 716.74: used 28.12% of the points.
Time 718.99: used 28.19% of the points.
Time 721.11: used 28.26% of the points.
Time 723.11: used 28.33% of the points.
Time 725.44: used 28.41% of the points.
Time 727.98: used 28.48% of the points.
Time 730.57: used 28.55% of the points.
Time 733.03: used 28.62% of the points.
Time 736.30: used 28.70% of the points.
Time 738.76: used 28.77% of the points.
Time 741.62: used 28.84% of the points.
Time 743.80: used 28.91% of the points.
Time 745.99: used 28.98% of the points.
Time 748.17: used 29.06% of the points.
Time 749.93: used 29.13% of the points.
Time 752.12: used 29.20% of the points.
Time 754.04: used 29.27% of the points.
Time 756.00: used 29.34% of the points.
Time 757.89: used 29.42% of the points.
Time 759.94: used 29.49% of the points.
Time 761.89: used 29.56% of the points.
Time 763.96: used 29.63% of the points.
Time 766.18: used 29.70% of the points.
Time 768.13: used 29.78% of the points.
Time 769.87: used 29.85% of the points.
Time 771.97: used 29.92% of the points.
Time 774.02: used 29.99% of the points.
Time 775.62: used 30.06% of the points.
Time 777.68: used 30.14% of the points.
Time 779.57: used 30.21% of the points.
Time 781.54: used 30.28% of the points.
Time 783.45: used 30.35% of the points.
Time 785.44: used 30.43% of the points.
Time 787.71: used 30.50% of the points.
Time 790.74: used 30.57% of the points.
Time 793.44: used 30.64% of the points.
Time 795.85: used 30.71% of the points.
Time 798.42: used 30.79% of the points.
Time 801.28: used 30.86% of the points.
Time 803.29: used 30.93% of the points.
Time 805.51: used 31.00% of the points.
Time 808.05: used 31.07% of the points.
Time 810.59: used 31.15% of the points.
Time 812.50: used 31.22% of the points.
Time 814.76: used 31.29% of the points.
Time 816.66: used 31.36% of the points.
Time 818.72: used 31.43% of the points.
Time 820.86: used 31.51% of the points.
Time 822.81: used 31.58% of the points.
Time 825.51: used 31.65% of the points.
Time 827.95: used 31.72% of the points.
Time 830.38: used 31.80% of the points.
Time 832.73: used 31.87% of the points.
Time 835.09: used 31.94% of the points.
Time 837.51: used 32.01% of the points.
Time 839.92: used 32.08% of the points.
Time 842.29: used 32.16% of the points.
Time 844.31: used 32.23% of the points.
Time 846.28: used 32.30% of the points.
Time 849.03: used 32.37% of the points.
Time 851.53: used 32.44% of the points.
Time 853.25: used 32.52% of the points.
Time 855.43: used 32.59% of the points.
Time 857.13: used 32.66% of the points.
Time 858.93: used 32.73% of the points.
Time 861.07: used 32.80% of the points.
Time 862.91: used 32.88% of the points.
Time 864.84: used 32.95% of the points.
Time 866.90: used 33.02% of the points.
Time 868.87: used 33.09% of the points.
Time 870.79: used 33.17% of the points.
Time 872.51: used 33.24% of the points.
Time 874.52: used 33.31% of the points.
Time 876.43: used 33.38% of the points.
Time 878.51: used 33.45% of the points.
Time 880.59: used 33.53% of the points.
Time 882.71: used 33.60% of the points.
Time 884.74: used 33.67% of the points.
Time 886.64: used 33.74% of the points.
Time 888.87: used 33.81% of the points.
Time 891.37: used 33.89% of the points.
Time 893.21: used 33.96% of the points.
Time 895.67: used 34.03% of the points.
Time 898.06: used 34.10% of the points.
Time 900.69: used 34.17% of the points.
Time 902.93: used 34.25% of the points.
Time 905.25: used 34.32% of the points.
Time 907.62: used 34.39% of the points.
Time 909.71: used 34.46% of the points.
Time 911.53: used 34.53% of the points.
Time 913.46: used 34.61% of the points.
Time 915.48: used 34.68% of the points.
Time 917.20: used 34.75% of the points.
Time 919.26: used 34.82% of the points.
Time 921.16: used 34.90% of the points.
Time 923.55: used 34.97% of the points.
Time 925.50: used 35.04% of the points.
Time 927.06: used 35.11% of the points.
Time 929.29: used 35.18% of the points.
Time 931.38: used 35.26% of the points.
Time 933.23: used 35.33% of the points.
Time 935.39: used 35.40% of the points.
Time 937.32: used 35.47% of the points.
Time 939.43: used 35.54% of the points.
Time 941.46: used 35.62% of the points.
Time 943.71: used 35.69% of the points.
Time 946.02: used 35.76% of the points.
Time 947.99: used 35.83% of the points.
Time 950.48: used 35.90% of the points.
Time 952.50: used 35.98% of the points.
Time 954.76: used 36.05% of the points.
Time 957.08: used 36.12% of the points.
Time 959.10: used 36.19% of the points.
Time 961.05: used 36.27% of the points.
Time 963.24: used 36.34% of the points.
Time 965.08: used 36.41% of the points.
Time 967.24: used 36.48% of the points.
Time 969.18: used 36.55% of the points.
Time 971.40: used 36.63% of the points.
Time 973.54: used 36.70% of the points.
Time 975.55: used 36.77% of the points.
Time 977.83: used 36.84% of the points.
Time 980.41: used 36.91% of the points.
Time 983.15: used 36.99% of the points.
Time 985.08: used 37.06% of the points.
Time 987.15: used 37.13% of the points.
Time 988.97: used 37.20% of the points.
Time 990.80: used 37.27% of the points.
Time 992.94: used 37.35% of the points.
Time 994.77: used 37.42% of the points.
Time 996.88: used 37.49% of the points.
Time 998.74: used 37.56% of the points.
Time 1000.90: used 37.64% of the points.
Time 1003.08: used 37.71% of the points.
Time 1005.15: used 37.78% of the points.
Time 1007.04: used 37.85% of the points.
Time 1009.07: used 37.92% of the points.
Time 1011.01: used 38.00% of the points.
Time 1012.96: used 38.07% of the points.
Time 1014.89: used 38.14% of the points.
Time 1016.99: used 38.21% of the points.
Time 1018.88: used 38.28% of the points.
Time 1020.84: used 38.36% of the points.
Time 1022.73: used 38.43% of the points.
Time 1024.52: used 38.50% of the points.
Time 1026.33: used 38.57% of the points.
Time 1028.26: used 38.64% of the points.
Time 1030.06: used 38.72% of the points.
Time 1032.27: used 38.79% of the points.
Time 1034.45: used 38.86% of the points.
Time 1036.74: used 38.93% of the points.
Time 1038.67: used 39.01% of the points.
Time 1040.49: used 39.08% of the points.
Time 1042.59: used 39.15% of the points.
Time 1044.39: used 39.22% of the points.
Time 1046.66: used 39.29% of the points.
Time 1048.44: used 39.37% of the points.
Time 1050.80: used 39.44% of the points.
Time 1053.25: used 39.51% of the points.
Time 1056.12: used 39.58% of the points.
Time 1059.05: used 39.65% of the points.
Time 1061.69: used 39.73% of the points.
Time 1063.30: used 39.80% of the points.
Time 1065.57: used 39.87% of the points.
Time 1067.66: used 39.94% of the points.
Time 1069.85: used 40.01% of the points.
Time 1071.74: used 40.09% of the points.
Time 1073.65: used 40.16% of the points.
Time 1075.44: used 40.23% of the points.
Time 1077.32: used 40.30% of the points.
Time 1079.30: used 40.37% of the points.
Time 1081.01: used 40.45% of the points.
Time 1082.84: used 40.52% of the points.
Time 1084.80: used 40.59% of the points.
Time 1086.48: used 40.66% of the points.
Time 1088.30: used 40.74% of the points.
Time 1090.06: used 40.81% of the points.
Time 1092.17: used 40.88% of the points.
Time 1094.15: used 40.95% of the points.
Time 1096.10: used 41.02% of the points.
Time 1098.28: used 41.10% of the points.
Time 1100.27: used 41.17% of the points.
Time 1102.07: used 41.24% of the points.
Time 1104.18: used 41.31% of the points.
Time 1106.23: used 41.38% of the points.
Time 1108.63: used 41.46% of the points.
Time 1110.56: used 41.53% of the points.
Time 1113.38: used 41.60% of the points.
Time 1115.24: used 41.67% of the points.
Time 1117.58: used 41.74% of the points.
Time 1119.52: used 41.82% of the points.
Time 1121.57: used 41.89% of the points.
Time 1123.65: used 41.96% of the points.
Time 1126.00: used 42.03% of the points.
Time 1127.96: used 42.11% of the points.
Time 1129.86: used 42.18% of the points.
Time 1131.91: used 42.25% of the points.
Time 1133.58: used 42.32% of the points.
Time 1135.57: used 42.39% of the points.
Time 1137.63: used 42.47% of the points.
Time 1139.78: used 42.54% of the points.
Time 1141.74: used 42.61% of the points.
Time 1143.70: used 42.68% of the points.
Time 1147.42: used 42.75% of the points.
Time 1151.17: used 42.83% of the points.
Time 1153.96: used 42.90% of the points.
Time 1156.60: used 42.97% of the points.
Time 1158.65: used 43.04% of the points.
Time 1161.47: used 43.11% of the points.
Time 1164.66: used 43.19% of the points.
Time 1167.18: used 43.26% of the points.
Time 1169.62: used 43.33% of the points.
Time 1172.50: used 43.40% of the points.
Time 1174.80: used 43.48% of the points.
Time 1177.03: used 43.55% of the points.
Time 1179.39: used 43.62% of the points.
Time 1181.48: used 43.69% of the points.
Time 1183.76: used 43.76% of the points.
Time 1185.58: used 43.84% of the points.
Time 1187.41: used 43.91% of the points.
Time 1189.33: used 43.98% of the points.
Time 1191.29: used 44.05% of the points.
Time 1193.33: used 44.12% of the points.
Time 1195.72: used 44.20% of the points.
Time 1197.69: used 44.27% of the points.
Time 1199.74: used 44.34% of the points.
Time 1201.46: used 44.41% of the points.
Time 1203.36: used 44.48% of the points.
Time 1205.26: used 44.56% of the points.
Time 1206.99: used 44.63% of the points.
Time 1208.65: used 44.70% of the points.
Time 1210.40: used 44.77% of the points.
Time 1212.11: used 44.84% of the points.
Time 1214.10: used 44.92% of the points.
Time 1216.36: used 44.99% of the points.
Time 1218.35: used 45.06% of the points.
Time 1220.27: used 45.13% of the points.
Time 1222.06: used 45.21% of the points.
Time 1224.07: used 45.28% of the points.
Time 1225.99: used 45.35% of the points.
Time 1227.82: used 45.42% of the points.
Time 1229.84: used 45.49% of the points.
Time 1231.67: used 45.57% of the points.
Time 1233.50: used 45.64% of the points.
Time 1235.30: used 45.71% of the points.
Time 1237.26: used 45.78% of the points.
Time 1239.47: used 45.85% of the points.
Time 1241.33: used 45.93% of the points.
Time 1243.23: used 46.00% of the points.
Time 1245.14: used 46.07% of the points.
Time 1247.11: used 46.14% of the points.
Time 1249.37: used 46.21% of the points.
Time 1251.41: used 46.29% of the points.
Time 1253.46: used 46.36% of the points.
Time 1255.57: used 46.43% of the points.
Time 1257.56: used 46.50% of the points.
Time 1259.72: used 46.58% of the points.
Time 1262.25: used 46.65% of the points.
Time 1264.64: used 46.72% of the points.
Time 1266.61: used 46.79% of the points.
Time 1268.94: used 46.86% of the points.
Time 1270.96: used 46.94% of the points.
Time 1273.17: used 47.01% of the points.
Time 1275.43: used 47.08% of the points.
Time 1277.56: used 47.15% of the points.
Time 1279.76: used 47.22% of the points.
Time 1282.03: used 47.30% of the points.
Time 1284.32: used 47.37% of the points.
Time 1286.56: used 47.44% of the points.
Time 1288.65: used 47.51% of the points.
Time 1290.24: used 47.58% of the points.
Time 1292.06: used 47.66% of the points.
Time 1294.12: used 47.73% of the points.
Time 1295.90: used 47.80% of the points.
Time 1297.59: used 47.87% of the points.
Time 1299.53: used 47.95% of the points.
Time 1301.21: used 48.02% of the points.
Time 1303.25: used 48.09% of the points.
Time 1305.15: used 48.16% of the points.
Time 1307.36: used 48.23% of the points.
Time 1309.13: used 48.31% of the points.
Time 1310.84: used 48.38% of the points.
Time 1313.12: used 48.45% of the points.
Time 1315.00: used 48.52% of the points.
Time 1317.09: used 48.59% of the points.
Time 1318.85: used 48.67% of the points.
Time 1320.62: used 48.74% of the points.
Time 1322.51: used 48.81% of the points.
Time 1324.60: used 48.88% of the points.
Time 1326.67: used 48.95% of the points.
Time 1328.72: used 49.03% of the points.
Time 1330.72: used 49.10% of the points.
Time 1332.57: used 49.17% of the points.
Time 1334.59: used 49.24% of the points.
Time 1336.54: used 49.32% of the points.
Time 1338.47: used 49.39% of the points.
Time 1340.53: used 49.46% of the points.
Time 1342.44: used 49.53% of the points.
Time 1344.20: used 49.60% of the points.
Time 1345.90: used 49.68% of the points.
Time 1347.66: used 49.75% of the points.
Time 1349.62: used 49.82% of the points.
Time 1351.60: used 49.89% of the points.
Time 1353.82: used 49.96% of the points.
Time 1355.76: used 50.04% of the points.
Time 1357.74: used 50.11% of the points.
Time 1359.87: used 50.18% of the points.
Time 1361.82: used 50.25% of the points.
Time 1363.85: used 50.32% of the points.
Time 1366.32: used 50.40% of the points.
Time 1368.26: used 50.47% of the points.
Time 1370.36: used 50.54% of the points.
Time 1372.45: used 50.61% of the points.
Time 1374.72: used 50.68% of the points.
Time 1376.99: used 50.76% of the points.
Time 1379.73: used 50.83% of the points.
Time 1382.34: used 50.90% of the points.
Time 1385.07: used 50.97% of the points.
Time 1387.39: used 51.05% of the points.
Time 1389.57: used 51.12% of the points.
Time 1391.74: used 51.19% of the points.
Time 1393.54: used 51.26% of the points.
Time 1395.61: used 51.33% of the points.
Time 1397.68: used 51.41% of the points.
Time 1399.50: used 51.48% of the points.
Time 1401.54: used 51.55% of the points.
Time 1403.41: used 51.62% of the points.
Time 1403.44: used 51.69% of the points.
Time 1403.47: used 51.77% of the points.
Time 1405.47: used 51.84% of the points.
Time 1407.43: used 51.91% of the points.
Time 1409.14: used 51.98% of the points.
Time 1410.99: used 52.05% of the points.
Time 1413.06: used 52.13% of the points.
Time 1414.85: used 52.20% of the points.
Time 1416.51: used 52.27% of the points.
Time 1418.37: used 52.34% of the points.
Time 1420.46: used 52.42% of the points.
Time 1422.46: used 52.49% of the points.
Time 1424.33: used 52.56% of the points.
Time 1426.21: used 52.63% of the points.
Time 1428.26: used 52.70% of the points.
Time 1430.18: used 52.78% of the points.
Time 1432.26: used 52.85% of the points.
Time 1434.50: used 52.92% of the points.
Time 1436.54: used 52.99% of the points.
Time 1438.54: used 53.06% of the points.
Time 1440.52: used 53.14% of the points.
Time 1442.45: used 53.21% of the points.
Time 1444.51: used 53.28% of the points.
Time 1446.80: used 53.35% of the points.
Time 1448.67: used 53.42% of the points.
Time 1450.42: used 53.50% of the points.
Time 1452.77: used 53.57% of the points.
Time 1454.96: used 53.64% of the points.
Time 1456.73: used 53.71% of the points.
Time 1458.89: used 53.79% of the points.
Time 1461.39: used 53.86% of the points.
Time 1463.23: used 53.93% of the points.
Time 1465.56: used 54.00% of the points.
Time 1467.65: used 54.07% of the points.
Time 1469.82: used 54.15% of the points.
Time 1472.11: used 54.22% of the points.
Time 1474.61: used 54.29% of the points.
Time 1477.88: used 54.36% of the points.
Time 1479.98: used 54.43% of the points.
Time 1481.73: used 54.51% of the points.
Time 1483.63: used 54.58% of the points.
Time 1485.89: used 54.65% of the points.
Time 1487.75: used 54.72% of the points.
Time 1490.18: used 54.79% of the points.
Time 1492.25: used 54.87% of the points.
Time 1494.47: used 54.94% of the points.
Time 1496.75: used 55.01% of the points.
Time 1498.64: used 55.08% of the points.
Time 1500.45: used 55.16% of the points.
Time 1502.57: used 55.23% of the points.
Time 1504.70: used 55.30% of the points.
Time 1506.65: used 55.37% of the points.
Time 1508.58: used 55.44% of the points.
Time 1510.67: used 55.52% of the points.
Time 1512.78: used 55.59% of the points.
Time 1514.50: used 55.66% of the points.
Time 1516.34: used 55.73% of the points.
Time 1518.16: used 55.80% of the points.
Time 1520.31: used 55.88% of the points.
Time 1522.21: used 55.95% of the points.
Time 1524.07: used 56.02% of the points.
Time 1525.75: used 56.09% of the points.
Time 1527.69: used 56.16% of the points.
Time 1529.74: used 56.24% of the points.
Time 1531.52: used 56.31% of the points.
Time 1533.61: used 56.38% of the points.
Time 1535.67: used 56.45% of the points.
Time 1537.81: used 56.52% of the points.
Time 1539.85: used 56.60% of the points.
Time 1541.89: used 56.67% of the points.
Time 1543.93: used 56.74% of the points.
Time 1545.78: used 56.81% of the points.
Time 1547.87: used 56.89% of the points.
Time 1549.88: used 56.96% of the points.
Time 1551.78: used 57.03% of the points.
Time 1553.74: used 57.10% of the points.
Time 1555.84: used 57.17% of the points.
Time 1558.01: used 57.25% of the points.
Time 1559.87: used 57.32% of the points.
Time 1561.98: used 57.39% of the points.
Time 1564.45: used 57.46% of the points.
Time 1566.29: used 57.53% of the points.
Time 1568.41: used 57.61% of the points.
Time 1570.87: used 57.68% of the points.
Time 1573.07: used 57.75% of the points.
Time 1575.08: used 57.82% of the points.
Time 1576.90: used 57.89% of the points.
Time 1579.50: used 57.97% of the points.
Time 1581.57: used 58.04% of the points.
Time 1583.89: used 58.11% of the points.
Time 1586.44: used 58.18% of the points.
Time 1588.31: used 58.26% of the points.
Time 1590.23: used 58.33% of the points.
Time 1591.94: used 58.40% of the points.
Time 1593.81: used 58.47% of the points.
Time 1595.88: used 58.54% of the points.
Time 1597.84: used 58.62% of the points.
Time 1599.76: used 58.69% of the points.
Time 1601.88: used 58.76% of the points.
Time 1603.80: used 58.83% of the points.
Time 1605.60: used 58.90% of the points.
Time 1607.58: used 58.98% of the points.
Time 1609.46: used 59.05% of the points.
Time 1611.77: used 59.12% of the points.
Time 1613.61: used 59.19% of the points.
Time 1615.38: used 59.26% of the points.
Time 1617.56: used 59.34% of the points.
Time 1619.46: used 59.41% of the points.
Time 1621.45: used 59.48% of the points.
Time 1623.41: used 59.55% of the points.
Time 1625.40: used 59.63% of the points.
Time 1627.32: used 59.70% of the points.
Time 1629.04: used 59.77% of the points.
Time 1630.95: used 59.84% of the points.
Time 1632.86: used 59.91% of the points.
Time 1634.87: used 59.99% of the points.
Time 1636.45: used 60.06% of the points.
Time 1638.07: used 60.13% of the points.
Time 1640.36: used 60.20% of the points.
Time 1642.11: used 60.27% of the points.
Time 1644.16: used 60.35% of the points.
Time 1646.02: used 60.42% of the points.
Time 1648.02: used 60.49% of the points.
Time 1649.89: used 60.56% of the points.
Time 1651.82: used 60.63% of the points.
Time 1653.85: used 60.71% of the points.
Time 1655.99: used 60.78% of the points.
Time 1658.03: used 60.85% of the points.
Time 1660.03: used 60.92% of the points.
Time 1662.18: used 60.99% of the points.
Time 1664.80: used 61.07% of the points.
Time 1666.85: used 61.14% of the points.
Time 1669.16: used 61.21% of the points.
Time 1670.87: used 61.28% of the points.
Time 1672.71: used 61.36% of the points.
Time 1674.85: used 61.43% of the points.
Time 1676.75: used 61.50% of the points.
Time 1678.87: used 61.57% of the points.
Time 1680.89: used 61.64% of the points.
Time 1683.00: used 61.72% of the points.
Time 1685.31: used 61.79% of the points.
Time 1687.52: used 61.86% of the points.
Time 1689.60: used 61.93% of the points.
Time 1692.03: used 62.00% of the points.
Time 1694.86: used 62.08% of the points.
Time 1696.94: used 62.15% of the points.
Time 1699.21: used 62.22% of the points.
Time 1701.49: used 62.29% of the points.
Time 1703.31: used 62.36% of the points.
Time 1705.47: used 62.44% of the points.
Time 1707.39: used 62.51% of the points.
Time 1709.30: used 62.58% of the points.
Time 1710.92: used 62.65% of the points.
Time 1712.97: used 62.73% of the points.
Time 1715.00: used 62.80% of the points.
Time 1716.92: used 62.87% of the points.
Time 1719.08: used 62.94% of the points.
Time 1721.34: used 63.01% of the points.
Time 1723.27: used 63.09% of the points.
Time 1725.29: used 63.16% of the points.
Time 1727.15: used 63.23% of the points.
Time 1729.42: used 63.30% of the points.
Time 1731.10: used 63.37% of the points.
Time 1733.05: used 63.45% of the points.
Time 1734.66: used 63.52% of the points.
Time 1736.57: used 63.59% of the points.
Time 1738.37: used 63.66% of the points.
Time 1740.71: used 63.73% of the points.
Time 1742.57: used 63.81% of the points.
Time 1744.59: used 63.88% of the points.
Time 1746.41: used 63.95% of the points.
Time 1748.18: used 64.02% of the points.
Time 1750.11: used 64.10% of the points.
Time 1751.78: used 64.17% of the points.
Time 1753.72: used 64.24% of the points.
Time 1755.68: used 64.31% of the points.
Time 1757.51: used 64.38% of the points.
Time 1759.36: used 64.46% of the points.
Time 1761.63: used 64.53% of the points.
Time 1763.55: used 64.60% of the points.
Time 1765.50: used 64.67% of the points.
Time 1767.38: used 64.74% of the points.
Time 1769.19: used 64.82% of the points.
Time 1771.16: used 64.89% of the points.
Time 1773.37: used 64.96% of the points.
Time 1775.51: used 65.03% of the points.
Time 1777.80: used 65.10% of the points.
Time 1780.13: used 65.18% of the points.
Time 1782.21: used 65.25% of the points.
Time 1784.26: used 65.32% of the points.
Time 1786.12: used 65.39% of the points.
Time 1788.42: used 65.47% of the points.
Time 1790.58: used 65.54% of the points.
Time 1792.22: used 65.61% of the points.
Time 1794.33: used 65.68% of the points.
Time 1796.55: used 65.75% of the points.
Time 1798.56: used 65.83% of the points.
Time 1800.59: used 65.90% of the points.
Time 1802.54: used 65.97% of the points.
Time 1804.67: used 66.04% of the points.
Time 1806.77: used 66.11% of the points.
Time 1808.66: used 66.19% of the points.
Time 1810.65: used 66.26% of the points.
Time 1812.94: used 66.33% of the points.
Time 1814.96: used 66.40% of the points.
Time 1817.10: used 66.47% of the points.
Time 1819.50: used 66.55% of the points.
Time 1821.50: used 66.62% of the points.
Time 1823.30: used 66.69% of the points.
Time 1825.15: used 66.76% of the points.
Time 1827.25: used 66.83% of the points.
Time 1828.97: used 66.91% of the points.
Time 1831.00: used 66.98% of the points.
Time 1832.87: used 67.05% of the points.
Time 1835.10: used 67.12% of the points.
Time 1836.98: used 67.20% of the points.
Time 1839.01: used 67.27% of the points.
Time 1840.84: used 67.34% of the points.
Time 1842.89: used 67.41% of the points.
Time 1844.98: used 67.48% of the points.
Time 1847.16: used 67.56% of the points.
Time 1849.04: used 67.63% of the points.
Time 1850.88: used 67.70% of the points.
Time 1852.87: used 67.77% of the points.
Time 1854.65: used 67.84% of the points.
Time 1856.50: used 67.92% of the points.
Time 1858.49: used 67.99% of the points.
Time 1860.51: used 68.06% of the points.
Time 1862.43: used 68.13% of the points.
Time 1864.48: used 68.20% of the points.
Time 1866.49: used 68.28% of the points.
Time 1868.50: used 68.35% of the points.
Time 1870.42: used 68.42% of the points.
Time 1872.14: used 68.49% of the points.
Time 1873.82: used 68.57% of the points.
Time 1875.74: used 68.64% of the points.
Time 1877.67: used 68.71% of the points.
Time 1879.53: used 68.78% of the points.
Time 1882.04: used 68.85% of the points.
Time 1884.32: used 68.93% of the points.
Time 1886.94: used 69.00% of the points.
Time 1889.23: used 69.07% of the points.
Time 1892.01: used 69.14% of the points.
Time 1894.21: used 69.21% of the points.
Time 1896.71: used 69.29% of the points.
Time 1899.03: used 69.36% of the points.
Time 1901.63: used 69.43% of the points.
Time 1903.32: used 69.50% of the points.
Time 1906.05: used 69.57% of the points.
Time 1908.33: used 69.65% of the points.
Time 1910.42: used 69.72% of the points.
Time 1912.61: used 69.79% of the points.
Time 1914.97: used 69.86% of the points.
Time 1917.25: used 69.94% of the points.
Time 1918.95: used 70.01% of the points.
Time 1921.13: used 70.08% of the points.
Time 1923.27: used 70.15% of the points.
Time 1925.10: used 70.22% of the points.
Time 1927.01: used 70.30% of the points.
Time 1928.73: used 70.37% of the points.
Time 1930.56: used 70.44% of the points.
Time 1932.95: used 70.51% of the points.
Time 1935.34: used 70.58% of the points.
Time 1937.75: used 70.66% of the points.
Time 1939.52: used 70.73% of the points.
Time 1941.50: used 70.80% of the points.
Time 1943.57: used 70.87% of the points.
Time 1945.35: used 70.94% of the points.
Time 1947.30: used 71.02% of the points.
Time 1949.27: used 71.09% of the points.
Time 1951.61: used 71.16% of the points.
Time 1951.64: used 71.23% of the points.
Time 1953.54: used 71.30% of the points.
Time 1955.35: used 71.38% of the points.
Time 1955.38: used 71.45% of the points.
Time 1957.46: used 71.52% of the points.
Time 1959.33: used 71.59% of the points.
Time 1961.07: used 71.67% of the points.
Time 1963.02: used 71.74% of the points.
Time 1965.00: used 71.81% of the points.
Time 1966.82: used 71.88% of the points.
Time 1968.55: used 71.95% of the points.
Time 1970.71: used 72.03% of the points.
Time 1972.69: used 72.10% of the points.
Time 1974.51: used 72.17% of the points.
Time 1976.29: used 72.24% of the points.
Time 1978.55: used 72.31% of the points.
Time 1980.62: used 72.39% of the points.
Time 1980.65: used 72.46% of the points.
Time 1982.51: used 72.53% of the points.
Time 1984.66: used 72.60% of the points.
Time 1986.41: used 72.67% of the points.
Time 1988.16: used 72.75% of the points.
Time 1989.99: used 72.82% of the points.
Time 1992.01: used 72.89% of the points.
Time 1994.11: used 72.96% of the points.
Time 1996.13: used 73.04% of the points.
Time 1997.79: used 73.11% of the points.
Time 1999.68: used 73.18% of the points.
Time 2001.74: used 73.25% of the points.
Time 2003.61: used 73.32% of the points.
Time 2003.64: used 73.40% of the points.
Time 2005.52: used 73.47% of the points.
Time 2007.37: used 73.54% of the points.
Time 2009.51: used 73.61% of the points.
Time 2011.33: used 73.68% of the points.
Time 2013.04: used 73.76% of the points.
Time 2014.85: used 73.83% of the points.
Time 2016.51: used 73.90% of the points.
Time 2018.66: used 73.97% of the points.
Time 2020.55: used 74.04% of the points.
Time 2022.61: used 74.12% of the points.
Time 2024.51: used 74.19% of the points.
Time 2026.58: used 74.26% of the points.
Time 2026.61: used 74.33% of the points.
Time 2026.64: used 74.41% of the points.
Time 2026.67: used 74.48% of the points.
Time 2026.70: used 74.55% of the points.
Time 2026.73: used 74.62% of the points.
Time 2026.76: used 74.69% of the points.
Time 2028.58: used 74.77% of the points.
Time 2030.43: used 74.84% of the points.
Time 2032.18: used 74.91% of the points.
Time 2033.80: used 74.98% of the points.
Time 2033.83: used 75.05% of the points.
Time 2033.86: used 75.13% of the points.
Time 2033.89: used 75.20% of the points.
Time 2035.82: used 75.27% of the points.
Time 2037.73: used 75.34% of the points.
Time 2039.79: used 75.41% of the points.
Time 2041.71: used 75.49% of the points.
Time 2041.74: used 75.56% of the points.
Time 2043.47: used 75.63% of the points.
Time 2045.56: used 75.70% of the points.
Time 2047.61: used 75.78% of the points.
Time 2049.53: used 75.85% of the points.
Time 2051.39: used 75.92% of the points.
Time 2053.22: used 75.99% of the points.
Time 2055.18: used 76.06% of the points.
Time 2057.15: used 76.14% of the points.
Time 2057.19: used 76.21% of the points.
Time 2059.03: used 76.28% of the points.
Time 2059.06: used 76.35% of the points.
Time 2059.09: used 76.42% of the points.
Time 2061.13: used 76.50% of the points.
Time 2062.98: used 76.57% of the points.
Time 2064.83: used 76.64% of the points.
Time 2066.56: used 76.71% of the points.
Time 2068.41: used 76.78% of the points.
Time 2070.41: used 76.86% of the points.
Time 2072.32: used 76.93% of the points.
Time 2074.13: used 77.00% of the points.
Time 2074.16: used 77.07% of the points.
Time 2075.88: used 77.14% of the points.
Time 2078.08: used 77.22% of the points.
Time 2079.88: used 77.29% of the points.
Time 2079.91: used 77.36% of the points.
Time 2079.94: used 77.43% of the points.
Time 2081.69: used 77.51% of the points.
Time 2083.68: used 77.58% of the points.
Time 2085.68: used 77.65% of the points.
Time 2087.81: used 77.72% of the points.
Time 2090.08: used 77.79% of the points.
Time 2092.31: used 77.87% of the points.
Time 2094.15: used 77.94% of the points.
Time 2096.06: used 78.01% of the points.
Time 2098.16: used 78.08% of the points.
Time 2100.16: used 78.15% of the points.
Time 2101.91: used 78.23% of the points.
Time 2103.91: used 78.30% of the points.
Time 2105.94: used 78.37% of the points.
Time 2107.85: used 78.44% of the points.
Time 2109.96: used 78.51% of the points.
Time 2112.24: used 78.59% of the points.
Time 2115.20: used 78.66% of the points.
Time 2117.69: used 78.73% of the points.
Time 2119.76: used 78.80% of the points.
Time 2122.32: used 78.88% of the points.
Time 2124.58: used 78.95% of the points.
Time 2126.82: used 79.02% of the points.
Time 2129.35: used 79.09% of the points.
Time 2131.65: used 79.16% of the points.
Time 2133.85: used 79.24% of the points.
Time 2136.24: used 79.31% of the points.
Time 2138.17: used 79.38% of the points.
Time 2140.22: used 79.45% of the points.
Time 2142.27: used 79.52% of the points.
Time 2144.67: used 79.60% of the points.
Time 2146.97: used 79.67% of the points.
Time 2148.97: used 79.74% of the points.
Time 2151.25: used 79.81% of the points.
Time 2153.17: used 79.88% of the points.
Time 2155.03: used 79.96% of the points.
Time 2157.31: used 80.03% of the points.
Time 2159.33: used 80.10% of the points.
Time 2161.39: used 80.17% of the points.
Time 2163.27: used 80.25% of the points.
Time 2165.23: used 80.32% of the points.
Time 2167.13: used 80.39% of the points.
Time 2169.13: used 80.46% of the points.
Time 2171.04: used 80.53% of the points.
Time 2173.11: used 80.61% of the points.
Time 2174.90: used 80.68% of the points.
Time 2176.74: used 80.75% of the points.
Time 2178.83: used 80.82% of the points.
Time 2180.75: used 80.89% of the points.
Time 2182.92: used 80.97% of the points.
Time 2184.77: used 81.04% of the points.
Time 2186.70: used 81.11% of the points.
Time 2188.58: used 81.18% of the points.
Time 2190.54: used 81.25% of the points.
Time 2192.57: used 81.33% of the points.
Time 2194.66: used 81.40% of the points.
Time 2196.63: used 81.47% of the points.
Time 2198.57: used 81.54% of the points.
Time 2200.53: used 81.61% of the points.
Time 2202.19: used 81.69% of the points.
Time 2204.19: used 81.76% of the points.
Time 2206.07: used 81.83% of the points.
Time 2207.93: used 81.90% of the points.
Time 2209.71: used 81.98% of the points.
Time 2211.45: used 82.05% of the points.
Time 2213.54: used 82.12% of the points.
Time 2215.32: used 82.19% of the points.
Time 2217.41: used 82.26% of the points.
Time 2219.08: used 82.34% of the points.
Time 2220.79: used 82.41% of the points.
Time 2223.01: used 82.48% of the points.
Time 2224.79: used 82.55% of the points.
Time 2226.62: used 82.62% of the points.
Time 2228.57: used 82.70% of the points.
Time 2230.59: used 82.77% of the points.
Time 2232.50: used 82.84% of the points.
Time 2234.62: used 82.91% of the points.
Time 2236.42: used 82.98% of the points.
Time 2238.08: used 83.06% of the points.
Time 2240.19: used 83.13% of the points.
Time 2242.42: used 83.20% of the points.
Time 2244.40: used 83.27% of the points.
Time 2246.40: used 83.35% of the points.
Time 2248.51: used 83.42% of the points.
Time 2250.74: used 83.49% of the points.
Time 2252.77: used 83.56% of the points.
Time 2256.36: used 83.63% of the points.
Time 2259.65: used 83.71% of the points.
Time 2262.28: used 83.78% of the points.
Time 2264.70: used 83.85% of the points.
Time 2267.20: used 83.92% of the points.
Time 2269.44: used 83.99% of the points.
Time 2271.69: used 84.07% of the points.
Time 2273.64: used 84.14% of the points.
Time 2275.82: used 84.21% of the points.
Time 2277.91: used 84.28% of the points.
Time 2280.07: used 84.35% of the points.
Time 2282.27: used 84.43% of the points.
Time 2284.28: used 84.50% of the points.
Time 2286.07: used 84.57% of the points.
Time 2288.16: used 84.64% of the points.
Time 2290.28: used 84.72% of the points.
Time 2292.15: used 84.79% of the points.
Time 2294.23: used 84.86% of the points.
Time 2296.30: used 84.93% of the points.
Time 2298.55: used 85.00% of the points.
Time 2300.55: used 85.08% of the points.
Time 2302.48: used 85.15% of the points.
Time 2304.39: used 85.22% of the points.
Time 2306.71: used 85.29% of the points.
Time 2308.48: used 85.36% of the points.
Time 2310.24: used 85.44% of the points.
Time 2312.24: used 85.51% of the points.
Time 2314.37: used 85.58% of the points.
Time 2316.25: used 85.65% of the points.
Time 2318.05: used 85.72% of the points.
Time 2320.08: used 85.80% of the points.
Time 2321.84: used 85.87% of the points.
Time 2323.76: used 85.94% of the points.
Time 2325.89: used 86.01% of the points.
Time 2328.02: used 86.09% of the points.
Time 2329.99: used 86.16% of the points.
Time 2332.03: used 86.23% of the points.
Time 2333.84: used 86.30% of the points.
Time 2335.88: used 86.37% of the points.
Time 2337.92: used 86.45% of the points.
Time 2339.74: used 86.52% of the points.
Time 2341.63: used 86.59% of the points.
Time 2343.49: used 86.66% of the points.
Time 2345.49: used 86.73% of the points.
Time 2347.64: used 86.81% of the points.
Time 2349.76: used 86.88% of the points.
Time 2351.71: used 86.95% of the points.
Time 2353.44: used 87.02% of the points.
Time 2355.29: used 87.09% of the points.
Time 2357.32: used 87.17% of the points.
Time 2359.37: used 87.24% of the points.
Time 2361.66: used 87.31% of the points.
Time 2363.67: used 87.38% of the points.
Time 2365.74: used 87.45% of the points.
Time 2368.09: used 87.53% of the points.
Time 2370.22: used 87.60% of the points.
Time 2372.16: used 87.67% of the points.
Time 2374.00: used 87.74% of the points.
Time 2376.19: used 87.82% of the points.
Time 2377.82: used 87.89% of the points.
Time 2380.37: used 87.96% of the points.
Time 2382.25: used 88.03% of the points.
Time 2384.30: used 88.10% of the points.
Time 2386.61: used 88.18% of the points.
Time 2388.56: used 88.25% of the points.
Time 2390.43: used 88.32% of the points.
Time 2392.37: used 88.39% of the points.
Time 2394.43: used 88.46% of the points.
Time 2396.53: used 88.54% of the points.
Time 2398.53: used 88.61% of the points.
Time 2400.58: used 88.68% of the points.
Time 2402.70: used 88.75% of the points.
Time 2404.87: used 88.82% of the points.
Time 2406.90: used 88.90% of the points.
Time 2409.14: used 88.97% of the points.
Time 2411.36: used 89.04% of the points.
Time 2413.64: used 89.11% of the points.
Time 2416.13: used 89.19% of the points.
Time 2418.34: used 89.26% of the points.
Time 2420.58: used 89.33% of the points.
Time 2423.40: used 89.40% of the points.
Time 2425.43: used 89.47% of the points.
Time 2427.51: used 89.55% of the points.
Time 2429.49: used 89.62% of the points.
Time 2431.12: used 89.69% of the points.
Time 2433.03: used 89.76% of the points.
Time 2435.09: used 89.83% of the points.
Time 2437.36: used 89.91% of the points.
Time 2439.55: used 89.98% of the points.
Time 2441.67: used 90.05% of the points.
Time 2443.79: used 90.12% of the points.
Time 2445.50: used 90.19% of the points.
Time 2447.36: used 90.27% of the points.
Time 2449.33: used 90.34% of the points.
Time 2451.27: used 90.41% of the points.
Time 2453.52: used 90.48% of the points.
Time 2455.26: used 90.56% of the points.
Time 2457.24: used 90.63% of the points.
Time 2459.37: used 90.70% of the points.
Time 2461.56: used 90.77% of the points.
Time 2463.57: used 90.84% of the points.
Time 2465.41: used 90.92% of the points.
Time 2467.16: used 90.99% of the points.
Time 2469.23: used 91.06% of the points.
Time 2471.67: used 91.13% of the points.
Time 2473.66: used 91.20% of the points.
Time 2475.93: used 91.28% of the points.
Time 2477.82: used 91.35% of the points.
Time 2479.92: used 91.42% of the points.
Time 2481.81: used 91.49% of the points.
Time 2483.58: used 91.56% of the points.
Time 2485.36: used 91.64% of the points.
Time 2487.35: used 91.71% of the points.
Time 2489.16: used 91.78% of the points.
Time 2490.85: used 91.85% of the points.
Time 2492.84: used 91.93% of the points.
Time 2494.98: used 92.00% of the points.
Time 2496.96: used 92.07% of the points.
Time 2499.32: used 92.14% of the points.
Time 2501.49: used 92.21% of the points.
Time 2503.49: used 92.29% of the points.
Time 2505.75: used 92.36% of the points.
Time 2507.75: used 92.43% of the points.
Time 2509.84: used 92.50% of the points.
Time 2512.19: used 92.57% of the points.
Time 2514.19: used 92.65% of the points.
Time 2516.38: used 92.72% of the points.
Time 2518.59: used 92.79% of the points.
Time 2520.49: used 92.86% of the points.
Time 2522.45: used 92.93% of the points.
Time 2524.61: used 93.01% of the points.
Time 2526.88: used 93.08% of the points.
Time 2528.89: used 93.15% of the points.
Time 2530.53: used 93.22% of the points.
Time 2532.84: used 93.29% of the points.
Time 2534.95: used 93.37% of the points.
Time 2536.85: used 93.44% of the points.
Time 2538.67: used 93.51% of the points.
Time 2540.45: used 93.58% of the points.
Time 2542.32: used 93.66% of the points.
Time 2544.42: used 93.73% of the points.
Time 2546.09: used 93.80% of the points.
Time 2548.06: used 93.87% of the points.
Time 2549.67: used 93.94% of the points.
Time 2551.58: used 94.02% of the points.
Time 2553.49: used 94.09% of the points.
Time 2555.48: used 94.16% of the points.
Time 2557.41: used 94.23% of the points.
Time 2559.54: used 94.30% of the points.
Time 2561.67: used 94.38% of the points.
Time 2563.96: used 94.45% of the points.
Time 2565.83: used 94.52% of the points.
Time 2567.73: used 94.59% of the points.
Time 2569.50: used 94.66% of the points.
Time 2571.83: used 94.74% of the points.
Time 2573.72: used 94.81% of the points.
Time 2575.65: used 94.88% of the points.
Time 2577.40: used 94.95% of the points.
Time 2579.49: used 95.03% of the points.
Time 2581.32: used 95.10% of the points.
Time 2583.32: used 95.17% of the points.
Time 2585.21: used 95.24% of the points.
Time 2587.27: used 95.31% of the points.
Time 2589.04: used 95.39% of the points.
Time 2591.31: used 95.46% of the points.
Time 2593.23: used 95.53% of the points.
Time 2595.11: used 95.60% of the points.
Time 2597.44: used 95.67% of the points.
Time 2599.00: used 95.75% of the points.
Time 2600.85: used 95.82% of the points.
Time 2602.70: used 95.89% of the points.
Time 2604.25: used 95.96% of the points.
Time 2606.25: used 96.03% of the points.
Time 2608.06: used 96.11% of the points.
Time 2609.93: used 96.18% of the points.
Time 2611.94: used 96.25% of the points.
Time 2614.10: used 96.32% of the points.
Time 2616.05: used 96.40% of the points.
Time 2617.73: used 96.47% of the points.
Time 2619.90: used 96.54% of the points.
Time 2622.10: used 96.61% of the points.
Time 2624.34: used 96.68% of the points.
Time 2626.34: used 96.76% of the points.
Time 2628.59: used 96.83% of the points.
Time 2630.67: used 96.90% of the points.
Time 2632.71: used 96.97% of the points.
Time 2635.04: used 97.04% of the points.
Time 2637.23: used 97.12% of the points.
Time 2639.20: used 97.19% of the points.
Time 2640.95: used 97.26% of the points.
Time 2643.00: used 97.33% of the points.
Time 2645.12: used 97.40% of the points.
Time 2647.13: used 97.48% of the points.
Time 2648.93: used 97.55% of the points.
Time 2651.21: used 97.62% of the points.
Time 2653.39: used 97.69% of the points.
Time 2656.04: used 97.76% of the points.
Time 2657.92: used 97.84% of the points.
Time 2659.88: used 97.91% of the points.
Time 2662.21: used 97.98% of the points.
Time 2664.16: used 98.05% of the points.
Time 2666.41: used 98.13% of the points.
Time 2668.27: used 98.20% of the points.
Time 2670.40: used 98.27% of the points.
Time 2672.85: used 98.34% of the points.
Time 2674.88: used 98.41% of the points.
Time 2676.65: used 98.49% of the points.
Time 2678.67: used 98.56% of the points.
Time 2680.44: used 98.63% of the points.
Time 2682.58: used 98.70% of the points.
Time 2684.85: used 98.77% of the points.
Time 2686.60: used 98.85% of the points.
Time 2688.69: used 98.92% of the points.
Time 2690.75: used 98.99% of the points.
Time 2692.73: used 99.06% of the points.
Time 2695.19: used 99.13% of the points.
Time 2697.22: used 99.21% of the points.
Time 2699.05: used 99.28% of the points.
Time 2700.62: used 99.35% of the points.
Time 2702.27: used 99.42% of the points.
Time 2704.29: used 99.50% of the points.
Time 2706.14: used 99.57% of the points.
Time 2708.15: used 99.64% of the points.
Time 2709.92: used 99.71% of the points.
Time 2711.58: used 99.78% of the points.
Time 2713.57: used 99.86% of the points.
Time 2715.50: used 99.93% of the points.
Time 1701166419.23: used 100.00% of the points.

The following have been reloaded with a version change:
  1) GCCcore/11.2.0 => GCCcore/12.2.0
  2) XZ/5.2.5-GCCcore-11.2.0 => XZ/5.2.7-GCCcore-12.2.0
  3) libreadline/8.1-GCCcore-11.2.0 => libreadline/8.2-GCCcore-12.2.0
  4) ncurses/6.2-GCCcore-11.2.0 => ncurses/6.3-GCCcore-12.2.0
  5) zlib/1.2.11-GCCcore-11.2.0 => zlib/1.2.12-GCCcore-12.2.0

