2023-11-28 08:37:07.275696: I external/local_tsl/tsl/cuda/cudart_stub.cc:31] Could not find cuda drivers on your machine, GPU will not be used.
2023-11-28 08:37:08.242195: E external/local_xla/xla/stream_executor/cuda/cuda_dnn.cc:9261] Unable to register cuDNN factory: Attempting to register factory for plugin cuDNN when one has already been registered
2023-11-28 08:37:08.242287: E external/local_xla/xla/stream_executor/cuda/cuda_fft.cc:607] Unable to register cuFFT factory: Attempting to register factory for plugin cuFFT when one has already been registered
2023-11-28 08:37:08.515183: E external/local_xla/xla/stream_executor/cuda/cuda_blas.cc:1515] Unable to register cuBLAS factory: Attempting to register factory for plugin cuBLAS when one has already been registered
2023-11-28 08:37:08.872547: I external/local_tsl/tsl/cuda/cudart_stub.cc:31] Could not find cuda drivers on your machine, GPU will not be used.
2023-11-28 08:37:08.874445: I tensorflow/core/platform/cpu_feature_guard.cc:182] This TensorFlow binary is optimized to use available CPU instructions in performance-critical operations.
To enable the following instructions: AVX2 FMA, in other operations, rebuild TensorFlow with the appropriate compiler flags.
2023-11-28 08:37:13.566690: W tensorflow/compiler/tf2tensorrt/utils/py_utils.cc:38] TF-TRT Warning: Could not find TensorRT
Reloading Tuner from hyperparams/Dagon try FIRO/tuner0.json
Dagon try FIRO
346
Model: "model"
_________________________________________________________________
 Layer (type)                Output Shape              Param #   
=================================================================
 input_1 (InputLayer)        [(None, 6)]               0         
                                                                 
 dense (Dense)               (None, 16)                112       
                                                                 
 dense_1 (Dense)             (None, 16)                272       
                                                                 
 dense_2 (Dense)             (None, 3)                 51        
                                                                 
=================================================================
Total params: 435 (1.70 KB)
Trainable params: 435 (1.70 KB)
Non-trainable params: 0 (0.00 Byte)
_________________________________________________________________
None
Model: "model_1"
_________________________________________________________________
 Layer (type)                Output Shape              Param #   
=================================================================
 input_2 (InputLayer)        [(None, 6)]               0         
                                                                 
 dense_3 (Dense)             (None, 16)                112       
                                                                 
 dense_4 (Dense)             (None, 16)                272       
                                                                 
 dense_5 (Dense)             (None, 3)                 51        
                                                                 
=================================================================
Total params: 435 (1.70 KB)
Trainable params: 435 (1.70 KB)
Non-trainable params: 0 (0.00 Byte)
_________________________________________________________________
None
Model: "model_2"
_________________________________________________________________
 Layer (type)                Output Shape              Param #   
=================================================================
 input_3 (InputLayer)        [(None, 6)]               0         
                                                                 
 dense_6 (Dense)             (None, 16)                112       
                                                                 
 dense_7 (Dense)             (None, 16)                272       
                                                                 
 dense_8 (Dense)             (None, 3)                 51        
                                                                 
=================================================================
Total params: 435 (1.70 KB)
Trainable params: 435 (1.70 KB)
Non-trainable params: 0 (0.00 Byte)
_________________________________________________________________
None
Model: "model_3"
_________________________________________________________________
 Layer (type)                Output Shape              Param #   
=================================================================
 input_4 (InputLayer)        [(None, 6)]               0         
                                                                 
 dense_9 (Dense)             (None, 16)                112       
                                                                 
 dense_10 (Dense)            (None, 16)                272       
                                                                 
 dense_11 (Dense)            (None, 3)                 51        
                                                                 
=================================================================
Total params: 435 (1.70 KB)
Trainable params: 435 (1.70 KB)
Non-trainable params: 0 (0.00 Byte)
_________________________________________________________________
None
Model: "model_4"
_________________________________________________________________
 Layer (type)                Output Shape              Param #   
=================================================================
 input_5 (InputLayer)        [(None, 6)]               0         
                                                                 
 dense_12 (Dense)            (None, 16)                112       
                                                                 
 dense_13 (Dense)            (None, 16)                272       
                                                                 
 dense_14 (Dense)            (None, 3)                 51        
                                                                 
=================================================================
Total params: 435 (1.70 KB)
Trainable params: 435 (1.70 KB)
Non-trainable params: 0 (0.00 Byte)
_________________________________________________________________
None
Model: "model_5"
_________________________________________________________________
 Layer (type)                Output Shape              Param #   
=================================================================
 input_6 (InputLayer)        [(None, 6)]               0         
                                                                 
 dense_15 (Dense)            (None, 16)                112       
                                                                 
 dense_16 (Dense)            (None, 16)                272       
                                                                 
 dense_17 (Dense)            (None, 3)                 51        
                                                                 
=================================================================
Total params: 435 (1.70 KB)
Trainable params: 435 (1.70 KB)
Non-trainable params: 0 (0.00 Byte)
_________________________________________________________________
None
Model: "model_6"
_________________________________________________________________
 Layer (type)                Output Shape              Param #   
=================================================================
 input_7 (InputLayer)        [(None, 6)]               0         
                                                                 
 dense_18 (Dense)            (None, 16)                112       
                                                                 
 dense_19 (Dense)            (None, 16)                272       
                                                                 
 dense_20 (Dense)            (None, 3)                 51        
                                                                 
=================================================================
Total params: 435 (1.70 KB)
Trainable params: 435 (1.70 KB)
Non-trainable params: 0 (0.00 Byte)
_________________________________________________________________
None
Model: "model_7"
_________________________________________________________________
 Layer (type)                Output Shape              Param #   
=================================================================
 input_8 (InputLayer)        [(None, 6)]               0         
                                                                 
 dense_21 (Dense)            (None, 16)                112       
                                                                 
 dense_22 (Dense)            (None, 16)                272       
                                                                 
 dense_23 (Dense)            (None, 3)                 51        
                                                                 
=================================================================
Total params: 435 (1.70 KB)
Trainable params: 435 (1.70 KB)
Non-trainable params: 0 (0.00 Byte)
_________________________________________________________________
None
Model: "model_8"
_________________________________________________________________
 Layer (type)                Output Shape              Param #   
=================================================================
 input_9 (InputLayer)        [(None, 6)]               0         
                                                                 
 dense_24 (Dense)            (None, 16)                112       
                                                                 
 dense_25 (Dense)            (None, 16)                272       
                                                                 
 dense_26 (Dense)            (None, 3)                 51        
                                                                 
=================================================================
Total params: 435 (1.70 KB)
Trainable params: 435 (1.70 KB)
Non-trainable params: 0 (0.00 Byte)
_________________________________________________________________
None
Model: "model_9"
_________________________________________________________________
 Layer (type)                Output Shape              Param #   
=================================================================
 input_10 (InputLayer)       [(None, 6)]               0         
                                                                 
 dense_27 (Dense)            (None, 16)                112       
                                                                 
 dense_28 (Dense)            (None, 16)                272       
                                                                 
 dense_29 (Dense)            (None, 3)                 51        
                                                                 
=================================================================
Total params: 435 (1.70 KB)
Trainable params: 435 (1.70 KB)
Non-trainable params: 0 (0.00 Byte)
_________________________________________________________________
Keras Uncertainty will use standalone Keras backendNone
The results will be saved in results/Dagon try FIRO tuned (0)
Time 35.26: used 28.90% of the points.
Time 42.24: used 29.19% of the points.
Time 48.26: used 29.48% of the points.
Time 53.64: used 29.77% of the points.
Time 58.98: used 30.06% of the points.
Time 64.46: used 30.35% of the points.
Time 69.89: used 30.64% of the points.
Time 75.61: used 30.92% of the points.
Time 81.72: used 31.21% of the points.
Time 86.25: used 31.50% of the points.
Time 91.41: used 31.79% of the points.
Time 96.79: used 32.08% of the points.
Time 102.25: used 32.37% of the points.
Time 108.10: used 32.66% of the points.
Time 114.78: used 32.95% of the points.
Time 120.74: used 33.24% of the points.
Time 126.25: used 33.53% of the points.
Time 131.72: used 33.82% of the points.
Time 137.86: used 34.10% of the points.
Time 144.59: used 34.39% of the points.
Time 150.51: used 34.68% of the points.
Time 155.64: used 34.97% of the points.
Time 163.26: used 35.26% of the points.
Time 168.47: used 35.55% of the points.
Time 174.18: used 35.84% of the points.
Time 180.58: used 36.13% of the points.
Time 187.62: used 36.42% of the points.
Time 195.50: used 36.71% of the points.
Time 201.96: used 36.99% of the points.
Time 208.15: used 37.28% of the points.
Time 213.64: used 37.57% of the points.
Time 221.82: used 37.86% of the points.
Time 227.86: used 38.15% of the points.
Time 234.13: used 38.44% of the points.
Time 242.34: used 38.73% of the points.
Time 250.09: used 39.02% of the points.
Time 257.76: used 39.31% of the points.
Time 264.63: used 39.60% of the points.
Time 272.11: used 39.88% of the points.
Time 279.43: used 40.17% of the points.
Time 288.26: used 40.46% of the points.
Time 294.79: used 40.75% of the points.
Time 301.83: used 41.04% of the points.
Time 307.50: used 41.33% of the points.
Time 313.20: used 41.62% of the points.
Time 319.94: used 41.91% of the points.
Time 326.76: used 42.20% of the points.
Time 332.92: used 42.49% of the points.
Time 339.05: used 42.77% of the points.
Time 346.67: used 43.06% of the points.
Time 352.46: used 43.35% of the points.
Time 358.94: used 43.64% of the points.
Time 364.68: used 43.93% of the points.
Time 370.54: used 44.22% of the points.
Time 375.84: used 44.51% of the points.
Time 381.93: used 44.80% of the points.
Time 387.30: used 45.09% of the points.
Time 394.18: used 45.38% of the points.
Time 399.10: used 45.66% of the points.
Time 404.91: used 45.95% of the points.
Time 410.57: used 46.24% of the points.
Time 415.97: used 46.53% of the points.
Time 421.65: used 46.82% of the points.
Time 427.24: used 47.11% of the points.
Time 432.53: used 47.40% of the points.
Time 438.33: used 47.69% of the points.
Time 444.69: used 47.98% of the points.
Time 452.19: used 48.27% of the points.
Time 458.86: used 48.55% of the points.
Time 464.59: used 48.84% of the points.
Time 471.79: used 49.13% of the points.
Time 479.30: used 49.42% of the points.
Time 484.69: used 49.71% of the points.
Time 491.67: used 50.00% of the points.
Time 498.24: used 50.29% of the points.
Time 504.18: used 50.58% of the points.
Time 510.54: used 50.87% of the points.
Time 519.52: used 51.16% of the points.
Time 526.26: used 51.45% of the points.
Time 533.02: used 51.73% of the points.
Time 538.39: used 52.02% of the points.
Time 543.91: used 52.31% of the points.
Time 550.42: used 52.60% of the points.
Time 556.37: used 52.89% of the points.
Time 562.12: used 53.18% of the points.
Time 569.88: used 53.47% of the points.
Time 576.13: used 53.76% of the points.
Time 582.28: used 54.05% of the points.
Time 588.44: used 54.34% of the points.
Time 593.76: used 54.62% of the points.
Time 598.75: used 54.91% of the points.
Time 604.88: used 55.20% of the points.
Time 610.56: used 55.49% of the points.
Time 616.56: used 55.78% of the points.
Time 622.87: used 56.07% of the points.
Time 629.17: used 56.36% of the points.
Time 634.04: used 56.65% of the points.
Time 639.06: used 56.94% of the points.
Time 644.26: used 57.23% of the points.
Time 649.86: used 57.51% of the points.
Time 655.90: used 57.80% of the points.
Time 662.08: used 58.09% of the points.
Time 667.42: used 58.38% of the points.
Time 673.91: used 58.67% of the points.
Time 680.08: used 58.96% of the points.
Time 686.01: used 59.25% of the points.
Time 692.29: used 59.54% of the points.
Time 697.91: used 59.83% of the points.
Time 704.68: used 60.12% of the points.
Time 710.15: used 60.40% of the points.
Time 717.11: used 60.69% of the points.
Time 722.20: used 60.98% of the points.
Time 728.86: used 61.27% of the points.
Time 733.78: used 61.56% of the points.
Time 739.74: used 61.85% of the points.
Time 745.45: used 62.14% of the points.
Time 752.02: used 62.43% of the points.
Time 758.31: used 62.72% of the points.
Time 764.23: used 63.01% of the points.
Time 769.55: used 63.29% of the points.
Time 775.50: used 63.58% of the points.
Time 781.05: used 63.87% of the points.
Time 786.60: used 64.16% of the points.
Time 792.66: used 64.45% of the points.
Time 798.85: used 64.74% of the points.
Time 804.89: used 65.03% of the points.
Time 810.64: used 65.32% of the points.
Time 817.11: used 65.61% of the points.
Time 821.89: used 65.90% of the points.
Time 826.91: used 66.18% of the points.
Time 833.63: used 66.47% of the points.
Time 839.30: used 66.76% of the points.
Time 845.48: used 67.05% of the points.
Time 852.23: used 67.34% of the points.
Time 857.68: used 67.63% of the points.
Time 863.78: used 67.92% of the points.
Time 870.37: used 68.21% of the points.
Time 875.88: used 68.50% of the points.
Time 881.42: used 68.79% of the points.
Time 889.10: used 69.08% of the points.
Time 894.00: used 69.36% of the points.
Time 899.88: used 69.65% of the points.
Time 905.76: used 69.94% of the points.
Time 911.93: used 70.23% of the points.
Time 917.84: used 70.52% of the points.
Time 924.99: used 70.81% of the points.
Time 931.30: used 71.10% of the points.
Time 938.09: used 71.39% of the points.
Time 944.91: used 71.68% of the points.
Time 950.31: used 71.97% of the points.
Time 956.63: used 72.25% of the points.
Time 962.40: used 72.54% of the points.
Time 967.79: used 72.83% of the points.
Time 972.69: used 73.12% of the points.
Time 978.54: used 73.41% of the points.
Time 983.91: used 73.70% of the points.
Time 989.93: used 73.99% of the points.
Time 996.13: used 74.28% of the points.
Time 1000.61: used 74.57% of the points.
Time 1005.12: used 74.86% of the points.
Time 1010.98: used 75.14% of the points.
Time 1016.05: used 75.43% of the points.
Time 1022.36: used 75.72% of the points.
Time 1028.10: used 76.01% of the points.
Time 1033.14: used 76.30% of the points.
Time 1038.32: used 76.59% of the points.
Time 1045.43: used 76.88% of the points.
Time 1051.05: used 77.17% of the points.
Time 1057.02: used 77.46% of the points.
Time 1064.82: used 77.75% of the points.
Time 1071.77: used 78.03% of the points.
Time 1078.39: used 78.32% of the points.
Time 1085.57: used 78.61% of the points.
Time 1092.28: used 78.90% of the points.
Time 1099.17: used 79.19% of the points.
Time 1106.66: used 79.48% of the points.
Time 1112.82: used 79.77% of the points.
Time 1119.13: used 80.06% of the points.
Time 1124.81: used 80.35% of the points.
Time 1130.95: used 80.64% of the points.
Time 1136.85: used 80.92% of the points.
Time 1143.03: used 81.21% of the points.
Time 1149.17: used 81.50% of the points.
Time 1155.86: used 81.79% of the points.
Time 1162.94: used 82.08% of the points.
Time 1168.49: used 82.37% of the points.
Time 1173.80: used 82.66% of the points.
Time 1181.00: used 82.95% of the points.
Time 1186.74: used 83.24% of the points.
Time 1192.33: used 83.53% of the points.
Time 1197.86: used 83.82% of the points.
Time 1203.50: used 84.10% of the points.
Time 1209.53: used 84.39% of the points.
Time 1217.00: used 84.68% of the points.
Time 1223.52: used 84.97% of the points.
Time 1230.15: used 85.26% of the points.
Time 1236.85: used 85.55% of the points.
Time 1243.60: used 85.84% of the points.
Time 1249.34: used 86.13% of the points.
Time 1257.53: used 86.42% of the points.
Time 1264.30: used 86.71% of the points.
Time 1269.56: used 86.99% of the points.
Time 1276.55: used 87.28% of the points.
Time 1283.04: used 87.57% of the points.
Time 1288.57: used 87.86% of the points.
Time 1293.81: used 88.15% of the points.
Time 1298.54: used 88.44% of the points.
Time 1304.43: used 88.73% of the points.
Time 1311.13: used 89.02% of the points.
Time 1316.03: used 89.31% of the points.
Time 1321.01: used 89.60% of the points.
Time 1328.34: used 89.88% of the points.
Time 1333.91: used 90.17% of the points.
Time 1340.66: used 90.46% of the points.
Time 1348.10: used 90.75% of the points.
Time 1354.01: used 91.04% of the points.
Time 1360.21: used 91.33% of the points.
Time 1366.75: used 91.62% of the points.
Time 1373.33: used 91.91% of the points.
Time 1379.87: used 92.20% of the points.
Time 1387.17: used 92.49% of the points.
Time 1393.02: used 92.77% of the points.
Time 1398.34: used 93.06% of the points.
Time 1404.39: used 93.35% of the points.
Time 1410.75: used 93.64% of the points.
Time 1416.78: used 93.93% of the points.
Time 1422.99: used 94.22% of the points.
Time 1428.10: used 94.51% of the points.
Time 1434.08: used 94.80% of the points.
Time 1440.87: used 95.09% of the points.
Time 1446.42: used 95.38% of the points.
Time 1452.56: used 95.66% of the points.
Time 1460.81: used 95.95% of the points.
Time 1465.79: used 96.24% of the points.
Time 1471.33: used 96.53% of the points.
Time 1476.74: used 96.82% of the points.
Time 1483.09: used 97.11% of the points.
Time 1488.78: used 97.40% of the points.
Time 1494.23: used 97.69% of the points.
Time 1499.90: used 97.98% of the points.
Time 1505.49: used 98.27% of the points.
Time 1510.62: used 98.55% of the points.
Time 1515.90: used 98.84% of the points.
Time 1522.70: used 99.13% of the points.
Time 1528.37: used 99.42% of the points.
Time 1533.86: used 99.71% of the points.
Time 1701158576.11: used 100.00% of the points.

The following have been reloaded with a version change:
  1) GCCcore/11.2.0 => GCCcore/12.2.0
  2) XZ/5.2.5-GCCcore-11.2.0 => XZ/5.2.7-GCCcore-12.2.0
  3) libreadline/8.1-GCCcore-11.2.0 => libreadline/8.2-GCCcore-12.2.0
  4) ncurses/6.2-GCCcore-11.2.0 => ncurses/6.3-GCCcore-12.2.0
  5) zlib/1.2.11-GCCcore-11.2.0 => zlib/1.2.12-GCCcore-12.2.0

