2023-11-27 20:05:54.043231: I external/local_tsl/tsl/cuda/cudart_stub.cc:31] Could not find cuda drivers on your machine, GPU will not be used.
2023-11-27 20:05:54.602754: E external/local_xla/xla/stream_executor/cuda/cuda_dnn.cc:9261] Unable to register cuDNN factory: Attempting to register factory for plugin cuDNN when one has already been registered
2023-11-27 20:05:54.602845: E external/local_xla/xla/stream_executor/cuda/cuda_fft.cc:607] Unable to register cuFFT factory: Attempting to register factory for plugin cuFFT when one has already been registered
2023-11-27 20:05:54.696670: E external/local_xla/xla/stream_executor/cuda/cuda_blas.cc:1515] Unable to register cuBLAS factory: Attempting to register factory for plugin cuBLAS when one has already been registered
2023-11-27 20:05:54.918707: I external/local_tsl/tsl/cuda/cudart_stub.cc:31] Could not find cuda drivers on your machine, GPU will not be used.
2023-11-27 20:05:54.920591: I tensorflow/core/platform/cpu_feature_guard.cc:182] This TensorFlow binary is optimized to use available CPU instructions in performance-critical operations.
To enable the following instructions: AVX2 FMA, in other operations, rebuild TensorFlow with the appropriate compiler flags.
2023-11-27 20:05:58.390949: W tensorflow/compiler/tf2tensorrt/utils/py_utils.cc:38] TF-TRT Warning: Could not find TensorRT
Keras Uncertainty will use standalone Keras backendModel mode is THRESHOLD
loading dataset
getting actual data
Starting the search

Search: Running Trial #1

Value             |Best Value So Far |Hyperparameter
32                |32                |units
3                 |3                 |num_layers
0.01              |0.01              |learning_rate

Entering fitting
Copied trainig set
Compiled model
Compiled metrics
DONE RETRAINING 0/246
DONE RETRAINING 1/246
DONE RETRAINING 2/246
DONE RETRAINING 3/246

Trial 1 Complete [00h 00m 26s]
val_loss: 0.006863376189922464

Best val_loss So Far: 0.006863376189922464
Total elapsed time: 00h 00m 26s

Search: Running Trial #2

Value             |Best Value So Far |Hyperparameter
16                |32                |units
1                 |3                 |num_layers
1e-05             |0.01              |learning_rate
8                 |1                 |batch_size
10                |2                 |patience

Entering fitting
Copied trainig set
Compiled model
Compiled metrics
DONE RETRAINING 0/246
DONE RETRAINING 1/246
DONE RETRAINING 2/246
DONE RETRAINING 3/246
DONE RETRAINING 4/246
DONE RETRAINING 5/246
DONE RETRAINING 6/246
DONE RETRAINING 7/246
DONE RETRAINING 8/246
DONE RETRAINING 9/246
DONE RETRAINING 10/246
DONE RETRAINING 11/246
DONE RETRAINING 12/246
DONE RETRAINING 13/246
DONE RETRAINING 14/246
DONE RETRAINING 15/246
DONE RETRAINING 16/246
DONE RETRAINING 17/246
DONE RETRAINING 18/246
DONE RETRAINING 19/246
DONE RETRAINING 20/246
DONE RETRAINING 21/246
DONE RETRAINING 22/246
DONE RETRAINING 23/246
DONE RETRAINING 24/246
DONE RETRAINING 25/246
DONE RETRAINING 26/246
DONE RETRAINING 27/246
DONE RETRAINING 28/246
DONE RETRAINING 29/246
DONE RETRAINING 30/246
DONE RETRAINING 31/246
DONE RETRAINING 32/246
DONE RETRAINING 33/246
DONE RETRAINING 34/246
DONE RETRAINING 35/246
DONE RETRAINING 36/246
DONE RETRAINING 37/246
DONE RETRAINING 38/246
DONE RETRAINING 39/246
DONE RETRAINING 40/246
DONE RETRAINING 41/246
DONE RETRAINING 42/246
DONE RETRAINING 43/246
DONE RETRAINING 44/246
DONE RETRAINING 45/246
DONE RETRAINING 46/246
DONE RETRAINING 47/246
DONE RETRAINING 48/246
DONE RETRAINING 49/246
DONE RETRAINING 50/246
DONE RETRAINING 51/246
DONE RETRAINING 52/246
DONE RETRAINING 53/246
DONE RETRAINING 54/246
DONE RETRAINING 55/246
DONE RETRAINING 56/246
DONE RETRAINING 57/246
DONE RETRAINING 58/246
DONE RETRAINING 59/246
DONE RETRAINING 60/246
DONE RETRAINING 61/246
DONE RETRAINING 62/246
DONE RETRAINING 63/246
DONE RETRAINING 64/246
DONE RETRAINING 65/246
DONE RETRAINING 66/246
DONE RETRAINING 67/246
DONE RETRAINING 68/246
DONE RETRAINING 69/246
DONE RETRAINING 70/246
DONE RETRAINING 71/246
DONE RETRAINING 72/246
DONE RETRAINING 73/246
DONE RETRAINING 74/246
DONE RETRAINING 75/246
DONE RETRAINING 76/246
DONE RETRAINING 77/246
DONE RETRAINING 78/246
DONE RETRAINING 79/246
DONE RETRAINING 80/246
DONE RETRAINING 81/246
DONE RETRAINING 82/246
DONE RETRAINING 83/246
DONE RETRAINING 84/246
DONE RETRAINING 85/246
DONE RETRAINING 86/246
DONE RETRAINING 87/246

Trial 2 Complete [00h 17m 02s]
val_loss: 0.00439323536280928

Best val_loss So Far: 0.00439323536280928
Total elapsed time: 00h 17m 28s

Search: Running Trial #3

Value             |Best Value So Far |Hyperparameter
16                |16                |units
4                 |1                 |num_layers
1e-05             |1e-05             |learning_rate
4                 |8                 |batch_size
7                 |10                |patience

Entering fitting
Copied trainig set
Compiled model
Compiled metrics
DONE RETRAINING 0/246
DONE RETRAINING 1/246
DONE RETRAINING 2/246
DONE RETRAINING 3/246
DONE RETRAINING 4/246
DONE RETRAINING 5/246
DONE RETRAINING 6/246
DONE RETRAINING 7/246
DONE RETRAINING 8/246
DONE RETRAINING 9/246
DONE RETRAINING 10/246
DONE RETRAINING 11/246
DONE RETRAINING 12/246
DONE RETRAINING 13/246
DONE RETRAINING 14/246
DONE RETRAINING 15/246
DONE RETRAINING 16/246

Trial 3 Complete [00h 06m 46s]
val_loss: 0.00843811600372709

Best val_loss So Far: 0.00439323536280928
Total elapsed time: 00h 24m 14s

Search: Running Trial #4

Value             |Best Value So Far |Hyperparameter
64                |16                |units
2                 |1                 |num_layers
0.01              |1e-05             |learning_rate
8                 |8                 |batch_size
3                 |10                |patience

Entering fitting
Copied trainig set
Compiled model
Compiled metrics
DONE RETRAINING 0/246
DONE RETRAINING 1/246
DONE RETRAINING 2/246
DONE RETRAINING 3/246
DONE RETRAINING 4/246
DONE RETRAINING 5/246
DONE RETRAINING 6/246

Trial 4 Complete [00h 00m 18s]
val_loss: 0.009643868125718215

Best val_loss So Far: 0.00439323536280928
Total elapsed time: 00h 24m 32s

Search: Running Trial #5

Value             |Best Value So Far |Hyperparameter
16                |16                |units
2                 |1                 |num_layers
0.01              |1e-05             |learning_rate
16                |8                 |batch_size
7                 |10                |patience

Entering fitting
Copied trainig set
Compiled model
Compiled metrics
DONE RETRAINING 0/246
DONE RETRAINING 1/246
DONE RETRAINING 2/246
DONE RETRAINING 3/246
DONE RETRAINING 4/246
DONE RETRAINING 5/246
DONE RETRAINING 6/246
DONE RETRAINING 7/246
DONE RETRAINING 8/246

Trial 5 Complete [00h 00m 26s]
val_loss: 0.007045480711706753

Best val_loss So Far: 0.00439323536280928
Total elapsed time: 00h 24m 59s

Search: Running Trial #6

Value             |Best Value So Far |Hyperparameter
8                 |16                |units
2                 |1                 |num_layers
0.001             |1e-05             |learning_rate
2                 |8                 |batch_size
5                 |10                |patience

Entering fitting
Copied trainig set
Compiled model
Compiled metrics
DONE RETRAINING 0/246
DONE RETRAINING 1/246
DONE RETRAINING 2/246
DONE RETRAINING 3/246
DONE RETRAINING 4/246
DONE RETRAINING 5/246
DONE RETRAINING 6/246
DONE RETRAINING 7/246
DONE RETRAINING 8/246
DONE RETRAINING 9/246
DONE RETRAINING 10/246
DONE RETRAINING 11/246
DONE RETRAINING 12/246

Trial 6 Complete [00h 01m 28s]
val_loss: 0.007513355592201496

Best val_loss So Far: 0.00439323536280928
Total elapsed time: 00h 26m 26s

Search: Running Trial #7

Value             |Best Value So Far |Hyperparameter
16                |16                |units
4                 |1                 |num_layers
0.0001            |1e-05             |learning_rate
4                 |8                 |batch_size
10                |10                |patience

Entering fitting
Copied trainig set
Compiled model
Compiled metrics
DONE RETRAINING 0/246
DONE RETRAINING 1/246
DONE RETRAINING 2/246
DONE RETRAINING 3/246
DONE RETRAINING 4/246
DONE RETRAINING 5/246
DONE RETRAINING 6/246
DONE RETRAINING 7/246
DONE RETRAINING 8/246
DONE RETRAINING 9/246
DONE RETRAINING 10/246
DONE RETRAINING 11/246
DONE RETRAINING 12/246
DONE RETRAINING 13/246
DONE RETRAINING 14/246

Trial 7 Complete [00h 03m 27s]
val_loss: 0.008679821573454758

Best val_loss So Far: 0.00439323536280928
Total elapsed time: 00h 29m 54s

Search: Running Trial #8

Value             |Best Value So Far |Hyperparameter
4                 |16                |units
1                 |1                 |num_layers
0.01              |1e-05             |learning_rate
16                |8                 |batch_size
9                 |10                |patience

Entering fitting
Copied trainig set
Compiled model
Compiled metrics
DONE RETRAINING 0/246
DONE RETRAINING 1/246
DONE RETRAINING 2/246
DONE RETRAINING 3/246
DONE RETRAINING 4/246
DONE RETRAINING 5/246
DONE RETRAINING 6/246
DONE RETRAINING 7/246
DONE RETRAINING 8/246
DONE RETRAINING 9/246
DONE RETRAINING 10/246
DONE RETRAINING 11/246
DONE RETRAINING 12/246
DONE RETRAINING 13/246
DONE RETRAINING 14/246
DONE RETRAINING 15/246

Trial 8 Complete [00h 00m 38s]
val_loss: 0.006254940197385591

Best val_loss So Far: 0.00439323536280928
Total elapsed time: 00h 30m 31s

Search: Running Trial #9

Value             |Best Value So Far |Hyperparameter
32                |16                |units
1                 |1                 |num_layers
0.1               |1e-05             |learning_rate
8                 |8                 |batch_size
9                 |10                |patience

Entering fitting
Copied trainig set
Compiled model
Compiled metrics
DONE RETRAINING 0/246
DONE RETRAINING 1/246
DONE RETRAINING 2/246
DONE RETRAINING 3/246
DONE RETRAINING 4/246
DONE RETRAINING 5/246

Trial 9 Complete [00h 00m 18s]
val_loss: 0.008503835262923405

Best val_loss So Far: 0.00439323536280928
Total elapsed time: 00h 30m 50s

Search: Running Trial #10

Value             |Best Value So Far |Hyperparameter
64                |16                |units
1                 |1                 |num_layers
0.0001            |1e-05             |learning_rate
2                 |8                 |batch_size
4                 |10                |patience

Entering fitting
Copied trainig set
Compiled model
Compiled metrics
DONE RETRAINING 0/246
DONE RETRAINING 1/246
DONE RETRAINING 2/246
DONE RETRAINING 3/246
DONE RETRAINING 4/246
DONE RETRAINING 5/246
DONE RETRAINING 6/246
DONE RETRAINING 7/246
DONE RETRAINING 8/246
DONE RETRAINING 9/246
DONE RETRAINING 10/246
DONE RETRAINING 11/246
DONE RETRAINING 12/246
DONE RETRAINING 13/246
DONE RETRAINING 14/246
DONE RETRAINING 15/246
DONE RETRAINING 16/246
DONE RETRAINING 17/246
DONE RETRAINING 18/246
DONE RETRAINING 19/246
DONE RETRAINING 20/246
DONE RETRAINING 21/246
DONE RETRAINING 22/246
DONE RETRAINING 23/246
DONE RETRAINING 24/246
DONE RETRAINING 25/246
DONE RETRAINING 26/246
DONE RETRAINING 27/246
DONE RETRAINING 28/246
DONE RETRAINING 29/246
DONE RETRAINING 30/246
DONE RETRAINING 31/246
DONE RETRAINING 32/246
DONE RETRAINING 33/246
DONE RETRAINING 34/246
DONE RETRAINING 35/246
DONE RETRAINING 36/246
DONE RETRAINING 37/246
DONE RETRAINING 38/246
DONE RETRAINING 39/246
DONE RETRAINING 40/246
DONE RETRAINING 41/246
DONE RETRAINING 42/246
DONE RETRAINING 43/246

Trial 10 Complete [00h 02m 37s]
val_loss: 0.005190186459442665

Best val_loss So Far: 0.00439323536280928
Total elapsed time: 00h 33m 26s

Search: Running Trial #11

Value             |Best Value So Far |Hyperparameter
8                 |16                |units
2                 |1                 |num_layers
1e-05             |1e-05             |learning_rate
4                 |8                 |batch_size
9                 |10                |patience

Entering fitting
Copied trainig set
Compiled model
Compiled metrics
DONE RETRAINING 0/246
DONE RETRAINING 1/246
DONE RETRAINING 2/246
DONE RETRAINING 3/246
DONE RETRAINING 4/246
DONE RETRAINING 5/246
DONE RETRAINING 6/246
DONE RETRAINING 7/246
DONE RETRAINING 8/246
DONE RETRAINING 9/246
DONE RETRAINING 10/246
DONE RETRAINING 11/246
DONE RETRAINING 12/246
DONE RETRAINING 13/246
DONE RETRAINING 14/246
DONE RETRAINING 15/246
DONE RETRAINING 16/246
DONE RETRAINING 17/246
DONE RETRAINING 18/246
DONE RETRAINING 19/246
DONE RETRAINING 20/246
DONE RETRAINING 21/246
DONE RETRAINING 22/246
DONE RETRAINING 23/246
DONE RETRAINING 24/246
DONE RETRAINING 25/246
DONE RETRAINING 26/246
DONE RETRAINING 27/246
DONE RETRAINING 28/246
DONE RETRAINING 29/246
DONE RETRAINING 30/246
DONE RETRAINING 31/246
DONE RETRAINING 32/246
DONE RETRAINING 33/246
DONE RETRAINING 34/246
DONE RETRAINING 35/246
DONE RETRAINING 36/246
DONE RETRAINING 37/246
DONE RETRAINING 38/246
DONE RETRAINING 39/246
DONE RETRAINING 40/246

Trial 11 Complete [00h 13m 55s]
val_loss: 0.007141514584935945

Best val_loss So Far: 0.00439323536280928
Total elapsed time: 00h 47m 21s

Search: Running Trial #12

Value             |Best Value So Far |Hyperparameter
4                 |16                |units
3                 |1                 |num_layers
1e-05             |1e-05             |learning_rate
4                 |8                 |batch_size
2                 |10                |patience

Entering fitting
Copied trainig set
Compiled model
Compiled metrics
DONE RETRAINING 0/246
DONE RETRAINING 1/246
DONE RETRAINING 2/246
DONE RETRAINING 3/246
DONE RETRAINING 4/246
DONE RETRAINING 5/246
DONE RETRAINING 6/246
DONE RETRAINING 7/246
DONE RETRAINING 8/246
DONE RETRAINING 9/246
DONE RETRAINING 10/246
DONE RETRAINING 11/246
DONE RETRAINING 12/246
DONE RETRAINING 13/246
DONE RETRAINING 14/246
DONE RETRAINING 15/246
DONE RETRAINING 16/246
DONE RETRAINING 17/246
DONE RETRAINING 18/246
DONE RETRAINING 19/246
DONE RETRAINING 20/246
DONE RETRAINING 21/246
DONE RETRAINING 22/246
DONE RETRAINING 23/246
DONE RETRAINING 24/246
DONE RETRAINING 25/246
DONE RETRAINING 26/246

Trial 12 Complete [00h 08m 35s]
val_loss: 0.007526545689023775

Best val_loss So Far: 0.00439323536280928
Total elapsed time: 00h 55m 56s

Search: Running Trial #13

Value             |Best Value So Far |Hyperparameter
64                |16                |units
2                 |1                 |num_layers
1e-05             |1e-05             |learning_rate
8                 |8                 |batch_size
2                 |10                |patience

Entering fitting
Copied trainig set
Compiled model
Compiled metrics
DONE RETRAINING 0/246
DONE RETRAINING 1/246
DONE RETRAINING 2/246
DONE RETRAINING 3/246
DONE RETRAINING 4/246
DONE RETRAINING 5/246
DONE RETRAINING 6/246
DONE RETRAINING 7/246
DONE RETRAINING 8/246
DONE RETRAINING 9/246
DONE RETRAINING 10/246
DONE RETRAINING 11/246
DONE RETRAINING 12/246
DONE RETRAINING 13/246
DONE RETRAINING 14/246
DONE RETRAINING 15/246
DONE RETRAINING 16/246
DONE RETRAINING 17/246
DONE RETRAINING 18/246
DONE RETRAINING 19/246
DONE RETRAINING 20/246
DONE RETRAINING 21/246
DONE RETRAINING 22/246
DONE RETRAINING 23/246
DONE RETRAINING 24/246
DONE RETRAINING 25/246
DONE RETRAINING 26/246
DONE RETRAINING 27/246
DONE RETRAINING 28/246
DONE RETRAINING 29/246
DONE RETRAINING 30/246
DONE RETRAINING 31/246
DONE RETRAINING 32/246
DONE RETRAINING 33/246
DONE RETRAINING 34/246
DONE RETRAINING 35/246
DONE RETRAINING 36/246
DONE RETRAINING 37/246

Trial 13 Complete [00h 03m 22s]
val_loss: 0.00680353620956684

Best val_loss So Far: 0.00439323536280928
Total elapsed time: 00h 59m 18s

Search: Running Trial #14

Value             |Best Value So Far |Hyperparameter
16                |16                |units
1                 |1                 |num_layers
0.1               |1e-05             |learning_rate
1                 |8                 |batch_size
7                 |10                |patience

Entering fitting
Copied trainig set
Compiled model
Compiled metrics
DONE RETRAINING 0/246
DONE RETRAINING 1/246
DONE RETRAINING 2/246
DONE RETRAINING 3/246
DONE RETRAINING 4/246
DONE RETRAINING 5/246
DONE RETRAINING 6/246
DONE RETRAINING 7/246
DONE RETRAINING 8/246
DONE RETRAINING 9/246
DONE RETRAINING 10/246

Trial 14 Complete [00h 00m 58s]
val_loss: 0.010407059357084077

Best val_loss So Far: 0.00439323536280928
Total elapsed time: 01h 00m 16s

Search: Running Trial #15

Value             |Best Value So Far |Hyperparameter
8                 |16                |units
1                 |1                 |num_layers
0.001             |1e-05             |learning_rate
1                 |8                 |batch_size
10                |10                |patience

Entering fitting
Copied trainig set
Compiled model
Compiled metrics
DONE RETRAINING 0/246
DONE RETRAINING 1/246
DONE RETRAINING 2/246
DONE RETRAINING 3/246
DONE RETRAINING 4/246
DONE RETRAINING 5/246
DONE RETRAINING 6/246
DONE RETRAINING 7/246
DONE RETRAINING 8/246
DONE RETRAINING 9/246
DONE RETRAINING 10/246
DONE RETRAINING 11/246
DONE RETRAINING 12/246
DONE RETRAINING 13/246
DONE RETRAINING 14/246
DONE RETRAINING 15/246
DONE RETRAINING 16/246
DONE RETRAINING 17/246

Trial 15 Complete [00h 03m 49s]
val_loss: 0.006719204886206265

Best val_loss So Far: 0.00439323536280928
Total elapsed time: 01h 04m 05s

Search: Running Trial #16

Value             |Best Value So Far |Hyperparameter
16                |16                |units
1                 |1                 |num_layers
0.0001            |1e-05             |learning_rate
8                 |8                 |batch_size
10                |10                |patience

Entering fitting
Copied trainig set
Compiled model
Compiled metrics
DONE RETRAINING 0/246
DONE RETRAINING 1/246
DONE RETRAINING 2/246
DONE RETRAINING 3/246
DONE RETRAINING 4/246
DONE RETRAINING 5/246
DONE RETRAINING 6/246
DONE RETRAINING 7/246
DONE RETRAINING 8/246
DONE RETRAINING 9/246
DONE RETRAINING 10/246
DONE RETRAINING 11/246
DONE RETRAINING 12/246
DONE RETRAINING 13/246
DONE RETRAINING 14/246
DONE RETRAINING 15/246
DONE RETRAINING 16/246
DONE RETRAINING 17/246
DONE RETRAINING 18/246
DONE RETRAINING 19/246
DONE RETRAINING 20/246
DONE RETRAINING 21/246
DONE RETRAINING 22/246
DONE RETRAINING 23/246
DONE RETRAINING 24/246
DONE RETRAINING 25/246
DONE RETRAINING 26/246
DONE RETRAINING 27/246
DONE RETRAINING 28/246
DONE RETRAINING 29/246
DONE RETRAINING 30/246
DONE RETRAINING 31/246
DONE RETRAINING 32/246
DONE RETRAINING 33/246
DONE RETRAINING 34/246
DONE RETRAINING 35/246
DONE RETRAINING 36/246
DONE RETRAINING 37/246
DONE RETRAINING 38/246
DONE RETRAINING 39/246
DONE RETRAINING 40/246
DONE RETRAINING 41/246
DONE RETRAINING 42/246
DONE RETRAINING 43/246
DONE RETRAINING 44/246
DONE RETRAINING 45/246
DONE RETRAINING 46/246
DONE RETRAINING 47/246
DONE RETRAINING 48/246
DONE RETRAINING 49/246
DONE RETRAINING 50/246
DONE RETRAINING 51/246

Trial 16 Complete [00h 06m 38s]
val_loss: 0.004272905403170092

Best val_loss So Far: 0.004272905403170092
Total elapsed time: 01h 10m 45s

Search: Running Trial #17

Value             |Best Value So Far |Hyperparameter
32                |16                |units
1                 |1                 |num_layers
1e-05             |0.0001            |learning_rate
4                 |8                 |batch_size
8                 |10                |patience

Entering fitting
Copied trainig set
Compiled model
Compiled metrics
DONE RETRAINING 0/246
DONE RETRAINING 1/246
DONE RETRAINING 2/246
DONE RETRAINING 3/246
DONE RETRAINING 4/246
DONE RETRAINING 5/246
DONE RETRAINING 6/246
DONE RETRAINING 7/246
DONE RETRAINING 8/246
DONE RETRAINING 9/246
DONE RETRAINING 10/246
DONE RETRAINING 11/246
DONE RETRAINING 12/246
DONE RETRAINING 13/246
DONE RETRAINING 14/246
DONE RETRAINING 15/246
DONE RETRAINING 16/246
DONE RETRAINING 17/246
DONE RETRAINING 18/246
DONE RETRAINING 19/246
DONE RETRAINING 20/246
DONE RETRAINING 21/246
DONE RETRAINING 22/246
DONE RETRAINING 23/246
DONE RETRAINING 24/246
DONE RETRAINING 25/246
DONE RETRAINING 26/246
DONE RETRAINING 27/246
DONE RETRAINING 28/246
DONE RETRAINING 29/246
DONE RETRAINING 30/246
DONE RETRAINING 31/246
DONE RETRAINING 32/246
DONE RETRAINING 33/246
DONE RETRAINING 34/246
DONE RETRAINING 35/246
DONE RETRAINING 36/246
DONE RETRAINING 37/246
DONE RETRAINING 38/246
DONE RETRAINING 39/246
DONE RETRAINING 40/246
DONE RETRAINING 41/246
DONE RETRAINING 42/246
DONE RETRAINING 43/246
DONE RETRAINING 44/246
DONE RETRAINING 45/246
DONE RETRAINING 46/246
DONE RETRAINING 47/246
DONE RETRAINING 48/246
DONE RETRAINING 49/246
DONE RETRAINING 50/246
DONE RETRAINING 51/246
DONE RETRAINING 52/246
DONE RETRAINING 53/246
DONE RETRAINING 54/246
DONE RETRAINING 55/246
DONE RETRAINING 56/246
DONE RETRAINING 57/246
DONE RETRAINING 58/246
DONE RETRAINING 59/246
DONE RETRAINING 60/246
DONE RETRAINING 61/246
DONE RETRAINING 62/246
DONE RETRAINING 63/246
DONE RETRAINING 64/246
DONE RETRAINING 65/246
DONE RETRAINING 66/246

Trial 17 Complete [00h 19m 14s]
val_loss: 0.0040637223884977145

Best val_loss So Far: 0.0040637223884977145
Total elapsed time: 01h 30m 00s

Search: Running Trial #18

Value             |Best Value So Far |Hyperparameter
64                |32                |units
1                 |1                 |num_layers
1e-05             |1e-05             |learning_rate
8                 |4                 |batch_size
10                |8                 |patience

Entering fitting
Copied trainig set
Compiled model
Compiled metrics
DONE RETRAINING 0/246
DONE RETRAINING 1/246
DONE RETRAINING 2/246
DONE RETRAINING 3/246
DONE RETRAINING 4/246
DONE RETRAINING 5/246
DONE RETRAINING 6/246
DONE RETRAINING 7/246
DONE RETRAINING 8/246
DONE RETRAINING 9/246
DONE RETRAINING 10/246
DONE RETRAINING 11/246
DONE RETRAINING 12/246
DONE RETRAINING 13/246
DONE RETRAINING 14/246
DONE RETRAINING 15/246
DONE RETRAINING 16/246
DONE RETRAINING 17/246
DONE RETRAINING 18/246
DONE RETRAINING 19/246
DONE RETRAINING 20/246
DONE RETRAINING 21/246
DONE RETRAINING 22/246
DONE RETRAINING 23/246
DONE RETRAINING 24/246
DONE RETRAINING 25/246
DONE RETRAINING 26/246
DONE RETRAINING 27/246
DONE RETRAINING 28/246
DONE RETRAINING 29/246
DONE RETRAINING 30/246
DONE RETRAINING 31/246
DONE RETRAINING 32/246
DONE RETRAINING 33/246
DONE RETRAINING 34/246
DONE RETRAINING 35/246
DONE RETRAINING 36/246
DONE RETRAINING 37/246
DONE RETRAINING 38/246
DONE RETRAINING 39/246
DONE RETRAINING 40/246
DONE RETRAINING 41/246
DONE RETRAINING 42/246
DONE RETRAINING 43/246
DONE RETRAINING 44/246
DONE RETRAINING 45/246
DONE RETRAINING 46/246
DONE RETRAINING 47/246

Trial 18 Complete [00h 08m 05s]
val_loss: 0.005980651440291569

Best val_loss So Far: 0.0040637223884977145
Total elapsed time: 01h 38m 06s

Search: Running Trial #19

Value             |Best Value So Far |Hyperparameter
16                |32                |units
1                 |1                 |num_layers
1e-05             |1e-05             |learning_rate
8                 |4                 |batch_size
7                 |8                 |patience

Entering fitting
Copied trainig set
Compiled model
Compiled metrics
DONE RETRAINING 0/246
DONE RETRAINING 1/246
DONE RETRAINING 2/246
DONE RETRAINING 3/246
DONE RETRAINING 4/246
DONE RETRAINING 5/246
DONE RETRAINING 6/246
DONE RETRAINING 7/246
DONE RETRAINING 8/246
DONE RETRAINING 9/246
DONE RETRAINING 10/246
DONE RETRAINING 11/246
DONE RETRAINING 12/246
DONE RETRAINING 13/246
DONE RETRAINING 14/246
DONE RETRAINING 15/246
DONE RETRAINING 16/246
DONE RETRAINING 17/246
DONE RETRAINING 18/246
DONE RETRAINING 19/246
DONE RETRAINING 20/246
DONE RETRAINING 21/246
DONE RETRAINING 22/246
DONE RETRAINING 23/246
DONE RETRAINING 24/246
DONE RETRAINING 25/246
DONE RETRAINING 26/246
DONE RETRAINING 27/246
DONE RETRAINING 28/246
DONE RETRAINING 29/246
DONE RETRAINING 30/246
DONE RETRAINING 31/246
DONE RETRAINING 32/246
DONE RETRAINING 33/246
DONE RETRAINING 34/246
DONE RETRAINING 35/246
DONE RETRAINING 36/246
DONE RETRAINING 37/246
DONE RETRAINING 38/246
DONE RETRAINING 39/246
DONE RETRAINING 40/246
DONE RETRAINING 41/246
DONE RETRAINING 42/246
DONE RETRAINING 43/246
DONE RETRAINING 44/246
DONE RETRAINING 45/246
DONE RETRAINING 46/246
DONE RETRAINING 47/246
DONE RETRAINING 48/246
DONE RETRAINING 49/246
DONE RETRAINING 50/246
DONE RETRAINING 51/246
DONE RETRAINING 52/246
DONE RETRAINING 53/246
DONE RETRAINING 54/246
DONE RETRAINING 55/246
DONE RETRAINING 56/246
DONE RETRAINING 57/246
DONE RETRAINING 58/246
DONE RETRAINING 59/246
DONE RETRAINING 60/246
DONE RETRAINING 61/246
DONE RETRAINING 62/246
DONE RETRAINING 63/246
DONE RETRAINING 64/246
DONE RETRAINING 65/246
DONE RETRAINING 66/246
DONE RETRAINING 67/246
DONE RETRAINING 68/246
DONE RETRAINING 69/246
DONE RETRAINING 70/246
DONE RETRAINING 71/246
DONE RETRAINING 72/246
DONE RETRAINING 73/246
DONE RETRAINING 74/246
DONE RETRAINING 75/246
DONE RETRAINING 76/246
DONE RETRAINING 77/246
DONE RETRAINING 78/246
DONE RETRAINING 79/246
DONE RETRAINING 80/246
DONE RETRAINING 81/246
DONE RETRAINING 82/246

Trial 19 Complete [00h 14m 16s]
val_loss: 0.006185636952005583

Best val_loss So Far: 0.0040637223884977145
Total elapsed time: 01h 52m 23s

Search: Running Trial #20

Value             |Best Value So Far |Hyperparameter
32                |32                |units
1                 |1                 |num_layers
1e-05             |1e-05             |learning_rate
2                 |4                 |batch_size
10                |8                 |patience

Entering fitting
Copied trainig set
Compiled model
Compiled metrics
DONE RETRAINING 0/246
DONE RETRAINING 1/246
DONE RETRAINING 2/246
DONE RETRAINING 3/246
DONE RETRAINING 4/246
DONE RETRAINING 5/246
DONE RETRAINING 6/246
DONE RETRAINING 7/246
DONE RETRAINING 8/246
DONE RETRAINING 9/246
DONE RETRAINING 10/246
DONE RETRAINING 11/246
DONE RETRAINING 12/246
DONE RETRAINING 13/246
DONE RETRAINING 14/246
DONE RETRAINING 15/246
DONE RETRAINING 16/246
DONE RETRAINING 17/246
DONE RETRAINING 18/246
DONE RETRAINING 19/246
DONE RETRAINING 20/246
DONE RETRAINING 21/246
DONE RETRAINING 22/246
DONE RETRAINING 23/246
DONE RETRAINING 24/246
DONE RETRAINING 25/246
DONE RETRAINING 26/246
DONE RETRAINING 27/246
DONE RETRAINING 28/246
DONE RETRAINING 29/246
DONE RETRAINING 30/246
DONE RETRAINING 31/246
DONE RETRAINING 32/246
DONE RETRAINING 33/246
DONE RETRAINING 34/246
DONE RETRAINING 35/246
DONE RETRAINING 36/246
DONE RETRAINING 37/246
DONE RETRAINING 38/246
DONE RETRAINING 39/246
DONE RETRAINING 40/246
DONE RETRAINING 41/246
DONE RETRAINING 42/246
DONE RETRAINING 43/246
DONE RETRAINING 44/246
DONE RETRAINING 45/246
DONE RETRAINING 46/246
DONE RETRAINING 47/246
DONE RETRAINING 48/246
DONE RETRAINING 49/246
DONE RETRAINING 50/246
DONE RETRAINING 51/246
DONE RETRAINING 52/246
DONE RETRAINING 53/246
DONE RETRAINING 54/246
DONE RETRAINING 55/246
DONE RETRAINING 56/246
DONE RETRAINING 57/246
DONE RETRAINING 58/246
DONE RETRAINING 59/246
DONE RETRAINING 60/246

Trial 20 Complete [00h 28m 42s]
val_loss: 0.004353028946909411

Best val_loss So Far: 0.0040637223884977145
Total elapsed time: 02h 21m 05s

The following have been reloaded with a version change:
  1) GCCcore/11.2.0 => GCCcore/12.2.0
  2) XZ/5.2.5-GCCcore-11.2.0 => XZ/5.2.7-GCCcore-12.2.0
  3) libreadline/8.1-GCCcore-11.2.0 => libreadline/8.2-GCCcore-12.2.0
  4) ncurses/6.2-GCCcore-11.2.0 => ncurses/6.3-GCCcore-12.2.0
  5) zlib/1.2.11-GCCcore-11.2.0 => zlib/1.2.12-GCCcore-12.2.0

