2023-11-28 10:28:17.562639: I external/local_tsl/tsl/cuda/cudart_stub.cc:31] Could not find cuda drivers on your machine, GPU will not be used.
2023-11-28 10:28:17.603985: E external/local_xla/xla/stream_executor/cuda/cuda_dnn.cc:9261] Unable to register cuDNN factory: Attempting to register factory for plugin cuDNN when one has already been registered
2023-11-28 10:28:17.604025: E external/local_xla/xla/stream_executor/cuda/cuda_fft.cc:607] Unable to register cuFFT factory: Attempting to register factory for plugin cuFFT when one has already been registered
2023-11-28 10:28:17.605477: E external/local_xla/xla/stream_executor/cuda/cuda_blas.cc:1515] Unable to register cuBLAS factory: Attempting to register factory for plugin cuBLAS when one has already been registered
2023-11-28 10:28:17.612631: I external/local_tsl/tsl/cuda/cudart_stub.cc:31] Could not find cuda drivers on your machine, GPU will not be used.
2023-11-28 10:28:17.612877: I tensorflow/core/platform/cpu_feature_guard.cc:182] This TensorFlow binary is optimized to use available CPU instructions in performance-critical operations.
To enable the following instructions: AVX2 FMA, in other operations, rebuild TensorFlow with the appropriate compiler flags.
2023-11-28 10:28:20.063956: W tensorflow/compiler/tf2tensorrt/utils/py_utils.cc:38] TF-TRT Warning: Could not find TensorRT
Reloading Tuner from hyperparams/Dagon try FIFO/tuner0.json
Dagon try FIFO
1387
Model: "model"
_________________________________________________________________
 Layer (type)                Output Shape              Param #   
=================================================================
 input_1 (InputLayer)        [(None, 6)]               0         
                                                                 
 dense (Dense)               (None, 16)                112       
                                                                 
 dense_1 (Dense)             (None, 3)                 51        
                                                                 
=================================================================
Total params: 163 (652.00 Byte)
Trainable params: 163 (652.00 Byte)
Non-trainable params: 0 (0.00 Byte)
_________________________________________________________________
None
Model: "model_1"
_________________________________________________________________
 Layer (type)                Output Shape              Param #   
=================================================================
 input_2 (InputLayer)        [(None, 6)]               0         
                                                                 
 dense_2 (Dense)             (None, 16)                112       
                                                                 
 dense_3 (Dense)             (None, 3)                 51        
                                                                 
=================================================================
Total params: 163 (652.00 Byte)
Trainable params: 163 (652.00 Byte)
Non-trainable params: 0 (0.00 Byte)
_________________________________________________________________
None
Model: "model_2"
_________________________________________________________________
 Layer (type)                Output Shape              Param #   
=================================================================
 input_3 (InputLayer)        [(None, 6)]               0         
                                                                 
 dense_4 (Dense)             (None, 16)                112       
                                                                 
 dense_5 (Dense)             (None, 3)                 51        
                                                                 
=================================================================
Total params: 163 (652.00 Byte)
Trainable params: 163 (652.00 Byte)
Non-trainable params: 0 (0.00 Byte)
_________________________________________________________________
None
Model: "model_3"
_________________________________________________________________
 Layer (type)                Output Shape              Param #   
=================================================================
 input_4 (InputLayer)        [(None, 6)]               0         
                                                                 
 dense_6 (Dense)             (None, 16)                112       
                                                                 
 dense_7 (Dense)             (None, 3)                 51        
                                                                 
=================================================================
Total params: 163 (652.00 Byte)
Trainable params: 163 (652.00 Byte)
Non-trainable params: 0 (0.00 Byte)
_________________________________________________________________
None
Model: "model_4"
_________________________________________________________________
 Layer (type)                Output Shape              Param #   
=================================================================
 input_5 (InputLayer)        [(None, 6)]               0         
                                                                 
 dense_8 (Dense)             (None, 16)                112       
                                                                 
 dense_9 (Dense)             (None, 3)                 51        
                                                                 
=================================================================
Total params: 163 (652.00 Byte)
Trainable params: 163 (652.00 Byte)
Non-trainable params: 0 (0.00 Byte)
_________________________________________________________________
None
Model: "model_5"
_________________________________________________________________
 Layer (type)                Output Shape              Param #   
=================================================================
 input_6 (InputLayer)        [(None, 6)]               0         
                                                                 
 dense_10 (Dense)            (None, 16)                112       
                                                                 
 dense_11 (Dense)            (None, 3)                 51        
                                                                 
=================================================================
Total params: 163 (652.00 Byte)
Trainable params: 163 (652.00 Byte)
Non-trainable params: 0 (0.00 Byte)
_________________________________________________________________
None
Model: "model_6"
_________________________________________________________________
 Layer (type)                Output Shape              Param #   
=================================================================
 input_7 (InputLayer)        [(None, 6)]               0         
                                                                 
 dense_12 (Dense)            (None, 16)                112       
                                                                 
 dense_13 (Dense)            (None, 3)                 51        
                                                                 
=================================================================
Total params: 163 (652.00 Byte)
Trainable params: 163 (652.00 Byte)
Non-trainable params: 0 (0.00 Byte)
_________________________________________________________________
None
Model: "model_7"
_________________________________________________________________
 Layer (type)                Output Shape              Param #   
=================================================================
 input_8 (InputLayer)        [(None, 6)]               0         
                                                                 
 dense_14 (Dense)            (None, 16)                112       
                                                                 
 dense_15 (Dense)            (None, 3)                 51        
                                                                 
=================================================================
Total params: 163 (652.00 Byte)
Trainable params: 163 (652.00 Byte)
Non-trainable params: 0 (0.00 Byte)
_________________________________________________________________
None
Model: "model_8"
_________________________________________________________________
 Layer (type)                Output Shape              Param #   
=================================================================
 input_9 (InputLayer)        [(None, 6)]               0         
                                                                 
 dense_16 (Dense)            (None, 16)                112       
                                                                 
 dense_17 (Dense)            (None, 3)                 51        
                                                                 
=================================================================
Total params: 163 (652.00 Byte)
Trainable params: 163 (652.00 Byte)
Non-trainable params: 0 (0.00 Byte)
_________________________________________________________________
None
Model: "model_9"
_________________________________________________________________
 Layer (type)                Output Shape              Param #   
=================================================================
 input_10 (InputLayer)       [(None, 6)]               0         
                                                                 
 dense_18 (Dense)            (None, 16)                112       
                                                                 
 dense_19 (Dense)            (None, 3)                 51        
                                                                 
=================================================================
Total params: 163 (652.00 Byte)
Trainable params: 163 (652.00 Byte)
Non-trainable params: 0 (0.00 Byte)
_________________________________________________________________
Keras Uncertainty will use standalone Keras backendNone
The results will be saved in results/Dagon try FIFO tuned (0)
Time 43.22: used 7.21% of the points.
Time 54.00: used 7.28% of the points.
Time 60.25: used 7.35% of the points.
Time 65.05: used 7.43% of the points.
Time 69.92: used 7.50% of the points.
Time 73.64: used 7.57% of the points.
Time 77.24: used 7.64% of the points.
Time 80.43: used 7.71% of the points.
Time 84.10: used 7.79% of the points.
Time 88.97: used 7.86% of the points.
Time 91.92: used 7.93% of the points.
Time 94.74: used 8.00% of the points.
Time 97.58: used 8.07% of the points.
Time 102.02: used 8.15% of the points.
Time 105.31: used 8.22% of the points.
Time 108.77: used 8.29% of the points.
Time 112.82: used 8.36% of the points.
Time 116.56: used 8.44% of the points.
Time 119.94: used 8.51% of the points.
Time 123.68: used 8.58% of the points.
Time 127.02: used 8.65% of the points.
Time 130.96: used 8.72% of the points.
Time 134.77: used 8.80% of the points.
Time 138.90: used 8.87% of the points.
Time 142.51: used 8.94% of the points.
Time 146.38: used 9.01% of the points.
Time 150.19: used 9.08% of the points.
Time 154.43: used 9.16% of the points.
Time 157.53: used 9.23% of the points.
Time 160.86: used 9.30% of the points.
Time 164.31: used 9.37% of the points.
Time 168.40: used 9.44% of the points.
Time 172.06: used 9.52% of the points.
Time 175.55: used 9.59% of the points.
Time 180.06: used 9.66% of the points.
Time 185.05: used 9.73% of the points.
Time 189.79: used 9.81% of the points.
Time 193.14: used 9.88% of the points.
Time 197.70: used 9.95% of the points.
Time 201.52: used 10.02% of the points.
Time 206.10: used 10.09% of the points.
Time 210.49: used 10.17% of the points.
Time 214.62: used 10.24% of the points.
Time 219.05: used 10.31% of the points.
Time 222.97: used 10.38% of the points.
Time 226.84: used 10.45% of the points.
Time 230.89: used 10.53% of the points.
Time 234.36: used 10.60% of the points.
Time 237.61: used 10.67% of the points.
Time 241.23: used 10.74% of the points.
Time 244.88: used 10.81% of the points.
Time 248.11: used 10.89% of the points.
Time 252.03: used 10.96% of the points.
Time 256.13: used 11.03% of the points.
Time 259.94: used 11.10% of the points.
Time 263.07: used 11.18% of the points.
Time 266.94: used 11.25% of the points.
Time 270.13: used 11.32% of the points.
Time 274.44: used 11.39% of the points.
Time 278.51: used 11.46% of the points.
Time 282.30: used 11.54% of the points.
Time 285.59: used 11.61% of the points.
Time 290.02: used 11.68% of the points.
Time 294.24: used 11.75% of the points.
Time 298.75: used 11.82% of the points.
Time 302.28: used 11.90% of the points.
Time 307.01: used 11.97% of the points.
Time 311.36: used 12.04% of the points.
Time 315.43: used 12.11% of the points.
Time 320.37: used 12.18% of the points.
Time 326.70: used 12.26% of the points.
Time 331.09: used 12.33% of the points.
Time 335.34: used 12.40% of the points.
Time 339.58: used 12.47% of the points.
Time 343.54: used 12.55% of the points.
Time 347.51: used 12.62% of the points.
Time 351.84: used 12.69% of the points.
Time 356.41: used 12.76% of the points.
Time 360.55: used 12.83% of the points.
Time 365.14: used 12.91% of the points.
Time 369.11: used 12.98% of the points.
Time 372.80: used 13.05% of the points.
Time 376.37: used 13.12% of the points.
Time 380.76: used 13.19% of the points.
Time 384.06: used 13.27% of the points.
Time 388.05: used 13.34% of the points.
Time 390.66: used 13.41% of the points.
Time 394.85: used 13.48% of the points.
Time 398.68: used 13.55% of the points.
Time 402.38: used 13.63% of the points.
Time 406.78: used 13.70% of the points.
Time 412.21: used 13.77% of the points.
Time 416.12: used 13.84% of the points.
Time 419.43: used 13.91% of the points.
Time 423.26: used 13.99% of the points.
Time 427.49: used 14.06% of the points.
Time 431.16: used 14.13% of the points.
Time 434.25: used 14.20% of the points.
Time 438.30: used 14.28% of the points.
Time 442.46: used 14.35% of the points.
Time 446.05: used 14.42% of the points.
Time 450.35: used 14.49% of the points.
Time 454.38: used 14.56% of the points.
Time 457.83: used 14.64% of the points.
Time 462.18: used 14.71% of the points.
Time 465.63: used 14.78% of the points.
Time 469.96: used 14.85% of the points.
Time 475.16: used 14.92% of the points.
Time 479.47: used 15.00% of the points.
Time 483.54: used 15.07% of the points.
Time 487.88: used 15.14% of the points.
Time 491.62: used 15.21% of the points.
Time 495.89: used 15.28% of the points.
Time 500.17: used 15.36% of the points.
Time 503.67: used 15.43% of the points.
Time 507.28: used 15.50% of the points.
Time 511.04: used 15.57% of the points.
Time 514.20: used 15.65% of the points.
Time 518.00: used 15.72% of the points.
Time 522.21: used 15.79% of the points.
Time 525.11: used 15.86% of the points.
Time 528.81: used 15.93% of the points.
Time 532.10: used 16.01% of the points.
Time 535.95: used 16.08% of the points.
Time 540.16: used 16.15% of the points.
Time 543.69: used 16.22% of the points.
Time 547.33: used 16.29% of the points.
Time 551.51: used 16.37% of the points.
Time 555.43: used 16.44% of the points.
Time 559.81: used 16.51% of the points.
Time 563.80: used 16.58% of the points.
Time 567.44: used 16.65% of the points.
Time 570.55: used 16.73% of the points.
Time 573.63: used 16.80% of the points.
Time 576.71: used 16.87% of the points.
Time 579.94: used 16.94% of the points.
Time 583.70: used 17.02% of the points.
Time 587.88: used 17.09% of the points.
Time 591.47: used 17.16% of the points.
Time 594.81: used 17.23% of the points.
Time 599.01: used 17.30% of the points.
Time 603.18: used 17.38% of the points.
Time 606.86: used 17.45% of the points.
Time 611.36: used 17.52% of the points.
Time 615.62: used 17.59% of the points.
Time 620.21: used 17.66% of the points.
Time 624.09: used 17.74% of the points.
Time 628.43: used 17.81% of the points.
Time 633.36: used 17.88% of the points.
Time 637.79: used 17.95% of the points.
Time 642.55: used 18.02% of the points.
Time 646.56: used 18.10% of the points.
Time 650.89: used 18.17% of the points.
Time 655.14: used 18.24% of the points.
Time 659.79: used 18.31% of the points.
Time 664.27: used 18.39% of the points.
Time 668.88: used 18.46% of the points.
Time 672.40: used 18.53% of the points.
Time 676.51: used 18.60% of the points.
Time 680.37: used 18.67% of the points.
Time 683.55: used 18.75% of the points.
Time 686.78: used 18.82% of the points.
Time 690.50: used 18.89% of the points.
Time 694.13: used 18.96% of the points.
Time 697.43: used 19.03% of the points.
Time 700.89: used 19.11% of the points.
Time 704.98: used 19.18% of the points.
Time 710.02: used 19.25% of the points.
Time 713.79: used 19.32% of the points.
Time 718.05: used 19.39% of the points.
Time 722.11: used 19.47% of the points.
Time 725.08: used 19.54% of the points.
Time 729.08: used 19.61% of the points.
Time 733.15: used 19.68% of the points.
Time 738.06: used 19.75% of the points.
Time 742.18: used 19.83% of the points.
Time 745.54: used 19.90% of the points.
Time 749.57: used 19.97% of the points.
Time 753.71: used 20.04% of the points.
Time 757.69: used 20.12% of the points.
Time 761.70: used 20.19% of the points.
Time 765.80: used 20.26% of the points.
Time 769.21: used 20.33% of the points.
Time 772.73: used 20.40% of the points.
Time 777.16: used 20.48% of the points.
Time 781.99: used 20.55% of the points.
Time 786.12: used 20.62% of the points.
Time 790.90: used 20.69% of the points.
Time 794.43: used 20.76% of the points.
Time 798.65: used 20.84% of the points.
Time 802.76: used 20.91% of the points.
Time 807.87: used 20.98% of the points.
Time 812.24: used 21.05% of the points.
Time 816.57: used 21.12% of the points.
Time 821.46: used 21.20% of the points.
Time 825.68: used 21.27% of the points.
Time 829.98: used 21.34% of the points.
Time 834.36: used 21.41% of the points.
Time 838.60: used 21.49% of the points.
Time 842.51: used 21.56% of the points.
Time 846.20: used 21.63% of the points.
Time 849.75: used 21.70% of the points.
Time 854.43: used 21.77% of the points.
Time 858.24: used 21.85% of the points.
Time 861.91: used 21.92% of the points.
Time 865.09: used 21.99% of the points.
Time 868.46: used 22.06% of the points.
Time 872.80: used 22.13% of the points.
Time 876.65: used 22.21% of the points.
Time 880.52: used 22.28% of the points.
Time 884.68: used 22.35% of the points.
Time 888.72: used 22.42% of the points.
Time 893.79: used 22.49% of the points.
Time 898.58: used 22.57% of the points.
Time 902.01: used 22.64% of the points.
Time 905.97: used 22.71% of the points.
Time 910.17: used 22.78% of the points.
Time 914.64: used 22.86% of the points.
Time 918.80: used 22.93% of the points.
Time 922.01: used 23.00% of the points.
Time 926.10: used 23.07% of the points.
Time 930.65: used 23.14% of the points.
Time 935.61: used 23.22% of the points.
Time 939.44: used 23.29% of the points.
Time 943.08: used 23.36% of the points.
Time 947.45: used 23.43% of the points.
Time 952.55: used 23.50% of the points.
Time 957.20: used 23.58% of the points.
Time 962.30: used 23.65% of the points.
Time 966.06: used 23.72% of the points.
Time 970.13: used 23.79% of the points.
Time 974.57: used 23.86% of the points.
Time 979.56: used 23.94% of the points.
Time 984.21: used 24.01% of the points.
Time 987.39: used 24.08% of the points.
Time 990.69: used 24.15% of the points.
Time 993.60: used 24.22% of the points.
Time 997.42: used 24.30% of the points.
Time 1001.18: used 24.37% of the points.
Time 1005.15: used 24.44% of the points.
Time 1008.39: used 24.51% of the points.
Time 1011.64: used 24.59% of the points.
Time 1014.67: used 24.66% of the points.
Time 1017.91: used 24.73% of the points.
Time 1021.90: used 24.80% of the points.
Time 1025.56: used 24.87% of the points.
Time 1030.05: used 24.95% of the points.
Time 1035.63: used 25.02% of the points.
Time 1039.89: used 25.09% of the points.
Time 1044.25: used 25.16% of the points.
Time 1048.28: used 25.23% of the points.
Time 1052.28: used 25.31% of the points.
Time 1056.23: used 25.38% of the points.
Time 1060.20: used 25.45% of the points.
Time 1064.89: used 25.52% of the points.
Time 1070.03: used 25.59% of the points.
Time 1074.26: used 25.67% of the points.
Time 1078.49: used 25.74% of the points.
Time 1082.15: used 25.81% of the points.
Time 1085.23: used 25.88% of the points.
Time 1088.42: used 25.96% of the points.
Time 1092.38: used 26.03% of the points.
Time 1096.67: used 26.10% of the points.
Time 1100.37: used 26.17% of the points.
Time 1104.42: used 26.24% of the points.
Time 1107.92: used 26.32% of the points.
Time 1111.98: used 26.39% of the points.
Time 1114.99: used 26.46% of the points.
Time 1119.95: used 26.53% of the points.
Time 1125.02: used 26.60% of the points.
Time 1128.70: used 26.68% of the points.
Time 1132.84: used 26.75% of the points.
Time 1137.25: used 26.82% of the points.
Time 1140.83: used 26.89% of the points.
Time 1145.30: used 26.96% of the points.
Time 1148.84: used 27.04% of the points.
Time 1151.63: used 27.11% of the points.
Time 1155.11: used 27.18% of the points.
Time 1157.54: used 27.25% of the points.
Time 1160.97: used 27.33% of the points.
Time 1164.60: used 27.40% of the points.
Time 1168.16: used 27.47% of the points.
Time 1173.37: used 27.54% of the points.
Time 1177.83: used 27.61% of the points.
Time 1182.12: used 27.69% of the points.
Time 1185.67: used 27.76% of the points.
Time 1190.30: used 27.83% of the points.
Time 1193.73: used 27.90% of the points.
Time 1197.93: used 27.97% of the points.
Time 1201.46: used 28.05% of the points.
Time 1206.07: used 28.12% of the points.
Time 1209.78: used 28.19% of the points.
Time 1213.18: used 28.26% of the points.
Time 1216.87: used 28.33% of the points.
Time 1221.41: used 28.41% of the points.
Time 1227.96: used 28.48% of the points.
Time 1233.05: used 28.55% of the points.
Time 1236.98: used 28.62% of the points.
Time 1241.85: used 28.70% of the points.
Time 1245.07: used 28.77% of the points.
Time 1248.76: used 28.84% of the points.
Time 1255.20: used 28.91% of the points.
Time 1258.89: used 28.98% of the points.
Time 1263.77: used 29.06% of the points.
Time 1268.65: used 29.13% of the points.
Time 1272.88: used 29.20% of the points.
Time 1276.55: used 29.27% of the points.
Time 1281.18: used 29.34% of the points.
Time 1285.45: used 29.42% of the points.
Time 1289.63: used 29.49% of the points.
Time 1293.83: used 29.56% of the points.
Time 1298.98: used 29.63% of the points.
Time 1302.35: used 29.70% of the points.
Time 1306.30: used 29.78% of the points.
Time 1309.49: used 29.85% of the points.
Time 1313.95: used 29.92% of the points.
Time 1317.90: used 29.99% of the points.
Time 1321.18: used 30.06% of the points.
Time 1324.99: used 30.14% of the points.
Time 1329.63: used 30.21% of the points.
Time 1333.55: used 30.28% of the points.
Time 1337.68: used 30.35% of the points.
Time 1341.65: used 30.43% of the points.
Time 1345.99: used 30.50% of the points.
Time 1349.88: used 30.57% of the points.
Time 1354.55: used 30.64% of the points.
Time 1360.24: used 30.71% of the points.
Time 1364.62: used 30.79% of the points.
Time 1369.14: used 30.86% of the points.
Time 1372.67: used 30.93% of the points.
Time 1376.09: used 31.00% of the points.
Time 1380.44: used 31.07% of the points.
Time 1385.22: used 31.15% of the points.
Time 1389.84: used 31.22% of the points.
Time 1393.46: used 31.29% of the points.
Time 1397.01: used 31.36% of the points.
Time 1400.23: used 31.43% of the points.
Time 1405.05: used 31.51% of the points.
Time 1408.96: used 31.58% of the points.
Time 1412.42: used 31.65% of the points.
Time 1417.27: used 31.72% of the points.
Time 1421.83: used 31.80% of the points.
Time 1426.17: used 31.87% of the points.
Time 1430.10: used 31.94% of the points.
Time 1433.62: used 32.01% of the points.
Time 1438.35: used 32.08% of the points.
Time 1442.60: used 32.16% of the points.
Time 1447.00: used 32.23% of the points.
Time 1451.04: used 32.30% of the points.
Time 1454.83: used 32.37% of the points.
Time 1459.27: used 32.44% of the points.
Time 1462.82: used 32.52% of the points.
Time 1466.72: used 32.59% of the points.
Time 1471.12: used 32.66% of the points.
Time 1475.44: used 32.73% of the points.
Time 1478.28: used 32.80% of the points.
Time 1481.54: used 32.88% of the points.
Time 1485.32: used 32.95% of the points.
Time 1488.44: used 33.02% of the points.
Time 1492.45: used 33.09% of the points.
Time 1496.84: used 33.17% of the points.
Time 1500.69: used 33.24% of the points.
Time 1504.34: used 33.31% of the points.
Time 1508.39: used 33.38% of the points.
Time 1512.38: used 33.45% of the points.
Time 1516.50: used 33.53% of the points.
Time 1520.33: used 33.60% of the points.
Time 1524.33: used 33.67% of the points.
Time 1528.39: used 33.74% of the points.
Time 1533.47: used 33.81% of the points.
Time 1539.43: used 33.89% of the points.
Time 1544.28: used 33.96% of the points.
Time 1549.52: used 34.03% of the points.
Time 1553.34: used 34.10% of the points.
Time 1557.43: used 34.17% of the points.
Time 1561.95: used 34.25% of the points.
Time 1566.99: used 34.32% of the points.
Time 1571.11: used 34.39% of the points.
Time 1575.26: used 34.46% of the points.
Time 1579.22: used 34.53% of the points.
Time 1583.27: used 34.61% of the points.
Time 1587.22: used 34.68% of the points.
Time 1591.16: used 34.75% of the points.
Time 1594.68: used 34.82% of the points.
Time 1598.90: used 34.90% of the points.
Time 1603.81: used 34.97% of the points.
Time 1608.02: used 35.04% of the points.
Time 1611.30: used 35.11% of the points.
Time 1615.38: used 35.18% of the points.
Time 1620.16: used 35.26% of the points.
Time 1625.13: used 35.33% of the points.
Time 1629.72: used 35.40% of the points.
Time 1634.09: used 35.47% of the points.
Time 1638.50: used 35.54% of the points.
Time 1643.71: used 35.62% of the points.
Time 1648.58: used 35.69% of the points.
Time 1652.65: used 35.76% of the points.
Time 1656.47: used 35.83% of the points.
Time 1661.26: used 35.90% of the points.
Time 1665.27: used 35.98% of the points.
Time 1668.60: used 36.05% of the points.
Time 1672.73: used 36.12% of the points.
Time 1676.92: used 36.19% of the points.
Time 1680.71: used 36.27% of the points.
Time 1684.51: used 36.34% of the points.
Time 1688.64: used 36.41% of the points.
Time 1692.74: used 36.48% of the points.
Time 1697.06: used 36.55% of the points.
Time 1700.44: used 36.63% of the points.
Time 1703.63: used 36.70% of the points.
Time 1707.60: used 36.77% of the points.
Time 1711.88: used 36.84% of the points.
Time 1717.63: used 36.91% of the points.
Time 1722.16: used 36.99% of the points.
Time 1726.26: used 37.06% of the points.
Time 1730.23: used 37.13% of the points.
Time 1734.62: used 37.20% of the points.
Time 1739.15: used 37.27% of the points.
Time 1742.96: used 37.35% of the points.
Time 1746.76: used 37.42% of the points.
Time 1751.18: used 37.49% of the points.
Time 1755.44: used 37.56% of the points.
Time 1760.03: used 37.64% of the points.
Time 1764.34: used 37.71% of the points.
Time 1768.26: used 37.78% of the points.
Time 1771.48: used 37.85% of the points.
Time 1776.00: used 37.92% of the points.
Time 1781.00: used 38.00% of the points.
Time 1785.43: used 38.07% of the points.
Time 1789.08: used 38.14% of the points.
Time 1792.95: used 38.21% of the points.
Time 1797.21: used 38.28% of the points.
Time 1801.60: used 38.36% of the points.
Time 1806.49: used 38.43% of the points.
Time 1810.12: used 38.50% of the points.
Time 1813.89: used 38.57% of the points.
Time 1818.51: used 38.64% of the points.
Time 1822.88: used 38.72% of the points.
Time 1826.83: used 38.79% of the points.
Time 1830.32: used 38.86% of the points.
Time 1834.80: used 38.93% of the points.
Time 1838.94: used 39.01% of the points.
Time 1842.95: used 39.08% of the points.
Time 1847.14: used 39.15% of the points.
Time 1851.39: used 39.22% of the points.
Time 1856.57: used 39.29% of the points.
Time 1859.49: used 39.37% of the points.
Time 1863.40: used 39.44% of the points.
Time 1866.90: used 39.51% of the points.
Time 1871.15: used 39.58% of the points.
Time 1876.09: used 39.65% of the points.
Time 1879.52: used 39.73% of the points.
Time 1884.05: used 39.80% of the points.
Time 1888.41: used 39.87% of the points.
Time 1892.23: used 39.94% of the points.
Time 1896.52: used 40.01% of the points.
Time 1900.62: used 40.09% of the points.
Time 1905.07: used 40.16% of the points.
Time 1908.85: used 40.23% of the points.
Time 1912.17: used 40.30% of the points.
Time 1917.67: used 40.37% of the points.
Time 1921.91: used 40.45% of the points.
Time 1925.67: used 40.52% of the points.
Time 1929.69: used 40.59% of the points.
Time 1934.04: used 40.66% of the points.
Time 1938.51: used 40.74% of the points.
Time 1942.49: used 40.81% of the points.
Time 1946.15: used 40.88% of the points.
Time 1950.77: used 40.95% of the points.
Time 1954.75: used 41.02% of the points.
Time 1959.73: used 41.10% of the points.
Time 1964.44: used 41.17% of the points.
Time 1968.80: used 41.24% of the points.
Time 1973.63: used 41.31% of the points.
Time 1977.61: used 41.38% of the points.
Time 1984.23: used 41.46% of the points.
Time 1989.48: used 41.53% of the points.
Time 1994.46: used 41.60% of the points.
Time 1999.00: used 41.67% of the points.
Time 2002.72: used 41.74% of the points.
Time 2007.94: used 41.82% of the points.
Time 2011.28: used 41.89% of the points.
Time 2015.51: used 41.96% of the points.
Time 2019.98: used 42.03% of the points.
Time 2024.22: used 42.11% of the points.
Time 2027.94: used 42.18% of the points.
Time 2031.25: used 42.25% of the points.
Time 2034.96: used 42.32% of the points.
Time 2038.87: used 42.39% of the points.
Time 2042.91: used 42.47% of the points.
Time 2046.60: used 42.54% of the points.
Time 2050.85: used 42.61% of the points.
Time 2054.53: used 42.68% of the points.
Time 2059.33: used 42.75% of the points.
Time 2063.27: used 42.83% of the points.
Time 2067.20: used 42.90% of the points.
Time 2071.62: used 42.97% of the points.
Time 2075.95: used 43.04% of the points.
Time 2081.07: used 43.11% of the points.
Time 2086.67: used 43.19% of the points.
Time 2091.63: used 43.26% of the points.
Time 2095.68: used 43.33% of the points.
Time 2099.65: used 43.40% of the points.
Time 2103.16: used 43.48% of the points.
Time 2107.07: used 43.55% of the points.
Time 2111.91: used 43.62% of the points.
Time 2115.65: used 43.69% of the points.
Time 2119.78: used 43.76% of the points.
Time 2124.63: used 43.84% of the points.
Time 2129.12: used 43.91% of the points.
Time 2133.17: used 43.98% of the points.
Time 2137.36: used 44.05% of the points.
Time 2141.45: used 44.12% of the points.
Time 2145.84: used 44.20% of the points.
Time 2150.32: used 44.27% of the points.
Time 2154.34: used 44.34% of the points.
Time 2158.05: used 44.41% of the points.
Time 2161.84: used 44.48% of the points.
Time 2166.29: used 44.56% of the points.
Time 2170.21: used 44.63% of the points.
Time 2174.88: used 44.70% of the points.
Time 2179.14: used 44.77% of the points.
Time 2183.32: used 44.84% of the points.
Time 2186.89: used 44.92% of the points.
Time 2191.28: used 44.99% of the points.
Time 2194.67: used 45.06% of the points.
Time 2199.00: used 45.13% of the points.
Time 2203.55: used 45.21% of the points.
Time 2207.68: used 45.28% of the points.
Time 2211.87: used 45.35% of the points.
Time 2216.14: used 45.42% of the points.
Time 2221.26: used 45.49% of the points.
Time 2224.99: used 45.57% of the points.
Time 2228.04: used 45.64% of the points.
Time 2231.17: used 45.71% of the points.
Time 2234.74: used 45.78% of the points.
Time 2239.09: used 45.85% of the points.
Time 2243.25: used 45.93% of the points.
Time 2247.27: used 46.00% of the points.
Time 2251.49: used 46.07% of the points.
Time 2256.22: used 46.14% of the points.
Time 2259.55: used 46.21% of the points.
Time 2264.47: used 46.29% of the points.
Time 2268.77: used 46.36% of the points.
Time 2272.08: used 46.43% of the points.
Time 2275.28: used 46.50% of the points.
Time 2279.59: used 46.58% of the points.
Time 2283.51: used 46.65% of the points.
Time 2288.40: used 46.72% of the points.
Time 2291.73: used 46.79% of the points.
Time 2295.33: used 46.86% of the points.
Time 2299.22: used 46.94% of the points.
Time 2303.51: used 47.01% of the points.
Time 2307.47: used 47.08% of the points.
Time 2310.81: used 47.15% of the points.
Time 2314.53: used 47.22% of the points.
Time 2317.31: used 47.30% of the points.
Time 2321.61: used 47.37% of the points.
Time 2325.10: used 47.44% of the points.
Time 2330.05: used 47.51% of the points.
Time 2334.16: used 47.58% of the points.
Time 2338.21: used 47.66% of the points.
Time 2342.23: used 47.73% of the points.
Time 2346.84: used 47.80% of the points.
Time 2350.62: used 47.87% of the points.
Time 2353.81: used 47.95% of the points.
Time 2358.21: used 48.02% of the points.
Time 2361.70: used 48.09% of the points.
Time 2364.73: used 48.16% of the points.
Time 2367.86: used 48.23% of the points.
Time 2371.42: used 48.31% of the points.
Time 2374.81: used 48.38% of the points.
Time 2378.60: used 48.45% of the points.
Time 2382.32: used 48.52% of the points.
Time 2386.03: used 48.59% of the points.
Time 2389.84: used 48.67% of the points.
Time 2394.55: used 48.74% of the points.
Time 2398.28: used 48.81% of the points.
Time 2402.66: used 48.88% of the points.
Time 2407.28: used 48.95% of the points.
Time 2411.74: used 49.03% of the points.
Time 2416.36: used 49.10% of the points.
Time 2420.24: used 49.17% of the points.
Time 2425.02: used 49.24% of the points.
Time 2429.15: used 49.32% of the points.
Time 2433.39: used 49.39% of the points.
Time 2437.90: used 49.46% of the points.
Time 2441.10: used 49.53% of the points.
Time 2444.82: used 49.60% of the points.
Time 2449.05: used 49.68% of the points.
Time 2452.64: used 49.75% of the points.
Time 2456.48: used 49.82% of the points.
Time 2460.65: used 49.89% of the points.
Time 2464.69: used 49.96% of the points.
Time 2468.69: used 50.04% of the points.
Time 2472.81: used 50.11% of the points.
Time 2476.78: used 50.18% of the points.
Time 2479.99: used 50.25% of the points.
Time 2484.22: used 50.32% of the points.
Time 2488.16: used 50.40% of the points.
Time 2492.22: used 50.47% of the points.
Time 2497.12: used 50.54% of the points.
Time 2501.28: used 50.61% of the points.
Time 2504.67: used 50.68% of the points.
Time 2508.78: used 50.76% of the points.
Time 2512.59: used 50.83% of the points.
Time 2515.73: used 50.90% of the points.
Time 2519.98: used 50.97% of the points.
Time 2523.25: used 51.05% of the points.
Time 2526.82: used 51.12% of the points.
Time 2531.01: used 51.19% of the points.
Time 2535.18: used 51.26% of the points.
Time 2540.37: used 51.33% of the points.
Time 2545.03: used 51.41% of the points.
Time 2548.89: used 51.48% of the points.
Time 2552.32: used 51.55% of the points.
Time 2555.89: used 51.62% of the points.
Time 2559.80: used 51.69% of the points.
Time 2564.82: used 51.77% of the points.
Time 2569.10: used 51.84% of the points.
Time 2572.95: used 51.91% of the points.
Time 2576.43: used 51.98% of the points.
Time 2580.63: used 52.05% of the points.
Time 2584.28: used 52.13% of the points.
Time 2587.95: used 52.20% of the points.
Time 2592.09: used 52.27% of the points.
Time 2596.93: used 52.34% of the points.
Time 2601.19: used 52.42% of the points.
Time 2605.29: used 52.49% of the points.
Time 2609.11: used 52.56% of the points.
Time 2614.34: used 52.63% of the points.
Time 2618.35: used 52.70% of the points.
Time 2622.30: used 52.78% of the points.
Time 2626.94: used 52.85% of the points.
Time 2631.38: used 52.92% of the points.
Time 2636.27: used 52.99% of the points.
Time 2639.97: used 53.06% of the points.
Time 2644.01: used 53.14% of the points.
Time 2648.69: used 53.21% of the points.
Time 2652.72: used 53.28% of the points.
Time 2657.42: used 53.35% of the points.
Time 2662.27: used 53.42% of the points.
Time 2665.05: used 53.50% of the points.
Time 2669.14: used 53.57% of the points.
Time 2672.90: used 53.64% of the points.
Time 2676.45: used 53.71% of the points.
Time 2680.86: used 53.79% of the points.
Time 2684.75: used 53.86% of the points.
Time 2688.97: used 53.93% of the points.
Time 2693.11: used 54.00% of the points.
Time 2697.11: used 54.07% of the points.
Time 2701.46: used 54.15% of the points.
Time 2708.19: used 54.22% of the points.
Time 2711.73: used 54.29% of the points.
Time 2714.63: used 54.36% of the points.
Time 2718.57: used 54.43% of the points.
Time 2723.46: used 54.51% of the points.
Time 2727.78: used 54.58% of the points.
Time 2732.48: used 54.65% of the points.
Time 2736.80: used 54.72% of the points.
Time 2740.58: used 54.79% of the points.
Time 2744.62: used 54.87% of the points.
Time 2748.25: used 54.94% of the points.
Time 2752.85: used 55.01% of the points.
Time 2757.26: used 55.08% of the points.
Time 2760.75: used 55.16% of the points.
Time 2765.50: used 55.23% of the points.
Time 2771.06: used 55.30% of the points.
Time 2775.46: used 55.37% of the points.
Time 2779.90: used 55.44% of the points.
Time 2784.14: used 55.52% of the points.
Time 2787.96: used 55.59% of the points.
Time 2792.11: used 55.66% of the points.
Time 2796.84: used 55.73% of the points.
Time 2800.56: used 55.80% of the points.
Time 2804.93: used 55.88% of the points.
Time 2810.71: used 55.95% of the points.
Time 2815.16: used 56.02% of the points.
Time 2819.22: used 56.09% of the points.
Time 2822.85: used 56.16% of the points.
Time 2826.34: used 56.24% of the points.
Time 2828.99: used 56.31% of the points.
Time 2833.19: used 56.38% of the points.
Time 2837.23: used 56.45% of the points.
Time 2840.69: used 56.52% of the points.
Time 2844.63: used 56.60% of the points.
Time 2848.72: used 56.67% of the points.
Time 2851.68: used 56.74% of the points.
Time 2854.74: used 56.81% of the points.
Time 2858.97: used 56.89% of the points.
Time 2862.54: used 56.96% of the points.
Time 2867.30: used 57.03% of the points.
Time 2871.59: used 57.10% of the points.
Time 2875.41: used 57.17% of the points.
Time 2878.45: used 57.25% of the points.
Time 2882.26: used 57.32% of the points.
Time 2885.79: used 57.39% of the points.
Time 2890.26: used 57.46% of the points.
Time 2894.26: used 57.53% of the points.
Time 2898.13: used 57.61% of the points.
Time 2902.67: used 57.68% of the points.
Time 2906.55: used 57.75% of the points.
Time 2910.36: used 57.82% of the points.
Time 2914.74: used 57.89% of the points.
Time 2919.26: used 57.97% of the points.
Time 2923.62: used 58.04% of the points.
Time 2929.02: used 58.11% of the points.
Time 2932.99: used 58.18% of the points.
Time 2937.80: used 58.26% of the points.
Time 2942.35: used 58.33% of the points.
Time 2948.30: used 58.40% of the points.
Time 2952.42: used 58.47% of the points.
Time 2957.60: used 58.54% of the points.
Time 2962.18: used 58.62% of the points.
Time 2966.62: used 58.69% of the points.
Time 2971.67: used 58.76% of the points.
Time 2975.65: used 58.83% of the points.
Time 2979.07: used 58.90% of the points.
Time 2983.57: used 58.98% of the points.
Time 2987.42: used 59.05% of the points.
Time 2991.29: used 59.12% of the points.
Time 2994.52: used 59.19% of the points.
Time 2998.29: used 59.26% of the points.
Time 3001.41: used 59.34% of the points.
Time 3006.18: used 59.41% of the points.
Time 3009.66: used 59.48% of the points.
Time 3014.00: used 59.55% of the points.
Time 3017.71: used 59.63% of the points.
Time 3021.46: used 59.70% of the points.
Time 3025.31: used 59.77% of the points.
Time 3029.31: used 59.84% of the points.
Time 3032.94: used 59.91% of the points.
Time 3036.27: used 59.99% of the points.
Time 3040.02: used 60.06% of the points.
Time 3043.33: used 60.13% of the points.
Time 3046.14: used 60.20% of the points.
Time 3049.35: used 60.27% of the points.
Time 3052.71: used 60.35% of the points.
Time 3055.55: used 60.42% of the points.
Time 3059.09: used 60.49% of the points.
Time 3062.19: used 60.56% of the points.
Time 3065.52: used 60.63% of the points.
Time 3069.69: used 60.71% of the points.
Time 3075.38: used 60.78% of the points.
Time 3078.76: used 60.85% of the points.
Time 3081.66: used 60.92% of the points.
Time 3084.27: used 60.99% of the points.
Time 3088.14: used 61.07% of the points.
Time 3091.38: used 61.14% of the points.
Time 3095.15: used 61.21% of the points.
Time 3098.35: used 61.28% of the points.
Time 3102.86: used 61.36% of the points.
Time 3106.40: used 61.43% of the points.
Time 3111.38: used 61.50% of the points.
Time 3115.78: used 61.57% of the points.
Time 3120.05: used 61.64% of the points.
Time 3123.37: used 61.72% of the points.
Time 3128.12: used 61.79% of the points.
Time 3132.60: used 61.86% of the points.
Time 3136.12: used 61.93% of the points.
Time 3140.77: used 62.00% of the points.
Time 3144.04: used 62.08% of the points.
Time 3147.84: used 62.15% of the points.
Time 3151.07: used 62.22% of the points.
Time 3154.15: used 62.29% of the points.
Time 3157.39: used 62.36% of the points.
Time 3161.07: used 62.44% of the points.
Time 3164.82: used 62.51% of the points.
Time 3167.99: used 62.58% of the points.
Time 3171.95: used 62.65% of the points.
Time 3176.29: used 62.73% of the points.
Time 3180.05: used 62.80% of the points.
Time 3183.33: used 62.87% of the points.
Time 3186.05: used 62.94% of the points.
Time 3189.89: used 63.01% of the points.
Time 3193.13: used 63.09% of the points.
Time 3196.48: used 63.16% of the points.
Time 3199.62: used 63.23% of the points.
Time 3203.72: used 63.30% of the points.
Time 3207.95: used 63.37% of the points.
Time 3210.97: used 63.45% of the points.
Time 3215.03: used 63.52% of the points.
Time 3219.38: used 63.59% of the points.
Time 3223.85: used 63.66% of the points.
Time 3227.79: used 63.73% of the points.
Time 3231.82: used 63.81% of the points.
Time 3235.58: used 63.88% of the points.
Time 3240.23: used 63.95% of the points.
Time 3244.03: used 64.02% of the points.
Time 3248.55: used 64.10% of the points.
Time 3253.48: used 64.17% of the points.
Time 3257.37: used 64.24% of the points.
Time 3262.05: used 64.31% of the points.
Time 3265.91: used 64.38% of the points.
Time 3270.88: used 64.46% of the points.
Time 3274.97: used 64.53% of the points.
Time 3279.44: used 64.60% of the points.
Time 3284.55: used 64.67% of the points.
Time 3289.47: used 64.74% of the points.
Time 3292.99: used 64.82% of the points.
Time 3296.75: used 64.89% of the points.
Time 3300.15: used 64.96% of the points.
Time 3303.18: used 65.03% of the points.
Time 3307.13: used 65.10% of the points.
Time 3311.18: used 65.18% of the points.
Time 3315.06: used 65.25% of the points.
Time 3318.87: used 65.32% of the points.
Time 3324.25: used 65.39% of the points.
Time 3327.16: used 65.47% of the points.
Time 3330.24: used 65.54% of the points.
Time 3333.93: used 65.61% of the points.
Time 3338.26: used 65.68% of the points.
Time 3342.14: used 65.75% of the points.
Time 3347.42: used 65.83% of the points.
Time 3351.74: used 65.90% of the points.
Time 3355.39: used 65.97% of the points.
Time 3358.99: used 66.04% of the points.
Time 3363.70: used 66.11% of the points.
Time 3368.00: used 66.19% of the points.
Time 3371.93: used 66.26% of the points.
Time 3375.29: used 66.33% of the points.
Time 3379.11: used 66.40% of the points.
Time 3382.36: used 66.47% of the points.
Time 3387.01: used 66.55% of the points.
Time 3391.56: used 66.62% of the points.
Time 3396.29: used 66.69% of the points.
Time 3401.54: used 66.76% of the points.
Time 3405.09: used 66.83% of the points.
Time 3409.49: used 66.91% of the points.
Time 3413.87: used 66.98% of the points.
Time 3417.43: used 67.05% of the points.
Time 3421.36: used 67.12% of the points.
Time 3425.76: used 67.20% of the points.
Time 3430.36: used 67.27% of the points.
Time 3434.25: used 67.34% of the points.
Time 3438.44: used 67.41% of the points.
Time 3442.41: used 67.48% of the points.
Time 3446.30: used 67.56% of the points.
Time 3449.37: used 67.63% of the points.
Time 3452.95: used 67.70% of the points.
Time 3456.67: used 67.77% of the points.
Time 3460.92: used 67.84% of the points.
Time 3465.26: used 67.92% of the points.
Time 3468.92: used 67.99% of the points.
Time 3472.78: used 68.06% of the points.
Time 3476.57: used 68.13% of the points.
Time 3480.08: used 68.20% of the points.
Time 3485.02: used 68.28% of the points.
Time 3488.99: used 68.35% of the points.
Time 3492.57: used 68.42% of the points.
Time 3496.40: used 68.49% of the points.
Time 3499.52: used 68.57% of the points.
Time 3503.71: used 68.64% of the points.
Time 3507.86: used 68.71% of the points.
Time 3511.86: used 68.78% of the points.
Time 3515.68: used 68.85% of the points.
Time 3519.25: used 68.93% of the points.
Time 3523.47: used 69.00% of the points.
Time 3526.63: used 69.07% of the points.
Time 3531.75: used 69.14% of the points.
Time 3537.02: used 69.21% of the points.
Time 3541.90: used 69.29% of the points.
Time 3546.17: used 69.36% of the points.
Time 3551.49: used 69.43% of the points.
Time 3556.30: used 69.50% of the points.
Time 3561.61: used 69.57% of the points.
Time 3566.10: used 69.65% of the points.
Time 3570.99: used 69.72% of the points.
Time 3575.86: used 69.79% of the points.
Time 3581.56: used 69.86% of the points.
Time 3585.06: used 69.94% of the points.
Time 3589.52: used 70.01% of the points.
Time 3594.08: used 70.08% of the points.
Time 3597.65: used 70.15% of the points.
Time 3602.14: used 70.22% of the points.
Time 3606.23: used 70.30% of the points.
Time 3609.17: used 70.37% of the points.
Time 3613.66: used 70.44% of the points.
Time 3617.81: used 70.51% of the points.
Time 3621.78: used 70.58% of the points.
Time 3626.20: used 70.66% of the points.
Time 3630.05: used 70.73% of the points.
Time 3633.51: used 70.80% of the points.
Time 3637.42: used 70.87% of the points.
Time 3640.72: used 70.94% of the points.
Time 3643.81: used 71.02% of the points.
Time 3647.58: used 71.09% of the points.
Time 3651.61: used 71.16% of the points.
Time 3655.02: used 71.23% of the points.
Time 3658.60: used 71.30% of the points.
Time 3661.22: used 71.38% of the points.
Time 3664.13: used 71.45% of the points.
Time 3667.96: used 71.52% of the points.
Time 3671.11: used 71.59% of the points.
Time 3675.50: used 71.67% of the points.
Time 3679.01: used 71.74% of the points.
Time 3683.37: used 71.81% of the points.
Time 3687.13: used 71.88% of the points.
Time 3690.70: used 71.95% of the points.
Time 3694.33: used 72.03% of the points.
Time 3697.87: used 72.10% of the points.
Time 3701.62: used 72.17% of the points.
Time 3705.92: used 72.24% of the points.
Time 3709.85: used 72.31% of the points.
Time 3713.23: used 72.39% of the points.
Time 3717.51: used 72.46% of the points.
Time 3721.67: used 72.53% of the points.
Time 3725.99: used 72.60% of the points.
Time 3729.59: used 72.67% of the points.
Time 3732.62: used 72.75% of the points.
Time 3735.53: used 72.82% of the points.
Time 3739.33: used 72.89% of the points.
Time 3742.94: used 72.96% of the points.
Time 3746.53: used 73.04% of the points.
Time 3750.57: used 73.11% of the points.
Time 3754.55: used 73.18% of the points.
Time 3758.29: used 73.25% of the points.
Time 3761.75: used 73.32% of the points.
Time 3764.69: used 73.40% of the points.
Time 3768.46: used 73.47% of the points.
Time 3772.39: used 73.54% of the points.
Time 3776.09: used 73.61% of the points.
Time 3779.39: used 73.68% of the points.
Time 3782.56: used 73.76% of the points.
Time 3785.94: used 73.83% of the points.
Time 3789.30: used 73.90% of the points.
Time 3793.43: used 73.97% of the points.
Time 3797.22: used 74.04% of the points.
Time 3799.80: used 74.12% of the points.
Time 3803.54: used 74.19% of the points.
Time 3807.47: used 74.26% of the points.
Time 3811.29: used 74.33% of the points.
Time 3815.36: used 74.41% of the points.
Time 3818.55: used 74.48% of the points.
Time 3822.18: used 74.55% of the points.
Time 3825.53: used 74.62% of the points.
Time 3829.31: used 74.69% of the points.
Time 3833.72: used 74.77% of the points.
Time 3837.47: used 74.84% of the points.
Time 3840.96: used 74.91% of the points.
Time 3844.41: used 74.98% of the points.
Time 3848.16: used 75.05% of the points.
Time 3851.99: used 75.13% of the points.
Time 3856.18: used 75.20% of the points.
Time 3860.34: used 75.27% of the points.
Time 3864.33: used 75.34% of the points.
Time 3867.19: used 75.41% of the points.
Time 3871.07: used 75.49% of the points.
Time 3874.70: used 75.56% of the points.
Time 3878.99: used 75.63% of the points.
Time 3883.18: used 75.70% of the points.
Time 3886.67: used 75.78% of the points.
Time 3890.63: used 75.85% of the points.
Time 3894.30: used 75.92% of the points.
Time 3898.02: used 75.99% of the points.
Time 3902.10: used 76.06% of the points.
Time 3906.07: used 76.14% of the points.
Time 3909.61: used 76.21% of the points.
Time 3913.46: used 76.28% of the points.
Time 3916.32: used 76.35% of the points.
Time 3920.80: used 76.42% of the points.
Time 3923.87: used 76.50% of the points.
Time 3927.53: used 76.57% of the points.
Time 3931.53: used 76.64% of the points.
Time 3935.77: used 76.71% of the points.
Time 3939.27: used 76.78% of the points.
Time 3942.06: used 76.86% of the points.
Time 3945.78: used 76.93% of the points.
Time 3949.17: used 77.00% of the points.
Time 3952.33: used 77.07% of the points.
Time 3956.56: used 77.14% of the points.
Time 3960.78: used 77.22% of the points.
Time 3964.42: used 77.29% of the points.
Time 3968.86: used 77.36% of the points.
Time 3972.97: used 77.43% of the points.
Time 3976.78: used 77.51% of the points.
Time 3983.50: used 77.58% of the points.
Time 3988.20: used 77.65% of the points.
Time 3993.45: used 77.72% of the points.
Time 3998.90: used 77.79% of the points.
Time 4003.19: used 77.87% of the points.
Time 4007.95: used 77.94% of the points.
Time 4012.14: used 78.01% of the points.
Time 4016.56: used 78.08% of the points.
Time 4021.46: used 78.15% of the points.
Time 4026.44: used 78.23% of the points.
Time 4030.46: used 78.30% of the points.
Time 4033.50: used 78.37% of the points.
Time 4037.94: used 78.44% of the points.
Time 4043.75: used 78.51% of the points.
Time 4048.53: used 78.59% of the points.
Time 4054.60: used 78.66% of the points.
Time 4058.04: used 78.73% of the points.
Time 4062.43: used 78.80% of the points.
Time 4067.52: used 78.88% of the points.
Time 4072.36: used 78.95% of the points.
Time 4077.76: used 79.02% of the points.
Time 4082.36: used 79.09% of the points.
Time 4086.17: used 79.16% of the points.
Time 4090.79: used 79.24% of the points.
Time 4095.93: used 79.31% of the points.
Time 4100.44: used 79.38% of the points.
Time 4104.60: used 79.45% of the points.
Time 4108.67: used 79.52% of the points.
Time 4113.00: used 79.60% of the points.
Time 4117.53: used 79.67% of the points.
Time 4123.73: used 79.74% of the points.
Time 4127.25: used 79.81% of the points.
Time 4130.60: used 79.88% of the points.
Time 4134.41: used 79.96% of the points.
Time 4138.68: used 80.03% of the points.
Time 4141.96: used 80.10% of the points.
Time 4145.98: used 80.17% of the points.
Time 4150.80: used 80.25% of the points.
Time 4155.15: used 80.32% of the points.
Time 4159.39: used 80.39% of the points.
Time 4162.76: used 80.46% of the points.
Time 4166.45: used 80.53% of the points.
Time 4170.21: used 80.61% of the points.
Time 4173.34: used 80.68% of the points.
Time 4177.11: used 80.75% of the points.
Time 4182.09: used 80.82% of the points.
Time 4185.69: used 80.89% of the points.
Time 4189.67: used 80.97% of the points.
Time 4193.66: used 81.04% of the points.
Time 4197.31: used 81.11% of the points.
Time 4200.44: used 81.18% of the points.
Time 4204.12: used 81.25% of the points.
Time 4208.32: used 81.33% of the points.
Time 4211.98: used 81.40% of the points.
Time 4215.44: used 81.47% of the points.
Time 4219.09: used 81.54% of the points.
Time 4223.39: used 81.61% of the points.
Time 4226.99: used 81.69% of the points.
Time 4230.11: used 81.76% of the points.
Time 4232.60: used 81.83% of the points.
Time 4235.20: used 81.90% of the points.
Time 4238.72: used 81.98% of the points.
Time 4242.65: used 82.05% of the points.
Time 4246.03: used 82.12% of the points.
Time 4249.44: used 82.19% of the points.
Time 4252.92: used 82.26% of the points.
Time 4257.38: used 82.34% of the points.
Time 4261.78: used 82.41% of the points.
Time 4264.88: used 82.48% of the points.
Time 4268.56: used 82.55% of the points.
Time 4273.68: used 82.62% of the points.
Time 4277.36: used 82.70% of the points.
Time 4281.79: used 82.77% of the points.
Time 4285.73: used 82.84% of the points.
Time 4289.95: used 82.91% of the points.
Time 4294.62: used 82.98% of the points.
Time 4298.98: used 83.06% of the points.
Time 4303.65: used 83.13% of the points.
Time 4307.72: used 83.20% of the points.
Time 4312.16: used 83.27% of the points.
Time 4316.26: used 83.35% of the points.
Time 4320.95: used 83.42% of the points.
Time 4326.01: used 83.49% of the points.
Time 4330.43: used 83.56% of the points.
Time 4334.89: used 83.63% of the points.
Time 4340.74: used 83.71% of the points.
Time 4345.04: used 83.78% of the points.
Time 4349.51: used 83.85% of the points.
Time 4354.49: used 83.92% of the points.
Time 4358.50: used 83.99% of the points.
Time 4363.50: used 84.07% of the points.
Time 4367.93: used 84.14% of the points.
Time 4372.27: used 84.21% of the points.
Time 4377.37: used 84.28% of the points.
Time 4381.05: used 84.35% of the points.
Time 4384.82: used 84.43% of the points.
Time 4389.14: used 84.50% of the points.
Time 4393.91: used 84.57% of the points.
Time 4398.58: used 84.64% of the points.
Time 4403.25: used 84.72% of the points.
Time 4407.05: used 84.79% of the points.
Time 4410.72: used 84.86% of the points.
Time 4414.79: used 84.93% of the points.
Time 4418.22: used 85.00% of the points.
Time 4421.61: used 85.08% of the points.
Time 4425.73: used 85.15% of the points.
Time 4430.31: used 85.22% of the points.
Time 4433.32: used 85.29% of the points.
Time 4437.21: used 85.36% of the points.
Time 4442.09: used 85.44% of the points.
Time 4446.94: used 85.51% of the points.
Time 4450.65: used 85.58% of the points.
Time 4455.38: used 85.65% of the points.
Time 4460.23: used 85.72% of the points.
Time 4467.05: used 85.80% of the points.
Time 4471.70: used 85.87% of the points.
Time 4476.89: used 85.94% of the points.
Time 4482.04: used 86.01% of the points.
Time 4488.78: used 86.09% of the points.
Time 4492.74: used 86.16% of the points.
Time 4498.13: used 86.23% of the points.
Time 4503.16: used 86.30% of the points.
Time 4507.39: used 86.37% of the points.
Time 4512.41: used 86.45% of the points.
Time 4516.73: used 86.52% of the points.
Time 4521.05: used 86.59% of the points.
Time 4526.10: used 86.66% of the points.
Time 4529.93: used 86.73% of the points.
Time 4534.25: used 86.81% of the points.
Time 4537.97: used 86.88% of the points.
Time 4542.52: used 86.95% of the points.
Time 4546.30: used 87.02% of the points.
Time 4550.64: used 87.09% of the points.
Time 4554.88: used 87.17% of the points.
Time 4558.45: used 87.24% of the points.
Time 4561.84: used 87.31% of the points.
Time 4566.99: used 87.38% of the points.
Time 4571.59: used 87.45% of the points.
Time 4576.20: used 87.53% of the points.
Time 4580.46: used 87.60% of the points.
Time 4584.99: used 87.67% of the points.
Time 4589.41: used 87.74% of the points.
Time 4594.42: used 87.82% of the points.
Time 4598.83: used 87.89% of the points.
Time 4603.09: used 87.96% of the points.
Time 4608.38: used 88.03% of the points.
Time 4615.29: used 88.10% of the points.
Time 4619.20: used 88.18% of the points.
Time 4624.15: used 88.25% of the points.
Time 4629.26: used 88.32% of the points.
Time 4633.75: used 88.39% of the points.
Time 4639.50: used 88.46% of the points.
Time 4643.92: used 88.54% of the points.
Time 4648.41: used 88.61% of the points.
Time 4653.86: used 88.68% of the points.
Time 4658.45: used 88.75% of the points.
Time 4665.37: used 88.82% of the points.
Time 4672.42: used 88.90% of the points.
Time 4677.30: used 88.97% of the points.
Time 4682.21: used 89.04% of the points.
Time 4686.79: used 89.11% of the points.
Time 4692.03: used 89.19% of the points.
Time 4696.43: used 89.26% of the points.
Time 4701.36: used 89.33% of the points.
Time 4705.71: used 89.40% of the points.
Time 4711.45: used 89.47% of the points.
Time 4717.93: used 89.55% of the points.
Time 4722.36: used 89.62% of the points.
Time 4727.65: used 89.69% of the points.
Time 4732.81: used 89.76% of the points.
Time 4737.50: used 89.83% of the points.
Time 4743.02: used 89.91% of the points.
Time 4746.05: used 89.98% of the points.
Time 4750.97: used 90.05% of the points.
Time 4755.00: used 90.12% of the points.
Time 4759.78: used 90.19% of the points.
Time 4764.77: used 90.27% of the points.
Time 4768.71: used 90.34% of the points.
Time 4774.32: used 90.41% of the points.
Time 4780.32: used 90.48% of the points.
Time 4785.12: used 90.56% of the points.
Time 4791.99: used 90.63% of the points.
Time 4797.32: used 90.70% of the points.
Time 4802.29: used 90.77% of the points.
Time 4807.44: used 90.84% of the points.
Time 4811.38: used 90.92% of the points.
Time 4816.92: used 90.99% of the points.
Time 4821.18: used 91.06% of the points.
Time 4824.75: used 91.13% of the points.
Time 4828.39: used 91.20% of the points.
Time 4832.28: used 91.28% of the points.
Time 4836.76: used 91.35% of the points.
Time 4841.36: used 91.42% of the points.
Time 4845.33: used 91.49% of the points.
Time 4850.01: used 91.56% of the points.
Time 4855.21: used 91.64% of the points.
Time 4861.05: used 91.71% of the points.
Time 4865.49: used 91.78% of the points.
Time 4869.46: used 91.85% of the points.
Time 4873.62: used 91.93% of the points.
Time 4878.01: used 92.00% of the points.
Time 4882.73: used 92.07% of the points.
Time 4887.55: used 92.14% of the points.
Time 4891.71: used 92.21% of the points.
Time 4895.88: used 92.29% of the points.
Time 4900.00: used 92.36% of the points.
Time 4904.03: used 92.43% of the points.
Time 4908.37: used 92.50% of the points.
Time 4912.63: used 92.57% of the points.
Time 4916.12: used 92.65% of the points.
Time 4920.56: used 92.72% of the points.
Time 4925.93: used 92.79% of the points.
Time 4930.27: used 92.86% of the points.
Time 4934.43: used 92.93% of the points.
Time 4938.86: used 93.01% of the points.
Time 4943.07: used 93.08% of the points.
Time 4947.13: used 93.15% of the points.
Time 4951.40: used 93.22% of the points.
Time 4954.94: used 93.29% of the points.
Time 4959.18: used 93.37% of the points.
Time 4963.74: used 93.44% of the points.
Time 4967.54: used 93.51% of the points.
Time 4971.15: used 93.58% of the points.
Time 4974.49: used 93.66% of the points.
Time 4978.91: used 93.73% of the points.
Time 4983.12: used 93.80% of the points.
Time 4987.52: used 93.87% of the points.
Time 4990.83: used 93.94% of the points.
Time 4995.35: used 94.02% of the points.
Time 5000.45: used 94.09% of the points.
Time 5004.65: used 94.16% of the points.
Time 5008.80: used 94.23% of the points.
Time 5013.14: used 94.30% of the points.
Time 5017.54: used 94.38% of the points.
Time 5021.75: used 94.45% of the points.
Time 5026.78: used 94.52% of the points.
Time 5030.28: used 94.59% of the points.
Time 5034.28: used 94.66% of the points.
Time 5039.06: used 94.74% of the points.
Time 5043.08: used 94.81% of the points.
Time 5046.28: used 94.88% of the points.
Time 5050.78: used 94.95% of the points.
Time 5054.64: used 95.03% of the points.
Time 5058.07: used 95.10% of the points.
Time 5062.11: used 95.17% of the points.
Time 5066.13: used 95.24% of the points.
Time 5070.60: used 95.31% of the points.
Time 5075.31: used 95.39% of the points.
Time 5078.64: used 95.46% of the points.
Time 5083.09: used 95.53% of the points.
Time 5086.55: used 95.60% of the points.
Time 5089.61: used 95.67% of the points.
Time 5093.97: used 95.75% of the points.
Time 5097.54: used 95.82% of the points.
Time 5100.69: used 95.89% of the points.
Time 5103.46: used 95.96% of the points.
Time 5106.51: used 96.03% of the points.
Time 5110.16: used 96.11% of the points.
Time 5114.07: used 96.18% of the points.
Time 5117.80: used 96.25% of the points.
Time 5121.22: used 96.32% of the points.
Time 5124.68: used 96.40% of the points.
Time 5128.41: used 96.47% of the points.
Time 5132.47: used 96.54% of the points.
Time 5136.41: used 96.61% of the points.
Time 5140.47: used 96.68% of the points.
Time 5144.96: used 96.76% of the points.
Time 5150.45: used 96.83% of the points.
Time 5155.30: used 96.90% of the points.
Time 5158.79: used 96.97% of the points.
Time 5162.59: used 97.04% of the points.
Time 5166.49: used 97.12% of the points.
Time 5169.51: used 97.19% of the points.
Time 5173.76: used 97.26% of the points.
Time 5178.36: used 97.33% of the points.
Time 5182.09: used 97.40% of the points.
Time 5186.14: used 97.48% of the points.
Time 5191.05: used 97.55% of the points.
Time 5195.38: used 97.62% of the points.
Time 5198.90: used 97.69% of the points.
Time 5202.64: used 97.76% of the points.
Time 5207.22: used 97.84% of the points.
Time 5210.69: used 97.91% of the points.
Time 5215.17: used 97.98% of the points.
Time 5219.19: used 98.05% of the points.
Time 5223.60: used 98.13% of the points.
Time 5227.65: used 98.20% of the points.
Time 5231.25: used 98.27% of the points.
Time 5234.91: used 98.34% of the points.
Time 5239.01: used 98.41% of the points.
Time 5242.28: used 98.49% of the points.
Time 5246.30: used 98.56% of the points.
Time 5250.97: used 98.63% of the points.
Time 5255.16: used 98.70% of the points.
Time 5259.35: used 98.77% of the points.
Time 5262.34: used 98.85% of the points.
Time 5266.06: used 98.92% of the points.
Time 5270.26: used 98.99% of the points.
Time 5274.50: used 99.06% of the points.
Time 5278.34: used 99.13% of the points.
Time 5283.01: used 99.21% of the points.
Time 5287.61: used 99.28% of the points.
Time 5291.19: used 99.35% of the points.
Time 5295.68: used 99.42% of the points.
Time 5301.88: used 99.50% of the points.
Time 5305.70: used 99.57% of the points.
Time 5310.77: used 99.64% of the points.
Time 5315.99: used 99.71% of the points.
Time 5320.85: used 99.78% of the points.
Time 5325.27: used 99.86% of the points.
Time 5328.78: used 99.93% of the points.
Time 1701169033.90: used 100.00% of the points.

The following have been reloaded with a version change:
  1) GCCcore/11.2.0 => GCCcore/12.2.0
  2) XZ/5.2.5-GCCcore-11.2.0 => XZ/5.2.7-GCCcore-12.2.0
  3) libreadline/8.1-GCCcore-11.2.0 => libreadline/8.2-GCCcore-12.2.0
  4) ncurses/6.2-GCCcore-11.2.0 => ncurses/6.3-GCCcore-12.2.0
  5) zlib/1.2.11-GCCcore-11.2.0 => zlib/1.2.12-GCCcore-12.2.0

