2023-11-25 06:42:00.648600: I external/local_tsl/tsl/cuda/cudart_stub.cc:31] Could not find cuda drivers on your machine, GPU will not be used.
2023-11-25 06:42:00.679521: E external/local_xla/xla/stream_executor/cuda/cuda_dnn.cc:9261] Unable to register cuDNN factory: Attempting to register factory for plugin cuDNN when one has already been registered
2023-11-25 06:42:00.679596: E external/local_xla/xla/stream_executor/cuda/cuda_fft.cc:607] Unable to register cuFFT factory: Attempting to register factory for plugin cuFFT when one has already been registered
2023-11-25 06:42:00.680547: E external/local_xla/xla/stream_executor/cuda/cuda_blas.cc:1515] Unable to register cuBLAS factory: Attempting to register factory for plugin cuBLAS when one has already been registered
2023-11-25 06:42:00.685924: I external/local_tsl/tsl/cuda/cudart_stub.cc:31] Could not find cuda drivers on your machine, GPU will not be used.
2023-11-25 06:42:00.686112: I tensorflow/core/platform/cpu_feature_guard.cc:182] This TensorFlow binary is optimized to use available CPU instructions in performance-critical operations.
To enable the following instructions: AVX2 FMA, in other operations, rebuild TensorFlow with the appropriate compiler flags.
2023-11-25 06:42:01.592562: W tensorflow/compiler/tf2tensorrt/utils/py_utils.cc:38] TF-TRT Warning: Could not find TensorRT
Reloading Tuner from hyperparams/sinus: first real try THRESHOLD_GREEDY/tuner0.json
sinus: first real try THRESHOLD_GREEDY
300
Model: "model"
_________________________________________________________________
 Layer (type)                Output Shape              Param #   
=================================================================
 input_1 (InputLayer)        [(None, 1)]               0         
                                                                 
 dense (Dense)               (None, 32)                64        
                                                                 
 dense_1 (Dense)             (None, 32)                1056      
                                                                 
 dense_2 (Dense)             (None, 1)                 33        
                                                                 
=================================================================
Total params: 1153 (4.50 KB)
Trainable params: 1153 (4.50 KB)
Non-trainable params: 0 (0.00 Byte)
_________________________________________________________________
None
Model: "model_1"
_________________________________________________________________
 Layer (type)                Output Shape              Param #   
=================================================================
 input_2 (InputLayer)        [(None, 1)]               0         
                                                                 
 dense_3 (Dense)             (None, 32)                64        
                                                                 
 dense_4 (Dense)             (None, 32)                1056      
                                                                 
 dense_5 (Dense)             (None, 1)                 33        
                                                                 
=================================================================
Total params: 1153 (4.50 KB)
Trainable params: 1153 (4.50 KB)
Non-trainable params: 0 (0.00 Byte)
_________________________________________________________________
None
Model: "model_2"
_________________________________________________________________
 Layer (type)                Output Shape              Param #   
=================================================================
 input_3 (InputLayer)        [(None, 1)]               0         
                                                                 
 dense_6 (Dense)             (None, 32)                64        
                                                                 
 dense_7 (Dense)             (None, 32)                1056      
                                                                 
 dense_8 (Dense)             (None, 1)                 33        
                                                                 
=================================================================
Total params: 1153 (4.50 KB)
Trainable params: 1153 (4.50 KB)
Non-trainable params: 0 (0.00 Byte)
_________________________________________________________________
None
Model: "model_3"
_________________________________________________________________
 Layer (type)                Output Shape              Param #   
=================================================================
 input_4 (InputLayer)        [(None, 1)]               0         
                                                                 
 dense_9 (Dense)             (None, 32)                64        
                                                                 
 dense_10 (Dense)            (None, 32)                1056      
                                                                 
 dense_11 (Dense)            (None, 1)                 33        
                                                                 
=================================================================
Total params: 1153 (4.50 KB)
Trainable params: 1153 (4.50 KB)
Non-trainable params: 0 (0.00 Byte)
_________________________________________________________________
None
Model: "model_4"
_________________________________________________________________
 Layer (type)                Output Shape              Param #   
=================================================================
 input_5 (InputLayer)        [(None, 1)]               0         
                                                                 
 dense_12 (Dense)            (None, 32)                64        
                                                                 
 dense_13 (Dense)            (None, 32)                1056      
                                                                 
 dense_14 (Dense)            (None, 1)                 33        
                                                                 
=================================================================
Total params: 1153 (4.50 KB)
Trainable params: 1153 (4.50 KB)
Non-trainable params: 0 (0.00 Byte)
_________________________________________________________________
None
Model: "model_5"
_________________________________________________________________
 Layer (type)                Output Shape              Param #   
=================================================================
 input_6 (InputLayer)        [(None, 1)]               0         
                                                                 
 dense_15 (Dense)            (None, 32)                64        
                                                                 
 dense_16 (Dense)            (None, 32)                1056      
                                                                 
 dense_17 (Dense)            (None, 1)                 33        
                                                                 
=================================================================
Total params: 1153 (4.50 KB)
Trainable params: 1153 (4.50 KB)
Non-trainable params: 0 (0.00 Byte)
_________________________________________________________________
None
Model: "model_6"
_________________________________________________________________
 Layer (type)                Output Shape              Param #   
=================================================================
 input_7 (InputLayer)        [(None, 1)]               0         
                                                                 
 dense_18 (Dense)            (None, 32)                64        
                                                                 
 dense_19 (Dense)            (None, 32)                1056      
                                                                 
 dense_20 (Dense)            (None, 1)                 33        
                                                                 
=================================================================
Total params: 1153 (4.50 KB)
Trainable params: 1153 (4.50 KB)
Non-trainable params: 0 (0.00 Byte)
_________________________________________________________________
None
Model: "model_7"
_________________________________________________________________
 Layer (type)                Output Shape              Param #   
=================================================================
 input_8 (InputLayer)        [(None, 1)]               0         
                                                                 
 dense_21 (Dense)            (None, 32)                64        
                                                                 
 dense_22 (Dense)            (None, 32)                1056      
                                                                 
 dense_23 (Dense)            (None, 1)                 33        
                                                                 
=================================================================
Total params: 1153 (4.50 KB)
Trainable params: 1153 (4.50 KB)
Non-trainable params: 0 (0.00 Byte)
_________________________________________________________________
None
Model: "model_8"
_________________________________________________________________
 Layer (type)                Output Shape              Param #   
=================================================================
 input_9 (InputLayer)        [(None, 1)]               0         
                                                                 
 dense_24 (Dense)            (None, 32)                64        
                                                                 
 dense_25 (Dense)            (None, 32)                1056      
                                                                 
 dense_26 (Dense)            (None, 1)                 33        
                                                                 
=================================================================
Total params: 1153 (4.50 KB)
Trainable params: 1153 (4.50 KB)
Non-trainable params: 0 (0.00 Byte)
_________________________________________________________________
None
Model: "model_9"
_________________________________________________________________
 Layer (type)                Output Shape              Param #   
=================================================================
 input_10 (InputLayer)       [(None, 1)]               0         
                                                                 
 dense_27 (Dense)            (None, 32)                64        
                                                                 
 dense_28 (Dense)            (None, 32)                1056      
                                                                 
 dense_29 (Dense)            (None, 1)                 33        
                                                                 
=================================================================
Total params: 1153 (4.50 KB)
Trainable params: 1153 (4.50 KB)
Non-trainable params: 0 (0.00 Byte)
_________________________________________________________________
Keras Uncertainty will use standalone Keras backendNone
The results will be saved in results/sinus: first real try THRESHOLD_GREEDY tuned (1)
Time 5.78: used 16.67% of the points.
Time 5.81: used 17.00% of the points.
Time 5.83: used 17.33% of the points.
Time 5.86: used 17.67% of the points.
Time 5.89: used 18.00% of the points.
Time 5.91: used 18.33% of the points.
Time 5.94: used 18.67% of the points.
Time 5.96: used 19.00% of the points.
Time 5.99: used 19.33% of the points.
Time 6.02: used 19.67% of the points.
Time 6.04: used 20.00% of the points.
Time 6.07: used 20.33% of the points.
Time 6.10: used 20.67% of the points.
Time 6.12: used 21.00% of the points.
Time 6.15: used 21.33% of the points.
Time 6.17: used 21.67% of the points.
Time 6.20: used 22.00% of the points.
Time 6.23: used 22.33% of the points.
Time 6.25: used 22.67% of the points.
Time 6.28: used 23.00% of the points.
Time 6.30: used 23.33% of the points.
Time 6.33: used 23.67% of the points.
Time 6.36: used 24.00% of the points.
Time 6.38: used 24.33% of the points.
Time 6.41: used 24.67% of the points.
Time 6.43: used 25.00% of the points.
Time 6.46: used 25.33% of the points.
Time 6.49: used 25.67% of the points.
Time 6.51: used 26.00% of the points.
Time 6.54: used 26.33% of the points.
Time 6.56: used 26.67% of the points.
Time 6.59: used 27.00% of the points.
Time 6.62: used 27.33% of the points.
Time 6.64: used 27.67% of the points.
Time 6.67: used 28.00% of the points.
Time 6.69: used 28.33% of the points.
Time 6.72: used 28.67% of the points.
Time 6.75: used 29.00% of the points.
Time 6.78: used 29.33% of the points.
Time 6.80: used 29.67% of the points.
Time 6.83: used 30.00% of the points.
Time 6.85: used 30.33% of the points.
Time 6.88: used 30.67% of the points.
Time 6.91: used 31.00% of the points.
Time 6.93: used 31.33% of the points.
Time 6.96: used 31.67% of the points.
Time 6.98: used 32.00% of the points.
Time 7.01: used 32.33% of the points.
Time 7.04: used 32.67% of the points.
Time 7.06: used 33.00% of the points.
Time 7.09: used 33.33% of the points.
Time 7.11: used 33.67% of the points.
Time 7.14: used 34.00% of the points.
Time 7.17: used 34.33% of the points.
Time 7.19: used 34.67% of the points.
Time 7.22: used 35.00% of the points.
Time 7.24: used 35.33% of the points.
Time 7.27: used 35.67% of the points.
Time 7.30: used 36.00% of the points.
Time 7.32: used 36.33% of the points.
Time 7.35: used 36.67% of the points.
Time 7.38: used 37.00% of the points.
Time 7.40: used 37.33% of the points.
Time 7.43: used 37.67% of the points.
Time 7.45: used 38.00% of the points.
Time 7.48: used 38.33% of the points.
Time 7.51: used 38.67% of the points.
Time 7.53: used 39.00% of the points.
Time 7.56: used 39.33% of the points.
Time 7.59: used 39.67% of the points.
Time 7.61: used 40.00% of the points.
Time 7.64: used 40.33% of the points.
Time 7.66: used 40.67% of the points.
Time 7.69: used 41.00% of the points.
Time 7.72: used 41.33% of the points.
Time 7.74: used 41.67% of the points.
Time 7.77: used 42.00% of the points.
Time 9.25: used 42.33% of the points.
Time 10.64: used 42.67% of the points.
Time 12.10: used 43.00% of the points.
Time 12.13: used 43.33% of the points.
Time 12.15: used 43.67% of the points.
Time 12.18: used 44.00% of the points.
Time 12.21: used 44.33% of the points.
Time 12.23: used 44.67% of the points.
Time 12.26: used 45.00% of the points.
Time 12.28: used 45.33% of the points.
Time 12.31: used 45.67% of the points.
Time 12.34: used 46.00% of the points.
Time 12.36: used 46.33% of the points.
Time 12.39: used 46.67% of the points.
Time 12.41: used 47.00% of the points.
Time 12.44: used 47.33% of the points.
Time 12.47: used 47.67% of the points.
Time 12.49: used 48.00% of the points.
Time 12.52: used 48.33% of the points.
Time 12.55: used 48.67% of the points.
Time 12.57: used 49.00% of the points.
Time 12.60: used 49.33% of the points.
Time 14.04: used 49.67% of the points.
Time 15.42: used 50.00% of the points.
Time 16.87: used 50.33% of the points.
Time 16.90: used 50.67% of the points.
Time 16.92: used 51.00% of the points.
Time 16.95: used 51.33% of the points.
Time 16.98: used 51.67% of the points.
Time 17.00: used 52.00% of the points.
Time 17.03: used 52.33% of the points.
Time 18.34: used 52.67% of the points.
Time 19.72: used 53.00% of the points.
Time 21.14: used 53.33% of the points.
Time 21.16: used 53.67% of the points.
Time 21.19: used 54.00% of the points.
Time 21.22: used 54.33% of the points.
Time 21.24: used 54.67% of the points.
Time 21.27: used 55.00% of the points.
Time 21.30: used 55.33% of the points.
Time 21.32: used 55.67% of the points.
Time 21.35: used 56.00% of the points.
Time 21.38: used 56.33% of the points.
Time 21.40: used 56.67% of the points.
Time 21.43: used 57.00% of the points.
Time 21.45: used 57.33% of the points.
Time 21.48: used 57.67% of the points.
Time 21.51: used 58.00% of the points.
Time 21.53: used 58.33% of the points.
Time 23.31: used 58.67% of the points.
Time 23.34: used 59.00% of the points.
Time 23.36: used 59.33% of the points.
Time 25.64: used 59.67% of the points.
Time 27.11: used 60.00% of the points.
Time 28.85: used 60.33% of the points.
Time 31.16: used 60.67% of the points.
Time 33.46: used 61.00% of the points.
Time 37.02: used 61.33% of the points.
Time 39.67: used 61.67% of the points.
Time 42.33: used 62.00% of the points.
Time 44.54: used 62.33% of the points.
Time 46.65: used 62.67% of the points.
Time 48.16: used 63.00% of the points.
Time 50.10: used 63.33% of the points.
Time 51.68: used 63.67% of the points.
Time 53.53: used 64.00% of the points.
Time 54.90: used 64.33% of the points.
Time 56.45: used 64.67% of the points.
Time 57.90: used 65.00% of the points.
Time 59.49: used 65.33% of the points.
Time 60.90: used 65.67% of the points.
Time 60.93: used 66.00% of the points.
Time 60.95: used 66.33% of the points.
Time 62.35: used 66.67% of the points.
Time 63.66: used 67.00% of the points.
Time 65.22: used 67.33% of the points.
Time 66.64: used 67.67% of the points.
Time 68.21: used 68.00% of the points.
Time 69.72: used 68.33% of the points.
Time 70.89: used 68.67% of the points.
Time 72.34: used 69.00% of the points.
Time 73.76: used 69.33% of the points.
Time 75.20: used 69.67% of the points.
Time 76.69: used 70.00% of the points.
Time 78.27: used 70.33% of the points.
Time 79.86: used 70.67% of the points.
Time 81.19: used 71.00% of the points.
Time 82.80: used 71.33% of the points.
Time 84.10: used 71.67% of the points.
Time 85.81: used 72.00% of the points.
Time 87.12: used 72.33% of the points.
Time 88.59: used 72.67% of the points.
Time 89.94: used 73.00% of the points.
Time 91.48: used 73.33% of the points.
Time 93.10: used 73.67% of the points.
Time 94.61: used 74.00% of the points.
Time 96.00: used 74.33% of the points.
Time 97.50: used 74.67% of the points.
Time 99.07: used 75.00% of the points.
Time 100.66: used 75.33% of the points.
Time 102.22: used 75.67% of the points.
Time 104.31: used 76.00% of the points.
Time 106.36: used 76.33% of the points.
Time 108.47: used 76.67% of the points.
Time 110.46: used 77.00% of the points.
Time 112.26: used 77.33% of the points.
Time 114.27: used 77.67% of the points.
Time 116.10: used 78.00% of the points.
Time 118.20: used 78.33% of the points.
Time 119.88: used 78.67% of the points.
Time 122.43: used 79.00% of the points.
Time 124.90: used 79.33% of the points.
Time 127.05: used 79.67% of the points.
Time 130.20: used 80.00% of the points.
Time 134.54: used 80.33% of the points.
Time 136.92: used 80.67% of the points.
Time 139.46: used 81.00% of the points.
Time 142.21: used 81.33% of the points.
Time 146.91: used 81.67% of the points.
Time 150.26: used 82.00% of the points.
Time 154.68: used 82.33% of the points.
Time 159.01: used 82.67% of the points.
Time 161.88: used 83.00% of the points.
Time 165.85: used 83.33% of the points.
Time 169.02: used 83.67% of the points.
Time 171.45: used 84.00% of the points.
Time 174.02: used 84.33% of the points.
Time 176.68: used 84.67% of the points.
Time 179.41: used 85.00% of the points.
Time 181.62: used 85.33% of the points.
Time 183.41: used 85.67% of the points.
Time 188.69: used 86.00% of the points.
Time 191.77: used 86.33% of the points.
Time 193.80: used 86.67% of the points.
Time 195.74: used 87.00% of the points.
Time 198.46: used 87.33% of the points.
Time 200.36: used 87.67% of the points.
Time 201.69: used 88.00% of the points.
Time 204.18: used 88.33% of the points.
Time 205.80: used 88.67% of the points.
Time 207.26: used 89.00% of the points.
Time 208.60: used 89.33% of the points.
Time 210.73: used 89.67% of the points.
Time 212.26: used 90.00% of the points.
Time 214.85: used 90.33% of the points.
Time 216.42: used 90.67% of the points.
Time 218.38: used 91.00% of the points.
Time 219.92: used 91.33% of the points.
Time 221.34: used 91.67% of the points.
Time 222.93: used 92.00% of the points.
Time 224.35: used 92.33% of the points.
Time 225.76: used 92.67% of the points.
Time 227.19: used 93.00% of the points.
Time 228.85: used 93.33% of the points.
Time 230.22: used 93.67% of the points.
Time 231.81: used 94.00% of the points.
Time 233.52: used 94.33% of the points.
Time 235.00: used 94.67% of the points.
Time 236.82: used 95.00% of the points.
Time 238.49: used 95.33% of the points.
Time 240.18: used 95.67% of the points.
Time 241.90: used 96.00% of the points.
Time 243.96: used 96.33% of the points.
Time 245.95: used 96.67% of the points.
Time 248.16: used 97.00% of the points.
Time 250.26: used 97.33% of the points.
Time 251.98: used 97.67% of the points.
Time 253.58: used 98.00% of the points.
Time 255.74: used 98.33% of the points.
Time 259.31: used 98.67% of the points.
Time 261.91: used 99.00% of the points.
Time 264.74: used 99.33% of the points.
Time 267.42: used 99.67% of the points.
Time 1700891193.19: used 100.00% of the points.

The following have been reloaded with a version change:
  1) GCCcore/11.2.0 => GCCcore/12.2.0
  2) XZ/5.2.5-GCCcore-11.2.0 => XZ/5.2.7-GCCcore-12.2.0
  3) libreadline/8.1-GCCcore-11.2.0 => libreadline/8.2-GCCcore-12.2.0
  4) ncurses/6.2-GCCcore-11.2.0 => ncurses/6.3-GCCcore-12.2.0
  5) zlib/1.2.11-GCCcore-11.2.0 => zlib/1.2.12-GCCcore-12.2.0

