2023-11-28 10:28:16.731303: I external/local_tsl/tsl/cuda/cudart_stub.cc:31] Could not find cuda drivers on your machine, GPU will not be used.
2023-11-28 10:28:16.764377: E external/local_xla/xla/stream_executor/cuda/cuda_dnn.cc:9261] Unable to register cuDNN factory: Attempting to register factory for plugin cuDNN when one has already been registered
2023-11-28 10:28:16.764420: E external/local_xla/xla/stream_executor/cuda/cuda_fft.cc:607] Unable to register cuFFT factory: Attempting to register factory for plugin cuFFT when one has already been registered
2023-11-28 10:28:16.765609: E external/local_xla/xla/stream_executor/cuda/cuda_blas.cc:1515] Unable to register cuBLAS factory: Attempting to register factory for plugin cuBLAS when one has already been registered
2023-11-28 10:28:16.771619: I external/local_tsl/tsl/cuda/cudart_stub.cc:31] Could not find cuda drivers on your machine, GPU will not be used.
2023-11-28 10:28:16.771850: I tensorflow/core/platform/cpu_feature_guard.cc:182] This TensorFlow binary is optimized to use available CPU instructions in performance-critical operations.
To enable the following instructions: AVX2 FMA, in other operations, rebuild TensorFlow with the appropriate compiler flags.
2023-11-28 10:28:19.089381: W tensorflow/compiler/tf2tensorrt/utils/py_utils.cc:38] TF-TRT Warning: Could not find TensorRT
Reloading Tuner from hyperparams/Dagon try FIRO/tuner0.json
Dagon try FIRO
1387
Model: "model"
_________________________________________________________________
 Layer (type)                Output Shape              Param #   
=================================================================
 input_1 (InputLayer)        [(None, 6)]               0         
                                                                 
 dense (Dense)               (None, 16)                112       
                                                                 
 dense_1 (Dense)             (None, 16)                272       
                                                                 
 dense_2 (Dense)             (None, 3)                 51        
                                                                 
=================================================================
Total params: 435 (1.70 KB)
Trainable params: 435 (1.70 KB)
Non-trainable params: 0 (0.00 Byte)
_________________________________________________________________
None
Model: "model_1"
_________________________________________________________________
 Layer (type)                Output Shape              Param #   
=================================================================
 input_2 (InputLayer)        [(None, 6)]               0         
                                                                 
 dense_3 (Dense)             (None, 16)                112       
                                                                 
 dense_4 (Dense)             (None, 16)                272       
                                                                 
 dense_5 (Dense)             (None, 3)                 51        
                                                                 
=================================================================
Total params: 435 (1.70 KB)
Trainable params: 435 (1.70 KB)
Non-trainable params: 0 (0.00 Byte)
_________________________________________________________________
None
Model: "model_2"
_________________________________________________________________
 Layer (type)                Output Shape              Param #   
=================================================================
 input_3 (InputLayer)        [(None, 6)]               0         
                                                                 
 dense_6 (Dense)             (None, 16)                112       
                                                                 
 dense_7 (Dense)             (None, 16)                272       
                                                                 
 dense_8 (Dense)             (None, 3)                 51        
                                                                 
=================================================================
Total params: 435 (1.70 KB)
Trainable params: 435 (1.70 KB)
Non-trainable params: 0 (0.00 Byte)
_________________________________________________________________
None
Model: "model_3"
_________________________________________________________________
 Layer (type)                Output Shape              Param #   
=================================================================
 input_4 (InputLayer)        [(None, 6)]               0         
                                                                 
 dense_9 (Dense)             (None, 16)                112       
                                                                 
 dense_10 (Dense)            (None, 16)                272       
                                                                 
 dense_11 (Dense)            (None, 3)                 51        
                                                                 
=================================================================
Total params: 435 (1.70 KB)
Trainable params: 435 (1.70 KB)
Non-trainable params: 0 (0.00 Byte)
_________________________________________________________________
None
Model: "model_4"
_________________________________________________________________
 Layer (type)                Output Shape              Param #   
=================================================================
 input_5 (InputLayer)        [(None, 6)]               0         
                                                                 
 dense_12 (Dense)            (None, 16)                112       
                                                                 
 dense_13 (Dense)            (None, 16)                272       
                                                                 
 dense_14 (Dense)            (None, 3)                 51        
                                                                 
=================================================================
Total params: 435 (1.70 KB)
Trainable params: 435 (1.70 KB)
Non-trainable params: 0 (0.00 Byte)
_________________________________________________________________
None
Model: "model_5"
_________________________________________________________________
 Layer (type)                Output Shape              Param #   
=================================================================
 input_6 (InputLayer)        [(None, 6)]               0         
                                                                 
 dense_15 (Dense)            (None, 16)                112       
                                                                 
 dense_16 (Dense)            (None, 16)                272       
                                                                 
 dense_17 (Dense)            (None, 3)                 51        
                                                                 
=================================================================
Total params: 435 (1.70 KB)
Trainable params: 435 (1.70 KB)
Non-trainable params: 0 (0.00 Byte)
_________________________________________________________________
None
Model: "model_6"
_________________________________________________________________
 Layer (type)                Output Shape              Param #   
=================================================================
 input_7 (InputLayer)        [(None, 6)]               0         
                                                                 
 dense_18 (Dense)            (None, 16)                112       
                                                                 
 dense_19 (Dense)            (None, 16)                272       
                                                                 
 dense_20 (Dense)            (None, 3)                 51        
                                                                 
=================================================================
Total params: 435 (1.70 KB)
Trainable params: 435 (1.70 KB)
Non-trainable params: 0 (0.00 Byte)
_________________________________________________________________
None
Model: "model_7"
_________________________________________________________________
 Layer (type)                Output Shape              Param #   
=================================================================
 input_8 (InputLayer)        [(None, 6)]               0         
                                                                 
 dense_21 (Dense)            (None, 16)                112       
                                                                 
 dense_22 (Dense)            (None, 16)                272       
                                                                 
 dense_23 (Dense)            (None, 3)                 51        
                                                                 
=================================================================
Total params: 435 (1.70 KB)
Trainable params: 435 (1.70 KB)
Non-trainable params: 0 (0.00 Byte)
_________________________________________________________________
None
Model: "model_8"
_________________________________________________________________
 Layer (type)                Output Shape              Param #   
=================================================================
 input_9 (InputLayer)        [(None, 6)]               0         
                                                                 
 dense_24 (Dense)            (None, 16)                112       
                                                                 
 dense_25 (Dense)            (None, 16)                272       
                                                                 
 dense_26 (Dense)            (None, 3)                 51        
                                                                 
=================================================================
Total params: 435 (1.70 KB)
Trainable params: 435 (1.70 KB)
Non-trainable params: 0 (0.00 Byte)
_________________________________________________________________
None
Model: "model_9"
_________________________________________________________________
 Layer (type)                Output Shape              Param #   
=================================================================
 input_10 (InputLayer)       [(None, 6)]               0         
                                                                 
 dense_27 (Dense)            (None, 16)                112       
                                                                 
 dense_28 (Dense)            (None, 16)                272       
                                                                 
 dense_29 (Dense)            (None, 3)                 51        
                                                                 
=================================================================
Total params: 435 (1.70 KB)
Trainable params: 435 (1.70 KB)
Non-trainable params: 0 (0.00 Byte)
_________________________________________________________________
Keras Uncertainty will use standalone Keras backendNone
The results will be saved in results/Dagon try FIRO tuned (0)
Time 33.59: used 7.21% of the points.
Time 40.93: used 7.28% of the points.
Time 47.90: used 7.35% of the points.
Time 55.42: used 7.43% of the points.
Time 61.35: used 7.50% of the points.
Time 67.83: used 7.57% of the points.
Time 74.02: used 7.64% of the points.
Time 81.52: used 7.71% of the points.
Time 87.24: used 7.79% of the points.
Time 93.21: used 7.86% of the points.
Time 99.40: used 7.93% of the points.
Time 107.49: used 8.00% of the points.
Time 113.15: used 8.07% of the points.
Time 120.59: used 8.15% of the points.
Time 127.48: used 8.22% of the points.
Time 133.34: used 8.29% of the points.
Time 139.89: used 8.36% of the points.
Time 147.22: used 8.44% of the points.
Time 154.01: used 8.51% of the points.
Time 161.96: used 8.58% of the points.
Time 168.23: used 8.65% of the points.
Time 175.48: used 8.72% of the points.
Time 182.05: used 8.80% of the points.
Time 188.51: used 8.87% of the points.
Time 196.05: used 8.94% of the points.
Time 203.77: used 9.01% of the points.
Time 212.80: used 9.08% of the points.
Time 220.94: used 9.16% of the points.
Time 229.50: used 9.23% of the points.
Time 235.61: used 9.30% of the points.
Time 241.12: used 9.37% of the points.
Time 247.32: used 9.44% of the points.
Time 254.33: used 9.52% of the points.
Time 262.28: used 9.59% of the points.
Time 271.32: used 9.66% of the points.
Time 279.59: used 9.73% of the points.
Time 287.16: used 9.81% of the points.
Time 295.98: used 9.88% of the points.
Time 305.13: used 9.95% of the points.
Time 312.78: used 10.02% of the points.
Time 322.52: used 10.09% of the points.
Time 331.80: used 10.17% of the points.
Time 338.14: used 10.24% of the points.
Time 345.86: used 10.31% of the points.
Time 352.97: used 10.38% of the points.
Time 360.47: used 10.45% of the points.
Time 368.02: used 10.53% of the points.
Time 375.13: used 10.60% of the points.
Time 382.60: used 10.67% of the points.
Time 389.12: used 10.74% of the points.
Time 394.68: used 10.81% of the points.
Time 400.38: used 10.89% of the points.
Time 407.42: used 10.96% of the points.
Time 414.77: used 11.03% of the points.
Time 420.75: used 11.10% of the points.
Time 426.87: used 11.18% of the points.
Time 432.45: used 11.25% of the points.
Time 438.80: used 11.32% of the points.
Time 444.58: used 11.39% of the points.
Time 450.92: used 11.46% of the points.
Time 456.29: used 11.54% of the points.
Time 463.22: used 11.61% of the points.
Time 469.04: used 11.68% of the points.
Time 475.94: used 11.75% of the points.
Time 481.31: used 11.82% of the points.
Time 487.55: used 11.90% of the points.
Time 494.49: used 11.97% of the points.
Time 501.43: used 12.04% of the points.
Time 508.67: used 12.11% of the points.
Time 515.26: used 12.18% of the points.
Time 521.28: used 12.26% of the points.
Time 528.50: used 12.33% of the points.
Time 536.15: used 12.40% of the points.
Time 544.22: used 12.47% of the points.
Time 549.92: used 12.55% of the points.
Time 557.53: used 12.62% of the points.
Time 564.47: used 12.69% of the points.
Time 571.30: used 12.76% of the points.
Time 577.74: used 12.83% of the points.
Time 584.41: used 12.91% of the points.
Time 590.48: used 12.98% of the points.
Time 596.46: used 13.05% of the points.
Time 601.92: used 13.12% of the points.
Time 608.31: used 13.19% of the points.
Time 613.78: used 13.27% of the points.
Time 620.66: used 13.34% of the points.
Time 625.97: used 13.41% of the points.
Time 630.99: used 13.48% of the points.
Time 637.74: used 13.55% of the points.
Time 644.05: used 13.63% of the points.
Time 649.98: used 13.70% of the points.
Time 655.19: used 13.77% of the points.
Time 660.81: used 13.84% of the points.
Time 665.89: used 13.91% of the points.
Time 672.90: used 13.99% of the points.
Time 678.83: used 14.06% of the points.
Time 685.29: used 14.13% of the points.
Time 691.38: used 14.20% of the points.
Time 697.01: used 14.28% of the points.
Time 703.39: used 14.35% of the points.
Time 709.57: used 14.42% of the points.
Time 718.05: used 14.49% of the points.
Time 724.61: used 14.56% of the points.
Time 733.13: used 14.64% of the points.
Time 739.15: used 14.71% of the points.
Time 745.93: used 14.78% of the points.
Time 754.34: used 14.85% of the points.
Time 760.57: used 14.92% of the points.
Time 768.55: used 15.00% of the points.
Time 775.19: used 15.07% of the points.
Time 781.94: used 15.14% of the points.
Time 789.28: used 15.21% of the points.
Time 796.04: used 15.28% of the points.
Time 802.03: used 15.36% of the points.
Time 807.27: used 15.43% of the points.
Time 814.27: used 15.50% of the points.
Time 820.57: used 15.57% of the points.
Time 827.49: used 15.65% of the points.
Time 834.61: used 15.72% of the points.
Time 840.40: used 15.79% of the points.
Time 847.14: used 15.86% of the points.
Time 853.80: used 15.93% of the points.
Time 859.27: used 16.01% of the points.
Time 864.86: used 16.08% of the points.
Time 871.22: used 16.15% of the points.
Time 877.41: used 16.22% of the points.
Time 884.13: used 16.29% of the points.
Time 891.28: used 16.37% of the points.
Time 899.08: used 16.44% of the points.
Time 904.86: used 16.51% of the points.
Time 912.88: used 16.58% of the points.
Time 919.04: used 16.65% of the points.
Time 924.13: used 16.73% of the points.
Time 929.76: used 16.80% of the points.
Time 935.83: used 16.87% of the points.
Time 942.82: used 16.94% of the points.
Time 949.48: used 17.02% of the points.
Time 957.28: used 17.09% of the points.
Time 963.60: used 17.16% of the points.
Time 970.60: used 17.23% of the points.
Time 976.51: used 17.30% of the points.
Time 981.64: used 17.38% of the points.
Time 988.29: used 17.45% of the points.
Time 994.02: used 17.52% of the points.
Time 1000.69: used 17.59% of the points.
Time 1008.34: used 17.66% of the points.
Time 1013.95: used 17.74% of the points.
Time 1020.12: used 17.81% of the points.
Time 1026.39: used 17.88% of the points.
Time 1033.37: used 17.95% of the points.
Time 1038.80: used 18.02% of the points.
Time 1045.24: used 18.10% of the points.
Time 1051.80: used 18.17% of the points.
Time 1057.87: used 18.24% of the points.
Time 1065.17: used 18.31% of the points.
Time 1071.14: used 18.39% of the points.
Time 1078.39: used 18.46% of the points.
Time 1084.37: used 18.53% of the points.
Time 1090.50: used 18.60% of the points.
Time 1097.78: used 18.67% of the points.
Time 1104.66: used 18.75% of the points.
Time 1111.44: used 18.82% of the points.
Time 1116.62: used 18.89% of the points.
Time 1122.74: used 18.96% of the points.
Time 1128.33: used 19.03% of the points.
Time 1134.80: used 19.11% of the points.
Time 1142.61: used 19.18% of the points.
Time 1149.95: used 19.25% of the points.
Time 1158.10: used 19.32% of the points.
Time 1164.91: used 19.39% of the points.
Time 1171.16: used 19.47% of the points.
Time 1177.39: used 19.54% of the points.
Time 1186.73: used 19.61% of the points.
Time 1192.30: used 19.68% of the points.
Time 1201.33: used 19.75% of the points.
Time 1208.76: used 19.83% of the points.
Time 1216.23: used 19.90% of the points.
Time 1222.83: used 19.97% of the points.
Time 1230.32: used 20.04% of the points.
Time 1236.84: used 20.12% of the points.
Time 1242.82: used 20.19% of the points.
Time 1250.95: used 20.26% of the points.
Time 1256.22: used 20.33% of the points.
Time 1262.20: used 20.40% of the points.
Time 1269.25: used 20.48% of the points.
Time 1274.65: used 20.55% of the points.
Time 1280.55: used 20.62% of the points.
Time 1287.21: used 20.69% of the points.
Time 1293.43: used 20.76% of the points.
Time 1298.64: used 20.84% of the points.
Time 1305.53: used 20.91% of the points.
Time 1311.29: used 20.98% of the points.
Time 1317.10: used 21.05% of the points.
Time 1324.76: used 21.12% of the points.
Time 1331.16: used 21.20% of the points.
Time 1336.64: used 21.27% of the points.
Time 1345.23: used 21.34% of the points.
Time 1351.38: used 21.41% of the points.
Time 1356.36: used 21.49% of the points.
Time 1362.16: used 21.56% of the points.
Time 1367.80: used 21.63% of the points.
Time 1373.63: used 21.70% of the points.
Time 1379.83: used 21.77% of the points.
Time 1384.65: used 21.85% of the points.
Time 1390.18: used 21.92% of the points.
Time 1395.33: used 21.99% of the points.
Time 1399.86: used 22.06% of the points.
Time 1405.38: used 22.13% of the points.
Time 1411.67: used 22.21% of the points.
Time 1416.90: used 22.28% of the points.
Time 1422.80: used 22.35% of the points.
Time 1429.95: used 22.42% of the points.
Time 1436.46: used 22.49% of the points.
Time 1443.19: used 22.57% of the points.
Time 1448.77: used 22.64% of the points.
Time 1454.37: used 22.71% of the points.
Time 1459.53: used 22.78% of the points.
Time 1467.20: used 22.86% of the points.
Time 1474.95: used 22.93% of the points.
Time 1480.85: used 23.00% of the points.
Time 1487.09: used 23.07% of the points.
Time 1493.96: used 23.14% of the points.
Time 1501.26: used 23.22% of the points.
Time 1508.13: used 23.29% of the points.
Time 1515.53: used 23.36% of the points.
Time 1522.17: used 23.43% of the points.
Time 1531.41: used 23.50% of the points.
Time 1538.46: used 23.58% of the points.
Time 1544.27: used 23.65% of the points.
Time 1553.41: used 23.72% of the points.
Time 1558.59: used 23.79% of the points.
Time 1564.86: used 23.86% of the points.
Time 1571.89: used 23.94% of the points.
Time 1577.30: used 24.01% of the points.
Time 1582.75: used 24.08% of the points.
Time 1588.84: used 24.15% of the points.
Time 1596.16: used 24.22% of the points.
Time 1600.86: used 24.30% of the points.
Time 1607.87: used 24.37% of the points.
Time 1614.62: used 24.44% of the points.
Time 1620.83: used 24.51% of the points.
Time 1627.77: used 24.59% of the points.
Time 1633.42: used 24.66% of the points.
Time 1639.51: used 24.73% of the points.
Time 1646.39: used 24.80% of the points.
Time 1652.36: used 24.87% of the points.
Time 1658.96: used 24.95% of the points.
Time 1665.76: used 25.02% of the points.
Time 1672.31: used 25.09% of the points.
Time 1678.66: used 25.16% of the points.
Time 1686.42: used 25.23% of the points.
Time 1693.65: used 25.31% of the points.
Time 1700.89: used 25.38% of the points.
Time 1710.55: used 25.45% of the points.
Time 1718.43: used 25.52% of the points.
Time 1725.75: used 25.59% of the points.
Time 1733.11: used 25.67% of the points.
Time 1739.28: used 25.74% of the points.
Time 1746.03: used 25.81% of the points.
Time 1752.69: used 25.88% of the points.
Time 1759.19: used 25.96% of the points.
Time 1765.77: used 26.03% of the points.
Time 1771.12: used 26.10% of the points.
Time 1776.09: used 26.17% of the points.
Time 1782.76: used 26.24% of the points.
Time 1789.18: used 26.32% of the points.
Time 1795.11: used 26.39% of the points.
Time 1800.98: used 26.46% of the points.
Time 1808.85: used 26.53% of the points.
Time 1815.91: used 26.60% of the points.
Time 1823.87: used 26.68% of the points.
Time 1831.65: used 26.75% of the points.
Time 1837.44: used 26.82% of the points.
Time 1843.78: used 26.89% of the points.
Time 1849.95: used 26.96% of the points.
Time 1855.96: used 27.04% of the points.
Time 1861.35: used 27.11% of the points.
Time 1868.13: used 27.18% of the points.
Time 1873.90: used 27.25% of the points.
Time 1879.48: used 27.33% of the points.
Time 1886.73: used 27.40% of the points.
Time 1893.45: used 27.47% of the points.
Time 1899.82: used 27.54% of the points.
Time 1905.66: used 27.61% of the points.
Time 1911.91: used 27.69% of the points.
Time 1918.70: used 27.76% of the points.
Time 1925.35: used 27.83% of the points.
Time 1933.13: used 27.90% of the points.
Time 1938.82: used 27.97% of the points.
Time 1947.07: used 28.05% of the points.
Time 1954.54: used 28.12% of the points.
Time 1961.15: used 28.19% of the points.
Time 1967.78: used 28.26% of the points.
Time 1975.06: used 28.33% of the points.
Time 1982.86: used 28.41% of the points.
Time 1992.91: used 28.48% of the points.
Time 2000.33: used 28.55% of the points.
Time 2007.93: used 28.62% of the points.
Time 2015.09: used 28.70% of the points.
Time 2020.02: used 28.77% of the points.
Time 2028.38: used 28.84% of the points.
Time 2035.31: used 28.91% of the points.
Time 2041.92: used 28.98% of the points.
Time 2048.55: used 29.06% of the points.
Time 2056.18: used 29.13% of the points.
Time 2062.41: used 29.20% of the points.
Time 2069.56: used 29.27% of the points.
Time 2075.32: used 29.34% of the points.
Time 2082.05: used 29.42% of the points.
Time 2088.56: used 29.49% of the points.
Time 2095.53: used 29.56% of the points.
Time 2102.84: used 29.63% of the points.
Time 2109.04: used 29.70% of the points.
Time 2115.98: used 29.78% of the points.
Time 2121.68: used 29.85% of the points.
Time 2127.30: used 29.92% of the points.
Time 2133.37: used 29.99% of the points.
Time 2139.54: used 30.06% of the points.
Time 2145.44: used 30.14% of the points.
Time 2152.11: used 30.21% of the points.
Time 2157.95: used 30.28% of the points.
Time 2163.61: used 30.35% of the points.
Time 2170.60: used 30.43% of the points.
Time 2178.85: used 30.50% of the points.
Time 2185.01: used 30.57% of the points.
Time 2192.90: used 30.64% of the points.
Time 2198.93: used 30.71% of the points.
Time 2204.59: used 30.79% of the points.
Time 2212.20: used 30.86% of the points.
Time 2220.31: used 30.93% of the points.
Time 2225.17: used 31.00% of the points.
Time 2232.34: used 31.07% of the points.
Time 2238.81: used 31.15% of the points.
Time 2245.81: used 31.22% of the points.
Time 2252.62: used 31.29% of the points.
Time 2258.60: used 31.36% of the points.
Time 2265.93: used 31.43% of the points.
Time 2273.11: used 31.51% of the points.
Time 2279.06: used 31.58% of the points.
Time 2284.66: used 31.65% of the points.
Time 2294.14: used 31.72% of the points.
Time 2301.66: used 31.80% of the points.
Time 2309.92: used 31.87% of the points.
Time 2318.14: used 31.94% of the points.
Time 2324.87: used 32.01% of the points.
Time 2331.48: used 32.08% of the points.
Time 2337.84: used 32.16% of the points.
Time 2343.72: used 32.23% of the points.
Time 2350.54: used 32.30% of the points.
Time 2356.92: used 32.37% of the points.
Time 2363.80: used 32.44% of the points.
Time 2369.10: used 32.52% of the points.
Time 2375.02: used 32.59% of the points.
Time 2380.41: used 32.66% of the points.
Time 2386.16: used 32.73% of the points.
Time 2391.85: used 32.80% of the points.
Time 2397.36: used 32.88% of the points.
Time 2403.37: used 32.95% of the points.
Time 2408.70: used 33.02% of the points.
Time 2414.41: used 33.09% of the points.
Time 2420.41: used 33.17% of the points.
Time 2426.24: used 33.24% of the points.
Time 2433.79: used 33.31% of the points.
Time 2440.35: used 33.38% of the points.
Time 2447.08: used 33.45% of the points.
Time 2454.64: used 33.53% of the points.
Time 2460.82: used 33.60% of the points.
Time 2466.32: used 33.67% of the points.
Time 2471.96: used 33.74% of the points.
Time 2478.67: used 33.81% of the points.
Time 2484.68: used 33.89% of the points.
Time 2491.27: used 33.96% of the points.
Time 2496.75: used 34.03% of the points.
Time 2503.33: used 34.10% of the points.
Time 2509.27: used 34.17% of the points.
Time 2514.76: used 34.25% of the points.
Time 2521.36: used 34.32% of the points.
Time 2526.60: used 34.39% of the points.
Time 2532.67: used 34.46% of the points.
Time 2539.03: used 34.53% of the points.
Time 2545.22: used 34.61% of the points.
Time 2551.41: used 34.68% of the points.
Time 2557.97: used 34.75% of the points.
Time 2564.75: used 34.82% of the points.
Time 2571.60: used 34.90% of the points.
Time 2579.26: used 34.97% of the points.
Time 2585.41: used 35.04% of the points.
Time 2592.13: used 35.11% of the points.
Time 2599.28: used 35.18% of the points.
Time 2605.73: used 35.26% of the points.
Time 2612.62: used 35.33% of the points.
Time 2618.62: used 35.40% of the points.
Time 2624.64: used 35.47% of the points.
Time 2630.87: used 35.54% of the points.
Time 2640.68: used 35.62% of the points.
Time 2648.95: used 35.69% of the points.
Time 2656.67: used 35.76% of the points.
Time 2663.86: used 35.83% of the points.
Time 2669.54: used 35.90% of the points.
Time 2675.59: used 35.98% of the points.
Time 2683.17: used 36.05% of the points.
Time 2688.77: used 36.12% of the points.
Time 2694.80: used 36.19% of the points.
Time 2700.98: used 36.27% of the points.
Time 2707.47: used 36.34% of the points.
Time 2713.88: used 36.41% of the points.
Time 2720.49: used 36.48% of the points.
Time 2726.87: used 36.55% of the points.
Time 2733.39: used 36.63% of the points.
Time 2740.94: used 36.70% of the points.
Time 2746.83: used 36.77% of the points.
Time 2752.68: used 36.84% of the points.
Time 2760.37: used 36.91% of the points.
Time 2767.64: used 36.99% of the points.
Time 2774.42: used 37.06% of the points.
Time 2782.06: used 37.13% of the points.
Time 2788.75: used 37.20% of the points.
Time 2794.63: used 37.27% of the points.
Time 2800.91: used 37.35% of the points.
Time 2807.77: used 37.42% of the points.
Time 2814.93: used 37.49% of the points.
Time 2821.71: used 37.56% of the points.
Time 2827.67: used 37.64% of the points.
Time 2833.55: used 37.71% of the points.
Time 2839.98: used 37.78% of the points.
Time 2846.03: used 37.85% of the points.
Time 2851.84: used 37.92% of the points.
Time 2856.97: used 38.00% of the points.
Time 2863.09: used 38.07% of the points.
Time 2868.48: used 38.14% of the points.
Time 2874.84: used 38.21% of the points.
Time 2879.49: used 38.28% of the points.
Time 2883.86: used 38.36% of the points.
Time 2890.84: used 38.43% of the points.
Time 2895.26: used 38.50% of the points.
Time 2899.91: used 38.57% of the points.
Time 2904.56: used 38.64% of the points.
Time 2909.73: used 38.72% of the points.
Time 2915.75: used 38.79% of the points.
Time 2921.33: used 38.86% of the points.
Time 2928.06: used 38.93% of the points.
Time 2934.15: used 39.01% of the points.
Time 2939.84: used 39.08% of the points.
Time 2946.23: used 39.15% of the points.
Time 2951.96: used 39.22% of the points.
Time 2957.31: used 39.29% of the points.
Time 2962.21: used 39.37% of the points.
Time 2968.18: used 39.44% of the points.
Time 2974.94: used 39.51% of the points.
Time 2981.61: used 39.58% of the points.
Time 2987.17: used 39.65% of the points.
Time 2994.63: used 39.73% of the points.
Time 3001.08: used 39.80% of the points.
Time 3006.87: used 39.87% of the points.
Time 3014.63: used 39.94% of the points.
Time 3021.10: used 40.01% of the points.
Time 3026.89: used 40.09% of the points.
Time 3033.50: used 40.16% of the points.
Time 3039.71: used 40.23% of the points.
Time 3047.40: used 40.30% of the points.
Time 3053.96: used 40.37% of the points.
Time 3059.27: used 40.45% of the points.
Time 3066.10: used 40.52% of the points.
Time 3073.33: used 40.59% of the points.
Time 3078.82: used 40.66% of the points.
Time 3086.56: used 40.74% of the points.
Time 3093.26: used 40.81% of the points.
Time 3099.95: used 40.88% of the points.
Time 3105.97: used 40.95% of the points.
Time 3112.22: used 41.02% of the points.
Time 3118.65: used 41.10% of the points.
Time 3124.22: used 41.17% of the points.
Time 3131.54: used 41.24% of the points.
Time 3137.93: used 41.31% of the points.
Time 3143.54: used 41.38% of the points.
Time 3151.75: used 41.46% of the points.
Time 3158.97: used 41.53% of the points.
Time 3165.09: used 41.60% of the points.
Time 3171.23: used 41.67% of the points.
Time 3178.43: used 41.74% of the points.
Time 3185.97: used 41.82% of the points.
Time 3194.19: used 41.89% of the points.
Time 3203.08: used 41.96% of the points.
Time 3211.04: used 42.03% of the points.
Time 3218.04: used 42.11% of the points.
Time 3225.23: used 42.18% of the points.
Time 3232.54: used 42.25% of the points.
Time 3239.32: used 42.32% of the points.
Time 3246.12: used 42.39% of the points.
Time 3251.52: used 42.47% of the points.
Time 3258.99: used 42.54% of the points.
Time 3265.38: used 42.61% of the points.
Time 3273.37: used 42.68% of the points.
Time 3280.27: used 42.75% of the points.
Time 3287.16: used 42.83% of the points.
Time 3294.29: used 42.90% of the points.
Time 3302.30: used 42.97% of the points.
Time 3309.70: used 43.04% of the points.
Time 3317.98: used 43.11% of the points.
Time 3326.90: used 43.19% of the points.
Time 3334.22: used 43.26% of the points.
Time 3340.96: used 43.33% of the points.
Time 3346.81: used 43.40% of the points.
Time 3352.45: used 43.48% of the points.
Time 3359.28: used 43.55% of the points.
Time 3364.70: used 43.62% of the points.
Time 3371.62: used 43.69% of the points.
Time 3377.31: used 43.76% of the points.
Time 3382.84: used 43.84% of the points.
Time 3389.53: used 43.91% of the points.
Time 3394.60: used 43.98% of the points.
Time 3401.27: used 44.05% of the points.
Time 3407.07: used 44.12% of the points.
Time 3413.74: used 44.20% of the points.
Time 3419.36: used 44.27% of the points.
Time 3425.06: used 44.34% of the points.
Time 3430.62: used 44.41% of the points.
Time 3436.81: used 44.48% of the points.
Time 3444.19: used 44.56% of the points.
Time 3448.90: used 44.63% of the points.
Time 3455.49: used 44.70% of the points.
Time 3462.49: used 44.77% of the points.
Time 3469.64: used 44.84% of the points.
Time 3476.06: used 44.92% of the points.
Time 3481.24: used 44.99% of the points.
Time 3487.54: used 45.06% of the points.
Time 3493.96: used 45.13% of the points.
Time 3500.28: used 45.21% of the points.
Time 3506.22: used 45.28% of the points.
Time 3513.66: used 45.35% of the points.
Time 3519.95: used 45.42% of the points.
Time 3525.98: used 45.49% of the points.
Time 3534.11: used 45.57% of the points.
Time 3539.92: used 45.64% of the points.
Time 3545.36: used 45.71% of the points.
Time 3551.04: used 45.78% of the points.
Time 3557.57: used 45.85% of the points.
Time 3562.82: used 45.93% of the points.
Time 3569.89: used 46.00% of the points.
Time 3575.83: used 46.07% of the points.
Time 3581.68: used 46.14% of the points.
Time 3587.03: used 46.21% of the points.
Time 3592.61: used 46.29% of the points.
Time 3599.01: used 46.36% of the points.
Time 3603.96: used 46.43% of the points.
Time 3609.17: used 46.50% of the points.
Time 3615.10: used 46.58% of the points.
Time 3619.98: used 46.65% of the points.
Time 3624.78: used 46.72% of the points.
Time 3630.43: used 46.79% of the points.
Time 3636.36: used 46.86% of the points.
Time 3642.46: used 46.94% of the points.
Time 3648.20: used 47.01% of the points.
Time 3653.19: used 47.08% of the points.
Time 3659.59: used 47.15% of the points.
Time 3665.04: used 47.22% of the points.
Time 3672.47: used 47.30% of the points.
Time 3678.54: used 47.37% of the points.
Time 3683.90: used 47.44% of the points.
Time 3690.40: used 47.51% of the points.
Time 3697.50: used 47.58% of the points.
Time 3702.89: used 47.66% of the points.
Time 3708.95: used 47.73% of the points.
Time 3714.16: used 47.80% of the points.
Time 3720.05: used 47.87% of the points.
Time 3726.52: used 47.95% of the points.
Time 3732.01: used 48.02% of the points.
Time 3738.07: used 48.09% of the points.
Time 3744.06: used 48.16% of the points.
Time 3749.48: used 48.23% of the points.
Time 3755.27: used 48.31% of the points.
Time 3761.45: used 48.38% of the points.
Time 3768.02: used 48.45% of the points.
Time 3775.50: used 48.52% of the points.
Time 3782.19: used 48.59% of the points.
Time 3788.13: used 48.67% of the points.
Time 3793.51: used 48.74% of the points.
Time 3799.54: used 48.81% of the points.
Time 3804.88: used 48.88% of the points.
Time 3810.43: used 48.95% of the points.
Time 3816.56: used 49.03% of the points.
Time 3821.80: used 49.10% of the points.
Time 3827.70: used 49.17% of the points.
Time 3833.53: used 49.24% of the points.
Time 3839.49: used 49.32% of the points.
Time 3846.21: used 49.39% of the points.
Time 3852.61: used 49.46% of the points.
Time 3859.03: used 49.53% of the points.
Time 3866.15: used 49.60% of the points.
Time 3872.01: used 49.68% of the points.
Time 3877.38: used 49.75% of the points.
Time 3883.75: used 49.82% of the points.
Time 3890.04: used 49.89% of the points.
Time 3896.32: used 49.96% of the points.
Time 3902.12: used 50.04% of the points.
Time 3908.04: used 50.11% of the points.
Time 3914.00: used 50.18% of the points.
Time 3921.00: used 50.25% of the points.
Time 3927.89: used 50.32% of the points.
Time 3933.05: used 50.40% of the points.
Time 3939.29: used 50.47% of the points.
Time 3945.28: used 50.54% of the points.
Time 3951.01: used 50.61% of the points.
Time 3958.06: used 50.68% of the points.
Time 3965.88: used 50.76% of the points.
Time 3971.49: used 50.83% of the points.
Time 3977.70: used 50.90% of the points.
Time 3983.01: used 50.97% of the points.
Time 3988.98: used 51.05% of the points.
Time 3995.18: used 51.12% of the points.
Time 4001.63: used 51.19% of the points.
Time 4009.20: used 51.26% of the points.
Time 4014.99: used 51.33% of the points.
Time 4022.25: used 51.41% of the points.
Time 4027.78: used 51.48% of the points.
Time 4033.73: used 51.55% of the points.
Time 4039.25: used 51.62% of the points.
Time 4046.67: used 51.69% of the points.
Time 4052.30: used 51.77% of the points.
Time 4058.90: used 51.84% of the points.
Time 4064.70: used 51.91% of the points.
Time 4070.62: used 51.98% of the points.
Time 4076.58: used 52.05% of the points.
Time 4082.35: used 52.13% of the points.
Time 4088.62: used 52.20% of the points.
Time 4096.09: used 52.27% of the points.
Time 4103.22: used 52.34% of the points.
Time 4108.21: used 52.42% of the points.
Time 4115.49: used 52.49% of the points.
Time 4121.08: used 52.56% of the points.
Time 4128.07: used 52.63% of the points.
Time 4135.29: used 52.70% of the points.
Time 4141.49: used 52.78% of the points.
Time 4148.00: used 52.85% of the points.
Time 4154.28: used 52.92% of the points.
Time 4159.81: used 52.99% of the points.
Time 4165.54: used 53.06% of the points.
Time 4171.81: used 53.14% of the points.
Time 4179.83: used 53.21% of the points.
Time 4185.81: used 53.28% of the points.
Time 4192.81: used 53.35% of the points.
Time 4199.57: used 53.42% of the points.
Time 4205.18: used 53.50% of the points.
Time 4210.70: used 53.57% of the points.
Time 4216.23: used 53.64% of the points.
Time 4222.28: used 53.71% of the points.
Time 4229.66: used 53.79% of the points.
Time 4236.74: used 53.86% of the points.
Time 4244.16: used 53.93% of the points.
Time 4251.11: used 54.00% of the points.
Time 4258.17: used 54.07% of the points.
Time 4264.38: used 54.15% of the points.
Time 4276.13: used 54.22% of the points.
Time 4283.36: used 54.29% of the points.
Time 4289.83: used 54.36% of the points.
Time 4296.17: used 54.43% of the points.
Time 4302.17: used 54.51% of the points.
Time 4309.04: used 54.58% of the points.
Time 4315.62: used 54.65% of the points.
Time 4320.81: used 54.72% of the points.
Time 4326.77: used 54.79% of the points.
Time 4333.02: used 54.87% of the points.
Time 4338.52: used 54.94% of the points.
Time 4346.54: used 55.01% of the points.
Time 4352.58: used 55.08% of the points.
Time 4358.56: used 55.16% of the points.
Time 4364.49: used 55.23% of the points.
Time 4372.26: used 55.30% of the points.
Time 4378.70: used 55.37% of the points.
Time 4384.92: used 55.44% of the points.
Time 4392.36: used 55.52% of the points.
Time 4398.33: used 55.59% of the points.
Time 4403.51: used 55.66% of the points.
Time 4410.74: used 55.73% of the points.
Time 4417.53: used 55.80% of the points.
Time 4424.13: used 55.88% of the points.
Time 4432.47: used 55.95% of the points.
Time 4438.84: used 56.02% of the points.
Time 4445.55: used 56.09% of the points.
Time 4451.76: used 56.16% of the points.
Time 4458.61: used 56.24% of the points.
Time 4464.24: used 56.31% of the points.
Time 4472.00: used 56.38% of the points.
Time 4478.20: used 56.45% of the points.
Time 4483.96: used 56.52% of the points.
Time 4491.11: used 56.60% of the points.
Time 4496.84: used 56.67% of the points.
Time 4503.62: used 56.74% of the points.
Time 4510.56: used 56.81% of the points.
Time 4518.55: used 56.89% of the points.
Time 4525.71: used 56.96% of the points.
Time 4533.34: used 57.03% of the points.
Time 4538.30: used 57.10% of the points.
Time 4544.46: used 57.17% of the points.
Time 4552.38: used 57.25% of the points.
Time 4557.62: used 57.32% of the points.
Time 4563.47: used 57.39% of the points.
Time 4570.22: used 57.46% of the points.
Time 4576.18: used 57.53% of the points.
Time 4582.41: used 57.61% of the points.
Time 4587.63: used 57.68% of the points.
Time 4593.36: used 57.75% of the points.
Time 4597.93: used 57.82% of the points.
Time 4603.91: used 57.89% of the points.
Time 4609.37: used 57.97% of the points.
Time 4614.34: used 58.04% of the points.
Time 4619.96: used 58.11% of the points.
Time 4625.65: used 58.18% of the points.
Time 4631.65: used 58.26% of the points.
Time 4637.93: used 58.33% of the points.
Time 4644.25: used 58.40% of the points.
Time 4651.70: used 58.47% of the points.
Time 4659.22: used 58.54% of the points.
Time 4667.90: used 58.62% of the points.
Time 4675.10: used 58.69% of the points.
Time 4681.83: used 58.76% of the points.
Time 4689.05: used 58.83% of the points.
Time 4696.87: used 58.90% of the points.
Time 4703.67: used 58.98% of the points.
Time 4709.77: used 59.05% of the points.
Time 4715.67: used 59.12% of the points.
Time 4723.33: used 59.19% of the points.
Time 4729.68: used 59.26% of the points.
Time 4735.79: used 59.34% of the points.
Time 4743.50: used 59.41% of the points.
Time 4749.79: used 59.48% of the points.
Time 4755.45: used 59.55% of the points.
Time 4761.78: used 59.63% of the points.
Time 4769.37: used 59.70% of the points.
Time 4775.18: used 59.77% of the points.
Time 4780.75: used 59.84% of the points.
Time 4786.97: used 59.91% of the points.
Time 4792.34: used 59.99% of the points.
Time 4798.61: used 60.06% of the points.
Time 4804.92: used 60.13% of the points.
Time 4810.72: used 60.20% of the points.
Time 4818.58: used 60.27% of the points.
Time 4824.35: used 60.35% of the points.
Time 4831.07: used 60.42% of the points.
Time 4838.48: used 60.49% of the points.
Time 4844.04: used 60.56% of the points.
Time 4850.10: used 60.63% of the points.
Time 4856.54: used 60.71% of the points.
Time 4862.11: used 60.78% of the points.
Time 4867.99: used 60.85% of the points.
Time 4874.84: used 60.92% of the points.
Time 4881.19: used 60.99% of the points.
Time 4887.98: used 61.07% of the points.
Time 4892.90: used 61.14% of the points.
Time 4898.78: used 61.21% of the points.
Time 4904.62: used 61.28% of the points.
Time 4910.68: used 61.36% of the points.
Time 4916.73: used 61.43% of the points.
Time 4922.74: used 61.50% of the points.
Time 4930.46: used 61.57% of the points.
Time 4935.79: used 61.64% of the points.
Time 4941.75: used 61.72% of the points.
Time 4948.06: used 61.79% of the points.
Time 4956.47: used 61.86% of the points.
Time 4962.41: used 61.93% of the points.
Time 4970.47: used 62.00% of the points.
Time 4976.30: used 62.08% of the points.
Time 4983.32: used 62.15% of the points.
Time 4990.21: used 62.22% of the points.
Time 4996.19: used 62.29% of the points.
Time 5001.51: used 62.36% of the points.
Time 5006.50: used 62.44% of the points.
Time 5012.46: used 62.51% of the points.
Time 5019.01: used 62.58% of the points.
Time 5024.78: used 62.65% of the points.
Time 5032.62: used 62.73% of the points.
Time 5038.40: used 62.80% of the points.
Time 5044.66: used 62.87% of the points.
Time 5052.11: used 62.94% of the points.
Time 5058.04: used 63.01% of the points.
Time 5063.70: used 63.09% of the points.
Time 5070.05: used 63.16% of the points.
Time 5076.50: used 63.23% of the points.
Time 5082.32: used 63.30% of the points.
Time 5087.92: used 63.37% of the points.
Time 5094.34: used 63.45% of the points.
Time 5101.23: used 63.52% of the points.
Time 5106.55: used 63.59% of the points.
Time 5111.56: used 63.66% of the points.
Time 5117.96: used 63.73% of the points.
Time 5124.52: used 63.81% of the points.
Time 5131.73: used 63.88% of the points.
Time 5137.15: used 63.95% of the points.
Time 5143.59: used 64.02% of the points.
Time 5149.02: used 64.10% of the points.
Time 5154.72: used 64.17% of the points.
Time 5160.92: used 64.24% of the points.
Time 5168.70: used 64.31% of the points.
Time 5174.08: used 64.38% of the points.
Time 5179.57: used 64.46% of the points.
Time 5184.83: used 64.53% of the points.
Time 5190.31: used 64.60% of the points.
Time 5196.08: used 64.67% of the points.
Time 5202.90: used 64.74% of the points.
Time 5208.63: used 64.82% of the points.
Time 5213.60: used 64.89% of the points.
Time 5218.65: used 64.96% of the points.
Time 5224.66: used 65.03% of the points.
Time 5230.26: used 65.10% of the points.
Time 5236.40: used 65.18% of the points.
Time 5244.40: used 65.25% of the points.
Time 5249.46: used 65.32% of the points.
Time 5255.17: used 65.39% of the points.
Time 5262.95: used 65.47% of the points.
Time 5269.65: used 65.54% of the points.
Time 5275.66: used 65.61% of the points.
Time 5280.33: used 65.68% of the points.
Time 5286.75: used 65.75% of the points.
Time 5292.82: used 65.83% of the points.
Time 5299.64: used 65.90% of the points.
Time 5307.12: used 65.97% of the points.
Time 5313.41: used 66.04% of the points.
Time 5321.49: used 66.11% of the points.
Time 5326.97: used 66.19% of the points.
Time 5333.83: used 66.26% of the points.
Time 5340.59: used 66.33% of the points.
Time 5346.35: used 66.40% of the points.
Time 5352.40: used 66.47% of the points.
Time 5358.39: used 66.55% of the points.
Time 5365.06: used 66.62% of the points.
Time 5371.13: used 66.69% of the points.
Time 5377.74: used 66.76% of the points.
Time 5383.11: used 66.83% of the points.
Time 5389.36: used 66.91% of the points.
Time 5394.27: used 66.98% of the points.
Time 5400.05: used 67.05% of the points.
Time 5405.87: used 67.12% of the points.
Time 5411.65: used 67.20% of the points.
Time 5419.01: used 67.27% of the points.
Time 5425.78: used 67.34% of the points.
Time 5431.09: used 67.41% of the points.
Time 5437.88: used 67.48% of the points.
Time 5445.73: used 67.56% of the points.
Time 5451.33: used 67.63% of the points.
Time 5456.41: used 67.70% of the points.
Time 5462.37: used 67.77% of the points.
Time 5467.76: used 67.84% of the points.
Time 5472.94: used 67.92% of the points.
Time 5477.76: used 67.99% of the points.
Time 5485.58: used 68.06% of the points.
Time 5491.65: used 68.13% of the points.
Time 5497.35: used 68.20% of the points.
Time 5504.29: used 68.28% of the points.
Time 5511.16: used 68.35% of the points.
Time 5517.06: used 68.42% of the points.
Time 5524.20: used 68.49% of the points.
Time 5530.23: used 68.57% of the points.
Time 5537.52: used 68.64% of the points.
Time 5544.01: used 68.71% of the points.
Time 5550.85: used 68.78% of the points.
Time 5556.48: used 68.85% of the points.
Time 5562.69: used 68.93% of the points.
Time 5569.18: used 69.00% of the points.
Time 5575.68: used 69.07% of the points.
Time 5583.36: used 69.14% of the points.
Time 5589.30: used 69.21% of the points.
Time 5596.40: used 69.29% of the points.
Time 5603.59: used 69.36% of the points.
Time 5610.60: used 69.43% of the points.
Time 5616.82: used 69.50% of the points.
Time 5625.49: used 69.57% of the points.
Time 5632.33: used 69.65% of the points.
Time 5638.77: used 69.72% of the points.
Time 5646.09: used 69.79% of the points.
Time 5654.32: used 69.86% of the points.
Time 5660.66: used 69.94% of the points.
Time 5667.00: used 70.01% of the points.
Time 5672.89: used 70.08% of the points.
Time 5680.73: used 70.15% of the points.
Time 5686.41: used 70.22% of the points.
Time 5691.87: used 70.30% of the points.
Time 5698.99: used 70.37% of the points.
Time 5707.42: used 70.44% of the points.
Time 5714.73: used 70.51% of the points.
Time 5720.15: used 70.58% of the points.
Time 5726.44: used 70.66% of the points.
Time 5733.81: used 70.73% of the points.
Time 5739.27: used 70.80% of the points.
Time 5744.69: used 70.87% of the points.
Time 5751.74: used 70.94% of the points.
Time 5757.45: used 71.02% of the points.
Time 5762.27: used 71.09% of the points.
Time 5768.37: used 71.16% of the points.
Time 5774.56: used 71.23% of the points.
Time 5779.02: used 71.30% of the points.
Time 5784.71: used 71.38% of the points.
Time 5790.57: used 71.45% of the points.
Time 5796.16: used 71.52% of the points.
Time 5801.46: used 71.59% of the points.
Time 5807.91: used 71.67% of the points.
Time 5814.09: used 71.74% of the points.
Time 5820.96: used 71.81% of the points.
Time 5826.48: used 71.88% of the points.
Time 5831.91: used 71.95% of the points.
Time 5836.68: used 72.03% of the points.
Time 5842.71: used 72.10% of the points.
Time 5849.19: used 72.17% of the points.
Time 5854.93: used 72.24% of the points.
Time 5859.74: used 72.31% of the points.
Time 5865.64: used 72.39% of the points.
Time 5871.97: used 72.46% of the points.
Time 5877.45: used 72.53% of the points.
Time 5883.33: used 72.60% of the points.
Time 5888.55: used 72.67% of the points.
Time 5894.13: used 72.75% of the points.
Time 5900.53: used 72.82% of the points.
Time 5906.91: used 72.89% of the points.
Time 5912.37: used 72.96% of the points.
Time 5918.24: used 73.04% of the points.
Time 5923.09: used 73.11% of the points.
Time 5928.36: used 73.18% of the points.
Time 5934.15: used 73.25% of the points.
Time 5939.96: used 73.32% of the points.
Time 5945.48: used 73.40% of the points.
Time 5951.01: used 73.47% of the points.
Time 5956.79: used 73.54% of the points.
Time 5961.92: used 73.61% of the points.
Time 5967.99: used 73.68% of the points.
Time 5973.49: used 73.76% of the points.
Time 5978.97: used 73.83% of the points.
Time 5985.51: used 73.90% of the points.
Time 5991.68: used 73.97% of the points.
Time 5997.43: used 74.04% of the points.
Time 6003.91: used 74.12% of the points.
Time 6009.81: used 74.19% of the points.
Time 6015.16: used 74.26% of the points.
Time 6021.32: used 74.33% of the points.
Time 6026.88: used 74.41% of the points.
Time 6033.17: used 74.48% of the points.
Time 6038.58: used 74.55% of the points.
Time 6044.62: used 74.62% of the points.
Time 6049.56: used 74.69% of the points.
Time 6055.30: used 74.77% of the points.
Time 6060.76: used 74.84% of the points.
Time 6066.45: used 74.91% of the points.
Time 6071.57: used 74.98% of the points.
Time 6077.09: used 75.05% of the points.
Time 6081.99: used 75.13% of the points.
Time 6087.59: used 75.20% of the points.
Time 6093.19: used 75.27% of the points.
Time 6098.91: used 75.34% of the points.
Time 6105.49: used 75.41% of the points.
Time 6110.88: used 75.49% of the points.
Time 6116.83: used 75.56% of the points.
Time 6121.80: used 75.63% of the points.
Time 6127.97: used 75.70% of the points.
Time 6134.48: used 75.78% of the points.
Time 6140.55: used 75.85% of the points.
Time 6146.37: used 75.92% of the points.
Time 6152.69: used 75.99% of the points.
Time 6158.84: used 76.06% of the points.
Time 6164.71: used 76.14% of the points.
Time 6171.05: used 76.21% of the points.
Time 6177.36: used 76.28% of the points.
Time 6183.36: used 76.35% of the points.
Time 6188.87: used 76.42% of the points.
Time 6194.62: used 76.50% of the points.
Time 6199.99: used 76.57% of the points.
Time 6205.77: used 76.64% of the points.
Time 6211.44: used 76.71% of the points.
Time 6217.43: used 76.78% of the points.
Time 6223.02: used 76.86% of the points.
Time 6229.47: used 76.93% of the points.
Time 6235.27: used 77.00% of the points.
Time 6240.62: used 77.07% of the points.
Time 6247.06: used 77.14% of the points.
Time 6252.45: used 77.22% of the points.
Time 6259.35: used 77.29% of the points.
Time 6264.93: used 77.36% of the points.
Time 6270.24: used 77.43% of the points.
Time 6275.63: used 77.51% of the points.
Time 6282.66: used 77.58% of the points.
Time 6290.26: used 77.65% of the points.
Time 6297.97: used 77.72% of the points.
Time 6303.58: used 77.79% of the points.
Time 6309.28: used 77.87% of the points.
Time 6316.32: used 77.94% of the points.
Time 6323.20: used 78.01% of the points.
Time 6329.45: used 78.08% of the points.
Time 6336.45: used 78.15% of the points.
Time 6342.22: used 78.23% of the points.
Time 6347.29: used 78.30% of the points.
Time 6353.46: used 78.37% of the points.
Time 6362.32: used 78.44% of the points.
Time 6369.88: used 78.51% of the points.
Time 6378.62: used 78.59% of the points.
Time 6387.28: used 78.66% of the points.
Time 6393.12: used 78.73% of the points.
Time 6399.31: used 78.80% of the points.
Time 6406.30: used 78.88% of the points.
Time 6413.16: used 78.95% of the points.
Time 6419.40: used 79.02% of the points.
Time 6427.32: used 79.09% of the points.
Time 6436.13: used 79.16% of the points.
Time 6442.46: used 79.24% of the points.
Time 6451.10: used 79.31% of the points.
Time 6457.83: used 79.38% of the points.
Time 6463.17: used 79.45% of the points.
Time 6469.61: used 79.52% of the points.
Time 6476.07: used 79.60% of the points.
Time 6482.29: used 79.67% of the points.
Time 6487.81: used 79.74% of the points.
Time 6494.08: used 79.81% of the points.
Time 6499.75: used 79.88% of the points.
Time 6506.74: used 79.96% of the points.
Time 6513.91: used 80.03% of the points.
Time 6519.57: used 80.10% of the points.
Time 6526.38: used 80.17% of the points.
Time 6533.10: used 80.25% of the points.
Time 6539.43: used 80.32% of the points.
Time 6547.43: used 80.39% of the points.
Time 6554.47: used 80.46% of the points.
Time 6561.37: used 80.53% of the points.
Time 6568.94: used 80.61% of the points.
Time 6574.35: used 80.68% of the points.
Time 6580.21: used 80.75% of the points.
Time 6586.41: used 80.82% of the points.
Time 6593.65: used 80.89% of the points.
Time 6600.23: used 80.97% of the points.
Time 6606.16: used 81.04% of the points.
Time 6612.63: used 81.11% of the points.
Time 6617.14: used 81.18% of the points.
Time 6623.74: used 81.25% of the points.
Time 6630.34: used 81.33% of the points.
Time 6636.14: used 81.40% of the points.
Time 6641.18: used 81.47% of the points.
Time 6647.97: used 81.54% of the points.
Time 6654.06: used 81.61% of the points.
Time 6661.46: used 81.69% of the points.
Time 6667.93: used 81.76% of the points.
Time 6674.03: used 81.83% of the points.
Time 6681.79: used 81.90% of the points.
Time 6689.83: used 81.98% of the points.
Time 6695.97: used 82.05% of the points.
Time 6702.92: used 82.12% of the points.
Time 6709.24: used 82.19% of the points.
Time 6715.06: used 82.26% of the points.
Time 6721.28: used 82.34% of the points.
Time 6725.93: used 82.41% of the points.
Time 6731.00: used 82.48% of the points.
Time 6738.01: used 82.55% of the points.
Time 6743.87: used 82.62% of the points.
Time 6750.83: used 82.70% of the points.
Time 6758.77: used 82.77% of the points.
Time 6764.11: used 82.84% of the points.
Time 6769.95: used 82.91% of the points.
Time 6776.11: used 82.98% of the points.
Time 6782.23: used 83.06% of the points.
Time 6787.48: used 83.13% of the points.
Time 6794.90: used 83.20% of the points.
Time 6801.77: used 83.27% of the points.
Time 6807.46: used 83.35% of the points.
Time 6816.72: used 83.42% of the points.
Time 6822.85: used 83.49% of the points.
Time 6830.02: used 83.56% of the points.
Time 6836.75: used 83.63% of the points.
Time 6843.56: used 83.71% of the points.
Time 6849.39: used 83.78% of the points.
Time 6857.32: used 83.85% of the points.
Time 6863.47: used 83.92% of the points.
Time 6869.99: used 83.99% of the points.
Time 6878.67: used 84.07% of the points.
Time 6887.16: used 84.14% of the points.
Time 6895.28: used 84.21% of the points.
Time 6901.85: used 84.28% of the points.
Time 6906.98: used 84.35% of the points.
Time 6914.29: used 84.43% of the points.
Time 6920.68: used 84.50% of the points.
Time 6926.64: used 84.57% of the points.
Time 6933.11: used 84.64% of the points.
Time 6940.54: used 84.72% of the points.
Time 6946.16: used 84.79% of the points.
Time 6953.16: used 84.86% of the points.
Time 6959.15: used 84.93% of the points.
Time 6965.24: used 85.00% of the points.
Time 6971.17: used 85.08% of the points.
Time 6979.11: used 85.15% of the points.
Time 6985.92: used 85.22% of the points.
Time 6992.07: used 85.29% of the points.
Time 6999.60: used 85.36% of the points.
Time 7005.22: used 85.44% of the points.
Time 7011.06: used 85.51% of the points.
Time 7018.20: used 85.58% of the points.
Time 7024.88: used 85.65% of the points.
Time 7031.49: used 85.72% of the points.
Time 7037.37: used 85.80% of the points.
Time 7042.91: used 85.87% of the points.
Time 7050.00: used 85.94% of the points.
Time 7057.59: used 86.01% of the points.
Time 7063.48: used 86.09% of the points.
Time 7070.27: used 86.16% of the points.
Time 7077.24: used 86.23% of the points.
Time 7082.60: used 86.30% of the points.
Time 7088.24: used 86.37% of the points.
Time 7095.26: used 86.45% of the points.
Time 7102.02: used 86.52% of the points.
Time 7108.51: used 86.59% of the points.
Time 7115.70: used 86.66% of the points.
Time 7121.52: used 86.73% of the points.
Time 7126.56: used 86.81% of the points.
Time 7133.61: used 86.88% of the points.
Time 7139.97: used 86.95% of the points.
Time 7148.08: used 87.02% of the points.
Time 7154.77: used 87.09% of the points.
Time 7160.99: used 87.17% of the points.
Time 7166.71: used 87.24% of the points.
Time 7173.77: used 87.31% of the points.
Time 7180.29: used 87.38% of the points.
Time 7186.39: used 87.45% of the points.
Time 7192.73: used 87.53% of the points.
Time 7197.45: used 87.60% of the points.
Time 7204.15: used 87.67% of the points.
Time 7209.76: used 87.74% of the points.
Time 7214.93: used 87.82% of the points.
Time 7219.92: used 87.89% of the points.
Time 7225.06: used 87.96% of the points.
Time 7229.41: used 88.03% of the points.
Time 7235.32: used 88.10% of the points.
Time 7241.73: used 88.18% of the points.
Time 7248.77: used 88.25% of the points.
Time 7254.61: used 88.32% of the points.
Time 7261.42: used 88.39% of the points.
Time 7267.40: used 88.46% of the points.
Time 7273.94: used 88.54% of the points.
Time 7284.36: used 88.61% of the points.
Time 7293.19: used 88.68% of the points.
Time 7301.51: used 88.75% of the points.
Time 7310.38: used 88.82% of the points.
Time 7317.31: used 88.90% of the points.
Time 7324.47: used 88.97% of the points.
Time 7334.11: used 89.04% of the points.
Time 7341.15: used 89.11% of the points.
Time 7350.05: used 89.19% of the points.
Time 7356.37: used 89.26% of the points.
Time 7362.48: used 89.33% of the points.
Time 7369.56: used 89.40% of the points.
Time 7375.79: used 89.47% of the points.
Time 7381.69: used 89.55% of the points.
Time 7388.99: used 89.62% of the points.
Time 7397.14: used 89.69% of the points.
Time 7405.46: used 89.76% of the points.
Time 7414.49: used 89.83% of the points.
Time 7421.86: used 89.91% of the points.
Time 7427.33: used 89.98% of the points.
Time 7434.36: used 90.05% of the points.
Time 7441.14: used 90.12% of the points.
Time 7447.26: used 90.19% of the points.
Time 7454.33: used 90.27% of the points.
Time 7461.44: used 90.34% of the points.
Time 7465.93: used 90.41% of the points.
Time 7472.23: used 90.48% of the points.
Time 7478.03: used 90.56% of the points.
Time 7484.03: used 90.63% of the points.
Time 7490.02: used 90.70% of the points.
Time 7496.72: used 90.77% of the points.
Time 7504.31: used 90.84% of the points.
Time 7510.65: used 90.92% of the points.
Time 7516.94: used 90.99% of the points.
Time 7521.70: used 91.06% of the points.
Time 7527.05: used 91.13% of the points.
Time 7534.03: used 91.20% of the points.
Time 7539.65: used 91.28% of the points.
Time 7545.88: used 91.35% of the points.
Time 7553.51: used 91.42% of the points.
Time 7559.75: used 91.49% of the points.
Time 7565.92: used 91.56% of the points.
Time 7574.13: used 91.64% of the points.
Time 7581.17: used 91.71% of the points.
Time 7589.29: used 91.78% of the points.
Time 7594.82: used 91.85% of the points.
Time 7601.39: used 91.93% of the points.
Time 7607.76: used 92.00% of the points.
Time 7617.19: used 92.07% of the points.
Time 7623.27: used 92.14% of the points.
Time 7630.24: used 92.21% of the points.
Time 7637.00: used 92.29% of the points.
Time 7642.39: used 92.36% of the points.
Time 7648.81: used 92.43% of the points.
Time 7654.77: used 92.50% of the points.
Time 7661.01: used 92.57% of the points.
Time 7666.45: used 92.65% of the points.
Time 7673.13: used 92.72% of the points.
Time 7678.44: used 92.79% of the points.
Time 7683.63: used 92.86% of the points.
Time 7689.98: used 92.93% of the points.
Time 7695.59: used 93.01% of the points.
Time 7702.49: used 93.08% of the points.
Time 7709.07: used 93.15% of the points.
Time 7714.59: used 93.22% of the points.
Time 7720.82: used 93.29% of the points.
Time 7727.04: used 93.37% of the points.
Time 7732.46: used 93.44% of the points.
Time 7739.28: used 93.51% of the points.
Time 7745.10: used 93.58% of the points.
Time 7751.59: used 93.66% of the points.
Time 7757.95: used 93.73% of the points.
Time 7762.64: used 93.80% of the points.
Time 7768.30: used 93.87% of the points.
Time 7775.36: used 93.94% of the points.
Time 7782.19: used 94.02% of the points.
Time 7788.39: used 94.09% of the points.
Time 7793.34: used 94.16% of the points.
Time 7799.81: used 94.23% of the points.
Time 7805.90: used 94.30% of the points.
Time 7811.86: used 94.38% of the points.
Time 7819.48: used 94.45% of the points.
Time 7824.98: used 94.52% of the points.
Time 7831.14: used 94.59% of the points.
Time 7838.11: used 94.66% of the points.
Time 7843.86: used 94.74% of the points.
Time 7850.49: used 94.81% of the points.
Time 7856.52: used 94.88% of the points.
Time 7862.89: used 94.95% of the points.
Time 7868.30: used 95.03% of the points.
Time 7874.65: used 95.10% of the points.
Time 7880.77: used 95.17% of the points.
Time 7886.13: used 95.24% of the points.
Time 7892.75: used 95.31% of the points.
Time 7899.64: used 95.39% of the points.
Time 7906.06: used 95.46% of the points.
Time 7912.22: used 95.53% of the points.
Time 7918.17: used 95.60% of the points.
Time 7924.41: used 95.67% of the points.
Time 7930.84: used 95.75% of the points.
Time 7938.76: used 95.82% of the points.
Time 7944.07: used 95.89% of the points.
Time 7951.05: used 95.96% of the points.
Time 7956.59: used 96.03% of the points.
Time 7962.52: used 96.11% of the points.
Time 7968.80: used 96.18% of the points.
Time 7975.71: used 96.25% of the points.
Time 7983.22: used 96.32% of the points.
Time 7989.56: used 96.40% of the points.
Time 7996.34: used 96.47% of the points.
Time 8002.37: used 96.54% of the points.
Time 8008.66: used 96.61% of the points.
Time 8014.93: used 96.68% of the points.
Time 8022.59: used 96.76% of the points.
Time 8028.81: used 96.83% of the points.
Time 8034.20: used 96.90% of the points.
Time 8040.16: used 96.97% of the points.
Time 8047.10: used 97.04% of the points.
Time 8052.12: used 97.12% of the points.
Time 8057.14: used 97.19% of the points.
Time 8064.70: used 97.26% of the points.
Time 8071.92: used 97.33% of the points.
Time 8077.74: used 97.40% of the points.
Time 8083.63: used 97.48% of the points.
Time 8089.72: used 97.55% of the points.
Time 8096.06: used 97.62% of the points.
Time 8102.03: used 97.69% of the points.
Time 8107.84: used 97.76% of the points.
Time 8114.13: used 97.84% of the points.
Time 8119.77: used 97.91% of the points.
Time 8125.18: used 97.98% of the points.
Time 8130.36: used 98.05% of the points.
Time 8136.19: used 98.13% of the points.
Time 8141.08: used 98.20% of the points.
Time 8147.20: used 98.27% of the points.
Time 8154.33: used 98.34% of the points.
Time 8159.95: used 98.41% of the points.
Time 8165.69: used 98.49% of the points.
Time 8171.56: used 98.56% of the points.
Time 8177.73: used 98.63% of the points.
Time 8183.83: used 98.70% of the points.
Time 8190.21: used 98.77% of the points.
Time 8197.50: used 98.85% of the points.
Time 8203.39: used 98.92% of the points.
Time 8208.39: used 98.99% of the points.
Time 8215.38: used 99.06% of the points.
Time 8221.33: used 99.13% of the points.
Time 8228.93: used 99.21% of the points.
Time 8234.50: used 99.28% of the points.
Time 8240.35: used 99.35% of the points.
Time 8246.28: used 99.42% of the points.
Time 8251.77: used 99.50% of the points.
Time 8257.62: used 99.57% of the points.
Time 8263.79: used 99.64% of the points.
Time 8270.33: used 99.71% of the points.
Time 8276.31: used 99.78% of the points.
Time 8282.64: used 99.86% of the points.
Time 8289.35: used 99.93% of the points.
Time 1701171993.34: used 100.00% of the points.

The following have been reloaded with a version change:
  1) GCCcore/11.2.0 => GCCcore/12.2.0
  2) XZ/5.2.5-GCCcore-11.2.0 => XZ/5.2.7-GCCcore-12.2.0
  3) libreadline/8.1-GCCcore-11.2.0 => libreadline/8.2-GCCcore-12.2.0
  4) ncurses/6.2-GCCcore-11.2.0 => ncurses/6.3-GCCcore-12.2.0
  5) zlib/1.2.11-GCCcore-11.2.0 => zlib/1.2.12-GCCcore-12.2.0

