2023-11-28 23:11:46.696392: I external/local_tsl/tsl/cuda/cudart_stub.cc:31] Could not find cuda drivers on your machine, GPU will not be used.
2023-11-28 23:11:46.740634: E external/local_xla/xla/stream_executor/cuda/cuda_dnn.cc:9261] Unable to register cuDNN factory: Attempting to register factory for plugin cuDNN when one has already been registered
2023-11-28 23:11:46.740709: E external/local_xla/xla/stream_executor/cuda/cuda_fft.cc:607] Unable to register cuFFT factory: Attempting to register factory for plugin cuFFT when one has already been registered
2023-11-28 23:11:46.742604: E external/local_xla/xla/stream_executor/cuda/cuda_blas.cc:1515] Unable to register cuBLAS factory: Attempting to register factory for plugin cuBLAS when one has already been registered
2023-11-28 23:11:46.750657: I external/local_tsl/tsl/cuda/cudart_stub.cc:31] Could not find cuda drivers on your machine, GPU will not be used.
2023-11-28 23:11:46.750915: I tensorflow/core/platform/cpu_feature_guard.cc:182] This TensorFlow binary is optimized to use available CPU instructions in performance-critical operations.
To enable the following instructions: AVX2 FMA, in other operations, rebuild TensorFlow with the appropriate compiler flags.
2023-11-28 23:11:49.494600: W tensorflow/compiler/tf2tensorrt/utils/py_utils.cc:38] TF-TRT Warning: Could not find TensorRT
Reloading Tuner from hyperparams/Dagon try2 THRESHOLD/tuner0.json
Dagon try THRESHOLD
1387
Model: "model"
_________________________________________________________________
 Layer (type)                Output Shape              Param #   
=================================================================
 input_1 (InputLayer)        [(None, 6)]               0         
                                                                 
 dense (Dense)               (None, 32)                224       
                                                                 
 dense_1 (Dense)             (None, 32)                1056      
                                                                 
 dense_2 (Dense)             (None, 3)                 99        
                                                                 
=================================================================
Total params: 1379 (5.39 KB)
Trainable params: 1379 (5.39 KB)
Non-trainable params: 0 (0.00 Byte)
_________________________________________________________________
None
Model: "model_1"
_________________________________________________________________
 Layer (type)                Output Shape              Param #   
=================================================================
 input_2 (InputLayer)        [(None, 6)]               0         
                                                                 
 dense_3 (Dense)             (None, 32)                224       
                                                                 
 dense_4 (Dense)             (None, 32)                1056      
                                                                 
 dense_5 (Dense)             (None, 3)                 99        
                                                                 
=================================================================
Total params: 1379 (5.39 KB)
Trainable params: 1379 (5.39 KB)
Non-trainable params: 0 (0.00 Byte)
_________________________________________________________________
None
Model: "model_2"
_________________________________________________________________
 Layer (type)                Output Shape              Param #   
=================================================================
 input_3 (InputLayer)        [(None, 6)]               0         
                                                                 
 dense_6 (Dense)             (None, 32)                224       
                                                                 
 dense_7 (Dense)             (None, 32)                1056      
                                                                 
 dense_8 (Dense)             (None, 3)                 99        
                                                                 
=================================================================
Total params: 1379 (5.39 KB)
Trainable params: 1379 (5.39 KB)
Non-trainable params: 0 (0.00 Byte)
_________________________________________________________________
None
Model: "model_3"
_________________________________________________________________
 Layer (type)                Output Shape              Param #   
=================================================================
 input_4 (InputLayer)        [(None, 6)]               0         
                                                                 
 dense_9 (Dense)             (None, 32)                224       
                                                                 
 dense_10 (Dense)            (None, 32)                1056      
                                                                 
 dense_11 (Dense)            (None, 3)                 99        
                                                                 
=================================================================
Total params: 1379 (5.39 KB)
Trainable params: 1379 (5.39 KB)
Non-trainable params: 0 (0.00 Byte)
_________________________________________________________________
None
Model: "model_4"
_________________________________________________________________
 Layer (type)                Output Shape              Param #   
=================================================================
 input_5 (InputLayer)        [(None, 6)]               0         
                                                                 
 dense_12 (Dense)            (None, 32)                224       
                                                                 
 dense_13 (Dense)            (None, 32)                1056      
                                                                 
 dense_14 (Dense)            (None, 3)                 99        
                                                                 
=================================================================
Total params: 1379 (5.39 KB)
Trainable params: 1379 (5.39 KB)
Non-trainable params: 0 (0.00 Byte)
_________________________________________________________________
None
Model: "model_5"
_________________________________________________________________
 Layer (type)                Output Shape              Param #   
=================================================================
 input_6 (InputLayer)        [(None, 6)]               0         
                                                                 
 dense_15 (Dense)            (None, 32)                224       
                                                                 
 dense_16 (Dense)            (None, 32)                1056      
                                                                 
 dense_17 (Dense)            (None, 3)                 99        
                                                                 
=================================================================
Total params: 1379 (5.39 KB)
Trainable params: 1379 (5.39 KB)
Non-trainable params: 0 (0.00 Byte)
_________________________________________________________________
None
Model: "model_6"
_________________________________________________________________
 Layer (type)                Output Shape              Param #   
=================================================================
 input_7 (InputLayer)        [(None, 6)]               0         
                                                                 
 dense_18 (Dense)            (None, 32)                224       
                                                                 
 dense_19 (Dense)            (None, 32)                1056      
                                                                 
 dense_20 (Dense)            (None, 3)                 99        
                                                                 
=================================================================
Total params: 1379 (5.39 KB)
Trainable params: 1379 (5.39 KB)
Non-trainable params: 0 (0.00 Byte)
_________________________________________________________________
None
Model: "model_7"
_________________________________________________________________
 Layer (type)                Output Shape              Param #   
=================================================================
 input_8 (InputLayer)        [(None, 6)]               0         
                                                                 
 dense_21 (Dense)            (None, 32)                224       
                                                                 
 dense_22 (Dense)            (None, 32)                1056      
                                                                 
 dense_23 (Dense)            (None, 3)                 99        
                                                                 
=================================================================
Total params: 1379 (5.39 KB)
Trainable params: 1379 (5.39 KB)
Non-trainable params: 0 (0.00 Byte)
_________________________________________________________________
None
Model: "model_8"
_________________________________________________________________
 Layer (type)                Output Shape              Param #   
=================================================================
 input_9 (InputLayer)        [(None, 6)]               0         
                                                                 
 dense_24 (Dense)            (None, 32)                224       
                                                                 
 dense_25 (Dense)            (None, 32)                1056      
                                                                 
 dense_26 (Dense)            (None, 3)                 99        
                                                                 
=================================================================
Total params: 1379 (5.39 KB)
Trainable params: 1379 (5.39 KB)
Non-trainable params: 0 (0.00 Byte)
_________________________________________________________________
None
Model: "model_9"
_________________________________________________________________
 Layer (type)                Output Shape              Param #   
=================================================================
 input_10 (InputLayer)       [(None, 6)]               0         
                                                                 
 dense_27 (Dense)            (None, 32)                224       
                                                                 
 dense_28 (Dense)            (None, 32)                1056      
                                                                 
 dense_29 (Dense)            (None, 3)                 99        
                                                                 
=================================================================
Total params: 1379 (5.39 KB)
Trainable params: 1379 (5.39 KB)
Non-trainable params: 0 (0.00 Byte)
_________________________________________________________________
Keras Uncertainty will use standalone Keras backendNone
The results will be saved in results/Dagon try2 THRESHOLD tuned (1)
Time 56.31: used 7.21% of the points.
Time 92.14: used 7.28% of the points.
Time 99.90: used 7.35% of the points.
Time 108.19: used 7.43% of the points.
Time 115.95: used 7.50% of the points.
Time 120.15: used 7.57% of the points.
Time 126.59: used 7.64% of the points.
Time 131.72: used 7.71% of the points.
Time 139.28: used 7.79% of the points.
Time 143.80: used 7.86% of the points.
Time 149.36: used 7.93% of the points.
Time 155.24: used 8.00% of the points.
Time 163.43: used 8.07% of the points.
Time 169.52: used 8.15% of the points.
Time 175.14: used 8.22% of the points.
Time 182.66: used 8.29% of the points.
Time 189.21: used 8.36% of the points.
Time 195.70: used 8.44% of the points.
Time 203.38: used 8.51% of the points.
Time 210.30: used 8.58% of the points.
Time 217.37: used 8.65% of the points.
Time 222.78: used 8.72% of the points.
Time 229.99: used 8.80% of the points.
Time 236.59: used 8.87% of the points.
Time 241.78: used 8.94% of the points.
Time 247.31: used 9.01% of the points.
Time 258.18: used 9.08% of the points.
Time 267.40: used 9.16% of the points.
Time 276.47: used 9.23% of the points.
Time 284.31: used 9.30% of the points.
Time 291.53: used 9.37% of the points.
Time 299.99: used 9.44% of the points.
Time 306.39: used 9.52% of the points.
Time 313.33: used 9.59% of the points.
Time 322.44: used 9.66% of the points.
Time 328.62: used 9.73% of the points.
Time 333.35: used 9.81% of the points.
Time 333.38: used 9.88% of the points.
Time 339.54: used 9.95% of the points.
Time 346.54: used 10.02% of the points.
Time 354.26: used 10.09% of the points.
Time 360.10: used 10.17% of the points.
Time 367.65: used 10.24% of the points.
Time 375.95: used 10.31% of the points.
Time 381.12: used 10.38% of the points.
Time 389.70: used 10.45% of the points.
Time 394.97: used 10.53% of the points.
Time 399.86: used 10.60% of the points.
Time 403.64: used 10.67% of the points.
Time 409.67: used 10.74% of the points.
Time 414.26: used 10.81% of the points.
Time 414.30: used 10.89% of the points.
Time 414.33: used 10.96% of the points.
Time 414.36: used 11.03% of the points.
Time 414.39: used 11.10% of the points.
Time 418.44: used 11.18% of the points.
Time 418.47: used 11.25% of the points.
Time 423.09: used 11.32% of the points.
Time 427.37: used 11.39% of the points.
Time 432.04: used 11.46% of the points.
Time 436.63: used 11.54% of the points.
Time 440.93: used 11.61% of the points.
Time 445.43: used 11.68% of the points.
Time 445.46: used 11.75% of the points.
Time 445.49: used 11.82% of the points.
Time 445.53: used 11.90% of the points.
Time 451.11: used 11.97% of the points.
Time 457.38: used 12.04% of the points.
Time 465.03: used 12.11% of the points.
Time 473.35: used 12.18% of the points.
Time 483.92: used 12.26% of the points.
Time 491.90: used 12.33% of the points.
Time 497.14: used 12.40% of the points.
Time 505.01: used 12.47% of the points.
Time 510.35: used 12.55% of the points.
Time 517.30: used 12.62% of the points.
Time 524.24: used 12.69% of the points.
Time 529.58: used 12.76% of the points.
Time 534.28: used 12.83% of the points.
Time 540.50: used 12.91% of the points.
Time 540.55: used 12.98% of the points.
Time 540.59: used 13.05% of the points.
Time 545.86: used 13.12% of the points.
Time 545.91: used 13.19% of the points.
Time 545.96: used 13.27% of the points.
Time 546.00: used 13.34% of the points.
Time 546.05: used 13.41% of the points.
Time 553.15: used 13.48% of the points.
Time 557.53: used 13.55% of the points.
Time 563.05: used 13.63% of the points.
Time 569.82: used 13.70% of the points.
Time 576.11: used 13.77% of the points.
Time 581.24: used 13.84% of the points.
Time 585.95: used 13.91% of the points.
Time 591.65: used 13.99% of the points.
Time 591.70: used 14.06% of the points.
Time 591.74: used 14.13% of the points.
Time 597.07: used 14.20% of the points.
Time 601.70: used 14.28% of the points.
Time 601.74: used 14.35% of the points.
Time 601.78: used 14.42% of the points.
Time 601.83: used 14.49% of the points.
Time 606.10: used 14.56% of the points.
Time 609.23: used 14.64% of the points.
Time 613.82: used 14.71% of the points.
Time 618.38: used 14.78% of the points.
Time 622.87: used 14.85% of the points.
Time 628.73: used 14.92% of the points.
Time 634.06: used 15.00% of the points.
Time 638.90: used 15.07% of the points.
Time 642.58: used 15.14% of the points.
Time 647.56: used 15.21% of the points.
Time 651.47: used 15.28% of the points.
Time 651.50: used 15.36% of the points.
Time 651.53: used 15.43% of the points.
Time 651.56: used 15.50% of the points.
Time 655.21: used 15.57% of the points.
Time 655.24: used 15.65% of the points.
Time 655.28: used 15.72% of the points.
Time 655.31: used 15.79% of the points.
Time 655.34: used 15.86% of the points.
Time 655.38: used 15.93% of the points.
Time 655.41: used 16.01% of the points.
Time 655.44: used 16.08% of the points.
Time 659.96: used 16.15% of the points.
Time 664.50: used 16.22% of the points.
Time 669.12: used 16.29% of the points.
Time 673.87: used 16.37% of the points.
Time 679.01: used 16.44% of the points.
Time 679.04: used 16.51% of the points.
Time 683.60: used 16.58% of the points.
Time 683.63: used 16.65% of the points.
Time 683.66: used 16.73% of the points.
Time 688.58: used 16.80% of the points.
Time 693.97: used 16.87% of the points.
Time 700.13: used 16.94% of the points.
Time 700.16: used 17.02% of the points.
Time 705.48: used 17.09% of the points.
Time 709.85: used 17.16% of the points.
Time 713.69: used 17.23% of the points.
Time 713.72: used 17.30% of the points.
Time 717.68: used 17.38% of the points.
Time 723.59: used 17.45% of the points.
Time 728.80: used 17.52% of the points.
Time 736.59: used 17.59% of the points.
Time 745.75: used 17.66% of the points.
Time 752.06: used 17.74% of the points.
Time 762.69: used 17.81% of the points.
Time 773.08: used 17.88% of the points.
Time 779.84: used 17.95% of the points.
Time 787.38: used 18.02% of the points.
Time 796.46: used 18.10% of the points.
Time 802.27: used 18.17% of the points.
Time 807.41: used 18.24% of the points.
Time 814.23: used 18.31% of the points.
Time 819.98: used 18.39% of the points.
Time 820.02: used 18.46% of the points.
Time 824.33: used 18.53% of the points.
Time 829.28: used 18.60% of the points.
Time 829.33: used 18.67% of the points.
Time 829.36: used 18.75% of the points.
Time 833.99: used 18.82% of the points.
Time 839.74: used 18.89% of the points.
Time 845.96: used 18.96% of the points.
Time 845.99: used 19.03% of the points.
Time 849.02: used 19.11% of the points.
Time 849.05: used 19.18% of the points.
Time 854.54: used 19.25% of the points.
Time 854.57: used 19.32% of the points.
Time 854.60: used 19.39% of the points.
Time 859.63: used 19.47% of the points.
Time 864.63: used 19.54% of the points.
Time 864.67: used 19.61% of the points.
Time 869.47: used 19.68% of the points.
Time 869.51: used 19.75% of the points.
Time 869.55: used 19.83% of the points.
Time 869.58: used 19.90% of the points.
Time 874.88: used 19.97% of the points.
Time 880.21: used 20.04% of the points.
Time 886.34: used 20.12% of the points.
Time 892.11: used 20.19% of the points.
Time 899.07: used 20.26% of the points.
Time 904.79: used 20.33% of the points.
Time 911.65: used 20.40% of the points.
Time 920.48: used 20.48% of the points.
Time 926.98: used 20.55% of the points.
Time 931.72: used 20.62% of the points.
Time 938.41: used 20.69% of the points.
Time 943.72: used 20.76% of the points.
Time 950.21: used 20.84% of the points.
Time 957.54: used 20.91% of the points.
Time 963.23: used 20.98% of the points.
Time 963.26: used 21.05% of the points.
Time 968.44: used 21.12% of the points.
Time 975.26: used 21.20% of the points.
Time 981.72: used 21.27% of the points.
Time 986.48: used 21.34% of the points.
Time 991.48: used 21.41% of the points.
Time 995.32: used 21.49% of the points.
Time 999.64: used 21.56% of the points.
Time 1003.11: used 21.63% of the points.
Time 1003.13: used 21.70% of the points.
Time 1003.16: used 21.77% of the points.
Time 1003.19: used 21.85% of the points.
Time 1003.22: used 21.92% of the points.
Time 1003.24: used 21.99% of the points.
Time 1003.27: used 22.06% of the points.
Time 1003.29: used 22.13% of the points.
Time 1003.32: used 22.21% of the points.
Time 1006.96: used 22.28% of the points.
Time 1006.99: used 22.35% of the points.
Time 1011.78: used 22.42% of the points.
Time 1016.55: used 22.49% of the points.
Time 1016.58: used 22.57% of the points.
Time 1016.61: used 22.64% of the points.
Time 1016.64: used 22.71% of the points.
Time 1021.47: used 22.78% of the points.
Time 1026.10: used 22.86% of the points.
Time 1034.75: used 22.93% of the points.
Time 1040.27: used 23.00% of the points.
Time 1047.18: used 23.07% of the points.
Time 1054.27: used 23.14% of the points.
Time 1061.48: used 23.22% of the points.
Time 1069.55: used 23.29% of the points.
Time 1081.28: used 23.36% of the points.
Time 1090.52: used 23.43% of the points.
Time 1099.87: used 23.50% of the points.
Time 1106.81: used 23.58% of the points.
Time 1111.15: used 23.65% of the points.
Time 1117.47: used 23.72% of the points.
Time 1126.43: used 23.79% of the points.
Time 1132.65: used 23.86% of the points.
Time 1137.53: used 23.94% of the points.
Time 1137.59: used 24.01% of the points.
Time 1143.65: used 24.08% of the points.
Time 1148.60: used 24.15% of the points.
Time 1148.65: used 24.22% of the points.
Time 1148.70: used 24.30% of the points.
Time 1148.74: used 24.37% of the points.
Time 1148.79: used 24.44% of the points.
Time 1148.84: used 24.51% of the points.
Time 1148.88: used 24.59% of the points.
Time 1148.92: used 24.66% of the points.
Time 1148.95: used 24.73% of the points.
Time 1148.99: used 24.80% of the points.
Time 1149.03: used 24.87% of the points.
Time 1149.07: used 24.95% of the points.
Time 1149.11: used 25.02% of the points.
Time 1154.41: used 25.09% of the points.
Time 1159.75: used 25.16% of the points.
Time 1159.78: used 25.23% of the points.
Time 1164.19: used 25.31% of the points.
Time 1169.84: used 25.38% of the points.
Time 1177.71: used 25.45% of the points.
Time 1184.27: used 25.52% of the points.
Time 1189.69: used 25.59% of the points.
Time 1195.77: used 25.67% of the points.
Time 1201.25: used 25.74% of the points.
Time 1210.01: used 25.81% of the points.
Time 1218.15: used 25.88% of the points.
Time 1222.69: used 25.96% of the points.
Time 1228.43: used 26.03% of the points.
Time 1237.92: used 26.10% of the points.
Time 1246.30: used 26.17% of the points.
Time 1250.71: used 26.24% of the points.
Time 1256.86: used 26.32% of the points.
Time 1263.02: used 26.39% of the points.
Time 1269.53: used 26.46% of the points.
Time 1274.81: used 26.53% of the points.
Time 1280.74: used 26.60% of the points.
Time 1280.78: used 26.68% of the points.
Time 1284.30: used 26.75% of the points.
Time 1288.44: used 26.82% of the points.
Time 1292.83: used 26.89% of the points.
Time 1296.71: used 26.96% of the points.
Time 1301.39: used 27.04% of the points.
Time 1301.42: used 27.11% of the points.
Time 1307.57: used 27.18% of the points.
Time 1307.60: used 27.25% of the points.
Time 1307.64: used 27.33% of the points.
Time 1307.68: used 27.40% of the points.
Time 1307.71: used 27.47% of the points.
Time 1307.75: used 27.54% of the points.
Time 1307.79: used 27.61% of the points.
Time 1307.82: used 27.69% of the points.
Time 1313.68: used 27.76% of the points.
Time 1313.74: used 27.83% of the points.
Time 1313.79: used 27.90% of the points.
Time 1313.84: used 27.97% of the points.
Time 1313.89: used 28.05% of the points.
Time 1313.95: used 28.12% of the points.
Time 1314.00: used 28.19% of the points.
Time 1314.05: used 28.26% of the points.
Time 1314.10: used 28.33% of the points.
Time 1321.52: used 28.41% of the points.
Time 1326.39: used 28.48% of the points.
Time 1333.10: used 28.55% of the points.
Time 1338.82: used 28.62% of the points.
Time 1345.74: used 28.70% of the points.
Time 1345.79: used 28.77% of the points.
Time 1345.83: used 28.84% of the points.
Time 1345.88: used 28.91% of the points.
Time 1345.92: used 28.98% of the points.
Time 1345.96: used 29.06% of the points.
Time 1346.01: used 29.13% of the points.
Time 1346.05: used 29.20% of the points.
Time 1346.10: used 29.27% of the points.
Time 1346.14: used 29.34% of the points.
Time 1346.19: used 29.42% of the points.
Time 1346.23: used 29.49% of the points.
Time 1351.09: used 29.56% of the points.
Time 1351.14: used 29.63% of the points.
Time 1351.20: used 29.70% of the points.
Time 1359.18: used 29.78% of the points.
Time 1359.23: used 29.85% of the points.
Time 1359.29: used 29.92% of the points.
Time 1365.92: used 29.99% of the points.
Time 1365.97: used 30.06% of the points.
Time 1372.45: used 30.14% of the points.
Time 1378.04: used 30.21% of the points.
Time 1385.80: used 30.28% of the points.
Time 1393.52: used 30.35% of the points.
Time 1399.82: used 30.43% of the points.
Time 1406.74: used 30.50% of the points.
Time 1413.96: used 30.57% of the points.
Time 1422.34: used 30.64% of the points.
Time 1428.07: used 30.71% of the points.
Time 1434.53: used 30.79% of the points.
Time 1444.57: used 30.86% of the points.
Time 1450.87: used 30.93% of the points.
Time 1458.94: used 31.00% of the points.
Time 1470.81: used 31.07% of the points.
Time 1477.88: used 31.15% of the points.
Time 1481.99: used 31.22% of the points.
Time 1487.21: used 31.29% of the points.
Time 1494.68: used 31.36% of the points.
Time 1499.58: used 31.43% of the points.
Time 1505.07: used 31.51% of the points.
Time 1511.10: used 31.58% of the points.
Time 1516.22: used 31.65% of the points.
Time 1525.05: used 31.72% of the points.
Time 1529.87: used 31.80% of the points.
Time 1534.42: used 31.87% of the points.
Time 1539.72: used 31.94% of the points.
Time 1544.43: used 32.01% of the points.
Time 1552.20: used 32.08% of the points.
Time 1557.99: used 32.16% of the points.
Time 1558.03: used 32.23% of the points.
Time 1562.53: used 32.30% of the points.
Time 1567.87: used 32.37% of the points.
Time 1567.91: used 32.44% of the points.
Time 1567.95: used 32.52% of the points.
Time 1567.99: used 32.59% of the points.
Time 1568.03: used 32.66% of the points.
Time 1568.07: used 32.73% of the points.
Time 1568.11: used 32.80% of the points.
Time 1568.15: used 32.88% of the points.
Time 1568.18: used 32.95% of the points.
Time 1568.22: used 33.02% of the points.
Time 1568.27: used 33.09% of the points.
Time 1568.31: used 33.17% of the points.
Time 1568.35: used 33.24% of the points.
Time 1568.39: used 33.31% of the points.
Time 1568.42: used 33.38% of the points.
Time 1574.33: used 33.45% of the points.
Time 1574.36: used 33.53% of the points.
Time 1574.39: used 33.60% of the points.
Time 1578.93: used 33.67% of the points.
Time 1578.96: used 33.74% of the points.
Time 1579.00: used 33.81% of the points.
Time 1584.21: used 33.89% of the points.
Time 1589.10: used 33.96% of the points.
Time 1594.89: used 34.03% of the points.
Time 1599.41: used 34.10% of the points.
Time 1603.56: used 34.17% of the points.
Time 1603.59: used 34.25% of the points.
Time 1603.62: used 34.32% of the points.
Time 1603.65: used 34.39% of the points.
Time 1603.68: used 34.46% of the points.
Time 1603.71: used 34.53% of the points.
Time 1603.73: used 34.61% of the points.
Time 1603.76: used 34.68% of the points.
Time 1608.17: used 34.75% of the points.
Time 1613.73: used 34.82% of the points.
Time 1613.76: used 34.90% of the points.
Time 1620.87: used 34.97% of the points.
Time 1626.09: used 35.04% of the points.
Time 1626.13: used 35.11% of the points.
Time 1631.00: used 35.18% of the points.
Time 1631.03: used 35.26% of the points.
Time 1631.07: used 35.33% of the points.
Time 1631.10: used 35.40% of the points.
Time 1631.14: used 35.47% of the points.
Time 1631.17: used 35.54% of the points.
Time 1637.50: used 35.62% of the points.
Time 1643.60: used 35.69% of the points.
Time 1652.02: used 35.76% of the points.
Time 1652.06: used 35.83% of the points.
Time 1658.71: used 35.90% of the points.
Time 1658.76: used 35.98% of the points.
Time 1658.80: used 36.05% of the points.
Time 1658.84: used 36.12% of the points.
Time 1665.29: used 36.19% of the points.
Time 1665.33: used 36.27% of the points.
Time 1665.37: used 36.34% of the points.
Time 1665.40: used 36.41% of the points.
Time 1665.44: used 36.48% of the points.
Time 1665.48: used 36.55% of the points.
Time 1671.01: used 36.63% of the points.
Time 1675.58: used 36.70% of the points.
Time 1681.28: used 36.77% of the points.
Time 1681.33: used 36.84% of the points.
Time 1681.38: used 36.91% of the points.
Time 1681.42: used 36.99% of the points.
Time 1686.18: used 37.06% of the points.
Time 1686.21: used 37.13% of the points.
Time 1691.72: used 37.20% of the points.
Time 1691.78: used 37.27% of the points.
Time 1691.83: used 37.35% of the points.
Time 1691.88: used 37.42% of the points.
Time 1698.25: used 37.49% of the points.
Time 1698.30: used 37.56% of the points.
Time 1698.34: used 37.64% of the points.
Time 1698.39: used 37.71% of the points.
Time 1704.78: used 37.78% of the points.
Time 1709.68: used 37.85% of the points.
Time 1714.52: used 37.92% of the points.
Time 1714.56: used 38.00% of the points.
Time 1714.60: used 38.07% of the points.
Time 1714.64: used 38.14% of the points.
Time 1714.68: used 38.21% of the points.
Time 1714.72: used 38.28% of the points.
Time 1714.76: used 38.36% of the points.
Time 1714.79: used 38.43% of the points.
Time 1714.83: used 38.50% of the points.
Time 1714.87: used 38.57% of the points.
Time 1714.92: used 38.64% of the points.
Time 1714.96: used 38.72% of the points.
Time 1715.00: used 38.79% of the points.
Time 1721.70: used 38.86% of the points.
Time 1727.54: used 38.93% of the points.
Time 1727.60: used 39.01% of the points.
Time 1734.16: used 39.08% of the points.
Time 1738.44: used 39.15% of the points.
Time 1738.47: used 39.22% of the points.
Time 1743.24: used 39.29% of the points.
Time 1748.12: used 39.37% of the points.
Time 1753.22: used 39.44% of the points.
Time 1759.09: used 39.51% of the points.
Time 1762.93: used 39.58% of the points.
Time 1769.92: used 39.65% of the points.
Time 1775.49: used 39.73% of the points.
Time 1775.52: used 39.80% of the points.
Time 1775.56: used 39.87% of the points.
Time 1775.60: used 39.94% of the points.
Time 1775.64: used 40.01% of the points.
Time 1775.68: used 40.09% of the points.
Time 1775.72: used 40.16% of the points.
Time 1775.76: used 40.23% of the points.
Time 1775.79: used 40.30% of the points.
Time 1775.83: used 40.37% of the points.
Time 1775.88: used 40.45% of the points.
Time 1775.91: used 40.52% of the points.
Time 1782.67: used 40.59% of the points.
Time 1782.71: used 40.66% of the points.
Time 1782.74: used 40.74% of the points.
Time 1782.78: used 40.81% of the points.
Time 1782.82: used 40.88% of the points.
Time 1782.86: used 40.95% of the points.
Time 1787.15: used 41.02% of the points.
Time 1787.18: used 41.10% of the points.
Time 1787.21: used 41.17% of the points.
Time 1794.66: used 41.24% of the points.
Time 1794.71: used 41.31% of the points.
Time 1794.75: used 41.38% of the points.
Time 1800.91: used 41.46% of the points.
Time 1808.90: used 41.53% of the points.
Time 1816.76: used 41.60% of the points.
Time 1822.93: used 41.67% of the points.
Time 1828.83: used 41.74% of the points.
Time 1836.17: used 41.82% of the points.
Time 1836.21: used 41.89% of the points.
Time 1843.33: used 41.96% of the points.
Time 1843.36: used 42.03% of the points.
Time 1843.38: used 42.11% of the points.
Time 1843.41: used 42.18% of the points.
Time 1843.44: used 42.25% of the points.
Time 1843.47: used 42.32% of the points.
Time 1843.49: used 42.39% of the points.
Time 1843.52: used 42.47% of the points.
Time 1849.43: used 42.54% of the points.
Time 1853.36: used 42.61% of the points.
Time 1859.69: used 42.68% of the points.
Time 1869.45: used 42.75% of the points.
Time 1877.17: used 42.83% of the points.
Time 1883.27: used 42.90% of the points.
Time 1888.83: used 42.97% of the points.
Time 1895.59: used 43.04% of the points.
Time 1903.27: used 43.11% of the points.
Time 1909.69: used 43.19% of the points.
Time 1918.82: used 43.26% of the points.
Time 1924.67: used 43.33% of the points.
Time 1933.09: used 43.40% of the points.
Time 1941.32: used 43.48% of the points.
Time 1947.22: used 43.55% of the points.
Time 1950.71: used 43.62% of the points.
Time 1955.28: used 43.69% of the points.
Time 1959.53: used 43.76% of the points.
Time 1964.96: used 43.84% of the points.
Time 1970.53: used 43.91% of the points.
Time 1975.20: used 43.98% of the points.
Time 1975.24: used 44.05% of the points.
Time 1975.27: used 44.12% of the points.
Time 1975.30: used 44.20% of the points.
Time 1975.34: used 44.27% of the points.
Time 1975.38: used 44.34% of the points.
Time 1975.42: used 44.41% of the points.
Time 1975.47: used 44.48% of the points.
Time 1975.50: used 44.56% of the points.
Time 1975.54: used 44.63% of the points.
Time 1980.89: used 44.70% of the points.
Time 1980.93: used 44.77% of the points.
Time 1980.97: used 44.84% of the points.
Time 1981.01: used 44.92% of the points.
Time 1981.05: used 44.99% of the points.
Time 1981.09: used 45.06% of the points.
Time 1981.13: used 45.13% of the points.
Time 1981.18: used 45.21% of the points.
Time 1981.22: used 45.28% of the points.
Time 1981.26: used 45.35% of the points.
Time 1987.37: used 45.42% of the points.
Time 1987.42: used 45.49% of the points.
Time 1987.46: used 45.57% of the points.
Time 1993.90: used 45.64% of the points.
Time 1993.95: used 45.71% of the points.
Time 1994.00: used 45.78% of the points.
Time 1994.03: used 45.85% of the points.
Time 1994.07: used 45.93% of the points.
Time 1994.11: used 46.00% of the points.
Time 1994.15: used 46.07% of the points.
Time 1994.19: used 46.14% of the points.
Time 1994.24: used 46.21% of the points.
Time 1994.27: used 46.29% of the points.
Time 1994.31: used 46.36% of the points.
Time 1994.34: used 46.43% of the points.
Time 1998.55: used 46.50% of the points.
Time 1998.59: used 46.58% of the points.
Time 1998.62: used 46.65% of the points.
Time 1998.65: used 46.72% of the points.
Time 2003.94: used 46.79% of the points.
Time 2011.45: used 46.86% of the points.
Time 2011.51: used 46.94% of the points.
Time 2011.55: used 47.01% of the points.
Time 2018.29: used 47.08% of the points.
Time 2018.34: used 47.15% of the points.
Time 2018.38: used 47.22% of the points.
Time 2018.43: used 47.30% of the points.
Time 2023.78: used 47.37% of the points.
Time 2029.18: used 47.44% of the points.
Time 2036.68: used 47.51% of the points.
Time 2043.85: used 47.58% of the points.
Time 2043.90: used 47.66% of the points.
Time 2043.94: used 47.73% of the points.
Time 2044.00: used 47.80% of the points.
Time 2044.06: used 47.87% of the points.
Time 2049.10: used 47.95% of the points.
Time 2049.14: used 48.02% of the points.
Time 2049.18: used 48.09% of the points.
Time 2049.22: used 48.16% of the points.
Time 2049.26: used 48.23% of the points.
Time 2049.30: used 48.31% of the points.
Time 2056.10: used 48.38% of the points.
Time 2061.81: used 48.45% of the points.
Time 2061.86: used 48.52% of the points.
Time 2067.11: used 48.59% of the points.
Time 2072.16: used 48.67% of the points.
Time 2076.58: used 48.74% of the points.
Time 2083.72: used 48.81% of the points.
Time 2083.77: used 48.88% of the points.
Time 2083.81: used 48.95% of the points.
Time 2089.79: used 49.03% of the points.
Time 2096.27: used 49.10% of the points.
Time 2096.30: used 49.17% of the points.
Time 2096.33: used 49.24% of the points.
Time 2096.37: used 49.32% of the points.
Time 2096.41: used 49.39% of the points.
Time 2101.69: used 49.46% of the points.
Time 2101.74: used 49.53% of the points.
Time 2101.78: used 49.60% of the points.
Time 2101.82: used 49.68% of the points.
Time 2101.86: used 49.75% of the points.
Time 2101.89: used 49.82% of the points.
Time 2101.92: used 49.89% of the points.
Time 2101.95: used 49.96% of the points.
Time 2101.98: used 50.04% of the points.
Time 2102.01: used 50.11% of the points.
Time 2102.03: used 50.18% of the points.
Time 2102.08: used 50.25% of the points.
Time 2107.16: used 50.32% of the points.
Time 2107.19: used 50.40% of the points.
Time 2107.22: used 50.47% of the points.
Time 2107.26: used 50.54% of the points.
Time 2107.29: used 50.61% of the points.
Time 2107.32: used 50.68% of the points.
Time 2107.35: used 50.76% of the points.
Time 2112.24: used 50.83% of the points.
Time 2112.27: used 50.90% of the points.
Time 2112.30: used 50.97% of the points.
Time 2112.33: used 51.05% of the points.
Time 2112.36: used 51.12% of the points.
Time 2112.40: used 51.19% of the points.
Time 2112.43: used 51.26% of the points.
Time 2112.47: used 51.33% of the points.
Time 2112.51: used 51.41% of the points.
Time 2112.55: used 51.48% of the points.
Time 2112.58: used 51.55% of the points.
Time 2112.62: used 51.62% of the points.
Time 2112.66: used 51.69% of the points.
Time 2112.70: used 51.77% of the points.
Time 2112.73: used 51.84% of the points.
Time 2112.76: used 51.91% of the points.
Time 2112.80: used 51.98% of the points.
Time 2112.84: used 52.05% of the points.
Time 2112.88: used 52.13% of the points.
Time 2112.92: used 52.20% of the points.
Time 2112.95: used 52.27% of the points.
Time 2112.99: used 52.34% of the points.
Time 2113.02: used 52.42% of the points.
Time 2113.06: used 52.49% of the points.
Time 2113.10: used 52.56% of the points.
Time 2113.14: used 52.63% of the points.
Time 2113.18: used 52.70% of the points.
Time 2113.21: used 52.78% of the points.
Time 2113.25: used 52.85% of the points.
Time 2113.28: used 52.92% of the points.
Time 2113.32: used 52.99% of the points.
Time 2113.35: used 53.06% of the points.
Time 2113.38: used 53.14% of the points.
Time 2113.41: used 53.21% of the points.
Time 2113.45: used 53.28% of the points.
Time 2113.48: used 53.35% of the points.
Time 2113.52: used 53.42% of the points.
Time 2117.99: used 53.50% of the points.
Time 2118.02: used 53.57% of the points.
Time 2118.05: used 53.64% of the points.
Time 2118.08: used 53.71% of the points.
Time 2118.10: used 53.79% of the points.
Time 2118.13: used 53.86% of the points.
Time 2124.19: used 53.93% of the points.
Time 2129.88: used 54.00% of the points.
Time 2137.54: used 54.07% of the points.
Time 2143.15: used 54.15% of the points.
Time 2149.78: used 54.22% of the points.
Time 2155.76: used 54.29% of the points.
Time 2161.90: used 54.36% of the points.
Time 2169.02: used 54.43% of the points.
Time 2175.71: used 54.51% of the points.
Time 2181.15: used 54.58% of the points.
Time 2188.25: used 54.65% of the points.
Time 2194.05: used 54.72% of the points.
Time 2199.10: used 54.79% of the points.
Time 2204.89: used 54.87% of the points.
Time 2211.37: used 54.94% of the points.
Time 2217.97: used 55.01% of the points.
Time 2224.46: used 55.08% of the points.
Time 2230.84: used 55.16% of the points.
Time 2230.87: used 55.23% of the points.
Time 2237.17: used 55.30% of the points.
Time 2237.20: used 55.37% of the points.
Time 2237.23: used 55.44% of the points.
Time 2237.26: used 55.52% of the points.
Time 2237.29: used 55.59% of the points.
Time 2237.32: used 55.66% of the points.
Time 2237.35: used 55.73% of the points.
Time 2237.37: used 55.80% of the points.
Time 2237.40: used 55.88% of the points.
Time 2237.43: used 55.95% of the points.
Time 2237.46: used 56.02% of the points.
Time 2237.49: used 56.09% of the points.
Time 2242.16: used 56.16% of the points.
Time 2242.20: used 56.24% of the points.
Time 2242.23: used 56.31% of the points.
Time 2242.27: used 56.38% of the points.
Time 2250.48: used 56.45% of the points.
Time 2250.54: used 56.52% of the points.
Time 2258.69: used 56.60% of the points.
Time 2258.73: used 56.67% of the points.
Time 2258.76: used 56.74% of the points.
Time 2258.80: used 56.81% of the points.
Time 2258.83: used 56.89% of the points.
Time 2258.87: used 56.96% of the points.
Time 2258.90: used 57.03% of the points.
Time 2258.93: used 57.10% of the points.
Time 2258.97: used 57.17% of the points.
Time 2259.01: used 57.25% of the points.
Time 2259.04: used 57.32% of the points.
Time 2259.07: used 57.39% of the points.
Time 2259.11: used 57.46% of the points.
Time 2259.14: used 57.53% of the points.
Time 2264.58: used 57.61% of the points.
Time 2264.62: used 57.68% of the points.
Time 2271.03: used 57.75% of the points.
Time 2271.08: used 57.82% of the points.
Time 2279.05: used 57.89% of the points.
Time 2285.73: used 57.97% of the points.
Time 2290.33: used 58.04% of the points.
Time 2295.16: used 58.11% of the points.
Time 2299.28: used 58.18% of the points.
Time 2299.32: used 58.26% of the points.
Time 2305.43: used 58.33% of the points.
Time 2312.34: used 58.40% of the points.
Time 2316.92: used 58.47% of the points.
Time 2323.19: used 58.54% of the points.
Time 2329.78: used 58.62% of the points.
Time 2337.31: used 58.69% of the points.
Time 2342.07: used 58.76% of the points.
Time 2342.10: used 58.83% of the points.
Time 2342.13: used 58.90% of the points.
Time 2346.38: used 58.98% of the points.
Time 2346.42: used 59.05% of the points.
Time 2346.46: used 59.12% of the points.
Time 2354.53: used 59.19% of the points.
Time 2354.58: used 59.26% of the points.
Time 2354.63: used 59.34% of the points.
Time 2354.67: used 59.41% of the points.
Time 2354.72: used 59.48% of the points.
Time 2354.76: used 59.55% of the points.
Time 2354.81: used 59.63% of the points.
Time 2354.85: used 59.70% of the points.
Time 2354.89: used 59.77% of the points.
Time 2354.94: used 59.84% of the points.
Time 2354.98: used 59.91% of the points.
Time 2355.02: used 59.99% of the points.
Time 2360.85: used 60.06% of the points.
Time 2360.89: used 60.13% of the points.
Time 2360.92: used 60.20% of the points.
Time 2367.42: used 60.27% of the points.
Time 2367.46: used 60.35% of the points.
Time 2367.50: used 60.42% of the points.
Time 2373.10: used 60.49% of the points.
Time 2373.15: used 60.56% of the points.
Time 2373.20: used 60.63% of the points.
Time 2380.65: used 60.71% of the points.
Time 2380.69: used 60.78% of the points.
Time 2380.73: used 60.85% of the points.
Time 2387.56: used 60.92% of the points.
Time 2387.60: used 60.99% of the points.
Time 2393.29: used 61.07% of the points.
Time 2399.99: used 61.14% of the points.
Time 2405.59: used 61.21% of the points.
Time 2409.79: used 61.28% of the points.
Time 2416.77: used 61.36% of the points.
Time 2416.81: used 61.43% of the points.
Time 2416.85: used 61.50% of the points.
Time 2416.89: used 61.57% of the points.
Time 2416.93: used 61.64% of the points.
Time 2421.24: used 61.72% of the points.
Time 2421.28: used 61.79% of the points.
Time 2426.68: used 61.86% of the points.
Time 2426.71: used 61.93% of the points.
Time 2426.75: used 62.00% of the points.
Time 2426.79: used 62.08% of the points.
Time 2433.02: used 62.15% of the points.
Time 2433.05: used 62.22% of the points.
Time 2433.08: used 62.29% of the points.
Time 2433.11: used 62.36% of the points.
Time 2433.14: used 62.44% of the points.
Time 2433.17: used 62.51% of the points.
Time 2433.20: used 62.58% of the points.
Time 2433.23: used 62.65% of the points.
Time 2433.26: used 62.73% of the points.
Time 2433.29: used 62.80% of the points.
Time 2433.32: used 62.87% of the points.
Time 2433.35: used 62.94% of the points.
Time 2433.38: used 63.01% of the points.
Time 2433.41: used 63.09% of the points.
Time 2433.44: used 63.16% of the points.
Time 2433.47: used 63.23% of the points.
Time 2433.50: used 63.30% of the points.
Time 2433.53: used 63.37% of the points.
Time 2433.56: used 63.45% of the points.
Time 2433.59: used 63.52% of the points.
Time 2433.62: used 63.59% of the points.
Time 2433.65: used 63.66% of the points.
Time 2433.68: used 63.73% of the points.
Time 2433.71: used 63.81% of the points.
Time 2433.74: used 63.88% of the points.
Time 2433.77: used 63.95% of the points.
Time 2433.80: used 64.02% of the points.
Time 2433.83: used 64.10% of the points.
Time 2433.86: used 64.17% of the points.
Time 2433.89: used 64.24% of the points.
Time 2433.92: used 64.31% of the points.
Time 2433.95: used 64.38% of the points.
Time 2433.98: used 64.46% of the points.
Time 2434.01: used 64.53% of the points.
Time 2434.04: used 64.60% of the points.
Time 2434.07: used 64.67% of the points.
Time 2434.10: used 64.74% of the points.
Time 2439.69: used 64.82% of the points.
Time 2444.71: used 64.89% of the points.
Time 2444.75: used 64.96% of the points.
Time 2449.91: used 65.03% of the points.
Time 2456.91: used 65.10% of the points.
Time 2456.96: used 65.18% of the points.
Time 2457.01: used 65.25% of the points.
Time 2457.07: used 65.32% of the points.
Time 2457.12: used 65.39% of the points.
Time 2457.17: used 65.47% of the points.
Time 2457.21: used 65.54% of the points.
Time 2463.41: used 65.61% of the points.
Time 2463.45: used 65.68% of the points.
Time 2463.48: used 65.75% of the points.
Time 2463.52: used 65.83% of the points.
Time 2468.41: used 65.90% of the points.
Time 2473.22: used 65.97% of the points.
Time 2473.25: used 66.04% of the points.
Time 2479.63: used 66.11% of the points.
Time 2479.66: used 66.19% of the points.
Time 2486.19: used 66.26% of the points.
Time 2489.99: used 66.33% of the points.
Time 2490.02: used 66.40% of the points.
Time 2490.05: used 66.47% of the points.
Time 2490.08: used 66.55% of the points.
Time 2490.10: used 66.62% of the points.
Time 2490.13: used 66.69% of the points.
Time 2490.16: used 66.76% of the points.
Time 2490.18: used 66.83% of the points.
Time 2490.21: used 66.91% of the points.
Time 2490.24: used 66.98% of the points.
Time 2490.26: used 67.05% of the points.
Time 2490.29: used 67.12% of the points.
Time 2490.32: used 67.20% of the points.
Time 2490.34: used 67.27% of the points.
Time 2490.37: used 67.34% of the points.
Time 2490.40: used 67.41% of the points.
Time 2490.43: used 67.48% of the points.
Time 2490.46: used 67.56% of the points.
Time 2490.48: used 67.63% of the points.
Time 2490.51: used 67.70% of the points.
Time 2490.54: used 67.77% of the points.
Time 2490.57: used 67.84% of the points.
Time 2490.60: used 67.92% of the points.
Time 2490.62: used 67.99% of the points.
Time 2490.65: used 68.06% of the points.
Time 2490.68: used 68.13% of the points.
Time 2490.71: used 68.20% of the points.
Time 2494.76: used 68.28% of the points.
Time 2494.79: used 68.35% of the points.
Time 2494.82: used 68.42% of the points.
Time 2500.37: used 68.49% of the points.
Time 2500.41: used 68.57% of the points.
Time 2500.44: used 68.64% of the points.
Time 2505.61: used 68.71% of the points.
Time 2505.65: used 68.78% of the points.
Time 2505.71: used 68.85% of the points.
Time 2514.39: used 68.93% of the points.
Time 2514.43: used 69.00% of the points.
Time 2521.11: used 69.07% of the points.
Time 2529.69: used 69.14% of the points.
Time 2538.23: used 69.21% of the points.
Time 2544.94: used 69.29% of the points.
Time 2551.13: used 69.36% of the points.
Time 2557.97: used 69.43% of the points.
Time 2565.94: used 69.50% of the points.
Time 2573.29: used 69.57% of the points.
Time 2578.09: used 69.65% of the points.
Time 2583.25: used 69.72% of the points.
Time 2591.43: used 69.79% of the points.
Time 2597.97: used 69.86% of the points.
Time 2598.02: used 69.94% of the points.
Time 2603.95: used 70.01% of the points.
Time 2604.02: used 70.08% of the points.
Time 2604.07: used 70.15% of the points.
Time 2609.51: used 70.22% of the points.
Time 2609.55: used 70.30% of the points.
Time 2609.59: used 70.37% of the points.
Time 2616.08: used 70.44% of the points.
Time 2622.67: used 70.51% of the points.
Time 2622.70: used 70.58% of the points.
Time 2622.74: used 70.66% of the points.
Time 2622.77: used 70.73% of the points.
Time 2622.81: used 70.80% of the points.
Time 2622.85: used 70.87% of the points.
Time 2622.88: used 70.94% of the points.
Time 2622.92: used 71.02% of the points.
Time 2622.95: used 71.09% of the points.
Time 2622.99: used 71.16% of the points.
Time 2623.02: used 71.23% of the points.
Time 2623.06: used 71.30% of the points.
Time 2623.10: used 71.38% of the points.
Time 2623.13: used 71.45% of the points.
Time 2623.17: used 71.52% of the points.
Time 2623.20: used 71.59% of the points.
Time 2623.24: used 71.67% of the points.
Time 2623.27: used 71.74% of the points.
Time 2623.31: used 71.81% of the points.
Time 2623.35: used 71.88% of the points.
Time 2623.38: used 71.95% of the points.
Time 2623.42: used 72.03% of the points.
Time 2623.45: used 72.10% of the points.
Time 2623.49: used 72.17% of the points.
Time 2623.52: used 72.24% of the points.
Time 2623.56: used 72.31% of the points.
Time 2623.60: used 72.39% of the points.
Time 2623.63: used 72.46% of the points.
Time 2623.67: used 72.53% of the points.
Time 2623.70: used 72.60% of the points.
Time 2623.74: used 72.67% of the points.
Time 2623.77: used 72.75% of the points.
Time 2623.81: used 72.82% of the points.
Time 2623.84: used 72.89% of the points.
Time 2623.88: used 72.96% of the points.
Time 2623.91: used 73.04% of the points.
Time 2623.95: used 73.11% of the points.
Time 2623.99: used 73.18% of the points.
Time 2624.02: used 73.25% of the points.
Time 2624.06: used 73.32% of the points.
Time 2624.09: used 73.40% of the points.
Time 2624.13: used 73.47% of the points.
Time 2624.17: used 73.54% of the points.
Time 2624.21: used 73.61% of the points.
Time 2624.24: used 73.68% of the points.
Time 2624.28: used 73.76% of the points.
Time 2624.31: used 73.83% of the points.
Time 2624.35: used 73.90% of the points.
Time 2624.38: used 73.97% of the points.
Time 2624.41: used 74.04% of the points.
Time 2624.45: used 74.12% of the points.
Time 2624.49: used 74.19% of the points.
Time 2624.52: used 74.26% of the points.
Time 2624.55: used 74.33% of the points.
Time 2624.58: used 74.41% of the points.
Time 2624.61: used 74.48% of the points.
Time 2624.64: used 74.55% of the points.
Time 2624.68: used 74.62% of the points.
Time 2624.71: used 74.69% of the points.
Time 2624.74: used 74.77% of the points.
Time 2624.77: used 74.84% of the points.
Time 2624.80: used 74.91% of the points.
Time 2624.83: used 74.98% of the points.
Time 2624.86: used 75.05% of the points.
Time 2624.89: used 75.13% of the points.
Time 2624.93: used 75.20% of the points.
Time 2624.96: used 75.27% of the points.
Time 2624.99: used 75.34% of the points.
Time 2625.02: used 75.41% of the points.
Time 2625.05: used 75.49% of the points.
Time 2625.09: used 75.56% of the points.
Time 2625.12: used 75.63% of the points.
Time 2625.15: used 75.70% of the points.
Time 2625.18: used 75.78% of the points.
Time 2625.21: used 75.85% of the points.
Time 2625.25: used 75.92% of the points.
Time 2625.28: used 75.99% of the points.
Time 2625.32: used 76.06% of the points.
Time 2625.35: used 76.14% of the points.
Time 2625.38: used 76.21% of the points.
Time 2625.41: used 76.28% of the points.
Time 2625.45: used 76.35% of the points.
Time 2625.48: used 76.42% of the points.
Time 2625.51: used 76.50% of the points.
Time 2625.54: used 76.57% of the points.
Time 2625.57: used 76.64% of the points.
Time 2625.61: used 76.71% of the points.
Time 2625.64: used 76.78% of the points.
Time 2625.67: used 76.86% of the points.
Time 2625.70: used 76.93% of the points.
Time 2625.73: used 77.00% of the points.
Time 2625.77: used 77.07% of the points.
Time 2625.80: used 77.14% of the points.
Time 2625.83: used 77.22% of the points.
Time 2625.86: used 77.29% of the points.
Time 2625.89: used 77.36% of the points.
Time 2625.92: used 77.43% of the points.
Time 2631.33: used 77.51% of the points.
Time 2639.24: used 77.58% of the points.
Time 2639.31: used 77.65% of the points.
Time 2639.35: used 77.72% of the points.
Time 2639.40: used 77.79% of the points.
Time 2639.45: used 77.87% of the points.
Time 2639.50: used 77.94% of the points.
Time 2639.54: used 78.01% of the points.
Time 2639.58: used 78.08% of the points.
Time 2639.62: used 78.15% of the points.
Time 2639.68: used 78.23% of the points.
Time 2639.73: used 78.30% of the points.
Time 2639.78: used 78.37% of the points.
Time 2649.61: used 78.44% of the points.
Time 2656.17: used 78.51% of the points.
Time 2656.21: used 78.59% of the points.
Time 2663.38: used 78.66% of the points.
Time 2669.98: used 78.73% of the points.
Time 2675.97: used 78.80% of the points.
Time 2682.38: used 78.88% of the points.
Time 2689.53: used 78.95% of the points.
Time 2689.56: used 79.02% of the points.
Time 2694.20: used 79.09% of the points.
Time 2700.19: used 79.16% of the points.
Time 2700.23: used 79.24% of the points.
Time 2704.44: used 79.31% of the points.
Time 2704.47: used 79.38% of the points.
Time 2704.50: used 79.45% of the points.
Time 2708.11: used 79.52% of the points.
Time 2712.19: used 79.60% of the points.
Time 2715.83: used 79.67% of the points.
Time 2719.66: used 79.74% of the points.
Time 2719.69: used 79.81% of the points.
Time 2719.72: used 79.88% of the points.
Time 2719.75: used 79.96% of the points.
Time 2719.79: used 80.03% of the points.
Time 2724.62: used 80.10% of the points.
Time 2724.65: used 80.17% of the points.
Time 2724.68: used 80.25% of the points.
Time 2724.72: used 80.32% of the points.
Time 2728.91: used 80.39% of the points.
Time 2734.85: used 80.46% of the points.
Time 2738.33: used 80.53% of the points.
Time 2742.65: used 80.61% of the points.
Time 2746.94: used 80.68% of the points.
Time 2746.98: used 80.75% of the points.
Time 2747.01: used 80.82% of the points.
Time 2747.04: used 80.89% of the points.
Time 2747.08: used 80.97% of the points.
Time 2750.91: used 81.04% of the points.
Time 2750.95: used 81.11% of the points.
Time 2756.91: used 81.18% of the points.
Time 2756.95: used 81.25% of the points.
Time 2761.34: used 81.33% of the points.
Time 2761.38: used 81.40% of the points.
Time 2766.00: used 81.47% of the points.
Time 2766.05: used 81.54% of the points.
Time 2766.09: used 81.61% of the points.
Time 2766.13: used 81.69% of the points.
Time 2766.18: used 81.76% of the points.
Time 2766.22: used 81.83% of the points.
Time 2766.26: used 81.90% of the points.
Time 2772.09: used 81.98% of the points.
Time 2772.13: used 82.05% of the points.
Time 2772.16: used 82.12% of the points.
Time 2772.21: used 82.19% of the points.
Time 2772.26: used 82.26% of the points.
Time 2772.30: used 82.34% of the points.
Time 2772.34: used 82.41% of the points.
Time 2772.38: used 82.48% of the points.
Time 2772.42: used 82.55% of the points.
Time 2772.46: used 82.62% of the points.
Time 2772.50: used 82.70% of the points.
Time 2778.95: used 82.77% of the points.
Time 2778.98: used 82.84% of the points.
Time 2779.01: used 82.91% of the points.
Time 2783.56: used 82.98% of the points.
Time 2783.59: used 83.06% of the points.
Time 2783.62: used 83.13% of the points.
Time 2788.21: used 83.20% of the points.
Time 2793.19: used 83.27% of the points.
Time 2793.22: used 83.35% of the points.
Time 2797.49: used 83.42% of the points.
Time 2803.32: used 83.49% of the points.
Time 2808.33: used 83.56% of the points.
Time 2815.21: used 83.63% of the points.
Time 2821.33: used 83.71% of the points.
Time 2828.48: used 83.78% of the points.
Time 2833.91: used 83.85% of the points.
Time 2833.95: used 83.92% of the points.
Time 2838.87: used 83.99% of the points.
Time 2838.90: used 84.07% of the points.
Time 2842.36: used 84.14% of the points.
Time 2842.39: used 84.21% of the points.
Time 2847.29: used 84.28% of the points.
Time 2847.32: used 84.35% of the points.
Time 2851.81: used 84.43% of the points.
Time 2851.85: used 84.50% of the points.
Time 2851.89: used 84.57% of the points.
Time 2851.92: used 84.64% of the points.
Time 2851.96: used 84.72% of the points.
Time 2851.99: used 84.79% of the points.
Time 2855.96: used 84.86% of the points.
Time 2856.00: used 84.93% of the points.
Time 2856.03: used 85.00% of the points.
Time 2856.07: used 85.08% of the points.
Time 2856.10: used 85.15% of the points.
Time 2856.14: used 85.22% of the points.
Time 2856.17: used 85.29% of the points.
Time 2856.20: used 85.36% of the points.
Time 2856.24: used 85.44% of the points.
Time 2856.27: used 85.51% of the points.
Time 2856.31: used 85.58% of the points.
Time 2856.34: used 85.65% of the points.
Time 2856.38: used 85.72% of the points.
Time 2856.41: used 85.80% of the points.
Time 2856.45: used 85.87% of the points.
Time 2856.48: used 85.94% of the points.
Time 2856.51: used 86.01% of the points.
Time 2862.01: used 86.09% of the points.
Time 2862.04: used 86.16% of the points.
Time 2865.75: used 86.23% of the points.
Time 2871.73: used 86.30% of the points.
Time 2871.79: used 86.37% of the points.
Time 2878.05: used 86.45% of the points.
Time 2883.36: used 86.52% of the points.
Time 2883.39: used 86.59% of the points.
Time 2883.43: used 86.66% of the points.
Time 2889.75: used 86.73% of the points.
Time 2889.78: used 86.81% of the points.
Time 2895.57: used 86.88% of the points.
Time 2895.61: used 86.95% of the points.
Time 2903.28: used 87.02% of the points.
Time 2909.96: used 87.09% of the points.
Time 2910.01: used 87.17% of the points.
Time 2910.05: used 87.24% of the points.
Time 2915.14: used 87.31% of the points.
Time 2915.17: used 87.38% of the points.
Time 2915.20: used 87.45% of the points.
Time 2915.23: used 87.53% of the points.
Time 2915.25: used 87.60% of the points.
Time 2919.12: used 87.67% of the points.
Time 2919.17: used 87.74% of the points.
Time 2919.21: used 87.82% of the points.
Time 2919.25: used 87.89% of the points.
Time 2919.29: used 87.96% of the points.
Time 2919.33: used 88.03% of the points.
Time 2919.37: used 88.10% of the points.
Time 2919.42: used 88.18% of the points.
Time 2919.46: used 88.25% of the points.
Time 2919.50: used 88.32% of the points.
Time 2919.55: used 88.39% of the points.
Time 2919.58: used 88.46% of the points.
Time 2919.63: used 88.54% of the points.
Time 2926.77: used 88.61% of the points.
Time 2926.80: used 88.68% of the points.
Time 2926.84: used 88.75% of the points.
Time 2926.87: used 88.82% of the points.
Time 2926.91: used 88.90% of the points.
Time 2931.83: used 88.97% of the points.
Time 2936.82: used 89.04% of the points.
Time 2941.50: used 89.11% of the points.
Time 2941.53: used 89.19% of the points.
Time 2941.56: used 89.26% of the points.
Time 2941.59: used 89.33% of the points.
Time 2941.62: used 89.40% of the points.
Time 2947.76: used 89.47% of the points.
Time 2953.22: used 89.55% of the points.
Time 2957.85: used 89.62% of the points.
Time 2962.36: used 89.69% of the points.
Time 2962.38: used 89.76% of the points.
Time 2962.41: used 89.83% of the points.
Time 2962.44: used 89.91% of the points.
Time 2962.47: used 89.98% of the points.
Time 2966.29: used 90.05% of the points.
Time 2966.31: used 90.12% of the points.
Time 2966.34: used 90.19% of the points.
Time 2966.37: used 90.27% of the points.
Time 2973.32: used 90.34% of the points.
Time 2973.36: used 90.41% of the points.
Time 2973.39: used 90.48% of the points.
Time 2973.43: used 90.56% of the points.
Time 2973.46: used 90.63% of the points.
Time 2979.23: used 90.70% of the points.
Time 2986.13: used 90.77% of the points.
Time 2986.19: used 90.84% of the points.
Time 2986.23: used 90.92% of the points.
Time 2986.27: used 90.99% of the points.
Time 2991.58: used 91.06% of the points.
Time 2991.61: used 91.13% of the points.
Time 2991.64: used 91.20% of the points.
Time 2991.67: used 91.28% of the points.
Time 2991.70: used 91.35% of the points.
Time 2996.65: used 91.42% of the points.
Time 3001.50: used 91.49% of the points.
Time 3007.47: used 91.56% of the points.
Time 3014.39: used 91.64% of the points.
Time 3020.29: used 91.71% of the points.
Time 3020.33: used 91.78% of the points.
Time 3020.37: used 91.85% of the points.
Time 3025.43: used 91.93% of the points.
Time 3025.46: used 92.00% of the points.
Time 3030.12: used 92.07% of the points.
Time 3035.88: used 92.14% of the points.
Time 3035.92: used 92.21% of the points.
Time 3035.96: used 92.29% of the points.
Time 3036.00: used 92.36% of the points.
Time 3036.03: used 92.43% of the points.
Time 3041.82: used 92.50% of the points.
Time 3048.06: used 92.57% of the points.
Time 3053.84: used 92.65% of the points.
Time 3053.88: used 92.72% of the points.
Time 3053.91: used 92.79% of the points.
Time 3053.95: used 92.86% of the points.
Time 3053.99: used 92.93% of the points.
Time 3058.89: used 93.01% of the points.
Time 3066.20: used 93.08% of the points.
Time 3071.95: used 93.15% of the points.
Time 3071.98: used 93.22% of the points.
Time 3072.01: used 93.29% of the points.
Time 3072.04: used 93.37% of the points.
Time 3072.07: used 93.44% of the points.
Time 3072.11: used 93.51% of the points.
Time 3075.67: used 93.58% of the points.
Time 3075.70: used 93.66% of the points.
Time 3075.73: used 93.73% of the points.
Time 3075.76: used 93.80% of the points.
Time 3075.79: used 93.87% of the points.
Time 3075.82: used 93.94% of the points.
Time 3075.85: used 94.02% of the points.
Time 3075.88: used 94.09% of the points.
Time 3075.91: used 94.16% of the points.
Time 3080.79: used 94.23% of the points.
Time 3080.83: used 94.30% of the points.
Time 3080.87: used 94.38% of the points.
Time 3080.92: used 94.45% of the points.
Time 3080.96: used 94.52% of the points.
Time 3080.99: used 94.59% of the points.
Time 3081.03: used 94.66% of the points.
Time 3081.06: used 94.74% of the points.
Time 3087.14: used 94.81% of the points.
Time 3091.70: used 94.88% of the points.
Time 3091.73: used 94.95% of the points.
Time 3091.75: used 95.03% of the points.
Time 3091.78: used 95.10% of the points.
Time 3091.81: used 95.17% of the points.
Time 3091.84: used 95.24% of the points.
Time 3091.86: used 95.31% of the points.
Time 3091.89: used 95.39% of the points.
Time 3091.92: used 95.46% of the points.
Time 3091.94: used 95.53% of the points.
Time 3091.97: used 95.60% of the points.
Time 3092.00: used 95.67% of the points.
Time 3092.02: used 95.75% of the points.
Time 3092.05: used 95.82% of the points.
Time 3092.08: used 95.89% of the points.
Time 3092.10: used 95.96% of the points.
Time 3092.13: used 96.03% of the points.
Time 3092.16: used 96.11% of the points.
Time 3092.18: used 96.18% of the points.
Time 3092.21: used 96.25% of the points.
Time 3092.24: used 96.32% of the points.
Time 3092.27: used 96.40% of the points.
Time 3092.29: used 96.47% of the points.
Time 3092.32: used 96.54% of the points.
Time 3092.35: used 96.61% of the points.
Time 3092.37: used 96.68% of the points.
Time 3095.75: used 96.76% of the points.
Time 3099.20: used 96.83% of the points.
Time 3099.23: used 96.90% of the points.
Time 3099.25: used 96.97% of the points.
Time 3099.28: used 97.04% of the points.
Time 3099.31: used 97.12% of the points.
Time 3102.42: used 97.19% of the points.
Time 3102.45: used 97.26% of the points.
Time 3102.47: used 97.33% of the points.
Time 3105.93: used 97.40% of the points.
Time 3105.96: used 97.48% of the points.
Time 3105.99: used 97.55% of the points.
Time 3110.64: used 97.62% of the points.
Time 3115.34: used 97.69% of the points.
Time 3115.37: used 97.76% of the points.
Time 3115.41: used 97.84% of the points.
Time 3115.44: used 97.91% of the points.
Time 3115.48: used 97.98% of the points.
Time 3115.51: used 98.05% of the points.
Time 3115.55: used 98.13% of the points.
Time 3115.58: used 98.20% of the points.
Time 3115.62: used 98.27% of the points.
Time 3115.65: used 98.34% of the points.
Time 3115.69: used 98.41% of the points.
Time 3115.72: used 98.49% of the points.
Time 3121.18: used 98.56% of the points.
Time 3121.21: used 98.63% of the points.
Time 3121.24: used 98.70% of the points.
Time 3121.26: used 98.77% of the points.
Time 3121.29: used 98.85% of the points.
Time 3121.32: used 98.92% of the points.
Time 3121.35: used 98.99% of the points.
Time 3121.38: used 99.06% of the points.
Time 3121.41: used 99.13% of the points.
Time 3121.44: used 99.21% of the points.
Time 3121.48: used 99.28% of the points.
Time 3121.51: used 99.35% of the points.
Time 3121.53: used 99.42% of the points.
Time 3121.56: used 99.50% of the points.
Time 3121.59: used 99.57% of the points.
Time 3121.62: used 99.64% of the points.
Time 3121.65: used 99.71% of the points.
Time 3121.68: used 99.78% of the points.
Time 3121.71: used 99.86% of the points.
Time 3126.19: used 99.93% of the points.
Time 3126.22: used 100.00% of the points.
Time 1701212641.17: used 100.00% of the points.

The following have been reloaded with a version change:
  1) GCCcore/11.2.0 => GCCcore/12.2.0
  2) XZ/5.2.5-GCCcore-11.2.0 => XZ/5.2.7-GCCcore-12.2.0
  3) libreadline/8.1-GCCcore-11.2.0 => libreadline/8.2-GCCcore-12.2.0
  4) ncurses/6.2-GCCcore-11.2.0 => ncurses/6.3-GCCcore-12.2.0
  5) zlib/1.2.11-GCCcore-11.2.0 => zlib/1.2.12-GCCcore-12.2.0

