2023-11-25 06:42:00.648600: I external/local_tsl/tsl/cuda/cudart_stub.cc:31] Could not find cuda drivers on your machine, GPU will not be used.
2023-11-25 06:42:00.679521: E external/local_xla/xla/stream_executor/cuda/cuda_dnn.cc:9261] Unable to register cuDNN factory: Attempting to register factory for plugin cuDNN when one has already been registered
2023-11-25 06:42:00.679594: E external/local_xla/xla/stream_executor/cuda/cuda_fft.cc:607] Unable to register cuFFT factory: Attempting to register factory for plugin cuFFT when one has already been registered
2023-11-25 06:42:00.680546: E external/local_xla/xla/stream_executor/cuda/cuda_blas.cc:1515] Unable to register cuBLAS factory: Attempting to register factory for plugin cuBLAS when one has already been registered
2023-11-25 06:42:00.685924: I external/local_tsl/tsl/cuda/cudart_stub.cc:31] Could not find cuda drivers on your machine, GPU will not be used.
2023-11-25 06:42:00.686112: I tensorflow/core/platform/cpu_feature_guard.cc:182] This TensorFlow binary is optimized to use available CPU instructions in performance-critical operations.
To enable the following instructions: AVX2 FMA, in other operations, rebuild TensorFlow with the appropriate compiler flags.
2023-11-25 06:42:01.592562: W tensorflow/compiler/tf2tensorrt/utils/py_utils.cc:38] TF-TRT Warning: Could not find TensorRT
Reloading Tuner from hyperparams/sinus: first real try GREEDY/tuner0.json
sinus: first real try GREEDY
300
Model: "model"
_________________________________________________________________
 Layer (type)                Output Shape              Param #   
=================================================================
 input_1 (InputLayer)        [(None, 1)]               0         
                                                                 
 dense (Dense)               (None, 64)                128       
                                                                 
 dense_1 (Dense)             (None, 64)                4160      
                                                                 
 dense_2 (Dense)             (None, 64)                4160      
                                                                 
 dense_3 (Dense)             (None, 64)                4160      
                                                                 
 dense_4 (Dense)             (None, 1)                 65        
                                                                 
=================================================================
Total params: 12673 (49.50 KB)
Trainable params: 12673 (49.50 KB)
Non-trainable params: 0 (0.00 Byte)
_________________________________________________________________
None
Model: "model_1"
_________________________________________________________________
 Layer (type)                Output Shape              Param #   
=================================================================
 input_2 (InputLayer)        [(None, 1)]               0         
                                                                 
 dense_5 (Dense)             (None, 64)                128       
                                                                 
 dense_6 (Dense)             (None, 64)                4160      
                                                                 
 dense_7 (Dense)             (None, 64)                4160      
                                                                 
 dense_8 (Dense)             (None, 64)                4160      
                                                                 
 dense_9 (Dense)             (None, 1)                 65        
                                                                 
=================================================================
Total params: 12673 (49.50 KB)
Trainable params: 12673 (49.50 KB)
Non-trainable params: 0 (0.00 Byte)
_________________________________________________________________
None
Model: "model_2"
_________________________________________________________________
 Layer (type)                Output Shape              Param #   
=================================================================
 input_3 (InputLayer)        [(None, 1)]               0         
                                                                 
 dense_10 (Dense)            (None, 64)                128       
                                                                 
 dense_11 (Dense)            (None, 64)                4160      
                                                                 
 dense_12 (Dense)            (None, 64)                4160      
                                                                 
 dense_13 (Dense)            (None, 64)                4160      
                                                                 
 dense_14 (Dense)            (None, 1)                 65        
                                                                 
=================================================================
Total params: 12673 (49.50 KB)
Trainable params: 12673 (49.50 KB)
Non-trainable params: 0 (0.00 Byte)
_________________________________________________________________
None
Model: "model_3"
_________________________________________________________________
 Layer (type)                Output Shape              Param #   
=================================================================
 input_4 (InputLayer)        [(None, 1)]               0         
                                                                 
 dense_15 (Dense)            (None, 64)                128       
                                                                 
 dense_16 (Dense)            (None, 64)                4160      
                                                                 
 dense_17 (Dense)            (None, 64)                4160      
                                                                 
 dense_18 (Dense)            (None, 64)                4160      
                                                                 
 dense_19 (Dense)            (None, 1)                 65        
                                                                 
=================================================================
Total params: 12673 (49.50 KB)
Trainable params: 12673 (49.50 KB)
Non-trainable params: 0 (0.00 Byte)
_________________________________________________________________
None
Model: "model_4"
_________________________________________________________________
 Layer (type)                Output Shape              Param #   
=================================================================
 input_5 (InputLayer)        [(None, 1)]               0         
                                                                 
 dense_20 (Dense)            (None, 64)                128       
                                                                 
 dense_21 (Dense)            (None, 64)                4160      
                                                                 
 dense_22 (Dense)            (None, 64)                4160      
                                                                 
 dense_23 (Dense)            (None, 64)                4160      
                                                                 
 dense_24 (Dense)            (None, 1)                 65        
                                                                 
=================================================================
Total params: 12673 (49.50 KB)
Trainable params: 12673 (49.50 KB)
Non-trainable params: 0 (0.00 Byte)
_________________________________________________________________
None
Model: "model_5"
_________________________________________________________________
 Layer (type)                Output Shape              Param #   
=================================================================
 input_6 (InputLayer)        [(None, 1)]               0         
                                                                 
 dense_25 (Dense)            (None, 64)                128       
                                                                 
 dense_26 (Dense)            (None, 64)                4160      
                                                                 
 dense_27 (Dense)            (None, 64)                4160      
                                                                 
 dense_28 (Dense)            (None, 64)                4160      
                                                                 
 dense_29 (Dense)            (None, 1)                 65        
                                                                 
=================================================================
Total params: 12673 (49.50 KB)
Trainable params: 12673 (49.50 KB)
Non-trainable params: 0 (0.00 Byte)
_________________________________________________________________
None
Model: "model_6"
_________________________________________________________________
 Layer (type)                Output Shape              Param #   
=================================================================
 input_7 (InputLayer)        [(None, 1)]               0         
                                                                 
 dense_30 (Dense)            (None, 64)                128       
                                                                 
 dense_31 (Dense)            (None, 64)                4160      
                                                                 
 dense_32 (Dense)            (None, 64)                4160      
                                                                 
 dense_33 (Dense)            (None, 64)                4160      
                                                                 
 dense_34 (Dense)            (None, 1)                 65        
                                                                 
=================================================================
Total params: 12673 (49.50 KB)
Trainable params: 12673 (49.50 KB)
Non-trainable params: 0 (0.00 Byte)
_________________________________________________________________
None
Model: "model_7"
_________________________________________________________________
 Layer (type)                Output Shape              Param #   
=================================================================
 input_8 (InputLayer)        [(None, 1)]               0         
                                                                 
 dense_35 (Dense)            (None, 64)                128       
                                                                 
 dense_36 (Dense)            (None, 64)                4160      
                                                                 
 dense_37 (Dense)            (None, 64)                4160      
                                                                 
 dense_38 (Dense)            (None, 64)                4160      
                                                                 
 dense_39 (Dense)            (None, 1)                 65        
                                                                 
=================================================================
Total params: 12673 (49.50 KB)
Trainable params: 12673 (49.50 KB)
Non-trainable params: 0 (0.00 Byte)
_________________________________________________________________
None
Model: "model_8"
_________________________________________________________________
 Layer (type)                Output Shape              Param #   
=================================================================
 input_9 (InputLayer)        [(None, 1)]               0         
                                                                 
 dense_40 (Dense)            (None, 64)                128       
                                                                 
 dense_41 (Dense)            (None, 64)                4160      
                                                                 
 dense_42 (Dense)            (None, 64)                4160      
                                                                 
 dense_43 (Dense)            (None, 64)                4160      
                                                                 
 dense_44 (Dense)            (None, 1)                 65        
                                                                 
=================================================================
Total params: 12673 (49.50 KB)
Trainable params: 12673 (49.50 KB)
Non-trainable params: 0 (0.00 Byte)
_________________________________________________________________
None
Model: "model_9"
_________________________________________________________________
 Layer (type)                Output Shape              Param #   
=================================================================
 input_10 (InputLayer)       [(None, 1)]               0         
                                                                 
 dense_45 (Dense)            (None, 64)                128       
                                                                 
 dense_46 (Dense)            (None, 64)                4160      
                                                                 
 dense_47 (Dense)            (None, 64)                4160      
                                                                 
 dense_48 (Dense)            (None, 64)                4160      
                                                                 
 dense_49 (Dense)            (None, 1)                 65        
                                                                 
=================================================================
Total params: 12673 (49.50 KB)
Trainable params: 12673 (49.50 KB)
Non-trainable params: 0 (0.00 Byte)
_________________________________________________________________
Keras Uncertainty will use standalone Keras backendNone
The results will be saved in results/sinus: first real try GREEDY tuned (0)
Time 7.40: used 16.67% of the points.
Time 9.09: used 17.00% of the points.
Time 10.82: used 17.33% of the points.
Time 12.48: used 17.67% of the points.
Time 14.43: used 18.00% of the points.
Time 16.49: used 18.33% of the points.
Time 19.02: used 18.67% of the points.
Time 21.59: used 19.00% of the points.
Time 30.17: used 19.33% of the points.
Time 35.27: used 19.67% of the points.
Time 40.05: used 20.00% of the points.
Time 43.44: used 20.33% of the points.
Time 46.13: used 20.67% of the points.
Time 48.18: used 21.00% of the points.
Time 50.75: used 21.33% of the points.
Time 52.58: used 21.67% of the points.
Time 54.49: used 22.00% of the points.
Time 54.54: used 22.33% of the points.
Time 56.77: used 22.67% of the points.
Time 58.68: used 23.00% of the points.
Time 60.97: used 23.33% of the points.
Time 63.28: used 23.67% of the points.
Time 65.34: used 24.00% of the points.
Time 65.38: used 24.33% of the points.
Time 67.22: used 24.67% of the points.
Time 69.07: used 25.00% of the points.
Time 71.14: used 25.33% of the points.
Time 72.87: used 25.67% of the points.
Time 74.51: used 26.00% of the points.
Time 76.43: used 26.33% of the points.
Time 78.39: used 26.67% of the points.
Time 78.43: used 27.00% of the points.
Time 78.47: used 27.33% of the points.
Time 80.88: used 27.67% of the points.
Time 82.79: used 28.00% of the points.
Time 85.17: used 28.33% of the points.
Time 87.46: used 28.67% of the points.
Time 89.68: used 29.00% of the points.
Time 89.72: used 29.33% of the points.
Time 91.72: used 29.67% of the points.
Time 93.78: used 30.00% of the points.
Time 95.87: used 30.33% of the points.
Time 98.20: used 30.67% of the points.
Time 98.24: used 31.00% of the points.
Time 98.27: used 31.33% of the points.
Time 98.31: used 31.67% of the points.
Time 98.35: used 32.00% of the points.
Time 98.39: used 32.33% of the points.
Time 98.43: used 32.67% of the points.
Time 100.78: used 33.00% of the points.
Time 100.82: used 33.33% of the points.
Time 102.89: used 33.67% of the points.
Time 102.93: used 34.00% of the points.
Time 102.97: used 34.33% of the points.
Time 105.37: used 34.67% of the points.
Time 105.41: used 35.00% of the points.
Time 105.45: used 35.33% of the points.
Time 107.23: used 35.67% of the points.
Time 107.27: used 36.00% of the points.
Time 107.31: used 36.33% of the points.
Time 107.35: used 36.67% of the points.
Time 107.39: used 37.00% of the points.
Time 109.20: used 37.33% of the points.
Time 109.24: used 37.67% of the points.
Time 109.28: used 38.00% of the points.
Time 109.32: used 38.33% of the points.
Time 111.54: used 38.67% of the points.
Time 111.58: used 39.00% of the points.
Time 111.62: used 39.33% of the points.
Time 111.66: used 39.67% of the points.
Time 111.70: used 40.00% of the points.
Time 114.15: used 40.33% of the points.
Time 115.97: used 40.67% of the points.
Time 116.01: used 41.00% of the points.
Time 116.05: used 41.33% of the points.
Time 116.09: used 41.67% of the points.
Time 117.93: used 42.00% of the points.
Time 119.63: used 42.33% of the points.
Time 119.68: used 42.67% of the points.
Time 119.72: used 43.00% of the points.
Time 119.76: used 43.33% of the points.
Time 122.09: used 43.67% of the points.
Time 122.13: used 44.00% of the points.
Time 122.17: used 44.33% of the points.
Time 123.90: used 44.67% of the points.
Time 126.81: used 45.00% of the points.
Time 126.85: used 45.33% of the points.
Time 126.89: used 45.67% of the points.
Time 126.93: used 46.00% of the points.
Time 126.97: used 46.33% of the points.
Time 129.07: used 46.67% of the points.
Time 129.11: used 47.00% of the points.
Time 129.15: used 47.33% of the points.
Time 129.19: used 47.67% of the points.
Time 131.12: used 48.00% of the points.
Time 131.16: used 48.33% of the points.
Time 131.20: used 48.67% of the points.
Time 133.07: used 49.00% of the points.
Time 133.11: used 49.33% of the points.
Time 133.15: used 49.67% of the points.
Time 133.19: used 50.00% of the points.
Time 135.03: used 50.33% of the points.
Time 135.07: used 50.67% of the points.
Time 136.96: used 51.00% of the points.
Time 138.83: used 51.33% of the points.
Time 138.87: used 51.67% of the points.
Time 138.91: used 52.00% of the points.
Time 141.03: used 52.33% of the points.
Time 143.04: used 52.67% of the points.
Time 145.23: used 53.00% of the points.
Time 147.33: used 53.33% of the points.
Time 147.37: used 53.67% of the points.
Time 147.41: used 54.00% of the points.
Time 147.45: used 54.33% of the points.
Time 150.43: used 54.67% of the points.
Time 152.87: used 55.00% of the points.
Time 154.63: used 55.33% of the points.
Time 156.56: used 55.67% of the points.
Time 158.41: used 56.00% of the points.
Time 160.62: used 56.33% of the points.
Time 162.71: used 56.67% of the points.
Time 164.67: used 57.00% of the points.
Time 166.52: used 57.33% of the points.
Time 168.48: used 57.67% of the points.
Time 170.47: used 58.00% of the points.
Time 172.63: used 58.33% of the points.
Time 174.75: used 58.67% of the points.
Time 176.78: used 59.00% of the points.
Time 176.82: used 59.33% of the points.
Time 179.09: used 59.67% of the points.
Time 181.04: used 60.00% of the points.
Time 183.15: used 60.33% of the points.
Time 184.78: used 60.67% of the points.
Time 186.47: used 61.00% of the points.
Time 188.58: used 61.33% of the points.
Time 190.75: used 61.67% of the points.
Time 192.54: used 62.00% of the points.
Time 194.56: used 62.33% of the points.
Time 196.29: used 62.67% of the points.
Time 198.25: used 63.00% of the points.
Time 200.17: used 63.33% of the points.
Time 202.31: used 63.67% of the points.
Time 204.07: used 64.00% of the points.
Time 204.11: used 64.33% of the points.
Time 205.77: used 64.67% of the points.
Time 207.93: used 65.00% of the points.
Time 209.84: used 65.33% of the points.
Time 211.84: used 65.67% of the points.
Time 213.89: used 66.00% of the points.
Time 215.94: used 66.33% of the points.
Time 217.70: used 66.67% of the points.
Time 219.72: used 67.00% of the points.
Time 221.53: used 67.33% of the points.
Time 223.49: used 67.67% of the points.
Time 225.32: used 68.00% of the points.
Time 227.33: used 68.33% of the points.
Time 229.32: used 68.67% of the points.
Time 231.32: used 69.00% of the points.
Time 233.52: used 69.33% of the points.
Time 235.65: used 69.67% of the points.
Time 238.09: used 70.00% of the points.
Time 240.12: used 70.33% of the points.
Time 242.50: used 70.67% of the points.
Time 244.43: used 71.00% of the points.
Time 246.64: used 71.33% of the points.
Time 249.37: used 71.67% of the points.
Time 251.23: used 72.00% of the points.
Time 253.62: used 72.33% of the points.
Time 256.23: used 72.67% of the points.
Time 258.43: used 73.00% of the points.
Time 260.61: used 73.33% of the points.
Time 262.31: used 73.67% of the points.
Time 264.37: used 74.00% of the points.
Time 266.24: used 74.33% of the points.
Time 268.55: used 74.67% of the points.
Time 270.08: used 75.00% of the points.
Time 272.42: used 75.33% of the points.
Time 274.74: used 75.67% of the points.
Time 276.69: used 76.00% of the points.
Time 278.56: used 76.33% of the points.
Time 280.74: used 76.67% of the points.
Time 282.92: used 77.00% of the points.
Time 284.87: used 77.33% of the points.
Time 287.03: used 77.67% of the points.
Time 289.07: used 78.00% of the points.
Time 291.18: used 78.33% of the points.
Time 293.22: used 78.67% of the points.
Time 295.32: used 79.00% of the points.
Time 296.92: used 79.33% of the points.
Time 298.76: used 79.67% of the points.
Time 300.72: used 80.00% of the points.
Time 302.55: used 80.33% of the points.
Time 304.44: used 80.67% of the points.
Time 306.49: used 81.00% of the points.
Time 308.45: used 81.33% of the points.
Time 310.23: used 81.67% of the points.
Time 312.42: used 82.00% of the points.
Time 314.01: used 82.33% of the points.
Time 315.62: used 82.67% of the points.
Time 317.62: used 83.00% of the points.
Time 319.31: used 83.33% of the points.
Time 319.35: used 83.67% of the points.
Time 319.39: used 84.00% of the points.
Time 321.46: used 84.33% of the points.
Time 323.53: used 84.67% of the points.
Time 325.39: used 85.00% of the points.
Time 327.11: used 85.33% of the points.
Time 328.92: used 85.67% of the points.
Time 330.64: used 86.00% of the points.
Time 332.66: used 86.33% of the points.
Time 334.58: used 86.67% of the points.
Time 336.34: used 87.00% of the points.
Time 338.17: used 87.33% of the points.
Time 339.88: used 87.67% of the points.
Time 341.51: used 88.00% of the points.
Time 343.28: used 88.33% of the points.
Time 344.97: used 88.67% of the points.
Time 346.75: used 89.00% of the points.
Time 348.49: used 89.33% of the points.
Time 350.36: used 89.67% of the points.
Time 351.94: used 90.00% of the points.
Time 353.64: used 90.33% of the points.
Time 355.23: used 90.67% of the points.
Time 357.00: used 91.00% of the points.
Time 358.89: used 91.33% of the points.
Time 361.07: used 91.67% of the points.
Time 364.06: used 92.00% of the points.
Time 366.45: used 92.33% of the points.
Time 368.59: used 92.67% of the points.
Time 372.17: used 93.00% of the points.
Time 374.49: used 93.33% of the points.
Time 378.34: used 93.67% of the points.
Time 381.42: used 94.00% of the points.
Time 386.54: used 94.33% of the points.
Time 389.83: used 94.67% of the points.
Time 392.30: used 95.00% of the points.
Time 395.46: used 95.33% of the points.
Time 398.12: used 95.67% of the points.
Time 400.65: used 96.00% of the points.
Time 403.21: used 96.33% of the points.
Time 405.22: used 96.67% of the points.
Time 407.37: used 97.00% of the points.
Time 409.11: used 97.33% of the points.
Time 411.05: used 97.67% of the points.
Time 413.44: used 98.00% of the points.
Time 415.38: used 98.33% of the points.
Time 417.27: used 98.67% of the points.
Time 419.31: used 99.00% of the points.
Time 421.28: used 99.33% of the points.
Time 423.36: used 99.67% of the points.
Time 1700891349.29: used 100.00% of the points.

The following have been reloaded with a version change:
  1) GCCcore/11.2.0 => GCCcore/12.2.0
  2) XZ/5.2.5-GCCcore-11.2.0 => XZ/5.2.7-GCCcore-12.2.0
  3) libreadline/8.1-GCCcore-11.2.0 => libreadline/8.2-GCCcore-12.2.0
  4) ncurses/6.2-GCCcore-11.2.0 => ncurses/6.3-GCCcore-12.2.0
  5) zlib/1.2.11-GCCcore-11.2.0 => zlib/1.2.12-GCCcore-12.2.0

