2023-11-24 17:01:47.801126: I external/local_tsl/tsl/cuda/cudart_stub.cc:31] Could not find cuda drivers on your machine, GPU will not be used.
2023-11-24 17:01:47.835174: E external/local_xla/xla/stream_executor/cuda/cuda_dnn.cc:9261] Unable to register cuDNN factory: Attempting to register factory for plugin cuDNN when one has already been registered
2023-11-24 17:01:47.835228: E external/local_xla/xla/stream_executor/cuda/cuda_fft.cc:607] Unable to register cuFFT factory: Attempting to register factory for plugin cuFFT when one has already been registered
2023-11-24 17:01:47.836595: E external/local_xla/xla/stream_executor/cuda/cuda_blas.cc:1515] Unable to register cuBLAS factory: Attempting to register factory for plugin cuBLAS when one has already been registered
2023-11-24 17:01:47.843067: I external/local_tsl/tsl/cuda/cudart_stub.cc:31] Could not find cuda drivers on your machine, GPU will not be used.
2023-11-24 17:01:47.843341: I tensorflow/core/platform/cpu_feature_guard.cc:182] This TensorFlow binary is optimized to use available CPU instructions in performance-critical operations.
To enable the following instructions: AVX2 FMA, in other operations, rebuild TensorFlow with the appropriate compiler flags.
2023-11-24 17:01:50.564028: W tensorflow/compiler/tf2tensorrt/utils/py_utils.cc:38] TF-TRT Warning: Could not find TensorRT
Reloading Tuner from hyperparams/sinus: first real try FIFO/tuner0.json
300
Model: "model"
_________________________________________________________________
 Layer (type)                Output Shape              Param #   
=================================================================
 input_1 (InputLayer)        [(None, 1)]               0         
                                                                 
 dense (Dense)               (None, 4)                 8         
                                                                 
 dense_1 (Dense)             (None, 1)                 5         
                                                                 
=================================================================
Total params: 13 (52.00 Byte)
Trainable params: 13 (52.00 Byte)
Non-trainable params: 0 (0.00 Byte)
_________________________________________________________________
None
Model: "model_1"
_________________________________________________________________
 Layer (type)                Output Shape              Param #   
=================================================================
 input_2 (InputLayer)        [(None, 1)]               0         
                                                                 
 dense_2 (Dense)             (None, 4)                 8         
                                                                 
 dense_3 (Dense)             (None, 1)                 5         
                                                                 
=================================================================
Total params: 13 (52.00 Byte)
Trainable params: 13 (52.00 Byte)
Non-trainable params: 0 (0.00 Byte)
_________________________________________________________________
None
Model: "model_2"
_________________________________________________________________
 Layer (type)                Output Shape              Param #   
=================================================================
 input_3 (InputLayer)        [(None, 1)]               0         
                                                                 
 dense_4 (Dense)             (None, 4)                 8         
                                                                 
 dense_5 (Dense)             (None, 1)                 5         
                                                                 
=================================================================
Total params: 13 (52.00 Byte)
Trainable params: 13 (52.00 Byte)
Non-trainable params: 0 (0.00 Byte)
_________________________________________________________________
None
Model: "model_3"
_________________________________________________________________
 Layer (type)                Output Shape              Param #   
=================================================================
 input_4 (InputLayer)        [(None, 1)]               0         
                                                                 
 dense_6 (Dense)             (None, 4)                 8         
                                                                 
 dense_7 (Dense)             (None, 1)                 5         
                                                                 
=================================================================
Total params: 13 (52.00 Byte)
Trainable params: 13 (52.00 Byte)
Non-trainable params: 0 (0.00 Byte)
_________________________________________________________________
None
Model: "model_4"
_________________________________________________________________
 Layer (type)                Output Shape              Param #   
=================================================================
 input_5 (InputLayer)        [(None, 1)]               0         
                                                                 
 dense_8 (Dense)             (None, 4)                 8         
                                                                 
 dense_9 (Dense)             (None, 1)                 5         
                                                                 
=================================================================
Total params: 13 (52.00 Byte)
Trainable params: 13 (52.00 Byte)
Non-trainable params: 0 (0.00 Byte)
_________________________________________________________________
None
Model: "model_5"
_________________________________________________________________
 Layer (type)                Output Shape              Param #   
=================================================================
 input_6 (InputLayer)        [(None, 1)]               0         
                                                                 
 dense_10 (Dense)            (None, 4)                 8         
                                                                 
 dense_11 (Dense)            (None, 1)                 5         
                                                                 
=================================================================
Total params: 13 (52.00 Byte)
Trainable params: 13 (52.00 Byte)
Non-trainable params: 0 (0.00 Byte)
_________________________________________________________________
None
Model: "model_6"
_________________________________________________________________
 Layer (type)                Output Shape              Param #   
=================================================================
 input_7 (InputLayer)        [(None, 1)]               0         
                                                                 
 dense_12 (Dense)            (None, 4)                 8         
                                                                 
 dense_13 (Dense)            (None, 1)                 5         
                                                                 
=================================================================
Total params: 13 (52.00 Byte)
Trainable params: 13 (52.00 Byte)
Non-trainable params: 0 (0.00 Byte)
_________________________________________________________________
None
Model: "model_7"
_________________________________________________________________
 Layer (type)                Output Shape              Param #   
=================================================================
 input_8 (InputLayer)        [(None, 1)]               0         
                                                                 
 dense_14 (Dense)            (None, 4)                 8         
                                                                 
 dense_15 (Dense)            (None, 1)                 5         
                                                                 
=================================================================
Total params: 13 (52.00 Byte)
Trainable params: 13 (52.00 Byte)
Non-trainable params: 0 (0.00 Byte)
_________________________________________________________________
None
Model: "model_8"
_________________________________________________________________
 Layer (type)                Output Shape              Param #   
=================================================================
 input_9 (InputLayer)        [(None, 1)]               0         
                                                                 
 dense_16 (Dense)            (None, 4)                 8         
                                                                 
 dense_17 (Dense)            (None, 1)                 5         
                                                                 
=================================================================
Total params: 13 (52.00 Byte)
Trainable params: 13 (52.00 Byte)
Non-trainable params: 0 (0.00 Byte)
_________________________________________________________________
None
Model: "model_9"
_________________________________________________________________
 Layer (type)                Output Shape              Param #   
=================================================================
 input_10 (InputLayer)       [(None, 1)]               0         
                                                                 
 dense_18 (Dense)            (None, 4)                 8         
                                                                 
 dense_19 (Dense)            (None, 1)                 5         
                                                                 
=================================================================
Total params: 13 (52.00 Byte)
Trainable params: 13 (52.00 Byte)
Non-trainable params: 0 (0.00 Byte)
_________________________________________________________________
Keras Uncertainty will use standalone Keras backendNone
The results will be saved in results/sinus: first real try FIFO tuned (0)
Traceback (most recent call last):
  File "/home1/s4740556/mystery/main-auto.py", line 74, in <module>
    print(history[-1])
TypeError: 'NoneType' object is not subscriptable

The following have been reloaded with a version change:
  1) GCCcore/11.2.0 => GCCcore/12.2.0
  2) XZ/5.2.5-GCCcore-11.2.0 => XZ/5.2.7-GCCcore-12.2.0
  3) libreadline/8.1-GCCcore-11.2.0 => libreadline/8.2-GCCcore-12.2.0
  4) ncurses/6.2-GCCcore-11.2.0 => ncurses/6.3-GCCcore-12.2.0
  5) zlib/1.2.11-GCCcore-11.2.0 => zlib/1.2.12-GCCcore-12.2.0

[main d7dba19] Pushing online_learning_tuning.py results
 4 files changed, 106 insertions(+)
