2023-11-28 08:37:01.033560: I external/local_tsl/tsl/cuda/cudart_stub.cc:31] Could not find cuda drivers on your machine, GPU will not be used.
2023-11-28 08:37:01.066314: E external/local_xla/xla/stream_executor/cuda/cuda_dnn.cc:9261] Unable to register cuDNN factory: Attempting to register factory for plugin cuDNN when one has already been registered
2023-11-28 08:37:01.066358: E external/local_xla/xla/stream_executor/cuda/cuda_fft.cc:607] Unable to register cuFFT factory: Attempting to register factory for plugin cuFFT when one has already been registered
2023-11-28 08:37:01.067622: E external/local_xla/xla/stream_executor/cuda/cuda_blas.cc:1515] Unable to register cuBLAS factory: Attempting to register factory for plugin cuBLAS when one has already been registered
2023-11-28 08:37:01.073767: I external/local_tsl/tsl/cuda/cudart_stub.cc:31] Could not find cuda drivers on your machine, GPU will not be used.
2023-11-28 08:37:01.073960: I tensorflow/core/platform/cpu_feature_guard.cc:182] This TensorFlow binary is optimized to use available CPU instructions in performance-critical operations.
To enable the following instructions: AVX2 FMA, in other operations, rebuild TensorFlow with the appropriate compiler flags.
2023-11-28 08:37:04.061668: W tensorflow/compiler/tf2tensorrt/utils/py_utils.cc:38] TF-TRT Warning: Could not find TensorRT
Reloading Tuner from hyperparams/Dagon try GREEDY/tuner0.json
Dagon try GREEDY
346
Model: "model"
_________________________________________________________________
 Layer (type)                Output Shape              Param #   
=================================================================
 input_1 (InputLayer)        [(None, 6)]               0         
                                                                 
 dense (Dense)               (None, 64)                448       
                                                                 
 dense_1 (Dense)             (None, 3)                 195       
                                                                 
=================================================================
Total params: 643 (2.51 KB)
Trainable params: 643 (2.51 KB)
Non-trainable params: 0 (0.00 Byte)
_________________________________________________________________
None
Model: "model_1"
_________________________________________________________________
 Layer (type)                Output Shape              Param #   
=================================================================
 input_2 (InputLayer)        [(None, 6)]               0         
                                                                 
 dense_2 (Dense)             (None, 64)                448       
                                                                 
 dense_3 (Dense)             (None, 3)                 195       
                                                                 
=================================================================
Total params: 643 (2.51 KB)
Trainable params: 643 (2.51 KB)
Non-trainable params: 0 (0.00 Byte)
_________________________________________________________________
None
Model: "model_2"
_________________________________________________________________
 Layer (type)                Output Shape              Param #   
=================================================================
 input_3 (InputLayer)        [(None, 6)]               0         
                                                                 
 dense_4 (Dense)             (None, 64)                448       
                                                                 
 dense_5 (Dense)             (None, 3)                 195       
                                                                 
=================================================================
Total params: 643 (2.51 KB)
Trainable params: 643 (2.51 KB)
Non-trainable params: 0 (0.00 Byte)
_________________________________________________________________
None
Model: "model_3"
_________________________________________________________________
 Layer (type)                Output Shape              Param #   
=================================================================
 input_4 (InputLayer)        [(None, 6)]               0         
                                                                 
 dense_6 (Dense)             (None, 64)                448       
                                                                 
 dense_7 (Dense)             (None, 3)                 195       
                                                                 
=================================================================
Total params: 643 (2.51 KB)
Trainable params: 643 (2.51 KB)
Non-trainable params: 0 (0.00 Byte)
_________________________________________________________________
None
Model: "model_4"
_________________________________________________________________
 Layer (type)                Output Shape              Param #   
=================================================================
 input_5 (InputLayer)        [(None, 6)]               0         
                                                                 
 dense_8 (Dense)             (None, 64)                448       
                                                                 
 dense_9 (Dense)             (None, 3)                 195       
                                                                 
=================================================================
Total params: 643 (2.51 KB)
Trainable params: 643 (2.51 KB)
Non-trainable params: 0 (0.00 Byte)
_________________________________________________________________
None
Model: "model_5"
_________________________________________________________________
 Layer (type)                Output Shape              Param #   
=================================================================
 input_6 (InputLayer)        [(None, 6)]               0         
                                                                 
 dense_10 (Dense)            (None, 64)                448       
                                                                 
 dense_11 (Dense)            (None, 3)                 195       
                                                                 
=================================================================
Total params: 643 (2.51 KB)
Trainable params: 643 (2.51 KB)
Non-trainable params: 0 (0.00 Byte)
_________________________________________________________________
None
Model: "model_6"
_________________________________________________________________
 Layer (type)                Output Shape              Param #   
=================================================================
 input_7 (InputLayer)        [(None, 6)]               0         
                                                                 
 dense_12 (Dense)            (None, 64)                448       
                                                                 
 dense_13 (Dense)            (None, 3)                 195       
                                                                 
=================================================================
Total params: 643 (2.51 KB)
Trainable params: 643 (2.51 KB)
Non-trainable params: 0 (0.00 Byte)
_________________________________________________________________
None
Model: "model_7"
_________________________________________________________________
 Layer (type)                Output Shape              Param #   
=================================================================
 input_8 (InputLayer)        [(None, 6)]               0         
                                                                 
 dense_14 (Dense)            (None, 64)                448       
                                                                 
 dense_15 (Dense)            (None, 3)                 195       
                                                                 
=================================================================
Total params: 643 (2.51 KB)
Trainable params: 643 (2.51 KB)
Non-trainable params: 0 (0.00 Byte)
_________________________________________________________________
None
Model: "model_8"
_________________________________________________________________
 Layer (type)                Output Shape              Param #   
=================================================================
 input_9 (InputLayer)        [(None, 6)]               0         
                                                                 
 dense_16 (Dense)            (None, 64)                448       
                                                                 
 dense_17 (Dense)            (None, 3)                 195       
                                                                 
=================================================================
Total params: 643 (2.51 KB)
Trainable params: 643 (2.51 KB)
Non-trainable params: 0 (0.00 Byte)
_________________________________________________________________
None
Model: "model_9"
_________________________________________________________________
 Layer (type)                Output Shape              Param #   
=================================================================
 input_10 (InputLayer)       [(None, 6)]               0         
                                                                 
 dense_18 (Dense)            (None, 64)                448       
                                                                 
 dense_19 (Dense)            (None, 3)                 195       
                                                                 
=================================================================
Total params: 643 (2.51 KB)
Trainable params: 643 (2.51 KB)
Non-trainable params: 0 (0.00 Byte)
_________________________________________________________________
Keras Uncertainty will use standalone Keras backendNone
The results will be saved in results/Dagon try GREEDY tuned (0)
Time 31.26: used 28.90% of the points.
Time 48.67: used 29.19% of the points.
Time 53.19: used 29.48% of the points.
Time 56.51: used 29.77% of the points.
Time 59.46: used 30.06% of the points.
Time 62.49: used 30.35% of the points.
Time 65.05: used 30.64% of the points.
Time 67.19: used 30.92% of the points.
Time 69.35: used 31.21% of the points.
Time 71.29: used 31.50% of the points.
Time 73.87: used 31.79% of the points.
Time 75.67: used 32.08% of the points.
Time 77.71: used 32.37% of the points.
Time 80.03: used 32.66% of the points.
Time 82.00: used 32.95% of the points.
Time 84.35: used 33.24% of the points.
Time 87.02: used 33.53% of the points.
Time 88.94: used 33.82% of the points.
Time 91.13: used 34.10% of the points.
Time 93.49: used 34.39% of the points.
Time 95.50: used 34.68% of the points.
Time 97.76: used 34.97% of the points.
Time 99.69: used 35.26% of the points.
Time 101.50: used 35.55% of the points.
Time 103.81: used 35.84% of the points.
Time 107.00: used 36.13% of the points.
Time 110.07: used 36.42% of the points.
Time 113.10: used 36.71% of the points.
Time 116.54: used 36.99% of the points.
Time 119.48: used 37.28% of the points.
Time 122.02: used 37.57% of the points.
Time 125.32: used 37.86% of the points.
Time 127.60: used 38.15% of the points.
Time 130.40: used 38.44% of the points.
Time 132.39: used 38.73% of the points.
Time 134.55: used 39.02% of the points.
Time 136.73: used 39.31% of the points.
Time 138.92: used 39.60% of the points.
Time 140.74: used 39.88% of the points.
Time 142.78: used 40.17% of the points.
Time 145.17: used 40.46% of the points.
Time 147.42: used 40.75% of the points.
Time 149.56: used 41.04% of the points.
Time 151.83: used 41.33% of the points.
Time 154.16: used 41.62% of the points.
Time 156.25: used 41.91% of the points.
Time 158.61: used 42.20% of the points.
Time 160.74: used 42.49% of the points.
Time 162.78: used 42.77% of the points.
Time 165.25: used 43.06% of the points.
Time 167.62: used 43.35% of the points.
Time 169.52: used 43.64% of the points.
Time 171.34: used 43.93% of the points.
Time 173.35: used 44.22% of the points.
Time 175.07: used 44.51% of the points.
Time 176.93: used 44.80% of the points.
Time 179.08: used 45.09% of the points.
Time 180.66: used 45.38% of the points.
Time 182.53: used 45.66% of the points.
Time 184.56: used 45.95% of the points.
Time 186.33: used 46.24% of the points.
Time 188.77: used 46.53% of the points.
Time 190.98: used 46.82% of the points.
Time 193.19: used 47.11% of the points.
Time 195.18: used 47.40% of the points.
Time 196.96: used 47.69% of the points.
Time 198.96: used 47.98% of the points.
Time 202.38: used 48.27% of the points.
Time 206.80: used 48.55% of the points.
Time 210.67: used 48.84% of the points.
Time 216.83: used 49.13% of the points.
Time 221.52: used 49.42% of the points.
Time 224.70: used 49.71% of the points.
Time 227.49: used 50.00% of the points.
Time 230.52: used 50.29% of the points.
Time 233.30: used 50.58% of the points.
Time 235.84: used 50.87% of the points.
Time 238.41: used 51.16% of the points.
Time 240.88: used 51.45% of the points.
Time 243.36: used 51.73% of the points.
Time 245.65: used 52.02% of the points.
Time 248.12: used 52.31% of the points.
Time 250.17: used 52.60% of the points.
Time 252.27: used 52.89% of the points.
Time 254.39: used 53.18% of the points.
Time 256.74: used 53.47% of the points.
Time 258.27: used 53.76% of the points.
Time 260.16: used 54.05% of the points.
Time 262.43: used 54.34% of the points.
Time 264.55: used 54.62% of the points.
Time 266.41: used 54.91% of the points.
Time 268.47: used 55.20% of the points.
Time 270.40: used 55.49% of the points.
Time 272.24: used 55.78% of the points.
Time 274.35: used 56.07% of the points.
Time 276.26: used 56.36% of the points.
Time 277.93: used 56.65% of the points.
Time 280.13: used 56.94% of the points.
Time 281.83: used 57.23% of the points.
Time 283.70: used 57.51% of the points.
Time 285.67: used 57.80% of the points.
Time 287.43: used 58.09% of the points.
Time 289.77: used 58.38% of the points.
Time 292.12: used 58.67% of the points.
Time 293.99: used 58.96% of the points.
Time 296.37: used 59.25% of the points.
Time 299.17: used 59.54% of the points.
Time 301.46: used 59.83% of the points.
Time 303.85: used 60.12% of the points.
Time 306.19: used 60.40% of the points.
Time 308.44: used 60.69% of the points.
Time 310.73: used 60.98% of the points.
Time 312.85: used 61.27% of the points.
Time 314.83: used 61.56% of the points.
Time 316.73: used 61.85% of the points.
Time 318.24: used 62.14% of the points.
Time 320.55: used 62.43% of the points.
Time 322.36: used 62.72% of the points.
Time 324.13: used 63.01% of the points.
Time 326.15: used 63.29% of the points.
Time 327.99: used 63.58% of the points.
Time 329.70: used 63.87% of the points.
Time 331.54: used 64.16% of the points.
Time 333.36: used 64.45% of the points.
Time 335.22: used 64.74% of the points.
Time 336.89: used 65.03% of the points.
Time 338.92: used 65.32% of the points.
Time 341.01: used 65.61% of the points.
Time 342.96: used 65.90% of the points.
Time 344.58: used 66.18% of the points.
Time 346.31: used 66.47% of the points.
Time 348.49: used 66.76% of the points.
Time 350.68: used 67.05% of the points.
Time 352.50: used 67.34% of the points.
Time 354.88: used 67.63% of the points.
Time 356.58: used 67.92% of the points.
Time 358.59: used 68.21% of the points.
Time 360.59: used 68.50% of the points.
Time 362.68: used 68.79% of the points.
Time 364.79: used 69.08% of the points.
Time 366.61: used 69.36% of the points.
Time 368.32: used 69.65% of the points.
Time 371.11: used 69.94% of the points.
Time 374.00: used 70.23% of the points.
Time 376.77: used 70.52% of the points.
Time 381.66: used 70.81% of the points.
Time 384.84: used 71.10% of the points.
Time 388.60: used 71.39% of the points.
Time 393.76: used 71.68% of the points.
Time 396.29: used 71.97% of the points.
Time 399.07: used 72.25% of the points.
Time 402.02: used 72.54% of the points.
Time 404.86: used 72.83% of the points.
Time 406.96: used 73.12% of the points.
Time 409.25: used 73.41% of the points.
Time 411.53: used 73.70% of the points.
Time 414.22: used 73.99% of the points.
Time 416.45: used 74.28% of the points.
Time 418.33: used 74.57% of the points.
Time 420.41: used 74.86% of the points.
Time 422.14: used 75.14% of the points.
Time 424.11: used 75.43% of the points.
Time 426.15: used 75.72% of the points.
Time 427.86: used 76.01% of the points.
Time 429.77: used 76.30% of the points.
Time 431.83: used 76.59% of the points.
Time 433.95: used 76.88% of the points.
Time 436.03: used 77.17% of the points.
Time 438.06: used 77.46% of the points.
Time 439.65: used 77.75% of the points.
Time 441.66: used 78.03% of the points.
Time 443.77: used 78.32% of the points.
Time 445.70: used 78.61% of the points.
Time 447.63: used 78.90% of the points.
Time 449.49: used 79.19% of the points.
Time 451.37: used 79.48% of the points.
Time 453.44: used 79.77% of the points.
Time 455.12: used 80.06% of the points.
Time 456.82: used 80.35% of the points.
Time 459.20: used 80.64% of the points.
Time 461.20: used 80.92% of the points.
Time 463.46: used 81.21% of the points.
Time 465.69: used 81.50% of the points.
Time 468.69: used 81.79% of the points.
Time 471.75: used 82.08% of the points.
Time 474.16: used 82.37% of the points.
Time 476.30: used 82.66% of the points.
Time 478.88: used 82.95% of the points.
Time 481.62: used 83.24% of the points.
Time 483.74: used 83.53% of the points.
Time 485.87: used 83.82% of the points.
Time 487.65: used 84.10% of the points.
Time 489.68: used 84.39% of the points.
Time 491.68: used 84.68% of the points.
Time 493.89: used 84.97% of the points.
Time 496.04: used 85.26% of the points.
Time 497.62: used 85.55% of the points.
Time 499.80: used 85.84% of the points.
Time 502.19: used 86.13% of the points.
Time 503.91: used 86.42% of the points.
Time 506.11: used 86.71% of the points.
Time 507.84: used 86.99% of the points.
Time 509.95: used 87.28% of the points.
Time 511.90: used 87.57% of the points.
Time 514.23: used 87.86% of the points.
Time 516.16: used 88.15% of the points.
Time 518.10: used 88.44% of the points.
Time 520.18: used 88.73% of the points.
Time 522.11: used 89.02% of the points.
Time 523.90: used 89.31% of the points.
Time 525.71: used 89.60% of the points.
Time 527.63: used 89.88% of the points.
Time 529.66: used 90.17% of the points.
Time 531.70: used 90.46% of the points.
Time 533.73: used 90.75% of the points.
Time 536.05: used 91.04% of the points.
Time 538.03: used 91.33% of the points.
Time 540.49: used 91.62% of the points.
Time 542.50: used 91.91% of the points.
Time 544.72: used 92.20% of the points.
Time 547.43: used 92.49% of the points.
Time 549.94: used 92.77% of the points.
Time 552.47: used 93.06% of the points.
Time 556.11: used 93.35% of the points.
Time 559.12: used 93.64% of the points.
Time 561.97: used 93.93% of the points.
Time 565.44: used 94.22% of the points.
Time 567.89: used 94.51% of the points.
Time 570.24: used 94.80% of the points.
Time 572.53: used 95.09% of the points.
Time 574.91: used 95.38% of the points.
Time 577.55: used 95.66% of the points.
Time 579.75: used 95.95% of the points.
Time 581.90: used 96.24% of the points.
Time 584.01: used 96.53% of the points.
Time 586.02: used 96.82% of the points.
Time 588.16: used 97.11% of the points.
Time 590.21: used 97.40% of the points.
Time 592.23: used 97.69% of the points.
Time 594.28: used 97.98% of the points.
Time 596.10: used 98.27% of the points.
Time 597.89: used 98.55% of the points.
Time 599.88: used 98.84% of the points.
Time 601.95: used 99.13% of the points.
Time 603.98: used 99.42% of the points.
Time 605.72: used 99.71% of the points.
Time 1701157636.62: used 100.00% of the points.

The following have been reloaded with a version change:
  1) GCCcore/11.2.0 => GCCcore/12.2.0
  2) XZ/5.2.5-GCCcore-11.2.0 => XZ/5.2.7-GCCcore-12.2.0
  3) libreadline/8.1-GCCcore-11.2.0 => libreadline/8.2-GCCcore-12.2.0
  4) ncurses/6.2-GCCcore-11.2.0 => ncurses/6.3-GCCcore-12.2.0
  5) zlib/1.2.11-GCCcore-11.2.0 => zlib/1.2.12-GCCcore-12.2.0

