2023-12-05 20:00:17.974797: I external/local_tsl/tsl/cuda/cudart_stub.cc:31] Could not find cuda drivers on your machine, GPU will not be used.
2023-12-05 20:00:18.020429: E external/local_xla/xla/stream_executor/cuda/cuda_dnn.cc:9261] Unable to register cuDNN factory: Attempting to register factory for plugin cuDNN when one has already been registered
2023-12-05 20:00:18.020471: E external/local_xla/xla/stream_executor/cuda/cuda_fft.cc:607] Unable to register cuFFT factory: Attempting to register factory for plugin cuFFT when one has already been registered
2023-12-05 20:00:18.022030: E external/local_xla/xla/stream_executor/cuda/cuda_blas.cc:1515] Unable to register cuBLAS factory: Attempting to register factory for plugin cuBLAS when one has already been registered
2023-12-05 20:00:18.028928: I external/local_tsl/tsl/cuda/cudart_stub.cc:31] Could not find cuda drivers on your machine, GPU will not be used.
2023-12-05 20:00:18.029148: I tensorflow/core/platform/cpu_feature_guard.cc:182] This TensorFlow binary is optimized to use available CPU instructions in performance-critical operations.
To enable the following instructions: AVX2 FMA, in other operations, rebuild TensorFlow with the appropriate compiler flags.
2023-12-05 20:00:20.841387: W tensorflow/compiler/tf2tensorrt/utils/py_utils.cc:38] TF-TRT Warning: Could not find TensorRT
Keras Uncertainty will use standalone Keras backend/home1/s4740556/venvs/mystery/lib/python3.9/site-packages/sklearn/gaussian_process/kernels.py:419: ConvergenceWarning: The optimal value found for dimension 0 of parameter length_scale is close to the specified lower bound 1e-05. Decreasing the bound and calling fit again may find a better value.
  warnings.warn(
/home1/s4740556/venvs/mystery/lib/python3.9/site-packages/sklearn/gaussian_process/kernels.py:419: ConvergenceWarning: The optimal value found for dimension 0 of parameter length_scale is close to the specified lower bound 1e-05. Decreasing the bound and calling fit again may find a better value.
  warnings.warn(
/home1/s4740556/venvs/mystery/lib/python3.9/site-packages/sklearn/gaussian_process/kernels.py:419: ConvergenceWarning: The optimal value found for dimension 0 of parameter length_scale is close to the specified lower bound 1e-05. Decreasing the bound and calling fit again may find a better value.
  warnings.warn(
/home1/s4740556/venvs/mystery/lib/python3.9/site-packages/sklearn/gaussian_process/kernels.py:419: ConvergenceWarning: The optimal value found for dimension 0 of parameter length_scale is close to the specified lower bound 1e-05. Decreasing the bound and calling fit again may find a better value.
  warnings.warn(
/home1/s4740556/venvs/mystery/lib/python3.9/site-packages/sklearn/gaussian_process/kernels.py:419: ConvergenceWarning: The optimal value found for dimension 0 of parameter length_scale is close to the specified lower bound 1e-05. Decreasing the bound and calling fit again may find a better value.
  warnings.warn(
/home1/s4740556/venvs/mystery/lib/python3.9/site-packages/sklearn/gaussian_process/kernels.py:419: ConvergenceWarning: The optimal value found for dimension 0 of parameter length_scale is close to the specified lower bound 1e-05. Decreasing the bound and calling fit again may find a better value.
  warnings.warn(
/home1/s4740556/venvs/mystery/lib/python3.9/site-packages/sklearn/gaussian_process/kernels.py:419: ConvergenceWarning: The optimal value found for dimension 0 of parameter length_scale is close to the specified lower bound 1e-05. Decreasing the bound and calling fit again may find a better value.
  warnings.warn(
/home1/s4740556/venvs/mystery/lib/python3.9/site-packages/sklearn/gaussian_process/kernels.py:419: ConvergenceWarning: The optimal value found for dimension 0 of parameter length_scale is close to the specified lower bound 1e-05. Decreasing the bound and calling fit again may find a better value.
  warnings.warn(
/home1/s4740556/venvs/mystery/lib/python3.9/site-packages/sklearn/gaussian_process/kernels.py:419: ConvergenceWarning: The optimal value found for dimension 0 of parameter length_scale is close to the specified lower bound 1e-05. Decreasing the bound and calling fit again may find a better value.
  warnings.warn(
/home1/s4740556/venvs/mystery/lib/python3.9/site-packages/sklearn/gaussian_process/kernels.py:419: ConvergenceWarning: The optimal value found for dimension 0 of parameter length_scale is close to the specified lower bound 1e-05. Decreasing the bound and calling fit again may find a better value.
  warnings.warn(
/home1/s4740556/venvs/mystery/lib/python3.9/site-packages/sklearn/gaussian_process/kernels.py:419: ConvergenceWarning: The optimal value found for dimension 0 of parameter length_scale is close to the specified lower bound 1e-05. Decreasing the bound and calling fit again may find a better value.
  warnings.warn(
/home1/s4740556/venvs/mystery/lib/python3.9/site-packages/sklearn/gaussian_process/kernels.py:419: ConvergenceWarning: The optimal value found for dimension 0 of parameter length_scale is close to the specified lower bound 1e-05. Decreasing the bound and calling fit again may find a better value.
  warnings.warn(
/home1/s4740556/venvs/mystery/lib/python3.9/site-packages/sklearn/gaussian_process/kernels.py:419: ConvergenceWarning: The optimal value found for dimension 0 of parameter length_scale is close to the specified lower bound 1e-05. Decreasing the bound and calling fit again may find a better value.
  warnings.warn(
/home1/s4740556/venvs/mystery/lib/python3.9/site-packages/sklearn/gaussian_process/kernels.py:419: ConvergenceWarning: The optimal value found for dimension 0 of parameter length_scale is close to the specified lower bound 1e-05. Decreasing the bound and calling fit again may find a better value.
  warnings.warn(
/home1/s4740556/venvs/mystery/lib/python3.9/site-packages/sklearn/gaussian_process/kernels.py:419: ConvergenceWarning: The optimal value found for dimension 0 of parameter length_scale is close to the specified lower bound 1e-05. Decreasing the bound and calling fit again may find a better value.
  warnings.warn(
/home1/s4740556/venvs/mystery/lib/python3.9/site-packages/sklearn/gaussian_process/kernels.py:419: ConvergenceWarning: The optimal value found for dimension 0 of parameter length_scale is close to the specified lower bound 1e-05. Decreasing the bound and calling fit again may find a better value.
  warnings.warn(
/home1/s4740556/venvs/mystery/lib/python3.9/site-packages/sklearn/gaussian_process/kernels.py:419: ConvergenceWarning: The optimal value found for dimension 0 of parameter length_scale is close to the specified lower bound 1e-05. Decreasing the bound and calling fit again may find a better value.
  warnings.warn(
/home1/s4740556/venvs/mystery/lib/python3.9/site-packages/sklearn/gaussian_process/kernels.py:419: ConvergenceWarning: The optimal value found for dimension 0 of parameter length_scale is close to the specified lower bound 1e-05. Decreasing the bound and calling fit again may find a better value.
  warnings.warn(
/home1/s4740556/venvs/mystery/lib/python3.9/site-packages/sklearn/gaussian_process/kernels.py:419: ConvergenceWarning: The optimal value found for dimension 0 of parameter length_scale is close to the specified lower bound 1e-05. Decreasing the bound and calling fit again may find a better value.
  warnings.warn(
/home1/s4740556/venvs/mystery/lib/python3.9/site-packages/sklearn/gaussian_process/kernels.py:419: ConvergenceWarning: The optimal value found for dimension 0 of parameter length_scale is close to the specified lower bound 1e-05. Decreasing the bound and calling fit again may find a better value.
  warnings.warn(
/home1/s4740556/venvs/mystery/lib/python3.9/site-packages/sklearn/gaussian_process/kernels.py:419: ConvergenceWarning: The optimal value found for dimension 0 of parameter length_scale is close to the specified lower bound 1e-05. Decreasing the bound and calling fit again may find a better value.
  warnings.warn(
/home1/s4740556/venvs/mystery/lib/python3.9/site-packages/sklearn/gaussian_process/kernels.py:419: ConvergenceWarning: The optimal value found for dimension 0 of parameter length_scale is close to the specified lower bound 1e-05. Decreasing the bound and calling fit again may find a better value.
  warnings.warn(
/home1/s4740556/venvs/mystery/lib/python3.9/site-packages/sklearn/gaussian_process/kernels.py:419: ConvergenceWarning: The optimal value found for dimension 0 of parameter length_scale is close to the specified lower bound 1e-05. Decreasing the bound and calling fit again may find a better value.
  warnings.warn(
/home1/s4740556/venvs/mystery/lib/python3.9/site-packages/sklearn/gaussian_process/kernels.py:419: ConvergenceWarning: The optimal value found for dimension 0 of parameter length_scale is close to the specified lower bound 1e-05. Decreasing the bound and calling fit again may find a better value.
  warnings.warn(
/home1/s4740556/venvs/mystery/lib/python3.9/site-packages/sklearn/gaussian_process/kernels.py:419: ConvergenceWarning: The optimal value found for dimension 0 of parameter length_scale is close to the specified lower bound 1e-05. Decreasing the bound and calling fit again may find a better value.
  warnings.warn(
/home1/s4740556/venvs/mystery/lib/python3.9/site-packages/sklearn/gaussian_process/kernels.py:419: ConvergenceWarning: The optimal value found for dimension 0 of parameter length_scale is close to the specified lower bound 1e-05. Decreasing the bound and calling fit again may find a better value.
  warnings.warn(
/home1/s4740556/venvs/mystery/lib/python3.9/site-packages/sklearn/gaussian_process/kernels.py:419: ConvergenceWarning: The optimal value found for dimension 0 of parameter length_scale is close to the specified lower bound 1e-05. Decreasing the bound and calling fit again may find a better value.
  warnings.warn(
/home1/s4740556/venvs/mystery/lib/python3.9/site-packages/sklearn/gaussian_process/kernels.py:419: ConvergenceWarning: The optimal value found for dimension 0 of parameter length_scale is close to the specified lower bound 1e-05. Decreasing the bound and calling fit again may find a better value.
  warnings.warn(
/home1/s4740556/venvs/mystery/lib/python3.9/site-packages/sklearn/gaussian_process/kernels.py:419: ConvergenceWarning: The optimal value found for dimension 0 of parameter length_scale is close to the specified lower bound 1e-05. Decreasing the bound and calling fit again may find a better value.
  warnings.warn(
/home1/s4740556/venvs/mystery/lib/python3.9/site-packages/sklearn/gaussian_process/kernels.py:419: ConvergenceWarning: The optimal value found for dimension 0 of parameter length_scale is close to the specified lower bound 1e-05. Decreasing the bound and calling fit again may find a better value.
  warnings.warn(
/home1/s4740556/venvs/mystery/lib/python3.9/site-packages/sklearn/gaussian_process/kernels.py:419: ConvergenceWarning: The optimal value found for dimension 0 of parameter length_scale is close to the specified lower bound 1e-05. Decreasing the bound and calling fit again may find a better value.
  warnings.warn(
/home1/s4740556/venvs/mystery/lib/python3.9/site-packages/sklearn/gaussian_process/kernels.py:419: ConvergenceWarning: The optimal value found for dimension 0 of parameter length_scale is close to the specified lower bound 1e-05. Decreasing the bound and calling fit again may find a better value.
  warnings.warn(
/home1/s4740556/venvs/mystery/lib/python3.9/site-packages/sklearn/gaussian_process/kernels.py:419: ConvergenceWarning: The optimal value found for dimension 0 of parameter length_scale is close to the specified lower bound 1e-05. Decreasing the bound and calling fit again may find a better value.
  warnings.warn(
/home1/s4740556/venvs/mystery/lib/python3.9/site-packages/sklearn/gaussian_process/kernels.py:419: ConvergenceWarning: The optimal value found for dimension 0 of parameter length_scale is close to the specified lower bound 1e-05. Decreasing the bound and calling fit again may find a better value.
  warnings.warn(
/home1/s4740556/venvs/mystery/lib/python3.9/site-packages/sklearn/gaussian_process/kernels.py:419: ConvergenceWarning: The optimal value found for dimension 0 of parameter length_scale is close to the specified lower bound 1e-05. Decreasing the bound and calling fit again may find a better value.
  warnings.warn(
/home1/s4740556/venvs/mystery/lib/python3.9/site-packages/sklearn/gaussian_process/kernels.py:419: ConvergenceWarning: The optimal value found for dimension 0 of parameter length_scale is close to the specified lower bound 1e-05. Decreasing the bound and calling fit again may find a better value.
  warnings.warn(
/home1/s4740556/venvs/mystery/lib/python3.9/site-packages/sklearn/gaussian_process/kernels.py:419: ConvergenceWarning: The optimal value found for dimension 0 of parameter length_scale is close to the specified lower bound 1e-05. Decreasing the bound and calling fit again may find a better value.
  warnings.warn(
/home1/s4740556/venvs/mystery/lib/python3.9/site-packages/sklearn/gaussian_process/kernels.py:419: ConvergenceWarning: The optimal value found for dimension 0 of parameter length_scale is close to the specified lower bound 1e-05. Decreasing the bound and calling fit again may find a better value.
  warnings.warn(
/home1/s4740556/venvs/mystery/lib/python3.9/site-packages/sklearn/gaussian_process/kernels.py:419: ConvergenceWarning: The optimal value found for dimension 0 of parameter length_scale is close to the specified lower bound 1e-05. Decreasing the bound and calling fit again may find a better value.
  warnings.warn(
/home1/s4740556/venvs/mystery/lib/python3.9/site-packages/sklearn/gaussian_process/kernels.py:419: ConvergenceWarning: The optimal value found for dimension 0 of parameter length_scale is close to the specified lower bound 1e-05. Decreasing the bound and calling fit again may find a better value.
  warnings.warn(
/home1/s4740556/venvs/mystery/lib/python3.9/site-packages/sklearn/gaussian_process/kernels.py:419: ConvergenceWarning: The optimal value found for dimension 0 of parameter length_scale is close to the specified lower bound 1e-05. Decreasing the bound and calling fit again may find a better value.
  warnings.warn(
/home1/s4740556/venvs/mystery/lib/python3.9/site-packages/sklearn/gaussian_process/kernels.py:419: ConvergenceWarning: The optimal value found for dimension 0 of parameter length_scale is close to the specified lower bound 1e-05. Decreasing the bound and calling fit again may find a better value.
  warnings.warn(
/home1/s4740556/venvs/mystery/lib/python3.9/site-packages/sklearn/gaussian_process/kernels.py:419: ConvergenceWarning: The optimal value found for dimension 0 of parameter length_scale is close to the specified lower bound 1e-05. Decreasing the bound and calling fit again may find a better value.
  warnings.warn(
/home1/s4740556/venvs/mystery/lib/python3.9/site-packages/sklearn/gaussian_process/kernels.py:419: ConvergenceWarning: The optimal value found for dimension 0 of parameter length_scale is close to the specified lower bound 1e-05. Decreasing the bound and calling fit again may find a better value.
  warnings.warn(
/home1/s4740556/venvs/mystery/lib/python3.9/site-packages/sklearn/gaussian_process/kernels.py:419: ConvergenceWarning: The optimal value found for dimension 0 of parameter length_scale is close to the specified lower bound 1e-05. Decreasing the bound and calling fit again may find a better value.
  warnings.warn(
/home1/s4740556/venvs/mystery/lib/python3.9/site-packages/sklearn/gaussian_process/kernels.py:419: ConvergenceWarning: The optimal value found for dimension 0 of parameter length_scale is close to the specified lower bound 1e-05. Decreasing the bound and calling fit again may find a better value.
  warnings.warn(
/home1/s4740556/venvs/mystery/lib/python3.9/site-packages/sklearn/gaussian_process/kernels.py:419: ConvergenceWarning: The optimal value found for dimension 0 of parameter length_scale is close to the specified lower bound 1e-05. Decreasing the bound and calling fit again may find a better value.
  warnings.warn(
/home1/s4740556/venvs/mystery/lib/python3.9/site-packages/sklearn/gaussian_process/kernels.py:419: ConvergenceWarning: The optimal value found for dimension 0 of parameter length_scale is close to the specified lower bound 1e-05. Decreasing the bound and calling fit again may find a better value.
  warnings.warn(
/home1/s4740556/venvs/mystery/lib/python3.9/site-packages/sklearn/gaussian_process/kernels.py:419: ConvergenceWarning: The optimal value found for dimension 0 of parameter length_scale is close to the specified lower bound 1e-05. Decreasing the bound and calling fit again may find a better value.
  warnings.warn(
/home1/s4740556/venvs/mystery/lib/python3.9/site-packages/sklearn/gaussian_process/kernels.py:419: ConvergenceWarning: The optimal value found for dimension 0 of parameter length_scale is close to the specified lower bound 1e-05. Decreasing the bound and calling fit again may find a better value.
  warnings.warn(
/home1/s4740556/venvs/mystery/lib/python3.9/site-packages/sklearn/gaussian_process/kernels.py:419: ConvergenceWarning: The optimal value found for dimension 0 of parameter length_scale is close to the specified lower bound 1e-05. Decreasing the bound and calling fit again may find a better value.
  warnings.warn(
/home1/s4740556/venvs/mystery/lib/python3.9/site-packages/sklearn/gaussian_process/kernels.py:419: ConvergenceWarning: The optimal value found for dimension 0 of parameter length_scale is close to the specified lower bound 1e-05. Decreasing the bound and calling fit again may find a better value.
  warnings.warn(
/home1/s4740556/venvs/mystery/lib/python3.9/site-packages/sklearn/gaussian_process/kernels.py:419: ConvergenceWarning: The optimal value found for dimension 0 of parameter length_scale is close to the specified lower bound 1e-05. Decreasing the bound and calling fit again may find a better value.
  warnings.warn(
/home1/s4740556/venvs/mystery/lib/python3.9/site-packages/sklearn/gaussian_process/kernels.py:419: ConvergenceWarning: The optimal value found for dimension 0 of parameter length_scale is close to the specified lower bound 1e-05. Decreasing the bound and calling fit again may find a better value.
  warnings.warn(
/home1/s4740556/venvs/mystery/lib/python3.9/site-packages/sklearn/gaussian_process/kernels.py:419: ConvergenceWarning: The optimal value found for dimension 0 of parameter length_scale is close to the specified lower bound 1e-05. Decreasing the bound and calling fit again may find a better value.
  warnings.warn(
/home1/s4740556/venvs/mystery/lib/python3.9/site-packages/sklearn/gaussian_process/kernels.py:419: ConvergenceWarning: The optimal value found for dimension 0 of parameter length_scale is close to the specified lower bound 1e-05. Decreasing the bound and calling fit again may find a better value.
  warnings.warn(

Search: Running Trial #1

Value             |Best Value So Far |Hyperparameter
0.01              |0.01              |learning_rate


Trial 1 Complete [00h 03m 51s]
val_loss: 1.543286930384307

Best val_loss So Far: 1.543286930384307
Total elapsed time: 00h 03m 51s

Search: Running Trial #2

Value             |Best Value So Far |Hyperparameter
0.1               |0.01              |learning_rate


Trial 2 Complete [00h 00m 51s]
val_loss: 3.5455543152217395

Best val_loss So Far: 1.543286930384307
Total elapsed time: 00h 04m 42s

Search: Running Trial #3

Value             |Best Value So Far |Hyperparameter
0.001             |0.01              |learning_rate


Trial 3 Complete [00h 02m 36s]
val_loss: 1.6122126065451436

Best val_loss So Far: 1.543286930384307
Total elapsed time: 00h 07m 18s

Search: Running Trial #4

Value             |Best Value So Far |Hyperparameter
0.0001            |0.01              |learning_rate


Trial 4 Complete [00h 06m 47s]
val_loss: 1.7641598574560262

Best val_loss So Far: 1.543286930384307
Total elapsed time: 00h 14m 05s

Search: Running Trial #5

Value             |Best Value So Far |Hyperparameter
0.0001            |0.01              |learning_rate


Trial 5 Complete [00h 06m 25s]
val_loss: 3.5656798543601287

Best val_loss So Far: 1.543286930384307
Total elapsed time: 00h 20m 30s

Search: Running Trial #6

Value             |Best Value So Far |Hyperparameter
0.0001            |0.01              |learning_rate


Trial 6 Complete [00h 06m 59s]
val_loss: 3.044462560579692

Best val_loss So Far: 1.543286930384307
Total elapsed time: 00h 27m 29s

Search: Running Trial #7

Value             |Best Value So Far |Hyperparameter
0.0001            |0.01              |learning_rate


Trial 7 Complete [00h 07m 18s]
val_loss: 2.37808738520433

Best val_loss So Far: 1.543286930384307
Total elapsed time: 00h 34m 47s

Search: Running Trial #8

Value             |Best Value So Far |Hyperparameter
0.01              |0.01              |learning_rate


Trial 8 Complete [00h 04m 07s]
val_loss: 1.609841970791076

Best val_loss So Far: 1.543286930384307
Total elapsed time: 00h 38m 54s

Search: Running Trial #9

Value             |Best Value So Far |Hyperparameter
0.01              |0.01              |learning_rate


Trial 9 Complete [00h 04m 07s]
val_loss: 1.2697086837784997

Best val_loss So Far: 1.2697086837784997
Total elapsed time: 00h 43m 01s

Search: Running Trial #10

Value             |Best Value So Far |Hyperparameter
0.0001            |0.01              |learning_rate


Trial 10 Complete [00h 06m 57s]
val_loss: 2.259129685831484

Best val_loss So Far: 1.2697086837784997
Total elapsed time: 00h 49m 58s

Search: Running Trial #11

Value             |Best Value So Far |Hyperparameter
1e-05             |0.01              |learning_rate


Trial 11 Complete [00h 22m 27s]
val_loss: 2.37053125814117

Best val_loss So Far: 1.2697086837784997
Total elapsed time: 01h 12m 25s

Search: Running Trial #12

Value             |Best Value So Far |Hyperparameter
1e-05             |0.01              |learning_rate


Trial 12 Complete [00h 23m 41s]
val_loss: 2.783928022302431

Best val_loss So Far: 1.2697086837784997
Total elapsed time: 01h 36m 06s

Search: Running Trial #13

Value             |Best Value So Far |Hyperparameter
0.0001            |0.01              |learning_rate


Trial 13 Complete [00h 06m 31s]
val_loss: 2.1390539286979315

Best val_loss So Far: 1.2697086837784997
Total elapsed time: 01h 42m 37s

Search: Running Trial #14

Value             |Best Value So Far |Hyperparameter
1e-05             |0.01              |learning_rate


Trial 14 Complete [00h 21m 41s]
val_loss: 2.3656694123457234

Best val_loss So Far: 1.2697086837784997
Total elapsed time: 02h 04m 19s

Search: Running Trial #15

Value             |Best Value So Far |Hyperparameter
0.01              |0.01              |learning_rate


Trial 15 Complete [00h 04m 54s]
val_loss: 1.5749844415434466

Best val_loss So Far: 1.2697086837784997
Total elapsed time: 02h 09m 12s

Search: Running Trial #16

Value             |Best Value So Far |Hyperparameter
0.01              |0.01              |learning_rate


Trial 16 Complete [00h 05m 18s]
val_loss: 1.4996505225526877

Best val_loss So Far: 1.2697086837784997
Total elapsed time: 02h 14m 30s

Search: Running Trial #17

Value             |Best Value So Far |Hyperparameter
0.0001            |0.01              |learning_rate


Trial 17 Complete [00h 06m 53s]
val_loss: 2.496421990980356

Best val_loss So Far: 1.2697086837784997
Total elapsed time: 02h 21m 23s

Search: Running Trial #18

Value             |Best Value So Far |Hyperparameter
0.0001            |0.01              |learning_rate


Trial 18 Complete [00h 06m 54s]
val_loss: 1.814579352993387

Best val_loss So Far: 1.2697086837784997
Total elapsed time: 02h 28m 16s

Search: Running Trial #19

Value             |Best Value So Far |Hyperparameter
1e-05             |0.01              |learning_rate


Trial 19 Complete [00h 22m 35s]
val_loss: 2.1834720034023802

Best val_loss So Far: 1.2697086837784997
Total elapsed time: 02h 50m 52s

Search: Running Trial #20

Value             |Best Value So Far |Hyperparameter
0.001             |0.01              |learning_rate


Trial 20 Complete [00h 02m 41s]
val_loss: 1.381638945690517

Best val_loss So Far: 1.2697086837784997
Total elapsed time: 02h 53m 33s

Search: Running Trial #21

Value             |Best Value So Far |Hyperparameter
1e-05             |0.01              |learning_rate


Trial 21 Complete [00h 20m 56s]
val_loss: 2.5455210149802054

Best val_loss So Far: 1.2697086837784997
Total elapsed time: 03h 14m 29s

Search: Running Trial #22

Value             |Best Value So Far |Hyperparameter
0.01              |0.01              |learning_rate


Trial 22 Complete [00h 04m 09s]
val_loss: 1.4365724862135696

Best val_loss So Far: 1.2697086837784997
Total elapsed time: 03h 18m 38s

Search: Running Trial #23

Value             |Best Value So Far |Hyperparameter
1e-05             |0.01              |learning_rate


Trial 23 Complete [00h 22m 28s]
val_loss: 2.472666003580753

Best val_loss So Far: 1.2697086837784997
Total elapsed time: 03h 41m 06s

Search: Running Trial #24

Value             |Best Value So Far |Hyperparameter
0.0001            |0.01              |learning_rate


Trial 24 Complete [00h 06m 24s]
val_loss: 1.713021101879661

Best val_loss So Far: 1.2697086837784997
Total elapsed time: 03h 47m 30s

Search: Running Trial #25

Value             |Best Value So Far |Hyperparameter
0.0001            |0.01              |learning_rate


Trial 25 Complete [00h 06m 30s]
val_loss: 1.847951036203523

Best val_loss So Far: 1.2697086837784997
Total elapsed time: 03h 54m 00s

Search: Running Trial #26

Value             |Best Value So Far |Hyperparameter
0.01              |0.01              |learning_rate


Trial 26 Complete [00h 02m 07s]
val_loss: 1.6251496795950242

Best val_loss So Far: 1.2697086837784997
Total elapsed time: 03h 56m 07s

Search: Running Trial #27

Value             |Best Value So Far |Hyperparameter
0.0001            |0.01              |learning_rate


Trial 27 Complete [00h 06m 18s]
val_loss: 2.7884211131724856

Best val_loss So Far: 1.2697086837784997
Total elapsed time: 04h 02m 25s

Search: Running Trial #28

Value             |Best Value So Far |Hyperparameter
0.0001            |0.01              |learning_rate


Trial 28 Complete [00h 06m 34s]
val_loss: 3.721441451845495

Best val_loss So Far: 1.2697086837784997
Total elapsed time: 04h 09m 00s

Search: Running Trial #29

Value             |Best Value So Far |Hyperparameter
0.01              |0.01              |learning_rate


Trial 29 Complete [00h 03m 13s]
val_loss: 1.6080636667280366

Best val_loss So Far: 1.2697086837784997
Total elapsed time: 04h 12m 12s

Search: Running Trial #30

Value             |Best Value So Far |Hyperparameter
0.001             |0.01              |learning_rate


Trial 30 Complete [00h 02m 46s]
val_loss: 2.137801919260931

Best val_loss So Far: 1.2697086837784997
Total elapsed time: 04h 14m 59s

Search: Running Trial #31

Value             |Best Value So Far |Hyperparameter
0.001             |0.01              |learning_rate


Trial 31 Complete [00h 02m 55s]
val_loss: 2.481380734207303

Best val_loss So Far: 1.2697086837784997
Total elapsed time: 04h 17m 54s

Search: Running Trial #32

Value             |Best Value So Far |Hyperparameter
0.001             |0.01              |learning_rate


Trial 32 Complete [00h 02m 33s]
val_loss: 2.014757536865512

Best val_loss So Far: 1.2697086837784997
Total elapsed time: 04h 20m 26s

Search: Running Trial #33

Value             |Best Value So Far |Hyperparameter
0.01              |0.01              |learning_rate


Trial 33 Complete [00h 05m 09s]
val_loss: 1.3488632080883813

Best val_loss So Far: 1.2697086837784997
Total elapsed time: 04h 25m 36s

Search: Running Trial #34

Value             |Best Value So Far |Hyperparameter
1e-05             |0.01              |learning_rate


Trial 34 Complete [00h 20m 10s]
val_loss: 3.0909477074084566

Best val_loss So Far: 1.2697086837784997
Total elapsed time: 04h 45m 46s

Search: Running Trial #35

Value             |Best Value So Far |Hyperparameter
0.0001            |0.01              |learning_rate


Trial 35 Complete [00h 06m 35s]
val_loss: 2.0034827577142877

Best val_loss So Far: 1.2697086837784997
Total elapsed time: 04h 52m 21s

Search: Running Trial #36

Value             |Best Value So Far |Hyperparameter
1e-05             |0.01              |learning_rate


Trial 36 Complete [00h 22m 15s]
val_loss: 2.5691659432546805

Best val_loss So Far: 1.2697086837784997
Total elapsed time: 05h 14m 36s

Search: Running Trial #37

Value             |Best Value So Far |Hyperparameter
0.0001            |0.01              |learning_rate


Trial 37 Complete [00h 06m 30s]
val_loss: 2.7170649556250406

Best val_loss So Far: 1.2697086837784997
Total elapsed time: 05h 21m 06s

Search: Running Trial #38

Value             |Best Value So Far |Hyperparameter
0.01              |0.01              |learning_rate


Trial 38 Complete [00h 04m 31s]
val_loss: 1.6432707001423006

Best val_loss So Far: 1.2697086837784997
Total elapsed time: 05h 25m 37s

Search: Running Trial #39

Value             |Best Value So Far |Hyperparameter
0.01              |0.01              |learning_rate


Trial 39 Complete [00h 03m 35s]
val_loss: 1.691256219713856

Best val_loss So Far: 1.2697086837784997
Total elapsed time: 05h 29m 12s

Search: Running Trial #40

Value             |Best Value So Far |Hyperparameter
1e-05             |0.01              |learning_rate


Trial 40 Complete [00h 22m 08s]
val_loss: 3.1855893923804675

Best val_loss So Far: 1.2697086837784997
Total elapsed time: 05h 51m 20s

Search: Running Trial #41

Value             |Best Value So Far |Hyperparameter
0.001             |0.01              |learning_rate


Trial 41 Complete [00h 02m 53s]
val_loss: 2.2012860063334996

Best val_loss So Far: 1.2697086837784997
Total elapsed time: 05h 54m 13s

Search: Running Trial #42

Value             |Best Value So Far |Hyperparameter
0.0001            |0.01              |learning_rate


Trial 42 Complete [00h 06m 35s]
val_loss: 3.039140115010333

Best val_loss So Far: 1.2697086837784997
Total elapsed time: 06h 00m 48s

Search: Running Trial #43

Value             |Best Value So Far |Hyperparameter
0.001             |0.01              |learning_rate


Trial 43 Complete [00h 02m 24s]
val_loss: 1.659931555904191

Best val_loss So Far: 1.2697086837784997
Total elapsed time: 06h 03m 12s

Search: Running Trial #44

Value             |Best Value So Far |Hyperparameter
0.01              |0.01              |learning_rate


Trial 44 Complete [00h 04m 39s]
val_loss: 1.5680382023083737

Best val_loss So Far: 1.2697086837784997
Total elapsed time: 06h 07m 51s

Search: Running Trial #45

Value             |Best Value So Far |Hyperparameter
0.01              |0.01              |learning_rate


Trial 45 Complete [00h 04m 18s]
val_loss: 1.472033401758505

Best val_loss So Far: 1.2697086837784997
Total elapsed time: 06h 12m 09s

Search: Running Trial #46

Value             |Best Value So Far |Hyperparameter
0.01              |0.01              |learning_rate


Trial 46 Complete [00h 04m 04s]
val_loss: 1.631442117279975

Best val_loss So Far: 1.2697086837784997
Total elapsed time: 06h 16m 13s

Search: Running Trial #47

Value             |Best Value So Far |Hyperparameter
0.001             |0.01              |learning_rate


Trial 47 Complete [00h 02m 35s]
val_loss: 1.9038099638860855

Best val_loss So Far: 1.2697086837784997
Total elapsed time: 06h 18m 48s

Search: Running Trial #48

Value             |Best Value So Far |Hyperparameter
0.1               |0.01              |learning_rate


Trial 48 Complete [00h 00m 30s]
val_loss: 10.573684430841768

Best val_loss So Far: 1.2697086837784997
Total elapsed time: 06h 19m 18s

Search: Running Trial #49

Value             |Best Value So Far |Hyperparameter
0.01              |0.01              |learning_rate


Trial 49 Complete [00h 06m 00s]
val_loss: 1.5029845206901944

Best val_loss So Far: 1.2697086837784997
Total elapsed time: 06h 25m 18s

Search: Running Trial #50

Value             |Best Value So Far |Hyperparameter
0.01              |0.01              |learning_rate


Trial 50 Complete [00h 02m 41s]
val_loss: 1.6222366097158427

Best val_loss So Far: 1.2697086837784997
Total elapsed time: 06h 27m 59s

Search: Running Trial #51

Value             |Best Value So Far |Hyperparameter
1e-05             |0.01              |learning_rate


Trial 51 Complete [00h 20m 25s]
val_loss: 2.38325726112415

Best val_loss So Far: 1.2697086837784997
Total elapsed time: 06h 48m 24s

Search: Running Trial #52

Value             |Best Value So Far |Hyperparameter
0.1               |0.01              |learning_rate


Trial 52 Complete [00h 00m 36s]
val_loss: 37.472318988421954

Best val_loss So Far: 1.2697086837784997
Total elapsed time: 06h 49m 00s

Search: Running Trial #53

Value             |Best Value So Far |Hyperparameter
0.01              |0.01              |learning_rate


Trial 53 Complete [00h 04m 02s]
val_loss: 1.321457789118948

Best val_loss So Far: 1.2697086837784997
Total elapsed time: 06h 53m 02s

Search: Running Trial #54

Value             |Best Value So Far |Hyperparameter
0.0001            |0.01              |learning_rate


Trial 54 Complete [00h 06m 17s]
val_loss: 1.7901359249291746

Best val_loss So Far: 1.2697086837784997
Total elapsed time: 06h 59m 19s

Search: Running Trial #55

Value             |Best Value So Far |Hyperparameter
0.0001            |0.01              |learning_rate


Trial 55 Complete [00h 06m 30s]
val_loss: 2.997472562923511

Best val_loss So Far: 1.2697086837784997
Total elapsed time: 07h 05m 49s

Search: Running Trial #56

Value             |Best Value So Far |Hyperparameter
0.01              |0.01              |learning_rate


Trial 56 Complete [00h 03m 39s]
val_loss: 1.751070288234746

Best val_loss So Far: 1.2697086837784997
Total elapsed time: 07h 09m 29s

Search: Running Trial #57

Value             |Best Value So Far |Hyperparameter
0.01              |0.01              |learning_rate


Trial 57 Complete [00h 05m 00s]
val_loss: 1.6983648980486008

Best val_loss So Far: 1.2697086837784997
Total elapsed time: 07h 14m 29s

Search: Running Trial #58

Value             |Best Value So Far |Hyperparameter
0.001             |0.01              |learning_rate


Trial 58 Complete [00h 02m 28s]
val_loss: 1.7245635012614293

Best val_loss So Far: 1.2697086837784997
Total elapsed time: 07h 16m 58s

Search: Running Trial #59

Value             |Best Value So Far |Hyperparameter
0.001             |0.01              |learning_rate


Trial 59 Complete [00h 02m 56s]
val_loss: 1.5420800455171544

Best val_loss So Far: 1.2697086837784997
Total elapsed time: 07h 19m 53s

Search: Running Trial #60

Value             |Best Value So Far |Hyperparameter
0.0001            |0.01              |learning_rate


Trial 60 Complete [00h 06m 45s]
val_loss: 2.780596529615338

Best val_loss So Far: 1.2697086837784997
Total elapsed time: 07h 26m 38s

The following have been reloaded with a version change:
  1) GCCcore/11.2.0 => GCCcore/12.2.0
  2) XZ/5.2.5-GCCcore-11.2.0 => XZ/5.2.7-GCCcore-12.2.0
  3) libreadline/8.1-GCCcore-11.2.0 => libreadline/8.2-GCCcore-12.2.0
  4) ncurses/6.2-GCCcore-11.2.0 => ncurses/6.3-GCCcore-12.2.0
  5) zlib/1.2.11-GCCcore-11.2.0 => zlib/1.2.12-GCCcore-12.2.0

