2023-11-28 08:37:01.033561: I external/local_tsl/tsl/cuda/cudart_stub.cc:31] Could not find cuda drivers on your machine, GPU will not be used.
2023-11-28 08:37:01.066324: E external/local_xla/xla/stream_executor/cuda/cuda_dnn.cc:9261] Unable to register cuDNN factory: Attempting to register factory for plugin cuDNN when one has already been registered
2023-11-28 08:37:01.066367: E external/local_xla/xla/stream_executor/cuda/cuda_fft.cc:607] Unable to register cuFFT factory: Attempting to register factory for plugin cuFFT when one has already been registered
2023-11-28 08:37:01.067619: E external/local_xla/xla/stream_executor/cuda/cuda_blas.cc:1515] Unable to register cuBLAS factory: Attempting to register factory for plugin cuBLAS when one has already been registered
2023-11-28 08:37:01.073767: I external/local_tsl/tsl/cuda/cudart_stub.cc:31] Could not find cuda drivers on your machine, GPU will not be used.
2023-11-28 08:37:01.073973: I tensorflow/core/platform/cpu_feature_guard.cc:182] This TensorFlow binary is optimized to use available CPU instructions in performance-critical operations.
To enable the following instructions: AVX2 FMA, in other operations, rebuild TensorFlow with the appropriate compiler flags.
2023-11-28 08:37:04.061670: W tensorflow/compiler/tf2tensorrt/utils/py_utils.cc:38] TF-TRT Warning: Could not find TensorRT
Reloading Tuner from hyperparams/Dagon try THRESHOLD_GREEDY/tuner0.json
Dagon try THRESHOLD_GREEDY
346
Model: "model"
_________________________________________________________________
 Layer (type)                Output Shape              Param #   
=================================================================
 input_1 (InputLayer)        [(None, 6)]               0         
                                                                 
 dense (Dense)               (None, 32)                224       
                                                                 
 dense_1 (Dense)             (None, 3)                 99        
                                                                 
=================================================================
Total params: 323 (1.26 KB)
Trainable params: 323 (1.26 KB)
Non-trainable params: 0 (0.00 Byte)
_________________________________________________________________
None
Model: "model_1"
_________________________________________________________________
 Layer (type)                Output Shape              Param #   
=================================================================
 input_2 (InputLayer)        [(None, 6)]               0         
                                                                 
 dense_2 (Dense)             (None, 32)                224       
                                                                 
 dense_3 (Dense)             (None, 3)                 99        
                                                                 
=================================================================
Total params: 323 (1.26 KB)
Trainable params: 323 (1.26 KB)
Non-trainable params: 0 (0.00 Byte)
_________________________________________________________________
None
Model: "model_2"
_________________________________________________________________
 Layer (type)                Output Shape              Param #   
=================================================================
 input_3 (InputLayer)        [(None, 6)]               0         
                                                                 
 dense_4 (Dense)             (None, 32)                224       
                                                                 
 dense_5 (Dense)             (None, 3)                 99        
                                                                 
=================================================================
Total params: 323 (1.26 KB)
Trainable params: 323 (1.26 KB)
Non-trainable params: 0 (0.00 Byte)
_________________________________________________________________
None
Model: "model_3"
_________________________________________________________________
 Layer (type)                Output Shape              Param #   
=================================================================
 input_4 (InputLayer)        [(None, 6)]               0         
                                                                 
 dense_6 (Dense)             (None, 32)                224       
                                                                 
 dense_7 (Dense)             (None, 3)                 99        
                                                                 
=================================================================
Total params: 323 (1.26 KB)
Trainable params: 323 (1.26 KB)
Non-trainable params: 0 (0.00 Byte)
_________________________________________________________________
None
Model: "model_4"
_________________________________________________________________
 Layer (type)                Output Shape              Param #   
=================================================================
 input_5 (InputLayer)        [(None, 6)]               0         
                                                                 
 dense_8 (Dense)             (None, 32)                224       
                                                                 
 dense_9 (Dense)             (None, 3)                 99        
                                                                 
=================================================================
Total params: 323 (1.26 KB)
Trainable params: 323 (1.26 KB)
Non-trainable params: 0 (0.00 Byte)
_________________________________________________________________
None
Model: "model_5"
_________________________________________________________________
 Layer (type)                Output Shape              Param #   
=================================================================
 input_6 (InputLayer)        [(None, 6)]               0         
                                                                 
 dense_10 (Dense)            (None, 32)                224       
                                                                 
 dense_11 (Dense)            (None, 3)                 99        
                                                                 
=================================================================
Total params: 323 (1.26 KB)
Trainable params: 323 (1.26 KB)
Non-trainable params: 0 (0.00 Byte)
_________________________________________________________________
None
Model: "model_6"
_________________________________________________________________
 Layer (type)                Output Shape              Param #   
=================================================================
 input_7 (InputLayer)        [(None, 6)]               0         
                                                                 
 dense_12 (Dense)            (None, 32)                224       
                                                                 
 dense_13 (Dense)            (None, 3)                 99        
                                                                 
=================================================================
Total params: 323 (1.26 KB)
Trainable params: 323 (1.26 KB)
Non-trainable params: 0 (0.00 Byte)
_________________________________________________________________
None
Model: "model_7"
_________________________________________________________________
 Layer (type)                Output Shape              Param #   
=================================================================
 input_8 (InputLayer)        [(None, 6)]               0         
                                                                 
 dense_14 (Dense)            (None, 32)                224       
                                                                 
 dense_15 (Dense)            (None, 3)                 99        
                                                                 
=================================================================
Total params: 323 (1.26 KB)
Trainable params: 323 (1.26 KB)
Non-trainable params: 0 (0.00 Byte)
_________________________________________________________________
None
Model: "model_8"
_________________________________________________________________
 Layer (type)                Output Shape              Param #   
=================================================================
 input_9 (InputLayer)        [(None, 6)]               0         
                                                                 
 dense_16 (Dense)            (None, 32)                224       
                                                                 
 dense_17 (Dense)            (None, 3)                 99        
                                                                 
=================================================================
Total params: 323 (1.26 KB)
Trainable params: 323 (1.26 KB)
Non-trainable params: 0 (0.00 Byte)
_________________________________________________________________
None
Model: "model_9"
_________________________________________________________________
 Layer (type)                Output Shape              Param #   
=================================================================
 input_10 (InputLayer)       [(None, 6)]               0         
                                                                 
 dense_18 (Dense)            (None, 32)                224       
                                                                 
 dense_19 (Dense)            (None, 3)                 99        
                                                                 
=================================================================
Total params: 323 (1.26 KB)
Trainable params: 323 (1.26 KB)
Non-trainable params: 0 (0.00 Byte)
_________________________________________________________________
Keras Uncertainty will use standalone Keras backendNone
The results will be saved in results/Dagon try THRESHOLD_GREEDY tuned (0)
Time 19.44: used 28.90% of the points.
Time 36.15: used 29.19% of the points.
Time 36.17: used 29.48% of the points.
Time 36.20: used 29.77% of the points.
Time 36.22: used 30.06% of the points.
Time 36.24: used 30.35% of the points.
Time 36.26: used 30.64% of the points.
Time 36.28: used 30.92% of the points.
Time 36.30: used 31.21% of the points.
Time 36.32: used 31.50% of the points.
Time 53.02: used 31.79% of the points.
Time 53.04: used 32.08% of the points.
Time 53.06: used 32.37% of the points.
Time 70.33: used 32.66% of the points.
Time 70.35: used 32.95% of the points.
Time 70.37: used 33.24% of the points.
Time 84.13: used 33.53% of the points.
Time 84.16: used 33.82% of the points.
Time 84.18: used 34.10% of the points.
Time 84.20: used 34.39% of the points.
Time 84.22: used 34.68% of the points.
Time 84.24: used 34.97% of the points.
Time 84.26: used 35.26% of the points.
Time 84.28: used 35.55% of the points.
Time 84.30: used 35.84% of the points.
Time 84.32: used 36.13% of the points.
Time 84.34: used 36.42% of the points.
Time 84.36: used 36.71% of the points.
Time 96.90: used 36.99% of the points.
Time 96.92: used 37.28% of the points.
Time 96.94: used 37.57% of the points.
Time 96.96: used 37.86% of the points.
Time 96.98: used 38.15% of the points.
Time 97.00: used 38.44% of the points.
Time 97.02: used 38.73% of the points.
Time 97.04: used 39.02% of the points.
Time 97.06: used 39.31% of the points.
Time 97.08: used 39.60% of the points.
Time 97.10: used 39.88% of the points.
Time 97.12: used 40.17% of the points.
Time 97.14: used 40.46% of the points.
Time 97.16: used 40.75% of the points.
Time 97.18: used 41.04% of the points.
Time 97.20: used 41.33% of the points.
Time 97.22: used 41.62% of the points.
Time 97.24: used 41.91% of the points.
Time 97.26: used 42.20% of the points.
Time 97.28: used 42.49% of the points.
Time 97.30: used 42.77% of the points.
Time 97.32: used 43.06% of the points.
Time 97.34: used 43.35% of the points.
Time 97.36: used 43.64% of the points.
Time 97.38: used 43.93% of the points.
Time 97.40: used 44.22% of the points.
Time 97.42: used 44.51% of the points.
Time 97.44: used 44.80% of the points.
Time 97.46: used 45.09% of the points.
Time 97.48: used 45.38% of the points.
Time 97.50: used 45.66% of the points.
Time 97.52: used 45.95% of the points.
Time 97.54: used 46.24% of the points.
Time 97.56: used 46.53% of the points.
Time 97.58: used 46.82% of the points.
Time 97.60: used 47.11% of the points.
Time 97.62: used 47.40% of the points.
Time 97.64: used 47.69% of the points.
Time 97.66: used 47.98% of the points.
Time 108.85: used 48.27% of the points.
Time 117.68: used 48.55% of the points.
Time 127.37: used 48.84% of the points.
Time 140.03: used 49.13% of the points.
Time 140.05: used 49.42% of the points.
Time 146.47: used 49.71% of the points.
Time 152.73: used 50.00% of the points.
Time 152.75: used 50.29% of the points.
Time 152.77: used 50.58% of the points.
Time 159.95: used 50.87% of the points.
Time 159.97: used 51.16% of the points.
Time 159.99: used 51.45% of the points.
Time 160.01: used 51.73% of the points.
Time 160.03: used 52.02% of the points.
Time 160.05: used 52.31% of the points.
Time 160.07: used 52.60% of the points.
Time 160.09: used 52.89% of the points.
Time 160.11: used 53.18% of the points.
Time 160.13: used 53.47% of the points.
Time 160.15: used 53.76% of the points.
Time 160.17: used 54.05% of the points.
Time 160.19: used 54.34% of the points.
Time 160.21: used 54.62% of the points.
Time 160.23: used 54.91% of the points.
Time 160.25: used 55.20% of the points.
Time 160.27: used 55.49% of the points.
Time 160.29: used 55.78% of the points.
Time 160.31: used 56.07% of the points.
Time 160.33: used 56.36% of the points.
Time 160.35: used 56.65% of the points.
Time 160.37: used 56.94% of the points.
Time 160.39: used 57.23% of the points.
Time 160.41: used 57.51% of the points.
Time 160.43: used 57.80% of the points.
Time 160.45: used 58.09% of the points.
Time 160.47: used 58.38% of the points.
Time 160.49: used 58.67% of the points.
Time 160.51: used 58.96% of the points.
Time 160.53: used 59.25% of the points.
Time 160.55: used 59.54% of the points.
Time 160.57: used 59.83% of the points.
Time 167.04: used 60.12% of the points.
Time 171.88: used 60.40% of the points.
Time 178.66: used 60.69% of the points.
Time 178.68: used 60.98% of the points.
Time 178.70: used 61.27% of the points.
Time 178.72: used 61.56% of the points.
Time 178.74: used 61.85% of the points.
Time 178.76: used 62.14% of the points.
Time 178.78: used 62.43% of the points.
Time 178.80: used 62.72% of the points.
Time 178.82: used 63.01% of the points.
Time 178.84: used 63.29% of the points.
Time 178.86: used 63.58% of the points.
Time 178.88: used 63.87% of the points.
Time 178.90: used 64.16% of the points.
Time 178.92: used 64.45% of the points.
Time 178.94: used 64.74% of the points.
Time 178.96: used 65.03% of the points.
Time 178.98: used 65.32% of the points.
Time 179.00: used 65.61% of the points.
Time 179.02: used 65.90% of the points.
Time 185.58: used 66.18% of the points.
Time 185.60: used 66.47% of the points.
Time 185.62: used 66.76% of the points.
Time 185.64: used 67.05% of the points.
Time 185.66: used 67.34% of the points.
Time 185.68: used 67.63% of the points.
Time 185.70: used 67.92% of the points.
Time 185.72: used 68.21% of the points.
Time 185.74: used 68.50% of the points.
Time 185.76: used 68.79% of the points.
Time 185.78: used 69.08% of the points.
Time 185.80: used 69.36% of the points.
Time 185.82: used 69.65% of the points.
Time 185.84: used 69.94% of the points.
Time 185.86: used 70.23% of the points.
Time 192.10: used 70.52% of the points.
Time 199.94: used 70.81% of the points.
Time 206.00: used 71.10% of the points.
Time 212.95: used 71.39% of the points.
Time 223.73: used 71.68% of the points.
Time 229.95: used 71.97% of the points.
Time 229.97: used 72.25% of the points.
Time 235.77: used 72.54% of the points.
Time 235.79: used 72.83% of the points.
Time 235.81: used 73.12% of the points.
Time 235.83: used 73.41% of the points.
Time 235.85: used 73.70% of the points.
Time 235.87: used 73.99% of the points.
Time 235.89: used 74.28% of the points.
Time 235.91: used 74.57% of the points.
Time 235.93: used 74.86% of the points.
Time 235.95: used 75.14% of the points.
Time 235.97: used 75.43% of the points.
Time 235.99: used 75.72% of the points.
Time 236.01: used 76.01% of the points.
Time 236.03: used 76.30% of the points.
Time 236.05: used 76.59% of the points.
Time 236.07: used 76.88% of the points.
Time 236.09: used 77.17% of the points.
Time 236.11: used 77.46% of the points.
Time 236.13: used 77.75% of the points.
Time 236.15: used 78.03% of the points.
Time 236.17: used 78.32% of the points.
Time 236.19: used 78.61% of the points.
Time 236.21: used 78.90% of the points.
Time 236.23: used 79.19% of the points.
Time 236.25: used 79.48% of the points.
Time 236.27: used 79.77% of the points.
Time 236.29: used 80.06% of the points.
Time 236.31: used 80.35% of the points.
Time 236.33: used 80.64% of the points.
Time 236.35: used 80.92% of the points.
Time 242.33: used 81.21% of the points.
Time 242.35: used 81.50% of the points.
Time 246.89: used 81.79% of the points.
Time 253.86: used 82.08% of the points.
Time 253.88: used 82.37% of the points.
Time 253.90: used 82.66% of the points.
Time 260.19: used 82.95% of the points.
Time 260.21: used 83.24% of the points.
Time 260.23: used 83.53% of the points.
Time 260.25: used 83.82% of the points.
Time 260.27: used 84.10% of the points.
Time 260.29: used 84.39% of the points.
Time 260.31: used 84.68% of the points.
Time 260.33: used 84.97% of the points.
Time 260.35: used 85.26% of the points.
Time 260.37: used 85.55% of the points.
Time 260.39: used 85.84% of the points.
Time 260.41: used 86.13% of the points.
Time 260.43: used 86.42% of the points.
Time 260.45: used 86.71% of the points.
Time 260.47: used 86.99% of the points.
Time 260.49: used 87.28% of the points.
Time 260.51: used 87.57% of the points.
Time 260.53: used 87.86% of the points.
Time 260.55: used 88.15% of the points.
Time 260.57: used 88.44% of the points.
Time 260.59: used 88.73% of the points.
Time 260.61: used 89.02% of the points.
Time 260.63: used 89.31% of the points.
Time 260.65: used 89.60% of the points.
Time 260.67: used 89.88% of the points.
Time 260.69: used 90.17% of the points.
Time 260.71: used 90.46% of the points.
Time 260.73: used 90.75% of the points.
Time 260.75: used 91.04% of the points.
Time 260.77: used 91.33% of the points.
Time 260.79: used 91.62% of the points.
Time 260.81: used 91.91% of the points.
Time 260.83: used 92.20% of the points.
Time 260.85: used 92.49% of the points.
Time 260.87: used 92.77% of the points.
Time 260.89: used 93.06% of the points.
Time 260.91: used 93.35% of the points.
Time 260.93: used 93.64% of the points.
Time 260.95: used 93.93% of the points.
Time 260.97: used 94.22% of the points.
Time 260.99: used 94.51% of the points.
Time 261.01: used 94.80% of the points.
Time 261.03: used 95.09% of the points.
Time 261.05: used 95.38% of the points.
Time 261.07: used 95.66% of the points.
Time 261.09: used 95.95% of the points.
Time 261.11: used 96.24% of the points.
Time 261.13: used 96.53% of the points.
Time 261.15: used 96.82% of the points.
Time 261.17: used 97.11% of the points.
Time 261.19: used 97.40% of the points.
Time 261.21: used 97.69% of the points.
Time 261.23: used 97.98% of the points.
Time 261.25: used 98.27% of the points.
Time 261.27: used 98.55% of the points.
Time 261.29: used 98.84% of the points.
Time 261.31: used 99.13% of the points.
Time 261.33: used 99.42% of the points.
Time 261.35: used 99.71% of the points.
Time 261.37: used 100.00% of the points.
Time 1701157292.38: used 100.00% of the points.

The following have been reloaded with a version change:
  1) GCCcore/11.2.0 => GCCcore/12.2.0
  2) XZ/5.2.5-GCCcore-11.2.0 => XZ/5.2.7-GCCcore-12.2.0
  3) libreadline/8.1-GCCcore-11.2.0 => libreadline/8.2-GCCcore-12.2.0
  4) ncurses/6.2-GCCcore-11.2.0 => ncurses/6.3-GCCcore-12.2.0
  5) zlib/1.2.11-GCCcore-11.2.0 => zlib/1.2.12-GCCcore-12.2.0

