2023-12-05 19:57:51.434771: I external/local_tsl/tsl/cuda/cudart_stub.cc:31] Could not find cuda drivers on your machine, GPU will not be used.
2023-12-05 19:57:51.470493: E external/local_xla/xla/stream_executor/cuda/cuda_dnn.cc:9261] Unable to register cuDNN factory: Attempting to register factory for plugin cuDNN when one has already been registered
2023-12-05 19:57:51.470536: E external/local_xla/xla/stream_executor/cuda/cuda_fft.cc:607] Unable to register cuFFT factory: Attempting to register factory for plugin cuFFT when one has already been registered
2023-12-05 19:57:51.472027: E external/local_xla/xla/stream_executor/cuda/cuda_blas.cc:1515] Unable to register cuBLAS factory: Attempting to register factory for plugin cuBLAS when one has already been registered
2023-12-05 19:57:51.478829: I external/local_tsl/tsl/cuda/cudart_stub.cc:31] Could not find cuda drivers on your machine, GPU will not be used.
2023-12-05 19:57:51.479060: I tensorflow/core/platform/cpu_feature_guard.cc:182] This TensorFlow binary is optimized to use available CPU instructions in performance-critical operations.
To enable the following instructions: AVX2 FMA, in other operations, rebuild TensorFlow with the appropriate compiler flags.
2023-12-05 19:57:54.293422: W tensorflow/compiler/tf2tensorrt/utils/py_utils.cc:38] TF-TRT Warning: Could not find TensorRT
Keras Uncertainty will use standalone Keras backend/home1/s4740556/venvs/mystery/lib/python3.9/site-packages/sklearn/gaussian_process/kernels.py:419: ConvergenceWarning: The optimal value found for dimension 0 of parameter length_scale is close to the specified lower bound 1e-05. Decreasing the bound and calling fit again may find a better value.
  warnings.warn(

Search: Running Trial #1

default configuration


Trial 1 Complete [00h 02m 35s]
val_loss: 1.7408614667325182

Best val_loss So Far: 1.7408614667325182
Total elapsed time: 00h 02m 35s

Search: Running Trial #2

Value             |Best Value So Far |Hyperparameter
5                 |3                 |patience


Trial 2 Complete [00h 02m 46s]
val_loss: 1.8634638457462718

Best val_loss So Far: 1.7408614667325182
Total elapsed time: 00h 05m 21s

Search: Running Trial #3

Value             |Best Value So Far |Hyperparameter
9                 |3                 |patience


Trial 3 Complete [00h 03m 06s]
val_loss: 1.8389685076886195

Best val_loss So Far: 1.7408614667325182
Total elapsed time: 00h 08m 26s

Search: Running Trial #4

Value             |Best Value So Far |Hyperparameter
9                 |3                 |patience


Trial 4 Complete [00h 03m 06s]
val_loss: 2.0733242605266824

Best val_loss So Far: 1.7408614667325182
Total elapsed time: 00h 11m 32s

Search: Running Trial #5

Value             |Best Value So Far |Hyperparameter
3                 |3                 |patience


Trial 5 Complete [00h 02m 49s]
val_loss: 1.575902456610365

Best val_loss So Far: 1.575902456610365
Total elapsed time: 00h 14m 22s

Search: Running Trial #6

Value             |Best Value So Far |Hyperparameter
3                 |3                 |patience


Trial 6 Complete [00h 02m 50s]
val_loss: 1.8713014449538854

Best val_loss So Far: 1.575902456610365
Total elapsed time: 00h 17m 12s

Search: Running Trial #7

Value             |Best Value So Far |Hyperparameter
3                 |3                 |patience


Trial 7 Complete [00h 02m 43s]
val_loss: 2.0670133071212944

Best val_loss So Far: 1.575902456610365
Total elapsed time: 00h 19m 55s

Search: Running Trial #8

Value             |Best Value So Far |Hyperparameter
3                 |3                 |patience


Trial 8 Complete [00h 02m 45s]
val_loss: 1.7459683698312976

Best val_loss So Far: 1.575902456610365
Total elapsed time: 00h 22m 40s

Search: Running Trial #9

Value             |Best Value So Far |Hyperparameter
3                 |3                 |patience


Trial 9 Complete [00h 02m 30s]
val_loss: 1.983320230296973

Best val_loss So Far: 1.575902456610365
Total elapsed time: 00h 25m 11s

Search: Running Trial #10

Value             |Best Value So Far |Hyperparameter
3                 |3                 |patience


Trial 10 Complete [00h 02m 37s]
val_loss: 1.988850316353913

Best val_loss So Far: 1.575902456610365
Total elapsed time: 00h 27m 48s

Search: Running Trial #11

Value             |Best Value So Far |Hyperparameter
3                 |3                 |patience


Trial 11 Complete [00h 03m 22s]
val_loss: 1.6904838640114372

Best val_loss So Far: 1.575902456610365
Total elapsed time: 00h 31m 10s

Search: Running Trial #12

Value             |Best Value So Far |Hyperparameter
3                 |3                 |patience


Trial 12 Complete [00h 02m 40s]
val_loss: 1.554124935433783

Best val_loss So Far: 1.554124935433783
Total elapsed time: 00h 33m 50s

Search: Running Trial #13

Value             |Best Value So Far |Hyperparameter
3                 |3                 |patience


Trial 13 Complete [00h 03m 08s]
val_loss: 1.7427594135033713

Best val_loss So Far: 1.554124935433783
Total elapsed time: 00h 36m 58s

Search: Running Trial #14

Value             |Best Value So Far |Hyperparameter
3                 |3                 |patience


Trial 14 Complete [00h 02m 53s]
val_loss: 2.7342887474545186

Best val_loss So Far: 1.554124935433783
Total elapsed time: 00h 39m 51s

Search: Running Trial #15

Value             |Best Value So Far |Hyperparameter
3                 |3                 |patience


Trial 15 Complete [00h 02m 48s]
val_loss: 2.885820310434396

Best val_loss So Far: 1.554124935433783
Total elapsed time: 00h 42m 39s

Search: Running Trial #16

Value             |Best Value So Far |Hyperparameter
5                 |3                 |patience


Trial 16 Complete [00h 03m 03s]
val_loss: 1.7068595205401573

Best val_loss So Far: 1.554124935433783
Total elapsed time: 00h 45m 42s

Search: Running Trial #17

Value             |Best Value So Far |Hyperparameter
5                 |3                 |patience


Trial 17 Complete [00h 02m 39s]
val_loss: 2.1192473584208025

Best val_loss So Far: 1.554124935433783
Total elapsed time: 00h 48m 21s

Search: Running Trial #18

Value             |Best Value So Far |Hyperparameter
5                 |3                 |patience


Trial 18 Complete [00h 02m 49s]
val_loss: 1.7442678380115324

Best val_loss So Far: 1.554124935433783
Total elapsed time: 00h 51m 10s

Search: Running Trial #19

Value             |Best Value So Far |Hyperparameter
5                 |3                 |patience


Trial 19 Complete [00h 02m 38s]
val_loss: 1.4487889550369384

Best val_loss So Far: 1.4487889550369384
Total elapsed time: 00h 53m 49s

Search: Running Trial #20

Value             |Best Value So Far |Hyperparameter
5                 |5                 |patience


Trial 20 Complete [00h 02m 59s]
val_loss: 2.1522345625121098

Best val_loss So Far: 1.4487889550369384
Total elapsed time: 00h 56m 49s

Search: Running Trial #21

Value             |Best Value So Far |Hyperparameter
5                 |5                 |patience


Trial 21 Complete [00h 02m 41s]
val_loss: 2.069365222392417

Best val_loss So Far: 1.4487889550369384
Total elapsed time: 00h 59m 29s

Search: Running Trial #22

Value             |Best Value So Far |Hyperparameter
5                 |5                 |patience


Trial 22 Complete [00h 03m 03s]
val_loss: 1.6795019283890738

Best val_loss So Far: 1.4487889550369384
Total elapsed time: 01h 02m 33s

Search: Running Trial #23

Value             |Best Value So Far |Hyperparameter
5                 |5                 |patience


Trial 23 Complete [00h 03m 03s]
val_loss: 1.9666957647122194

Best val_loss So Far: 1.4487889550369384
Total elapsed time: 01h 05m 36s

Search: Running Trial #24

Value             |Best Value So Far |Hyperparameter
5                 |5                 |patience


Trial 24 Complete [00h 02m 59s]
val_loss: 2.452256623784022

Best val_loss So Far: 1.4487889550369384
Total elapsed time: 01h 08m 35s

Search: Running Trial #25

Value             |Best Value So Far |Hyperparameter
5                 |5                 |patience


Trial 25 Complete [00h 02m 36s]
val_loss: 2.015697354643511

Best val_loss So Far: 1.4487889550369384
Total elapsed time: 01h 11m 11s

Search: Running Trial #26

Value             |Best Value So Far |Hyperparameter
5                 |5                 |patience


Trial 26 Complete [00h 03m 01s]
val_loss: 2.0081444965868123

Best val_loss So Far: 1.4487889550369384
Total elapsed time: 01h 14m 12s

Search: Running Trial #27

Value             |Best Value So Far |Hyperparameter
5                 |5                 |patience


Trial 27 Complete [00h 02m 51s]
val_loss: 1.7570944985952828

Best val_loss So Far: 1.4487889550369384
Total elapsed time: 01h 17m 03s

Search: Running Trial #28

Value             |Best Value So Far |Hyperparameter
5                 |5                 |patience


Trial 28 Complete [00h 03m 04s]
val_loss: 1.6793147967807205

Best val_loss So Far: 1.4487889550369384
Total elapsed time: 01h 20m 07s

Search: Running Trial #29

Value             |Best Value So Far |Hyperparameter
5                 |5                 |patience


Trial 29 Complete [00h 02m 44s]
val_loss: 2.0949659352672594

Best val_loss So Far: 1.4487889550369384
Total elapsed time: 01h 22m 52s

Search: Running Trial #30

Value             |Best Value So Far |Hyperparameter
5                 |5                 |patience


Trial 30 Complete [00h 02m 55s]
val_loss: 2.024791723952211

Best val_loss So Far: 1.4487889550369384
Total elapsed time: 01h 25m 47s

Search: Running Trial #31

Value             |Best Value So Far |Hyperparameter
5                 |5                 |patience


Trial 31 Complete [00h 02m 32s]
val_loss: 1.708835448170536

Best val_loss So Far: 1.4487889550369384
Total elapsed time: 01h 28m 19s

Search: Running Trial #32

Value             |Best Value So Far |Hyperparameter
5                 |5                 |patience


Trial 32 Complete [00h 03m 11s]
val_loss: 1.4639237016953237

Best val_loss So Far: 1.4487889550369384
Total elapsed time: 01h 31m 31s

Search: Running Trial #33

Value             |Best Value So Far |Hyperparameter
5                 |5                 |patience


Trial 33 Complete [00h 02m 55s]
val_loss: 1.677627784938644

Best val_loss So Far: 1.4487889550369384
Total elapsed time: 01h 34m 26s

Search: Running Trial #34

Value             |Best Value So Far |Hyperparameter
5                 |5                 |patience


Trial 34 Complete [00h 02m 55s]
val_loss: 1.4941300849976216

Best val_loss So Far: 1.4487889550369384
Total elapsed time: 01h 37m 22s

Search: Running Trial #35

Value             |Best Value So Far |Hyperparameter
5                 |5                 |patience


Trial 35 Complete [00h 03m 10s]
val_loss: 1.894811301909642

Best val_loss So Far: 1.4487889550369384
Total elapsed time: 01h 40m 32s

Search: Running Trial #36

Value             |Best Value So Far |Hyperparameter
5                 |5                 |patience


Trial 36 Complete [00h 02m 43s]
val_loss: 1.7014652554844945

Best val_loss So Far: 1.4487889550369384
Total elapsed time: 01h 43m 16s

Search: Running Trial #37

Value             |Best Value So Far |Hyperparameter
5                 |5                 |patience


Trial 37 Complete [00h 02m 17s]
val_loss: 2.7097653279016747

Best val_loss So Far: 1.4487889550369384
Total elapsed time: 01h 45m 33s

Search: Running Trial #38

Value             |Best Value So Far |Hyperparameter
5                 |5                 |patience


Trial 38 Complete [00h 02m 55s]
val_loss: 1.7807693412077854

Best val_loss So Far: 1.4487889550369384
Total elapsed time: 01h 48m 28s

Search: Running Trial #39

Value             |Best Value So Far |Hyperparameter
5                 |5                 |patience


Trial 39 Complete [00h 02m 45s]
val_loss: 1.961008086800578

Best val_loss So Far: 1.4487889550369384
Total elapsed time: 01h 51m 14s

Search: Running Trial #40

Value             |Best Value So Far |Hyperparameter
5                 |5                 |patience


Trial 40 Complete [00h 03m 06s]
val_loss: 1.4383627014427292

Best val_loss So Far: 1.4383627014427292
Total elapsed time: 01h 54m 20s

Search: Running Trial #41

Value             |Best Value So Far |Hyperparameter
5                 |5                 |patience


Trial 41 Complete [00h 02m 45s]
val_loss: 1.896095231432339

Best val_loss So Far: 1.4383627014427292
Total elapsed time: 01h 57m 05s

Search: Running Trial #42

Value             |Best Value So Far |Hyperparameter
5                 |5                 |patience


Trial 42 Complete [00h 02m 59s]
val_loss: 1.7633348235796302

Best val_loss So Far: 1.4383627014427292
Total elapsed time: 02h 00m 05s

Search: Running Trial #43

Value             |Best Value So Far |Hyperparameter
5                 |5                 |patience


Trial 43 Complete [00h 02m 57s]
val_loss: 1.551542376392878

Best val_loss So Far: 1.4383627014427292
Total elapsed time: 02h 03m 02s

Search: Running Trial #44

Value             |Best Value So Far |Hyperparameter
5                 |5                 |patience


Trial 44 Complete [00h 02m 44s]
val_loss: 1.6845038150405076

Best val_loss So Far: 1.4383627014427292
Total elapsed time: 02h 05m 46s

Search: Running Trial #45

Value             |Best Value So Far |Hyperparameter
5                 |5                 |patience


Trial 45 Complete [00h 02m 51s]
val_loss: 1.9285406799151992

Best val_loss So Far: 1.4383627014427292
Total elapsed time: 02h 08m 38s

Search: Running Trial #46

Value             |Best Value So Far |Hyperparameter
5                 |5                 |patience


Trial 46 Complete [00h 02m 40s]
val_loss: 1.6767518882607602

Best val_loss So Far: 1.4383627014427292
Total elapsed time: 02h 11m 18s

Search: Running Trial #47

Value             |Best Value So Far |Hyperparameter
5                 |5                 |patience


Trial 47 Complete [00h 02m 57s]
val_loss: 1.9938778761645886

Best val_loss So Far: 1.4383627014427292
Total elapsed time: 02h 14m 15s

Search: Running Trial #48

Value             |Best Value So Far |Hyperparameter
5                 |5                 |patience


Trial 48 Complete [00h 03m 08s]
val_loss: 1.607575090023984

Best val_loss So Far: 1.4383627014427292
Total elapsed time: 02h 17m 24s

Search: Running Trial #49

Value             |Best Value So Far |Hyperparameter
5                 |5                 |patience


Trial 49 Complete [00h 02m 54s]
val_loss: 2.0279037885624867

Best val_loss So Far: 1.4383627014427292
Total elapsed time: 02h 20m 18s

Search: Running Trial #50

Value             |Best Value So Far |Hyperparameter
5                 |5                 |patience


Trial 50 Complete [00h 02m 36s]
val_loss: 2.0377143590614715

Best val_loss So Far: 1.4383627014427292
Total elapsed time: 02h 22m 54s

Search: Running Trial #51

Value             |Best Value So Far |Hyperparameter
5                 |5                 |patience


Trial 51 Complete [00h 02m 32s]
val_loss: 2.0895362794399297

Best val_loss So Far: 1.4383627014427292
Total elapsed time: 02h 25m 27s

Search: Running Trial #52

Value             |Best Value So Far |Hyperparameter
5                 |5                 |patience


Trial 52 Complete [00h 02m 53s]
val_loss: 2.0397214830435537

Best val_loss So Far: 1.4383627014427292
Total elapsed time: 02h 28m 20s

Search: Running Trial #53

Value             |Best Value So Far |Hyperparameter
5                 |5                 |patience


Trial 53 Complete [00h 03m 00s]
val_loss: 1.764669107722827

Best val_loss So Far: 1.4383627014427292
Total elapsed time: 02h 31m 20s

Search: Running Trial #54

Value             |Best Value So Far |Hyperparameter
5                 |5                 |patience


Trial 54 Complete [00h 03m 17s]
val_loss: 1.8802297498131606

Best val_loss So Far: 1.4383627014427292
Total elapsed time: 02h 34m 38s

Search: Running Trial #55

Value             |Best Value So Far |Hyperparameter
5                 |5                 |patience


Trial 55 Complete [00h 02m 50s]
val_loss: 1.9991010933600695

Best val_loss So Far: 1.4383627014427292
Total elapsed time: 02h 37m 27s

Search: Running Trial #56

Value             |Best Value So Far |Hyperparameter
5                 |5                 |patience


Trial 56 Complete [00h 02m 46s]
val_loss: 1.5710492321643392

Best val_loss So Far: 1.4383627014427292
Total elapsed time: 02h 40m 14s

Search: Running Trial #57

Value             |Best Value So Far |Hyperparameter
5                 |5                 |patience


Trial 57 Complete [00h 02m 45s]
val_loss: 1.8782946076886458

Best val_loss So Far: 1.4383627014427292
Total elapsed time: 02h 43m 00s

Search: Running Trial #58

Value             |Best Value So Far |Hyperparameter
5                 |5                 |patience


Trial 58 Complete [00h 03m 05s]
val_loss: 1.506636629073788

Best val_loss So Far: 1.4383627014427292
Total elapsed time: 02h 46m 06s

Search: Running Trial #59

Value             |Best Value So Far |Hyperparameter
5                 |5                 |patience


Trial 59 Complete [00h 02m 40s]
val_loss: 1.7593543860932876

Best val_loss So Far: 1.4383627014427292
Total elapsed time: 02h 48m 46s

Search: Running Trial #60

Value             |Best Value So Far |Hyperparameter
5                 |5                 |patience


Trial 60 Complete [00h 03m 08s]
val_loss: 1.6129614798159453

Best val_loss So Far: 1.4383627014427292
Total elapsed time: 02h 51m 55s

The following have been reloaded with a version change:
  1) GCCcore/11.2.0 => GCCcore/12.2.0
  2) XZ/5.2.5-GCCcore-11.2.0 => XZ/5.2.7-GCCcore-12.2.0
  3) libreadline/8.1-GCCcore-11.2.0 => libreadline/8.2-GCCcore-12.2.0
  4) ncurses/6.2-GCCcore-11.2.0 => ncurses/6.3-GCCcore-12.2.0
  5) zlib/1.2.11-GCCcore-11.2.0 => zlib/1.2.12-GCCcore-12.2.0

