2023-12-05 20:00:18.430655: I external/local_tsl/tsl/cuda/cudart_stub.cc:31] Could not find cuda drivers on your machine, GPU will not be used.
2023-12-05 20:00:18.464105: E external/local_xla/xla/stream_executor/cuda/cuda_dnn.cc:9261] Unable to register cuDNN factory: Attempting to register factory for plugin cuDNN when one has already been registered
2023-12-05 20:00:18.464153: E external/local_xla/xla/stream_executor/cuda/cuda_fft.cc:607] Unable to register cuFFT factory: Attempting to register factory for plugin cuFFT when one has already been registered
2023-12-05 20:00:18.465684: E external/local_xla/xla/stream_executor/cuda/cuda_blas.cc:1515] Unable to register cuBLAS factory: Attempting to register factory for plugin cuBLAS when one has already been registered
2023-12-05 20:00:18.472348: I external/local_tsl/tsl/cuda/cudart_stub.cc:31] Could not find cuda drivers on your machine, GPU will not be used.
2023-12-05 20:00:18.472580: I tensorflow/core/platform/cpu_feature_guard.cc:182] This TensorFlow binary is optimized to use available CPU instructions in performance-critical operations.
To enable the following instructions: AVX2 FMA, in other operations, rebuild TensorFlow with the appropriate compiler flags.
2023-12-05 20:00:20.841375: W tensorflow/compiler/tf2tensorrt/utils/py_utils.cc:38] TF-TRT Warning: Could not find TensorRT
Keras Uncertainty will use standalone Keras backend/home1/s4740556/venvs/mystery/lib/python3.9/site-packages/sklearn/gaussian_process/kernels.py:419: ConvergenceWarning: The optimal value found for dimension 0 of parameter length_scale is close to the specified lower bound 1e-05. Decreasing the bound and calling fit again may find a better value.
  warnings.warn(
/home1/s4740556/venvs/mystery/lib/python3.9/site-packages/sklearn/gaussian_process/kernels.py:419: ConvergenceWarning: The optimal value found for dimension 0 of parameter length_scale is close to the specified lower bound 1e-05. Decreasing the bound and calling fit again may find a better value.
  warnings.warn(
/home1/s4740556/venvs/mystery/lib/python3.9/site-packages/sklearn/gaussian_process/kernels.py:419: ConvergenceWarning: The optimal value found for dimension 0 of parameter length_scale is close to the specified lower bound 1e-05. Decreasing the bound and calling fit again may find a better value.
  warnings.warn(
/home1/s4740556/venvs/mystery/lib/python3.9/site-packages/sklearn/gaussian_process/kernels.py:419: ConvergenceWarning: The optimal value found for dimension 0 of parameter length_scale is close to the specified lower bound 1e-05. Decreasing the bound and calling fit again may find a better value.
  warnings.warn(
/home1/s4740556/venvs/mystery/lib/python3.9/site-packages/sklearn/gaussian_process/kernels.py:419: ConvergenceWarning: The optimal value found for dimension 0 of parameter length_scale is close to the specified lower bound 1e-05. Decreasing the bound and calling fit again may find a better value.
  warnings.warn(
/home1/s4740556/venvs/mystery/lib/python3.9/site-packages/sklearn/gaussian_process/kernels.py:419: ConvergenceWarning: The optimal value found for dimension 0 of parameter length_scale is close to the specified lower bound 1e-05. Decreasing the bound and calling fit again may find a better value.
  warnings.warn(
/home1/s4740556/venvs/mystery/lib/python3.9/site-packages/sklearn/gaussian_process/kernels.py:419: ConvergenceWarning: The optimal value found for dimension 0 of parameter length_scale is close to the specified lower bound 1e-05. Decreasing the bound and calling fit again may find a better value.
  warnings.warn(
/home1/s4740556/venvs/mystery/lib/python3.9/site-packages/sklearn/gaussian_process/kernels.py:419: ConvergenceWarning: The optimal value found for dimension 0 of parameter length_scale is close to the specified lower bound 1e-05. Decreasing the bound and calling fit again may find a better value.
  warnings.warn(
/home1/s4740556/venvs/mystery/lib/python3.9/site-packages/sklearn/gaussian_process/kernels.py:419: ConvergenceWarning: The optimal value found for dimension 0 of parameter length_scale is close to the specified lower bound 1e-05. Decreasing the bound and calling fit again may find a better value.
  warnings.warn(
/home1/s4740556/venvs/mystery/lib/python3.9/site-packages/sklearn/gaussian_process/kernels.py:419: ConvergenceWarning: The optimal value found for dimension 0 of parameter length_scale is close to the specified lower bound 1e-05. Decreasing the bound and calling fit again may find a better value.
  warnings.warn(
/home1/s4740556/venvs/mystery/lib/python3.9/site-packages/sklearn/gaussian_process/kernels.py:419: ConvergenceWarning: The optimal value found for dimension 0 of parameter length_scale is close to the specified lower bound 1e-05. Decreasing the bound and calling fit again may find a better value.
  warnings.warn(
/home1/s4740556/venvs/mystery/lib/python3.9/site-packages/sklearn/gaussian_process/kernels.py:419: ConvergenceWarning: The optimal value found for dimension 0 of parameter length_scale is close to the specified lower bound 1e-05. Decreasing the bound and calling fit again may find a better value.
  warnings.warn(
/home1/s4740556/venvs/mystery/lib/python3.9/site-packages/sklearn/gaussian_process/kernels.py:419: ConvergenceWarning: The optimal value found for dimension 0 of parameter length_scale is close to the specified lower bound 1e-05. Decreasing the bound and calling fit again may find a better value.
  warnings.warn(
/home1/s4740556/venvs/mystery/lib/python3.9/site-packages/sklearn/gaussian_process/kernels.py:419: ConvergenceWarning: The optimal value found for dimension 0 of parameter length_scale is close to the specified lower bound 1e-05. Decreasing the bound and calling fit again may find a better value.
  warnings.warn(
/home1/s4740556/venvs/mystery/lib/python3.9/site-packages/sklearn/gaussian_process/kernels.py:419: ConvergenceWarning: The optimal value found for dimension 0 of parameter length_scale is close to the specified lower bound 1e-05. Decreasing the bound and calling fit again may find a better value.
  warnings.warn(
/home1/s4740556/venvs/mystery/lib/python3.9/site-packages/sklearn/gaussian_process/kernels.py:419: ConvergenceWarning: The optimal value found for dimension 0 of parameter length_scale is close to the specified lower bound 1e-05. Decreasing the bound and calling fit again may find a better value.
  warnings.warn(
/home1/s4740556/venvs/mystery/lib/python3.9/site-packages/sklearn/gaussian_process/kernels.py:419: ConvergenceWarning: The optimal value found for dimension 0 of parameter length_scale is close to the specified lower bound 1e-05. Decreasing the bound and calling fit again may find a better value.
  warnings.warn(
/home1/s4740556/venvs/mystery/lib/python3.9/site-packages/sklearn/gaussian_process/kernels.py:419: ConvergenceWarning: The optimal value found for dimension 0 of parameter length_scale is close to the specified lower bound 1e-05. Decreasing the bound and calling fit again may find a better value.
  warnings.warn(
/home1/s4740556/venvs/mystery/lib/python3.9/site-packages/sklearn/gaussian_process/kernels.py:419: ConvergenceWarning: The optimal value found for dimension 0 of parameter length_scale is close to the specified lower bound 1e-05. Decreasing the bound and calling fit again may find a better value.
  warnings.warn(
/home1/s4740556/venvs/mystery/lib/python3.9/site-packages/sklearn/gaussian_process/kernels.py:419: ConvergenceWarning: The optimal value found for dimension 0 of parameter length_scale is close to the specified lower bound 1e-05. Decreasing the bound and calling fit again may find a better value.
  warnings.warn(
/home1/s4740556/venvs/mystery/lib/python3.9/site-packages/sklearn/gaussian_process/kernels.py:419: ConvergenceWarning: The optimal value found for dimension 0 of parameter length_scale is close to the specified lower bound 1e-05. Decreasing the bound and calling fit again may find a better value.
  warnings.warn(
/home1/s4740556/venvs/mystery/lib/python3.9/site-packages/sklearn/gaussian_process/kernels.py:419: ConvergenceWarning: The optimal value found for dimension 0 of parameter length_scale is close to the specified lower bound 1e-05. Decreasing the bound and calling fit again may find a better value.
  warnings.warn(
/home1/s4740556/venvs/mystery/lib/python3.9/site-packages/sklearn/gaussian_process/kernels.py:419: ConvergenceWarning: The optimal value found for dimension 0 of parameter length_scale is close to the specified lower bound 1e-05. Decreasing the bound and calling fit again may find a better value.
  warnings.warn(
/home1/s4740556/venvs/mystery/lib/python3.9/site-packages/sklearn/gaussian_process/kernels.py:419: ConvergenceWarning: The optimal value found for dimension 0 of parameter length_scale is close to the specified lower bound 1e-05. Decreasing the bound and calling fit again may find a better value.
  warnings.warn(
/home1/s4740556/venvs/mystery/lib/python3.9/site-packages/sklearn/gaussian_process/kernels.py:419: ConvergenceWarning: The optimal value found for dimension 0 of parameter length_scale is close to the specified lower bound 1e-05. Decreasing the bound and calling fit again may find a better value.
  warnings.warn(
/home1/s4740556/venvs/mystery/lib/python3.9/site-packages/sklearn/gaussian_process/kernels.py:419: ConvergenceWarning: The optimal value found for dimension 0 of parameter length_scale is close to the specified lower bound 1e-05. Decreasing the bound and calling fit again may find a better value.
  warnings.warn(
/home1/s4740556/venvs/mystery/lib/python3.9/site-packages/sklearn/gaussian_process/kernels.py:419: ConvergenceWarning: The optimal value found for dimension 0 of parameter length_scale is close to the specified lower bound 1e-05. Decreasing the bound and calling fit again may find a better value.
  warnings.warn(
/home1/s4740556/venvs/mystery/lib/python3.9/site-packages/sklearn/gaussian_process/kernels.py:419: ConvergenceWarning: The optimal value found for dimension 0 of parameter length_scale is close to the specified lower bound 1e-05. Decreasing the bound and calling fit again may find a better value.
  warnings.warn(
/home1/s4740556/venvs/mystery/lib/python3.9/site-packages/sklearn/gaussian_process/kernels.py:419: ConvergenceWarning: The optimal value found for dimension 0 of parameter length_scale is close to the specified lower bound 1e-05. Decreasing the bound and calling fit again may find a better value.
  warnings.warn(
/home1/s4740556/venvs/mystery/lib/python3.9/site-packages/sklearn/gaussian_process/kernels.py:419: ConvergenceWarning: The optimal value found for dimension 0 of parameter length_scale is close to the specified lower bound 1e-05. Decreasing the bound and calling fit again may find a better value.
  warnings.warn(
/home1/s4740556/venvs/mystery/lib/python3.9/site-packages/sklearn/gaussian_process/kernels.py:419: ConvergenceWarning: The optimal value found for dimension 0 of parameter length_scale is close to the specified lower bound 1e-05. Decreasing the bound and calling fit again may find a better value.
  warnings.warn(
/home1/s4740556/venvs/mystery/lib/python3.9/site-packages/sklearn/gaussian_process/kernels.py:419: ConvergenceWarning: The optimal value found for dimension 0 of parameter length_scale is close to the specified lower bound 1e-05. Decreasing the bound and calling fit again may find a better value.
  warnings.warn(
/home1/s4740556/venvs/mystery/lib/python3.9/site-packages/sklearn/gaussian_process/kernels.py:419: ConvergenceWarning: The optimal value found for dimension 0 of parameter length_scale is close to the specified lower bound 1e-05. Decreasing the bound and calling fit again may find a better value.
  warnings.warn(
/home1/s4740556/venvs/mystery/lib/python3.9/site-packages/sklearn/gaussian_process/kernels.py:419: ConvergenceWarning: The optimal value found for dimension 0 of parameter length_scale is close to the specified lower bound 1e-05. Decreasing the bound and calling fit again may find a better value.
  warnings.warn(
/home1/s4740556/venvs/mystery/lib/python3.9/site-packages/sklearn/gaussian_process/kernels.py:419: ConvergenceWarning: The optimal value found for dimension 0 of parameter length_scale is close to the specified lower bound 1e-05. Decreasing the bound and calling fit again may find a better value.
  warnings.warn(
/home1/s4740556/venvs/mystery/lib/python3.9/site-packages/sklearn/gaussian_process/kernels.py:419: ConvergenceWarning: The optimal value found for dimension 0 of parameter length_scale is close to the specified lower bound 1e-05. Decreasing the bound and calling fit again may find a better value.
  warnings.warn(
/home1/s4740556/venvs/mystery/lib/python3.9/site-packages/sklearn/gaussian_process/kernels.py:419: ConvergenceWarning: The optimal value found for dimension 0 of parameter length_scale is close to the specified lower bound 1e-05. Decreasing the bound and calling fit again may find a better value.
  warnings.warn(
/home1/s4740556/venvs/mystery/lib/python3.9/site-packages/sklearn/gaussian_process/kernels.py:419: ConvergenceWarning: The optimal value found for dimension 0 of parameter length_scale is close to the specified lower bound 1e-05. Decreasing the bound and calling fit again may find a better value.
  warnings.warn(
/home1/s4740556/venvs/mystery/lib/python3.9/site-packages/sklearn/gaussian_process/kernels.py:419: ConvergenceWarning: The optimal value found for dimension 0 of parameter length_scale is close to the specified lower bound 1e-05. Decreasing the bound and calling fit again may find a better value.
  warnings.warn(
/home1/s4740556/venvs/mystery/lib/python3.9/site-packages/sklearn/gaussian_process/kernels.py:419: ConvergenceWarning: The optimal value found for dimension 0 of parameter length_scale is close to the specified lower bound 1e-05. Decreasing the bound and calling fit again may find a better value.
  warnings.warn(
/home1/s4740556/venvs/mystery/lib/python3.9/site-packages/sklearn/gaussian_process/kernels.py:419: ConvergenceWarning: The optimal value found for dimension 0 of parameter length_scale is close to the specified lower bound 1e-05. Decreasing the bound and calling fit again may find a better value.
  warnings.warn(
/home1/s4740556/venvs/mystery/lib/python3.9/site-packages/sklearn/gaussian_process/kernels.py:419: ConvergenceWarning: The optimal value found for dimension 0 of parameter length_scale is close to the specified lower bound 1e-05. Decreasing the bound and calling fit again may find a better value.
  warnings.warn(
/home1/s4740556/venvs/mystery/lib/python3.9/site-packages/sklearn/gaussian_process/kernels.py:419: ConvergenceWarning: The optimal value found for dimension 0 of parameter length_scale is close to the specified lower bound 1e-05. Decreasing the bound and calling fit again may find a better value.
  warnings.warn(
/home1/s4740556/venvs/mystery/lib/python3.9/site-packages/sklearn/gaussian_process/kernels.py:419: ConvergenceWarning: The optimal value found for dimension 0 of parameter length_scale is close to the specified lower bound 1e-05. Decreasing the bound and calling fit again may find a better value.
  warnings.warn(
/home1/s4740556/venvs/mystery/lib/python3.9/site-packages/sklearn/gaussian_process/kernels.py:419: ConvergenceWarning: The optimal value found for dimension 0 of parameter length_scale is close to the specified lower bound 1e-05. Decreasing the bound and calling fit again may find a better value.
  warnings.warn(

Search: Running Trial #1

Value             |Best Value So Far |Hyperparameter
0.0001            |0.0001            |learning_rate


Trial 1 Complete [00h 06m 40s]
val_loss: 1.9598265815654705

Best val_loss So Far: 1.9598265815654705
Total elapsed time: 00h 06m 40s

Search: Running Trial #2

Value             |Best Value So Far |Hyperparameter
0.001             |0.0001            |learning_rate


Trial 2 Complete [00h 02m 59s]
val_loss: 1.879521809775257

Best val_loss So Far: 1.879521809775257
Total elapsed time: 00h 09m 39s

Search: Running Trial #3

Value             |Best Value So Far |Hyperparameter
0.1               |0.001             |learning_rate


Trial 3 Complete [00h 00m 21s]
val_loss: 7.068899969602429

Best val_loss So Far: 1.879521809775257
Total elapsed time: 00h 10m 00s

Search: Running Trial #4

Value             |Best Value So Far |Hyperparameter
1e-05             |0.001             |learning_rate


Trial 4 Complete [00h 23m 16s]
val_loss: 2.4314994323870245

Best val_loss So Far: 1.879521809775257
Total elapsed time: 00h 33m 17s

Search: Running Trial #5

Value             |Best Value So Far |Hyperparameter
0.001             |0.001             |learning_rate


Trial 5 Complete [00h 02m 55s]
val_loss: 1.4350596704873544

Best val_loss So Far: 1.4350596704873544
Total elapsed time: 00h 36m 11s

Search: Running Trial #6

Value             |Best Value So Far |Hyperparameter
0.0001            |0.001             |learning_rate


Trial 6 Complete [00h 06m 44s]
val_loss: 2.0168150367921807

Best val_loss So Far: 1.4350596704873544
Total elapsed time: 00h 42m 55s

Search: Running Trial #7

Value             |Best Value So Far |Hyperparameter
1e-05             |0.001             |learning_rate


Trial 7 Complete [00h 22m 29s]
val_loss: 1.4547947347164139

Best val_loss So Far: 1.4350596704873544
Total elapsed time: 01h 05m 24s

Search: Running Trial #8

Value             |Best Value So Far |Hyperparameter
0.001             |0.001             |learning_rate


Trial 8 Complete [00h 02m 46s]
val_loss: 1.5396980000980962

Best val_loss So Far: 1.4350596704873544
Total elapsed time: 01h 08m 10s

Search: Running Trial #9

Value             |Best Value So Far |Hyperparameter
0.01              |0.001             |learning_rate


Trial 9 Complete [00h 01m 49s]
val_loss: 1.7005994869717207

Best val_loss So Far: 1.4350596704873544
Total elapsed time: 01h 09m 59s

Search: Running Trial #10

Value             |Best Value So Far |Hyperparameter
0.1               |0.001             |learning_rate


Trial 10 Complete [00h 00m 22s]
val_loss: 2.8657332494341103

Best val_loss So Far: 1.4350596704873544
Total elapsed time: 01h 10m 20s

Search: Running Trial #11

Value             |Best Value So Far |Hyperparameter
0.0001            |0.001             |learning_rate


Trial 11 Complete [00h 06m 45s]
val_loss: 1.5898750935649073

Best val_loss So Far: 1.4350596704873544
Total elapsed time: 01h 17m 05s

Search: Running Trial #12

Value             |Best Value So Far |Hyperparameter
0.0001            |0.001             |learning_rate


Trial 12 Complete [00h 06m 54s]
val_loss: 2.107328413889327

Best val_loss So Far: 1.4350596704873544
Total elapsed time: 01h 23m 59s

Search: Running Trial #13

Value             |Best Value So Far |Hyperparameter
0.1               |0.001             |learning_rate


Trial 13 Complete [00h 00m 21s]
val_loss: 452.0736165868842

Best val_loss So Far: 1.4350596704873544
Total elapsed time: 01h 24m 20s

Search: Running Trial #14

Value             |Best Value So Far |Hyperparameter
0.0001            |0.001             |learning_rate


Trial 14 Complete [00h 07m 00s]
val_loss: 1.988532337906032

Best val_loss So Far: 1.4350596704873544
Total elapsed time: 01h 31m 19s

Search: Running Trial #15

Value             |Best Value So Far |Hyperparameter
0.1               |0.001             |learning_rate


Trial 15 Complete [00h 02m 41s]
val_loss: 1833.5424727468771

Best val_loss So Far: 1.4350596704873544
Total elapsed time: 01h 34m 00s

Search: Running Trial #16

Value             |Best Value So Far |Hyperparameter
1e-05             |0.001             |learning_rate


Trial 16 Complete [00h 21m 40s]
val_loss: 2.4307994963280084

Best val_loss So Far: 1.4350596704873544
Total elapsed time: 01h 55m 40s

Search: Running Trial #17

Value             |Best Value So Far |Hyperparameter
0.01              |0.001             |learning_rate


Trial 17 Complete [00h 03m 11s]
val_loss: 1.678864951277599

Best val_loss So Far: 1.4350596704873544
Total elapsed time: 01h 58m 51s

Search: Running Trial #18

Value             |Best Value So Far |Hyperparameter
0.1               |0.001             |learning_rate


Trial 18 Complete [00h 00m 21s]
val_loss: 2.3650250804835373

Best val_loss So Far: 1.4350596704873544
Total elapsed time: 01h 59m 13s

Search: Running Trial #19

Value             |Best Value So Far |Hyperparameter
1e-05             |0.001             |learning_rate


Trial 19 Complete [00h 22m 08s]
val_loss: 2.580025603288205

Best val_loss So Far: 1.4350596704873544
Total elapsed time: 02h 21m 21s

Search: Running Trial #20

Value             |Best Value So Far |Hyperparameter
0.01              |0.001             |learning_rate


Trial 20 Complete [00h 02m 43s]
val_loss: 1.4994669898316764

Best val_loss So Far: 1.4350596704873544
Total elapsed time: 02h 24m 04s

Search: Running Trial #21

Value             |Best Value So Far |Hyperparameter
0.01              |0.001             |learning_rate


Trial 21 Complete [00h 03m 47s]
val_loss: 1.546461584752999

Best val_loss So Far: 1.4350596704873544
Total elapsed time: 02h 27m 51s

Search: Running Trial #22

Value             |Best Value So Far |Hyperparameter
0.0001            |0.001             |learning_rate


Trial 22 Complete [00h 06m 48s]
val_loss: 1.675969028524284

Best val_loss So Far: 1.4350596704873544
Total elapsed time: 02h 34m 38s

Search: Running Trial #23

Value             |Best Value So Far |Hyperparameter
0.0001            |0.001             |learning_rate


Trial 23 Complete [00h 06m 40s]
val_loss: 1.6661265934335778

Best val_loss So Far: 1.4350596704873544
Total elapsed time: 02h 41m 18s

Search: Running Trial #24

Value             |Best Value So Far |Hyperparameter
1e-05             |0.001             |learning_rate


Trial 24 Complete [00h 20m 52s]
val_loss: 2.049752090768569

Best val_loss So Far: 1.4350596704873544
Total elapsed time: 03h 02m 10s

Search: Running Trial #25

Value             |Best Value So Far |Hyperparameter
1e-05             |0.001             |learning_rate


Trial 25 Complete [00h 20m 54s]
val_loss: 3.156858362000567

Best val_loss So Far: 1.4350596704873544
Total elapsed time: 03h 23m 04s

Search: Running Trial #26

Value             |Best Value So Far |Hyperparameter
1e-05             |0.001             |learning_rate


Trial 26 Complete [00h 18m 53s]
val_loss: 2.3533810857554944

Best val_loss So Far: 1.4350596704873544
Total elapsed time: 03h 41m 57s

Search: Running Trial #27

Value             |Best Value So Far |Hyperparameter
0.01              |0.001             |learning_rate


Trial 27 Complete [00h 03m 05s]
val_loss: 1.4203681858449115

Best val_loss So Far: 1.4203681858449115
Total elapsed time: 03h 45m 02s

Search: Running Trial #28

Value             |Best Value So Far |Hyperparameter
0.1               |0.01              |learning_rate


Trial 28 Complete [00h 01m 23s]
val_loss: 44.86699643217274

Best val_loss So Far: 1.4203681858449115
Total elapsed time: 03h 46m 25s

Search: Running Trial #29

Value             |Best Value So Far |Hyperparameter
1e-05             |0.01              |learning_rate


Trial 29 Complete [00h 20m 49s]
val_loss: 2.684721523574715

Best val_loss So Far: 1.4203681858449115
Total elapsed time: 04h 07m 14s

Search: Running Trial #30

Value             |Best Value So Far |Hyperparameter
0.001             |0.01              |learning_rate


Trial 30 Complete [00h 02m 13s]
val_loss: 2.8777871065098686

Best val_loss So Far: 1.4203681858449115
Total elapsed time: 04h 09m 27s

Search: Running Trial #31

Value             |Best Value So Far |Hyperparameter
0.1               |0.01              |learning_rate


Trial 31 Complete [00h 00m 17s]
val_loss: 3.211888483886046

Best val_loss So Far: 1.4203681858449115
Total elapsed time: 04h 09m 44s

Search: Running Trial #32

Value             |Best Value So Far |Hyperparameter
0.001             |0.01              |learning_rate


Trial 32 Complete [00h 02m 33s]
val_loss: 3.9338489280178583

Best val_loss So Far: 1.4203681858449115
Total elapsed time: 04h 12m 17s

Search: Running Trial #33

Value             |Best Value So Far |Hyperparameter
0.01              |0.01              |learning_rate


Trial 33 Complete [00h 03m 11s]
val_loss: 1.812282622888175

Best val_loss So Far: 1.4203681858449115
Total elapsed time: 04h 15m 29s

Search: Running Trial #34

Value             |Best Value So Far |Hyperparameter
0.1               |0.01              |learning_rate


Trial 34 Complete [00h 00m 27s]
val_loss: 7.7955547447862585

Best val_loss So Far: 1.4203681858449115
Total elapsed time: 04h 15m 56s

Search: Running Trial #35

Value             |Best Value So Far |Hyperparameter
0.0001            |0.01              |learning_rate


Trial 35 Complete [00h 06m 40s]
val_loss: 2.4820319552873698

Best val_loss So Far: 1.4203681858449115
Total elapsed time: 04h 22m 36s

Search: Running Trial #36

Value             |Best Value So Far |Hyperparameter
1e-05             |0.01              |learning_rate


Trial 36 Complete [00h 20m 40s]
val_loss: 2.889656300945529

Best val_loss So Far: 1.4203681858449115
Total elapsed time: 04h 43m 17s

Search: Running Trial #37

Value             |Best Value So Far |Hyperparameter
1e-05             |0.01              |learning_rate


Trial 37 Complete [00h 19m 22s]
val_loss: 4.088657408952715

Best val_loss So Far: 1.4203681858449115
Total elapsed time: 05h 02m 39s

Search: Running Trial #38

Value             |Best Value So Far |Hyperparameter
1e-05             |0.01              |learning_rate


Trial 38 Complete [00h 19m 24s]
val_loss: 2.9495830168497967

Best val_loss So Far: 1.4203681858449115
Total elapsed time: 05h 22m 03s

Search: Running Trial #39

Value             |Best Value So Far |Hyperparameter
1e-05             |0.01              |learning_rate


Trial 39 Complete [00h 19m 34s]
val_loss: 4.51360075561137

Best val_loss So Far: 1.4203681858449115
Total elapsed time: 05h 41m 37s

Search: Running Trial #40

Value             |Best Value So Far |Hyperparameter
1e-05             |0.01              |learning_rate


Trial 40 Complete [00h 21m 06s]
val_loss: 1.7332327630499307

Best val_loss So Far: 1.4203681858449115
Total elapsed time: 06h 02m 44s

Search: Running Trial #41

Value             |Best Value So Far |Hyperparameter
0.1               |0.01              |learning_rate


Trial 41 Complete [00h 00m 41s]
val_loss: 3.6700095914561204

Best val_loss So Far: 1.4203681858449115
Total elapsed time: 06h 03m 24s

Search: Running Trial #42

Value             |Best Value So Far |Hyperparameter
0.01              |0.01              |learning_rate


Trial 42 Complete [00h 02m 44s]
val_loss: 1.572366806453674

Best val_loss So Far: 1.4203681858449115
Total elapsed time: 06h 06m 09s

Search: Running Trial #43

Value             |Best Value So Far |Hyperparameter
0.01              |0.01              |learning_rate


Trial 43 Complete [00h 02m 46s]
val_loss: 1.8719781524148507

Best val_loss So Far: 1.4203681858449115
Total elapsed time: 06h 08m 55s

Search: Running Trial #44

Value             |Best Value So Far |Hyperparameter
0.0001            |0.01              |learning_rate


Trial 44 Complete [00h 06m 31s]
val_loss: 2.2181184692629445

Best val_loss So Far: 1.4203681858449115
Total elapsed time: 06h 15m 26s

Search: Running Trial #45

Value             |Best Value So Far |Hyperparameter
0.01              |0.01              |learning_rate


Trial 45 Complete [00h 02m 38s]
val_loss: 1.70135756145263

Best val_loss So Far: 1.4203681858449115
Total elapsed time: 06h 18m 05s

Search: Running Trial #46

Value             |Best Value So Far |Hyperparameter
0.0001            |0.01              |learning_rate


Trial 46 Complete [00h 06m 19s]
val_loss: 1.7977293110613182

Best val_loss So Far: 1.4203681858449115
Total elapsed time: 06h 24m 24s

Search: Running Trial #47

Value             |Best Value So Far |Hyperparameter
0.0001            |0.01              |learning_rate


Trial 47 Complete [00h 05m 57s]
val_loss: 1.6724897350730543

Best val_loss So Far: 1.4203681858449115
Total elapsed time: 06h 30m 21s

Search: Running Trial #48

Value             |Best Value So Far |Hyperparameter
0.01              |0.01              |learning_rate


Trial 48 Complete [00h 02m 17s]
val_loss: 1.755143755468834

Best val_loss So Far: 1.4203681858449115
Total elapsed time: 06h 32m 39s

Search: Running Trial #49

Value             |Best Value So Far |Hyperparameter
0.001             |0.01              |learning_rate


Trial 49 Complete [00h 02m 41s]
val_loss: 1.7477127439503013

Best val_loss So Far: 1.4203681858449115
Total elapsed time: 06h 35m 20s

Search: Running Trial #50

Value             |Best Value So Far |Hyperparameter
0.1               |0.01              |learning_rate


Trial 50 Complete [00h 00m 22s]
val_loss: 7.5453269276124795

Best val_loss So Far: 1.4203681858449115
Total elapsed time: 06h 35m 42s

Search: Running Trial #51

Value             |Best Value So Far |Hyperparameter
0.01              |0.01              |learning_rate


Trial 51 Complete [00h 03m 01s]
val_loss: 1.7140593934675747

Best val_loss So Far: 1.4203681858449115
Total elapsed time: 06h 38m 42s

Search: Running Trial #52

Value             |Best Value So Far |Hyperparameter
0.1               |0.01              |learning_rate


Trial 52 Complete [00h 00m 24s]
val_loss: 2.333382784292616

Best val_loss So Far: 1.4203681858449115
Total elapsed time: 06h 39m 06s

Search: Running Trial #53

Value             |Best Value So Far |Hyperparameter
0.01              |0.01              |learning_rate


Trial 53 Complete [00h 02m 35s]
val_loss: 1.640215832611608

Best val_loss So Far: 1.4203681858449115
Total elapsed time: 06h 41m 41s

Search: Running Trial #54

Value             |Best Value So Far |Hyperparameter
0.001             |0.01              |learning_rate


Trial 54 Complete [00h 02m 38s]
val_loss: 1.7731502089520987

Best val_loss So Far: 1.4203681858449115
Total elapsed time: 06h 44m 19s

Search: Running Trial #55

Value             |Best Value So Far |Hyperparameter
0.1               |0.01              |learning_rate


Trial 55 Complete [00h 00m 38s]
val_loss: 8.23816443517289

Best val_loss So Far: 1.4203681858449115
Total elapsed time: 06h 44m 57s

Search: Running Trial #56

Value             |Best Value So Far |Hyperparameter
0.001             |0.01              |learning_rate


Trial 56 Complete [00h 02m 26s]
val_loss: 1.631022594355296

Best val_loss So Far: 1.4203681858449115
Total elapsed time: 06h 47m 24s

Search: Running Trial #57

Value             |Best Value So Far |Hyperparameter
1e-05             |0.01              |learning_rate


Trial 57 Complete [00h 19m 40s]
val_loss: 2.4480272164118704

Best val_loss So Far: 1.4203681858449115
Total elapsed time: 07h 07m 04s

Search: Running Trial #58

Value             |Best Value So Far |Hyperparameter
1e-05             |0.01              |learning_rate


Trial 58 Complete [00h 21m 42s]
val_loss: 2.5369874339165355

Best val_loss So Far: 1.4203681858449115
Total elapsed time: 07h 28m 46s

Search: Running Trial #59

Value             |Best Value So Far |Hyperparameter
1e-05             |0.01              |learning_rate


Trial 59 Complete [00h 20m 46s]
val_loss: 2.246120275865341

Best val_loss So Far: 1.4203681858449115
Total elapsed time: 07h 49m 32s

Search: Running Trial #60

Value             |Best Value So Far |Hyperparameter
0.01              |0.01              |learning_rate


Trial 60 Complete [00h 02m 32s]
val_loss: 1.4627598834962683

Best val_loss So Far: 1.4203681858449115
Total elapsed time: 07h 52m 04s

The following have been reloaded with a version change:
  1) GCCcore/11.2.0 => GCCcore/12.2.0
  2) XZ/5.2.5-GCCcore-11.2.0 => XZ/5.2.7-GCCcore-12.2.0
  3) libreadline/8.1-GCCcore-11.2.0 => libreadline/8.2-GCCcore-12.2.0
  4) ncurses/6.2-GCCcore-11.2.0 => ncurses/6.3-GCCcore-12.2.0
  5) zlib/1.2.11-GCCcore-11.2.0 => zlib/1.2.12-GCCcore-12.2.0

