2023-12-19 10:35:23.856582: I external/local_tsl/tsl/cuda/cudart_stub.cc:31] Could not find cuda drivers on your machine, GPU will not be used.
2023-12-19 10:35:23.856584: I external/local_tsl/tsl/cuda/cudart_stub.cc:31] Could not find cuda drivers on your machine, GPU will not be used.
2023-12-19 10:35:23.856579: I external/local_tsl/tsl/cuda/cudart_stub.cc:31] Could not find cuda drivers on your machine, GPU will not be used.
2023-12-19 10:35:23.856579: I external/local_tsl/tsl/cuda/cudart_stub.cc:31] Could not find cuda drivers on your machine, GPU will not be used.
2023-12-19 10:35:23.856601: I external/local_tsl/tsl/cuda/cudart_stub.cc:31] Could not find cuda drivers on your machine, GPU will not be used.
2023-12-19 10:35:23.856601: I external/local_tsl/tsl/cuda/cudart_stub.cc:31] Could not find cuda drivers on your machine, GPU will not be used.
2023-12-19 10:35:23.856601: I external/local_tsl/tsl/cuda/cudart_stub.cc:31] Could not find cuda drivers on your machine, GPU will not be used.
2023-12-19 10:35:23.856605: I external/local_tsl/tsl/cuda/cudart_stub.cc:31] Could not find cuda drivers on your machine, GPU will not be used.
2023-12-19 10:35:23.856729: I external/local_tsl/tsl/cuda/cudart_stub.cc:31] Could not find cuda drivers on your machine, GPU will not be used.
2023-12-19 10:35:23.856729: I external/local_tsl/tsl/cuda/cudart_stub.cc:31] Could not find cuda drivers on your machine, GPU will not be used.
2023-12-19 10:35:23.856731: I external/local_tsl/tsl/cuda/cudart_stub.cc:31] Could not find cuda drivers on your machine, GPU will not be used.
2023-12-19 10:35:23.856731: I external/local_tsl/tsl/cuda/cudart_stub.cc:31] Could not find cuda drivers on your machine, GPU will not be used.
2023-12-19 10:35:23.857613: I external/local_tsl/tsl/cuda/cudart_stub.cc:31] Could not find cuda drivers on your machine, GPU will not be used.
2023-12-19 10:35:23.857613: I external/local_tsl/tsl/cuda/cudart_stub.cc:31] Could not find cuda drivers on your machine, GPU will not be used.
2023-12-19 10:35:23.857614: I external/local_tsl/tsl/cuda/cudart_stub.cc:31] Could not find cuda drivers on your machine, GPU will not be used.
2023-12-19 10:35:23.857614: I external/local_tsl/tsl/cuda/cudart_stub.cc:31] Could not find cuda drivers on your machine, GPU will not be used.
2023-12-19 10:35:23.857613: I external/local_tsl/tsl/cuda/cudart_stub.cc:31] Could not find cuda drivers on your machine, GPU will not be used.
2023-12-19 10:35:23.888677: E external/local_xla/xla/stream_executor/cuda/cuda_dnn.cc:9261] Unable to register cuDNN factory: Attempting to register factory for plugin cuDNN when one has already been registered
2023-12-19 10:35:23.888677: E external/local_xla/xla/stream_executor/cuda/cuda_dnn.cc:9261] Unable to register cuDNN factory: Attempting to register factory for plugin cuDNN when one has already been registered
2023-12-19 10:35:23.888677: E external/local_xla/xla/stream_executor/cuda/cuda_dnn.cc:9261] Unable to register cuDNN factory: Attempting to register factory for plugin cuDNN when one has already been registered
2023-12-19 10:35:23.888677: E external/local_xla/xla/stream_executor/cuda/cuda_dnn.cc:9261] Unable to register cuDNN factory: Attempting to register factory for plugin cuDNN when one has already been registered
2023-12-19 10:35:23.888739: E external/local_xla/xla/stream_executor/cuda/cuda_fft.cc:607] Unable to register cuFFT factory: Attempting to register factory for plugin cuFFT when one has already been registered
2023-12-19 10:35:23.888741: E external/local_xla/xla/stream_executor/cuda/cuda_fft.cc:607] Unable to register cuFFT factory: Attempting to register factory for plugin cuFFT when one has already been registered
2023-12-19 10:35:23.888748: E external/local_xla/xla/stream_executor/cuda/cuda_fft.cc:607] Unable to register cuFFT factory: Attempting to register factory for plugin cuFFT when one has already been registered
2023-12-19 10:35:23.888750: E external/local_xla/xla/stream_executor/cuda/cuda_fft.cc:607] Unable to register cuFFT factory: Attempting to register factory for plugin cuFFT when one has already been registered
2023-12-19 10:35:23.888745: E external/local_xla/xla/stream_executor/cuda/cuda_dnn.cc:9261] Unable to register cuDNN factory: Attempting to register factory for plugin cuDNN when one has already been registered
2023-12-19 10:35:23.888748: E external/local_xla/xla/stream_executor/cuda/cuda_dnn.cc:9261] Unable to register cuDNN factory: Attempting to register factory for plugin cuDNN when one has already been registered
2023-12-19 10:35:23.888745: E external/local_xla/xla/stream_executor/cuda/cuda_dnn.cc:9261] Unable to register cuDNN factory: Attempting to register factory for plugin cuDNN when one has already been registered
2023-12-19 10:35:23.888745: E external/local_xla/xla/stream_executor/cuda/cuda_dnn.cc:9261] Unable to register cuDNN factory: Attempting to register factory for plugin cuDNN when one has already been registered
2023-12-19 10:35:23.888798: E external/local_xla/xla/stream_executor/cuda/cuda_fft.cc:607] Unable to register cuFFT factory: Attempting to register factory for plugin cuFFT when one has already been registered
2023-12-19 10:35:23.888805: E external/local_xla/xla/stream_executor/cuda/cuda_fft.cc:607] Unable to register cuFFT factory: Attempting to register factory for plugin cuFFT when one has already been registered
2023-12-19 10:35:23.888808: E external/local_xla/xla/stream_executor/cuda/cuda_fft.cc:607] Unable to register cuFFT factory: Attempting to register factory for plugin cuFFT when one has already been registered
2023-12-19 10:35:23.888810: E external/local_xla/xla/stream_executor/cuda/cuda_fft.cc:607] Unable to register cuFFT factory: Attempting to register factory for plugin cuFFT when one has already been registered
2023-12-19 10:35:23.888819: E external/local_xla/xla/stream_executor/cuda/cuda_dnn.cc:9261] Unable to register cuDNN factory: Attempting to register factory for plugin cuDNN when one has already been registered
2023-12-19 10:35:23.888819: E external/local_xla/xla/stream_executor/cuda/cuda_dnn.cc:9261] Unable to register cuDNN factory: Attempting to register factory for plugin cuDNN when one has already been registered
2023-12-19 10:35:23.888819: E external/local_xla/xla/stream_executor/cuda/cuda_dnn.cc:9261] Unable to register cuDNN factory: Attempting to register factory for plugin cuDNN when one has already been registered
2023-12-19 10:35:23.888819: E external/local_xla/xla/stream_executor/cuda/cuda_dnn.cc:9261] Unable to register cuDNN factory: Attempting to register factory for plugin cuDNN when one has already been registered
2023-12-19 10:35:23.888873: E external/local_xla/xla/stream_executor/cuda/cuda_fft.cc:607] Unable to register cuFFT factory: Attempting to register factory for plugin cuFFT when one has already been registered
2023-12-19 10:35:23.888873: E external/local_xla/xla/stream_executor/cuda/cuda_fft.cc:607] Unable to register cuFFT factory: Attempting to register factory for plugin cuFFT when one has already been registered
2023-12-19 10:35:23.888878: E external/local_xla/xla/stream_executor/cuda/cuda_fft.cc:607] Unable to register cuFFT factory: Attempting to register factory for plugin cuFFT when one has already been registered
2023-12-19 10:35:23.888883: E external/local_xla/xla/stream_executor/cuda/cuda_fft.cc:607] Unable to register cuFFT factory: Attempting to register factory for plugin cuFFT when one has already been registered
2023-12-19 10:35:23.888866: E external/local_xla/xla/stream_executor/cuda/cuda_dnn.cc:9261] Unable to register cuDNN factory: Attempting to register factory for plugin cuDNN when one has already been registered
2023-12-19 10:35:23.888866: E external/local_xla/xla/stream_executor/cuda/cuda_dnn.cc:9261] Unable to register cuDNN factory: Attempting to register factory for plugin cuDNN when one has already been registered
2023-12-19 10:35:23.888867: E external/local_xla/xla/stream_executor/cuda/cuda_dnn.cc:9261] Unable to register cuDNN factory: Attempting to register factory for plugin cuDNN when one has already been registered
2023-12-19 10:35:23.888866: E external/local_xla/xla/stream_executor/cuda/cuda_dnn.cc:9261] Unable to register cuDNN factory: Attempting to register factory for plugin cuDNN when one has already been registered
2023-12-19 10:35:23.888866: E external/local_xla/xla/stream_executor/cuda/cuda_dnn.cc:9261] Unable to register cuDNN factory: Attempting to register factory for plugin cuDNN when one has already been registered
2023-12-19 10:35:23.888925: E external/local_xla/xla/stream_executor/cuda/cuda_fft.cc:607] Unable to register cuFFT factory: Attempting to register factory for plugin cuFFT when one has already been registered
2023-12-19 10:35:23.888927: E external/local_xla/xla/stream_executor/cuda/cuda_fft.cc:607] Unable to register cuFFT factory: Attempting to register factory for plugin cuFFT when one has already been registered
2023-12-19 10:35:23.888935: E external/local_xla/xla/stream_executor/cuda/cuda_fft.cc:607] Unable to register cuFFT factory: Attempting to register factory for plugin cuFFT when one has already been registered
2023-12-19 10:35:23.888944: E external/local_xla/xla/stream_executor/cuda/cuda_fft.cc:607] Unable to register cuFFT factory: Attempting to register factory for plugin cuFFT when one has already been registered
2023-12-19 10:35:23.888949: E external/local_xla/xla/stream_executor/cuda/cuda_fft.cc:607] Unable to register cuFFT factory: Attempting to register factory for plugin cuFFT when one has already been registered
2023-12-19 10:35:23.889889: E external/local_xla/xla/stream_executor/cuda/cuda_blas.cc:1515] Unable to register cuBLAS factory: Attempting to register factory for plugin cuBLAS when one has already been registered
2023-12-19 10:35:23.889890: E external/local_xla/xla/stream_executor/cuda/cuda_blas.cc:1515] Unable to register cuBLAS factory: Attempting to register factory for plugin cuBLAS when one has already been registered
2023-12-19 10:35:23.889891: E external/local_xla/xla/stream_executor/cuda/cuda_blas.cc:1515] Unable to register cuBLAS factory: Attempting to register factory for plugin cuBLAS when one has already been registered
2023-12-19 10:35:23.889896: E external/local_xla/xla/stream_executor/cuda/cuda_blas.cc:1515] Unable to register cuBLAS factory: Attempting to register factory for plugin cuBLAS when one has already been registered
2023-12-19 10:35:23.889912: E external/local_xla/xla/stream_executor/cuda/cuda_blas.cc:1515] Unable to register cuBLAS factory: Attempting to register factory for plugin cuBLAS when one has already been registered
2023-12-19 10:35:23.889912: E external/local_xla/xla/stream_executor/cuda/cuda_blas.cc:1515] Unable to register cuBLAS factory: Attempting to register factory for plugin cuBLAS when one has already been registered
2023-12-19 10:35:23.889913: E external/local_xla/xla/stream_executor/cuda/cuda_blas.cc:1515] Unable to register cuBLAS factory: Attempting to register factory for plugin cuBLAS when one has already been registered
2023-12-19 10:35:23.889914: E external/local_xla/xla/stream_executor/cuda/cuda_blas.cc:1515] Unable to register cuBLAS factory: Attempting to register factory for plugin cuBLAS when one has already been registered
2023-12-19 10:35:23.889987: E external/local_xla/xla/stream_executor/cuda/cuda_blas.cc:1515] Unable to register cuBLAS factory: Attempting to register factory for plugin cuBLAS when one has already been registered
2023-12-19 10:35:23.889990: E external/local_xla/xla/stream_executor/cuda/cuda_blas.cc:1515] Unable to register cuBLAS factory: Attempting to register factory for plugin cuBLAS when one has already been registered
2023-12-19 10:35:23.889990: E external/local_xla/xla/stream_executor/cuda/cuda_blas.cc:1515] Unable to register cuBLAS factory: Attempting to register factory for plugin cuBLAS when one has already been registered
2023-12-19 10:35:23.889992: E external/local_xla/xla/stream_executor/cuda/cuda_blas.cc:1515] Unable to register cuBLAS factory: Attempting to register factory for plugin cuBLAS when one has already been registered
2023-12-19 10:35:23.890085: E external/local_xla/xla/stream_executor/cuda/cuda_blas.cc:1515] Unable to register cuBLAS factory: Attempting to register factory for plugin cuBLAS when one has already been registered
2023-12-19 10:35:23.890085: E external/local_xla/xla/stream_executor/cuda/cuda_blas.cc:1515] Unable to register cuBLAS factory: Attempting to register factory for plugin cuBLAS when one has already been registered
2023-12-19 10:35:23.890087: E external/local_xla/xla/stream_executor/cuda/cuda_blas.cc:1515] Unable to register cuBLAS factory: Attempting to register factory for plugin cuBLAS when one has already been registered
2023-12-19 10:35:23.890085: E external/local_xla/xla/stream_executor/cuda/cuda_blas.cc:1515] Unable to register cuBLAS factory: Attempting to register factory for plugin cuBLAS when one has already been registered
2023-12-19 10:35:23.890090: E external/local_xla/xla/stream_executor/cuda/cuda_blas.cc:1515] Unable to register cuBLAS factory: Attempting to register factory for plugin cuBLAS when one has already been registered
2023-12-19 10:35:23.895526: I external/local_tsl/tsl/cuda/cudart_stub.cc:31] Could not find cuda drivers on your machine, GPU will not be used.
2023-12-19 10:35:23.895526: I external/local_tsl/tsl/cuda/cudart_stub.cc:31] Could not find cuda drivers on your machine, GPU will not be used.
2023-12-19 10:35:23.895527: I external/local_tsl/tsl/cuda/cudart_stub.cc:31] Could not find cuda drivers on your machine, GPU will not be used.
2023-12-19 10:35:23.895527: I external/local_tsl/tsl/cuda/cudart_stub.cc:31] Could not find cuda drivers on your machine, GPU will not be used.
2023-12-19 10:35:23.895581: I external/local_tsl/tsl/cuda/cudart_stub.cc:31] Could not find cuda drivers on your machine, GPU will not be used.
2023-12-19 10:35:23.895581: I external/local_tsl/tsl/cuda/cudart_stub.cc:31] Could not find cuda drivers on your machine, GPU will not be used.
2023-12-19 10:35:23.895581: I external/local_tsl/tsl/cuda/cudart_stub.cc:31] Could not find cuda drivers on your machine, GPU will not be used.
2023-12-19 10:35:23.895584: I external/local_tsl/tsl/cuda/cudart_stub.cc:31] Could not find cuda drivers on your machine, GPU will not be used.
2023-12-19 10:35:23.895652: I external/local_tsl/tsl/cuda/cudart_stub.cc:31] Could not find cuda drivers on your machine, GPU will not be used.
2023-12-19 10:35:23.895654: I external/local_tsl/tsl/cuda/cudart_stub.cc:31] Could not find cuda drivers on your machine, GPU will not be used.
2023-12-19 10:35:23.895654: I external/local_tsl/tsl/cuda/cudart_stub.cc:31] Could not find cuda drivers on your machine, GPU will not be used.
2023-12-19 10:35:23.895656: I external/local_tsl/tsl/cuda/cudart_stub.cc:31] Could not find cuda drivers on your machine, GPU will not be used.
2023-12-19 10:35:23.895740: I tensorflow/core/platform/cpu_feature_guard.cc:182] This TensorFlow binary is optimized to use available CPU instructions in performance-critical operations.
To enable the following instructions: AVX2 FMA, in other operations, rebuild TensorFlow with the appropriate compiler flags.
2023-12-19 10:35:23.895740: I tensorflow/core/platform/cpu_feature_guard.cc:182] This TensorFlow binary is optimized to use available CPU instructions in performance-critical operations.
To enable the following instructions: AVX2 FMA, in other operations, rebuild TensorFlow with the appropriate compiler flags.
2023-12-19 10:35:23.895747: I tensorflow/core/platform/cpu_feature_guard.cc:182] This TensorFlow binary is optimized to use available CPU instructions in performance-critical operations.
To enable the following instructions: AVX2 FMA, in other operations, rebuild TensorFlow with the appropriate compiler flags.
2023-12-19 10:35:23.895752: I tensorflow/core/platform/cpu_feature_guard.cc:182] This TensorFlow binary is optimized to use available CPU instructions in performance-critical operations.
To enable the following instructions: AVX2 FMA, in other operations, rebuild TensorFlow with the appropriate compiler flags.
2023-12-19 10:35:23.895796: I tensorflow/core/platform/cpu_feature_guard.cc:182] This TensorFlow binary is optimized to use available CPU instructions in performance-critical operations.
To enable the following instructions: AVX2 FMA, in other operations, rebuild TensorFlow with the appropriate compiler flags.
2023-12-19 10:35:23.895795: I tensorflow/core/platform/cpu_feature_guard.cc:182] This TensorFlow binary is optimized to use available CPU instructions in performance-critical operations.
To enable the following instructions: AVX2 FMA, in other operations, rebuild TensorFlow with the appropriate compiler flags.
2023-12-19 10:35:23.895795: I tensorflow/core/platform/cpu_feature_guard.cc:182] This TensorFlow binary is optimized to use available CPU instructions in performance-critical operations.
To enable the following instructions: AVX2 FMA, in other operations, rebuild TensorFlow with the appropriate compiler flags.
2023-12-19 10:35:23.895796: I tensorflow/core/platform/cpu_feature_guard.cc:182] This TensorFlow binary is optimized to use available CPU instructions in performance-critical operations.
To enable the following instructions: AVX2 FMA, in other operations, rebuild TensorFlow with the appropriate compiler flags.
2023-12-19 10:35:23.895861: I external/local_tsl/tsl/cuda/cudart_stub.cc:31] Could not find cuda drivers on your machine, GPU will not be used.
2023-12-19 10:35:23.895861: I external/local_tsl/tsl/cuda/cudart_stub.cc:31] Could not find cuda drivers on your machine, GPU will not be used.
2023-12-19 10:35:23.895862: I external/local_tsl/tsl/cuda/cudart_stub.cc:31] Could not find cuda drivers on your machine, GPU will not be used.
2023-12-19 10:35:23.895862: I external/local_tsl/tsl/cuda/cudart_stub.cc:31] Could not find cuda drivers on your machine, GPU will not be used.
2023-12-19 10:35:23.895864: I external/local_tsl/tsl/cuda/cudart_stub.cc:31] Could not find cuda drivers on your machine, GPU will not be used.
2023-12-19 10:35:23.895865: I tensorflow/core/platform/cpu_feature_guard.cc:182] This TensorFlow binary is optimized to use available CPU instructions in performance-critical operations.
To enable the following instructions: AVX2 FMA, in other operations, rebuild TensorFlow with the appropriate compiler flags.
2023-12-19 10:35:23.895865: I tensorflow/core/platform/cpu_feature_guard.cc:182] This TensorFlow binary is optimized to use available CPU instructions in performance-critical operations.
To enable the following instructions: AVX2 FMA, in other operations, rebuild TensorFlow with the appropriate compiler flags.
2023-12-19 10:35:23.895865: I tensorflow/core/platform/cpu_feature_guard.cc:182] This TensorFlow binary is optimized to use available CPU instructions in performance-critical operations.
To enable the following instructions: AVX2 FMA, in other operations, rebuild TensorFlow with the appropriate compiler flags.
2023-12-19 10:35:23.895865: I tensorflow/core/platform/cpu_feature_guard.cc:182] This TensorFlow binary is optimized to use available CPU instructions in performance-critical operations.
To enable the following instructions: AVX2 FMA, in other operations, rebuild TensorFlow with the appropriate compiler flags.
2023-12-19 10:35:23.896074: I tensorflow/core/platform/cpu_feature_guard.cc:182] This TensorFlow binary is optimized to use available CPU instructions in performance-critical operations.
To enable the following instructions: AVX2 FMA, in other operations, rebuild TensorFlow with the appropriate compiler flags.
2023-12-19 10:35:23.896074: I tensorflow/core/platform/cpu_feature_guard.cc:182] This TensorFlow binary is optimized to use available CPU instructions in performance-critical operations.
To enable the following instructions: AVX2 FMA, in other operations, rebuild TensorFlow with the appropriate compiler flags.
2023-12-19 10:35:23.896075: I tensorflow/core/platform/cpu_feature_guard.cc:182] This TensorFlow binary is optimized to use available CPU instructions in performance-critical operations.
To enable the following instructions: AVX2 FMA, in other operations, rebuild TensorFlow with the appropriate compiler flags.
2023-12-19 10:35:23.896074: I tensorflow/core/platform/cpu_feature_guard.cc:182] This TensorFlow binary is optimized to use available CPU instructions in performance-critical operations.
To enable the following instructions: AVX2 FMA, in other operations, rebuild TensorFlow with the appropriate compiler flags.
2023-12-19 10:35:23.896077: I tensorflow/core/platform/cpu_feature_guard.cc:182] This TensorFlow binary is optimized to use available CPU instructions in performance-critical operations.
To enable the following instructions: AVX2 FMA, in other operations, rebuild TensorFlow with the appropriate compiler flags.
2023-12-19 10:35:26.177177: W tensorflow/compiler/tf2tensorrt/utils/py_utils.cc:38] TF-TRT Warning: Could not find TensorRT
2023-12-19 10:35:26.177163: W tensorflow/compiler/tf2tensorrt/utils/py_utils.cc:38] TF-TRT Warning: Could not find TensorRT
2023-12-19 10:35:26.177208: W tensorflow/compiler/tf2tensorrt/utils/py_utils.cc:38] TF-TRT Warning: Could not find TensorRT
2023-12-19 10:35:26.177168: W tensorflow/compiler/tf2tensorrt/utils/py_utils.cc:38] TF-TRT Warning: Could not find TensorRT
2023-12-19 10:35:26.177176: W tensorflow/compiler/tf2tensorrt/utils/py_utils.cc:38] TF-TRT Warning: Could not find TensorRT
2023-12-19 10:35:26.177166: W tensorflow/compiler/tf2tensorrt/utils/py_utils.cc:38] TF-TRT Warning: Could not find TensorRT
2023-12-19 10:35:26.177176: W tensorflow/compiler/tf2tensorrt/utils/py_utils.cc:38] TF-TRT Warning: Could not find TensorRT
2023-12-19 10:35:26.177176: W tensorflow/compiler/tf2tensorrt/utils/py_utils.cc:38] TF-TRT Warning: Could not find TensorRT
2023-12-19 10:35:26.177176: W tensorflow/compiler/tf2tensorrt/utils/py_utils.cc:38] TF-TRT Warning: Could not find TensorRT
2023-12-19 10:35:26.177181: W tensorflow/compiler/tf2tensorrt/utils/py_utils.cc:38] TF-TRT Warning: Could not find TensorRT
2023-12-19 10:35:26.177181: W tensorflow/compiler/tf2tensorrt/utils/py_utils.cc:38] TF-TRT Warning: Could not find TensorRT
2023-12-19 10:35:26.177181: W tensorflow/compiler/tf2tensorrt/utils/py_utils.cc:38] TF-TRT Warning: Could not find TensorRT
2023-12-19 10:35:26.177191: W tensorflow/compiler/tf2tensorrt/utils/py_utils.cc:38] TF-TRT Warning: Could not find TensorRT
2023-12-19 10:35:26.177191: W tensorflow/compiler/tf2tensorrt/utils/py_utils.cc:38] TF-TRT Warning: Could not find TensorRT
2023-12-19 10:35:26.177191: W tensorflow/compiler/tf2tensorrt/utils/py_utils.cc:38] TF-TRT Warning: Could not find TensorRT
2023-12-19 10:35:26.177191: W tensorflow/compiler/tf2tensorrt/utils/py_utils.cc:38] TF-TRT Warning: Could not find TensorRT
2023-12-19 10:35:26.177191: W tensorflow/compiler/tf2tensorrt/utils/py_utils.cc:38] TF-TRT Warning: Could not find TensorRT
Keras Uncertainty will use standalone Keras backendTraceback (most recent call last):
  File "/home1/s4740556/venvs/mystery/lib/python3.9/site-packages/grpc/_server.py", line 552, in _call_behavior
    response_or_iterator = behavior(argument, context)
  File "/home1/s4740556/venvs/mystery/lib/python3.9/site-packages/keras_tuner/src/distribute/oracle_chief.py", line 61, in GetTrial
    trial = self.oracle.get_trial(request.trial_id)
  File "/home1/s4740556/venvs/mystery/lib/python3.9/site-packages/keras_tuner/src/engine/oracle.py", line 659, in get_trial
    return self.trials[trial_id]
KeyError: '06'
Traceback (most recent call last):
  File "/home1/s4740556/venvs/mystery/lib/python3.9/site-packages/grpc/_server.py", line 552, in _call_behavior
    response_or_iterator = behavior(argument, context)
  File "/home1/s4740556/venvs/mystery/lib/python3.9/site-packages/keras_tuner/src/distribute/oracle_chief.py", line 57, in EndTrial
    self.oracle.end_trial(trial)
  File "/home1/s4740556/venvs/mystery/lib/python3.9/site-packages/keras_tuner/src/engine/oracle.py", line 108, in wrapped_func
    ret_val = func(*args, **kwargs)
  File "/home1/s4740556/venvs/mystery/lib/python3.9/site-packages/keras_tuner/src/engine/oracle.py", line 566, in end_trial
    old_trial = self.trials[trial.trial_id]
KeyError: '06'
Traceback (most recent call last):
  File "/home1/s4740556/venvs/mystery/lib/python3.9/site-packages/grpc/_server.py", line 552, in _call_behavior
    response_or_iterator = behavior(argument, context)
  File "/home1/s4740556/venvs/mystery/lib/python3.9/site-packages/keras_tuner/src/distribute/oracle_chief.py", line 61, in GetTrial
    trial = self.oracle.get_trial(request.trial_id)
  File "/home1/s4740556/venvs/mystery/lib/python3.9/site-packages/keras_tuner/src/engine/oracle.py", line 659, in get_trial
    return self.trials[trial_id]
KeyError: '09'
Keras Uncertainty will use standalone Keras backendTraceback (most recent call last):
  File "/home1/s4740556/venvs/mystery/lib/python3.9/site-packages/keras_tuner/src/engine/base_tuner.py", line 273, in _try_run_and_update_trial
    self._run_and_update_trial(trial, *fit_args, **fit_kwargs)
  File "/home1/s4740556/venvs/mystery/lib/python3.9/site-packages/keras_tuner/src/engine/base_tuner.py", line 239, in _run_and_update_trial
    if self.oracle.get_trial(trial.trial_id).metrics.exists(
  File "/home1/s4740556/venvs/mystery/lib/python3.9/site-packages/keras_tuner/src/distribute/oracle_client.py", line 104, in get_trial
    response = self.stub.GetTrial(
  File "/home1/s4740556/venvs/mystery/lib/python3.9/site-packages/grpc/_channel.py", line 1161, in __call__
    return _end_unary_response_blocking(state, call, False, None)
  File "/home1/s4740556/venvs/mystery/lib/python3.9/site-packages/grpc/_channel.py", line 1004, in _end_unary_response_blocking
    raise _InactiveRpcError(state)  # pytype: disable=not-instantiable
grpc._channel._InactiveRpcError: <_InactiveRpcError of RPC that terminated with:
	status = StatusCode.UNKNOWN
	details = "Exception calling application: '09'"
	debug_error_string = "UNKNOWN:Error received from peer  {created_time:"2023-12-19T10:40:38.844818293+01:00", grpc_status:2, grpc_message:"Exception calling application: \'09\'"}"
>
Traceback (most recent call last):
  File "/home1/s4740556/venvs/mystery/lib/python3.9/site-packages/grpc/_server.py", line 552, in _call_behavior
    response_or_iterator = behavior(argument, context)
  File "/home1/s4740556/venvs/mystery/lib/python3.9/site-packages/keras_tuner/src/distribute/oracle_chief.py", line 57, in EndTrial
    self.oracle.end_trial(trial)
  File "/home1/s4740556/venvs/mystery/lib/python3.9/site-packages/keras_tuner/src/engine/oracle.py", line 108, in wrapped_func
    ret_val = func(*args, **kwargs)
  File "/home1/s4740556/venvs/mystery/lib/python3.9/site-packages/keras_tuner/src/engine/oracle.py", line 566, in end_trial
    old_trial = self.trials[trial.trial_id]
KeyError: '09'
Building that B*TCH
Building that B*TCH
Tuning that B*TCH
Point:0/6740
Point:6/6740
Point:7/6740
Point:8/6740
Point:9/6740
Point:10/6740
Point:11/6740
Point:12/6740
Point:13/6740
Point:15/6740
Point:16/6740
Point:17/6740
Point:53/6740
Point:90/6740
Point:91/6740
Point:92/6740
Point:93/6740
Point:4182/6740
Point:4211/6740
Point:4421/6740
Point:4425/6740
Point:4426/6740
Point:4513/6740
Point:4514/6740
Point:4548/6740
Point:6081/6740
Point:6235/6740
Traceback (most recent call last):
  File "/home1/s4740556/mystery/online_learning_tuning.py", line 114, in <module>
    tuner.search(None, None, epochs=es["MAX_EPOCHS"], validation_data=(None, None))
  File "/home1/s4740556/venvs/mystery/lib/python3.9/site-packages/keras_tuner/src/engine/base_tuner.py", line 234, in search
    self.on_trial_end(trial)
  File "/home1/s4740556/venvs/mystery/lib/python3.9/site-packages/keras_tuner/src/engine/base_tuner.py", line 338, in on_trial_end
    self.oracle.end_trial(trial)
  File "/home1/s4740556/venvs/mystery/lib/python3.9/site-packages/keras_tuner/src/distribute/oracle_client.py", line 97, in end_trial
    self.stub.EndTrial(
  File "/home1/s4740556/venvs/mystery/lib/python3.9/site-packages/grpc/_channel.py", line 1161, in __call__
    return _end_unary_response_blocking(state, call, False, None)
  File "/home1/s4740556/venvs/mystery/lib/python3.9/site-packages/grpc/_channel.py", line 1004, in _end_unary_response_blocking
    raise _InactiveRpcError(state)  # pytype: disable=not-instantiable
grpc._channel._InactiveRpcError: <_InactiveRpcError of RPC that terminated with:
	status = StatusCode.UNKNOWN
	details = "Exception calling application: '09'"
	debug_error_string = "UNKNOWN:Error received from peer  {grpc_message:"Exception calling application: \'09\'", grpc_status:2, created_time:"2023-12-19T10:40:38.852225205+01:00"}"
>
Keras Uncertainty will use standalone Keras backendTraceback (most recent call last):
  File "/home1/s4740556/venvs/mystery/lib/python3.9/site-packages/keras_tuner/src/engine/base_tuner.py", line 273, in _try_run_and_update_trial
    self._run_and_update_trial(trial, *fit_args, **fit_kwargs)
  File "/home1/s4740556/venvs/mystery/lib/python3.9/site-packages/keras_tuner/src/engine/base_tuner.py", line 239, in _run_and_update_trial
    if self.oracle.get_trial(trial.trial_id).metrics.exists(
  File "/home1/s4740556/venvs/mystery/lib/python3.9/site-packages/keras_tuner/src/distribute/oracle_client.py", line 104, in get_trial
    response = self.stub.GetTrial(
  File "/home1/s4740556/venvs/mystery/lib/python3.9/site-packages/grpc/_channel.py", line 1161, in __call__
    return _end_unary_response_blocking(state, call, False, None)
  File "/home1/s4740556/venvs/mystery/lib/python3.9/site-packages/grpc/_channel.py", line 1004, in _end_unary_response_blocking
    raise _InactiveRpcError(state)  # pytype: disable=not-instantiable
grpc._channel._InactiveRpcError: <_InactiveRpcError of RPC that terminated with:
	status = StatusCode.UNKNOWN
	details = "Exception calling application: '03'"
	debug_error_string = "UNKNOWN:Error received from peer  {grpc_message:"Exception calling application: \'03\'", grpc_status:2, created_time:"2023-12-19T11:37:01.084295778+01:00"}"
>
Reloading Tuner from hyperparams/Full data1 THRESHOLD/tuner 7.json
Building that B*TCH
Tuning that B*TCH
Point:0/6740
Point:1/6740
Point:2/6740
Point:3/6740
Point:4/6740
Point:5/6740
Point:6/6740
Point:7/6740
Point:8/6740
Point:9/6740
Point:44/6740
Point:45/6740
Point:46/6740
Point:47/6740
Point:48/6740
Point:50/6740
Point:51/6740
Point:75/6740
Point:81/6740
Point:82/6740
Point:86/6740
Point:120/6740
Point:159/6740
Point:288/6740
Point:289/6740
Point:330/6740
Point:554/6740
Point:555/6740
Point:558/6740
Point:572/6740
Point:573/6740
Point:574/6740
Point:681/6740
Point:889/6740
Point:892/6740
Point:894/6740
Point:906/6740
Point:966/6740
Point:969/6740
Point:1026/6740
Point:1133/6740
Point:1142/6740
Point:1558/6740
Point:1559/6740
Point:1560/6740
Point:1561/6740
Point:1572/6740
Point:1573/6740
Point:1574/6740
Point:1575/6740
Point:1576/6740
Point:1579/6740
Point:1591/6740
Point:1599/6740
Point:1806/6740
Point:1835/6740
Point:1842/6740
Point:1843/6740
Point:1899/6740
Point:1900/6740
Point:2200/6740
Point:2218/6740
Point:2247/6740
Point:3513/6740
Point:3514/6740
Point:3549/6740
Point:3587/6740
Point:3614/6740
Point:3684/6740
Point:3696/6740
Point:3702/6740
Point:3711/6740
Point:3713/6740
Point:3717/6740
Point:3720/6740
Point:3845/6740
Point:3933/6740
Point:4174/6740
Point:4178/6740
Point:4179/6740
Point:4182/6740
Point:4185/6740
Point:4189/6740
Point:4209/6740
Point:4218/6740
Point:4232/6740
Point:4233/6740
Point:4239/6740
Point:4257/6740
Point:4260/6740
Point:4263/6740
Point:4266/6740
Point:4268/6740
Point:4269/6740
Point:4271/6740
Point:4272/6740
Point:4311/6740
Point:4314/6740
Point:4317/6740
Point:4321/6740
Point:4344/6740
Point:4345/6740
Point:4346/6740
Point:4347/6740
Point:4350/6740
Point:4357/6740
Point:4358/6740
Point:4359/6740
Point:4360/6740
Point:4361/6740
Point:4362/6740
Point:4363/6740
Point:4364/6740
Point:4365/6740
Point:4366/6740
Point:4367/6740
Point:4368/6740
Point:4371/6740
Point:4372/6740
Point:4374/6740
Point:4376/6740
Point:4377/6740
Point:4379/6740
Point:4381/6740
Point:4386/6740
Point:4389/6740
Point:4390/6740
Point:4392/6740
Point:4395/6740
Point:4401/6740
Point:4402/6740
Point:4404/6740
Point:4406/6740
Point:4407/6740
Point:4408/6740
Point:4410/6740
Point:4417/6740
Point:4418/6740
Point:4419/6740
Point:4422/6740
Point:4440/6740
Point:4443/6740
Point:4446/6740
Point:4451/6740
Point:4452/6740
Point:4453/6740
Point:4454/6740
Point:4455/6740
Point:4457/6740
Point:4458/6740
Point:4459/6740
Point:4460/6740
Point:4461/6740
Point:4463/6740
Point:4465/6740
Point:4481/6740
Point:4482/6740
Point:4483/6740
Point:4484/6740
Point:4485/6740
Point:4488/6740
Point:4489/6740
Point:4491/6740
Point:4492/6740
Point:4494/6740
Point:4496/6740
Point:4499/6740
Point:4500/6740
Point:4506/6740
Point:4507/6740
Point:4509/6740
Point:4510/6740
Point:4511/6740
Point:4512/6740
Point:4514/6740
Point:4515/6740
Point:4521/6740
Point:4522/6740
Point:4534/6740
Point:4535/6740
Point:4536/6740
Point:4547/6740
Point:4550/6740
Point:4551/6740
Point:4555/6740
Point:4561/6740
Point:4562/6740
Point:4569/6740
Point:4571/6740
Point:4692/6740
Point:4713/6740
Point:4722/6740
Point:4723/6740
Point:4731/6740
Point:4740/6740
Point:4745/6740
Point:4752/6740
Point:4766/6740
Point:4773/6740
Point:4878/6740
Point:4901/6740
Point:4932/6740
Point:4943/6740
Point:4949/6740
Point:4965/6740
Point:4967/6740
Point:4969/6740
Point:4971/6740
Point:4974/6740
Point:4980/6740
Point:4985/6740
Point:4989/6740
Point:5007/6740
Point:5071/6740
Point:5072/6740
Point:5098/6740
Point:5121/6740
Point:5127/6740
Point:5132/6740
Point:5139/6740
Point:5142/6740
Point:5154/6740
Point:5157/6740
Point:5163/6740
Point:5174/6740
Point:5180/6740
Point:5182/6740
Point:5194/6740
Point:5241/6740
Point:5244/6740
Point:5276/6740
Point:5286/6740
Point:5291/6740
Point:5295/6740
Point:5296/6740
Point:5298/6740
Point:5303/6740
Point:5305/6740
Point:5309/6740
Point:5310/6740
Point:5313/6740
Point:5314/6740
Point:5316/6740
Point:5321/6740
Point:5322/6740
Point:5334/6740
Point:5338/6740
Point:5355/6740
Point:5372/6740
Point:5373/6740
Point:5379/6740
Point:5386/6740
Point:5391/6740
Point:5405/6740
Point:5421/6740
Point:5422/6740
Point:5424/6740
Point:5426/6740
Point:5427/6740
Point:5430/6740
Point:5440/6740
Point:5441/6740
Point:5442/6740
Point:5445/6740
Point:5454/6740
Point:5455/6740
Point:5457/6740
Point:5459/6740
Point:5461/6740
Point:5463/6740
Point:5469/6740
Point:5472/6740
Point:5474/6740
Point:5476/6740
Point:5492/6740
Point:5503/6740
Point:5507/6740
Point:5508/6740
Point:5512/6740
Point:5535/6740
Point:5538/6740
Point:5541/6740
Point:5556/6740
Point:5562/6740
Point:5567/6740
Point:5568/6740
Point:5574/6740
Point:5583/6740
Point:5604/6740
Point:5609/6740
Point:5610/6740
Point:5612/6740
Point:5613/6740
Point:5614/6740
Point:5615/6740
Point:5616/6740
Point:5618/6740
Point:5619/6740
Point:5622/6740
Point:5624/6740
Point:5625/6740
Point:5632/6740
Point:5639/6740
Point:5654/6740
Point:5655/6740
Point:5658/6740
Point:5665/6740
Point:5693/6740
Point:5694/6740
Point:5696/6740
Point:5697/6740
Point:5700/6740
Point:5702/6740
Point:5705/6740
Point:5717/6740
Point:5721/6740
Point:5726/6740
Point:5730/6740
Point:5736/6740
Point:5739/6740
Point:5740/6740
Point:5741/6740
Point:5742/6740
Point:5745/6740
Point:5754/6740
Point:5757/6740
Point:5766/6740
Point:5769/6740
Point:5773/6740
Point:5805/6740
Point:5814/6740
Point:5817/6740
Point:5820/6740
Point:5847/6740
Point:5850/6740
Point:5856/6740
Point:5859/6740
Point:5861/6740
Point:5862/6740
Point:5865/6740
Point:5880/6740
Point:5882/6740
Point:5887/6740
Point:5904/6740
Point:5906/6740
Point:5921/6740
Point:5923/6740
Point:5925/6740
Point:5929/6740
Point:5931/6740
Point:5935/6740
Point:5937/6740
Point:5944/6740
Point:5963/6740
Point:5969/6740
Point:5982/6740
Point:5986/6740
Point:5991/6740
Point:6003/6740
Point:6006/6740
Point:6008/6740
Point:6026/6740
Point:6033/6740
Point:6034/6740
Point:6036/6740
Point:6039/6740
Point:6042/6740
Point:6045/6740
Point:6048/6740
Point:6054/6740
Point:6060/6740
Point:6069/6740
Point:6072/6740
Point:6074/6740
Point:6084/6740
Point:6087/6740
Point:6150/6740
Point:6156/6740
Point:6159/6740
Point:6161/6740
Point:6163/6740
Point:6165/6740
Point:6187/6740
Point:6192/6740
Point:6204/6740
Point:6207/6740
Point:6230/6740
Point:6231/6740
Point:6248/6740
Point:6249/6740
Point:6264/6740
Point:6265/6740
Point:6266/6740
Point:6267/6740
Point:6270/6740
Point:6271/6740
Point:6273/6740
Point:6275/6740
Point:6277/6740
Point:6280/6740
Point:6290/6740
Point:6291/6740
Point:6292/6740
Point:6293/6740
Point:6294/6740
Point:6296/6740
Point:6310/6740
Point:6313/6740
Point:6315/6740
Point:6322/6740
Point:6323/6740
Point:6324/6740
Point:6330/6740
Point:6339/6740
Point:6344/6740
Point:6459/6740
Point:6462/6740
Point:6463/6740
Point:6472/6740
Point:6473/6740
Point:6474/6740
Point:6475/6740
Point:6477/6740
Point:6478/6740
Point:6487/6740
Point:6488/6740
Point:6489/6740
Point:6490/6740
Point:6492/6740
Point:6495/6740
Point:6499/6740
Point:6500/6740
Point:6501/6740
Point:6502/6740
Point:6507/6740
Point:6509/6740
Point:6514/6740
Point:6516/6740
Point:6517/6740
Point:6518/6740
Point:6519/6740
Point:6523/6740
Point:6525/6740
Point:6539/6740
Point:6540/6740
Point:6542/6740
Point:6543/6740
Point:6544/6740
Point:6545/6740
Point:6546/6740
Point:6551/6740
Point:6557/6740
Point:6558/6740
Point:6559/6740
Point:6560/6740
Point:6562/6740
Point:6564/6740
Point:6565/6740
Point:6567/6740
Point:6568/6740
Point:6570/6740
Point:6572/6740
Point:6573/6740
Point:6575/6740
Point:6578/6740
Point:6579/6740
Point:6580/6740
Point:6581/6740
Point:6582/6740
Point:6591/6740
Point:6592/6740
Point:6593/6740
Point:6594/6740
Point:6595/6740
Point:6596/6740
Point:6597/6740
Point:6599/6740
Point:6600/6740
Point:6602/6740
Point:6603/6740
Point:6604/6740
Point:6606/6740
Point:6609/6740
Point:6615/6740
Point:6616/6740
Point:6618/6740
Point:6621/6740
Point:6624/6740
Point:6625/6740
Point:6626/6740
Point:6627/6740
Point:6629/6740
Point:6630/6740
Point:6632/6740
Point:6636/6740
Point:6644/6740
Point:6645/6740
Point:6656/6740
Point:6657/6740
Point:6658/6740
Point:6659/6740
Point:6660/6740
Point:6661/6740
Point:6662/6740
Point:6663/6740
Point:6664/6740
Point:6665/6740
Point:6666/6740
Point:6669/6740
Point:6670/6740
Point:6672/6740
Point:6675/6740
Point:6678/6740
Point:6679/6740
Point:6680/6740
Point:6681/6740
Point:6683/6740
Point:6684/6740
Point:6685/6740
Point:6686/6740
Point:6687/6740
Point:6690/6740
Point:6691/6740
Point:6692/6740
Point:6693/6740
Point:6694/6740
Point:6695/6740
Point:6696/6740
Point:6697/6740
Point:6699/6740
Point:6702/6740
Point:6704/6740
Point:6705/6740
Point:6707/6740
Point:6709/6740
Point:6711/6740
Point:6714/6740
Point:6718/6740
Point:6719/6740
Point:6720/6740
Point:6721/6740
Point:6723/6740
Point:6724/6740
Point:6725/6740
Point:6726/6740
Point:6732/6740
Point:6738/6740
Traceback (most recent call last):
  File "/home1/s4740556/mystery/online_learning_tuning.py", line 114, in <module>
    tuner.search(None, None, epochs=es["MAX_EPOCHS"], validation_data=(None, None))
  File "/home1/s4740556/venvs/mystery/lib/python3.9/site-packages/keras_tuner/src/engine/base_tuner.py", line 234, in search
    self.on_trial_end(trial)
  File "/home1/s4740556/venvs/mystery/lib/python3.9/site-packages/keras_tuner/src/engine/base_tuner.py", line 338, in on_trial_end
    self.oracle.end_trial(trial)
  File "/home1/s4740556/venvs/mystery/lib/python3.9/site-packages/keras_tuner/src/distribute/oracle_client.py", line 97, in end_trial
    self.stub.EndTrial(
  File "/home1/s4740556/venvs/mystery/lib/python3.9/site-packages/grpc/_channel.py", line 1161, in __call__
    return _end_unary_response_blocking(state, call, False, None)
  File "/home1/s4740556/venvs/mystery/lib/python3.9/site-packages/grpc/_channel.py", line 1004, in _end_unary_response_blocking
    raise _InactiveRpcError(state)  # pytype: disable=not-instantiable
grpc._channel._InactiveRpcError: <_InactiveRpcError of RPC that terminated with:
	status = StatusCode.UNKNOWN
	details = "Exception calling application: '03'"
	debug_error_string = "UNKNOWN:Error received from peer  {created_time:"2023-12-19T11:37:01.092591243+01:00", grpc_status:2, grpc_message:"Exception calling application: \'03\'"}"
>
Keras Uncertainty will use standalone Keras backendTraceback (most recent call last):
  File "/home1/s4740556/venvs/mystery/lib/python3.9/site-packages/keras_tuner/src/engine/base_tuner.py", line 273, in _try_run_and_update_trial
    self._run_and_update_trial(trial, *fit_args, **fit_kwargs)
  File "/home1/s4740556/venvs/mystery/lib/python3.9/site-packages/keras_tuner/src/engine/base_tuner.py", line 239, in _run_and_update_trial
    if self.oracle.get_trial(trial.trial_id).metrics.exists(
  File "/home1/s4740556/venvs/mystery/lib/python3.9/site-packages/keras_tuner/src/distribute/oracle_client.py", line 104, in get_trial
    response = self.stub.GetTrial(
  File "/home1/s4740556/venvs/mystery/lib/python3.9/site-packages/grpc/_channel.py", line 1161, in __call__
    return _end_unary_response_blocking(state, call, False, None)
  File "/home1/s4740556/venvs/mystery/lib/python3.9/site-packages/grpc/_channel.py", line 1004, in _end_unary_response_blocking
    raise _InactiveRpcError(state)  # pytype: disable=not-instantiable
grpc._channel._InactiveRpcError: <_InactiveRpcError of RPC that terminated with:
	status = StatusCode.UNKNOWN
	details = "Exception calling application: '07'"
	debug_error_string = "UNKNOWN:Error received from peer  {grpc_message:"Exception calling application: \'07\'", grpc_status:2, created_time:"2023-12-19T11:57:03.813548716+01:00"}"
>
Building that B*TCH
Building that B*TCH
Tuning that B*TCH
Point:0/6740
Point:1/6740
Point:2/6740
Point:3/6740
Point:4/6740
Point:6/6740
Point:8/6740
Point:9/6740
Point:44/6740
Point:45/6740
Point:46/6740
Point:48/6740
Point:50/6740
Point:81/6740
Point:83/6740
Point:84/6740
Point:103/6740
Point:122/6740
Point:158/6740
Point:178/6740
Point:228/6740
Point:229/6740
Point:230/6740
Point:231/6740
Point:282/6740
Point:283/6740
Point:328/6740
Point:329/6740
Point:330/6740
Point:331/6740
Point:333/6740
Point:408/6740
Point:473/6740
Point:554/6740
Point:555/6740
Point:558/6740
Point:561/6740
Point:564/6740
Point:573/6740
Point:612/6740
Point:753/6740
Point:754/6740
Point:755/6740
Point:895/6740
Point:896/6740
Point:897/6740
Point:900/6740
Point:903/6740
Point:906/6740
Point:965/6740
Point:967/6740
Point:973/6740
Point:976/6740
Point:990/6740
Point:1017/6740
Point:1020/6740
Point:1056/6740
Point:1057/6740
Point:1127/6740
Point:1154/6740
Point:1563/6740
Point:1801/6740
Point:1802/6740
Point:1803/6740
Point:1804/6740
Point:1807/6740
Point:1824/6740
Point:1836/6740
Point:1838/6740
Point:1839/6740
Point:1841/6740
Point:1842/6740
Point:1860/6740
Point:1909/6740
Point:1959/6740
Point:2004/6740
Point:2035/6740
Point:3508/6740
Point:3525/6740
Point:3538/6740
Point:3552/6740
Point:3608/6740
Point:3609/6740
Point:3611/6740
Point:3612/6740
Point:3648/6740
Point:3662/6740
Point:3701/6740
Point:3706/6740
Point:3730/6740
Point:3795/6740
Point:3801/6740
Point:3849/6740
Point:4043/6740
Point:4176/6740
Point:4177/6740
Point:4179/6740
Point:4182/6740
Point:4186/6740
Point:4206/6740
Point:4210/6740
Point:4213/6740
Point:4217/6740
Point:4229/6740
Point:4230/6740
Point:4233/6740
Point:4256/6740
Point:4258/6740
Point:4260/6740
Point:4263/6740
Point:4269/6740
Point:4273/6740
Point:4274/6740
Point:4275/6740
Point:4277/6740
Point:4311/6740
Point:4314/6740
Point:4315/6740
Point:4317/6740
Point:4323/6740
Point:4344/6740
Point:4345/6740
Point:4346/6740
Point:4347/6740
Point:4348/6740
Point:4350/6740
Point:4352/6740
Point:4358/6740
Point:4359/6740
Point:4360/6740
Point:4361/6740
Point:4362/6740
Point:4364/6740
Point:4365/6740
Point:4366/6740
Point:4367/6740
Point:4371/6740
Point:4374/6740
Point:4377/6740
Point:4378/6740
Point:4379/6740
Point:4380/6740
Point:4382/6740
Point:4391/6740
Point:4392/6740
Point:4395/6740
Point:4399/6740
Point:4404/6740
Point:4405/6740
Point:4407/6740
Point:4409/6740
Point:4419/6740
Point:4422/6740
Point:4425/6740
Point:4428/6740
Point:4429/6740
Point:4430/6740
Point:4431/6740
Point:4434/6740
Point:4441/6740
Point:4444/6740
Point:4446/6740
Point:4447/6740
Point:4452/6740
Point:4453/6740
Point:4454/6740
Point:4455/6740
Point:4456/6740
Point:4458/6740
Point:4459/6740
Point:4460/6740
Point:4461/6740
Point:4466/6740
Point:4467/6740
Point:4471/6740
Point:4474/6740
Point:4482/6740
Point:4486/6740
Point:4488/6740
Point:4489/6740
Point:4491/6740
Point:4492/6740
Point:4493/6740
Point:4496/6740
Point:4497/6740
Point:4498/6740
Point:4499/6740
Point:4500/6740
Point:4501/6740
Point:4502/6740
Point:4506/6740
Point:4507/6740
Point:4508/6740
Point:4509/6740
Point:4510/6740
Point:4511/6740
Point:4512/6740
Point:4513/6740
Point:4515/6740
Point:4517/6740
Point:4518/6740
Point:4520/6740
Point:4535/6740
Point:4536/6740
Point:4537/6740
Point:4538/6740
Point:4539/6740
Point:4543/6740
Point:4546/6740
Point:4547/6740
Point:4548/6740
Point:4549/6740
Point:4550/6740
Point:4551/6740
Point:4553/6740
Point:4554/6740
Point:4557/6740
Point:4559/6740
Point:4563/6740
Point:4566/6740
Point:4575/6740
Point:4690/6740
Point:4692/6740
Point:4693/6740
Point:4698/6740
Point:4699/6740
Point:4728/6740
Point:4733/6740
Point:4773/6740
Point:4776/6740
Point:4779/6740
Point:4782/6740
Point:4785/6740
Point:4824/6740
Point:4866/6740
Point:4887/6740
Point:4919/6740
Point:4928/6740
Point:4931/6740
Point:4932/6740
Point:4940/6740
Point:4942/6740
Point:4944/6740
Point:4947/6740
Point:4951/6740
Point:4977/6740
Point:4979/6740
Point:4981/6740
Point:4985/6740
Point:4989/6740
Point:4992/6740
Point:4998/6740
Point:5022/6740
Point:5041/6740
Point:5045/6740
Point:5049/6740
Point:5082/6740
Point:5085/6740
Point:5091/6740
Point:5109/6740
Point:5124/6740
Point:5130/6740
Point:5134/6740
Point:5145/6740
Point:5149/6740
Point:5152/6740
Point:5157/6740
Point:5161/6740
Point:5168/6740
Point:5170/6740
Point:5181/6740
Point:5195/6740
Point:5237/6740
Point:5239/6740
Point:5243/6740
Point:5247/6740
Point:5264/6740
Point:5280/6740
Point:5292/6740
Point:5295/6740
Point:5297/6740
Point:5298/6740
Point:5307/6740
Point:5308/6740
Point:5319/6740
Point:5346/6740
Point:5349/6740
Point:5352/6740
Point:5354/6740
Point:5355/6740
Point:5360/6740
Point:5364/6740
Point:5367/6740
Point:5370/6740
Point:5371/6740
Point:5374/6740
Point:5378/6740
Point:5379/6740
Point:5383/6740
Point:5385/6740
Point:5389/6740
Point:5407/6740
Point:5412/6740
Point:5421/6740
Point:5423/6740
Point:5424/6740
Point:5426/6740
Point:5427/6740
Point:5429/6740
Point:5430/6740
Point:5433/6740
Point:5442/6740
Point:5443/6740
Point:5448/6740
Point:5451/6740
Point:5452/6740
Point:5454/6740
Point:5455/6740
Point:5456/6740
Point:5457/6740
Point:5458/6740
Point:5460/6740
Point:5466/6740
Point:5468/6740
Point:5469/6740
Point:5470/6740
Point:5472/6740
Point:5475/6740
Point:5489/6740
Point:5490/6740
Point:5496/6740
Point:5507/6740
Point:5512/6740
Point:5514/6740
Point:5523/6740
Point:5527/6740
Point:5530/6740
Point:5535/6740
Point:5536/6740
Point:5537/6740
Point:5538/6740
Point:5541/6740
Point:5544/6740
Point:5545/6740
Point:5547/6740
Point:5558/6740
Point:5561/6740
Point:5562/6740
Point:5573/6740
Point:5574/6740
Point:5595/6740
Point:5598/6740
Point:5607/6740
Point:5610/6740
Point:5611/6740
Point:5612/6740
Point:5613/6740
Point:5614/6740
Point:5615/6740
Point:5616/6740
Point:5617/6740
Point:5618/6740
Point:5619/6740
Point:5622/6740
Point:5623/6740
Point:5625/6740
Point:5627/6740
Point:5631/6740
Point:5632/6740
Point:5660/6740
Point:5666/6740
Point:5671/6740
Point:5673/6740
Point:5683/6740
Point:5684/6740
Point:5692/6740
Point:5694/6740
Point:5697/6740
Point:5700/6740
Point:5703/6740
Point:5718/6740
Point:5725/6740
Point:5727/6740
Point:5732/6740
Point:5734/6740
Point:5736/6740
Point:5738/6740
Point:5739/6740
Point:5742/6740
Point:5750/6740
Point:5770/6740
Point:5772/6740
Point:5775/6740
Point:5777/6740
Point:5779/6740
Point:5780/6740
Point:5782/6740
Point:5784/6740
Point:5792/6740
Point:5796/6740
Point:5798/6740
Point:5803/6740
Point:5804/6740
Point:5811/6740
Point:5813/6740
Point:5815/6740
Point:5823/6740
Point:5833/6740
Point:5847/6740
Point:5849/6740
Point:5855/6740
Point:5879/6740
Point:5880/6740
Point:5886/6740
Point:5899/6740
Point:5903/6740
Point:5906/6740
Point:5919/6740
Point:5925/6740
Point:5926/6740
Point:5928/6740
Point:5931/6740
Point:5933/6740
Point:5934/6740
Point:5936/6740
Point:5956/6740
Point:5965/6740
Point:5972/6740
Point:5976/6740
Point:5981/6740
Point:5985/6740
Point:5988/6740
Point:5994/6740
Point:5996/6740
Point:5997/6740
Point:6004/6740
Point:6018/6740
Point:6039/6740
Point:6042/6740
Point:6044/6740
Point:6045/6740
Point:6048/6740
Point:6069/6740
Point:6075/6740
Point:6079/6740
Point:6081/6740
Point:6084/6740
Point:6087/6740
Point:6090/6740
Point:6096/6740
Point:6100/6740
Point:6110/6740
Point:6141/6740
Point:6153/6740
Point:6155/6740
Point:6156/6740
Point:6158/6740
Point:6159/6740
Point:6162/6740
Point:6164/6740
Point:6167/6740
Point:6178/6740
Point:6183/6740
Point:6187/6740
Point:6189/6740
Point:6198/6740
Point:6207/6740
Point:6210/6740
Point:6227/6740
Point:6228/6740
Point:6231/6740
Point:6249/6740
Point:6251/6740
Point:6265/6740
Point:6266/6740
Point:6267/6740
Point:6268/6740
Point:6270/6740
Point:6271/6740
Point:6272/6740
Point:6273/6740
Point:6276/6740
Point:6277/6740
Point:6278/6740
Point:6279/6740
Point:6282/6740
Point:6288/6740
Point:6289/6740
Point:6290/6740
Point:6291/6740
Point:6292/6740
Point:6293/6740
Point:6294/6740
Point:6295/6740
Point:6296/6740
Point:6297/6740
Point:6298/6740
Point:6300/6740
Point:6301/6740
Point:6309/6740
Point:6310/6740
Point:6314/6740
Point:6317/6740
Point:6321/6740
Point:6323/6740
Point:6324/6740
Point:6326/6740
Point:6327/6740
Point:6329/6740
Point:6333/6740
Point:6336/6740
Point:6339/6740
Point:6340/6740
Point:6344/6740
Point:6346/6740
Point:6369/6740
Point:6383/6740
Point:6412/6740
Point:6437/6740
Point:6454/6740
Point:6455/6740
Point:6458/6740
Point:6459/6740
Point:6460/6740
Point:6461/6740
Point:6463/6740
Point:6465/6740
Point:6467/6740
Point:6468/6740
Point:6469/6740
Point:6471/6740
Point:6474/6740
Point:6475/6740
Point:6476/6740
Point:6477/6740
Point:6486/6740
Point:6487/6740
Point:6488/6740
Point:6489/6740
Point:6493/6740
Point:6495/6740
Point:6498/6740
Point:6499/6740
Point:6500/6740
Point:6502/6740
Point:6503/6740
Point:6505/6740
Point:6507/6740
Point:6508/6740
Point:6509/6740
Point:6510/6740
Point:6516/6740
Point:6517/6740
Point:6518/6740
Point:6519/6740
Point:6520/6740
Point:6522/6740
Point:6523/6740
Point:6524/6740
Point:6526/6740
Point:6530/6740
Point:6531/6740
Point:6536/6740
Point:6539/6740
Point:6540/6740
Point:6541/6740
Point:6542/6740
Point:6543/6740
Point:6544/6740
Point:6545/6740
Point:6546/6740
Point:6549/6740
Point:6551/6740
Point:6552/6740
Point:6554/6740
Point:6555/6740
Point:6558/6740
Point:6559/6740
Point:6561/6740
Point:6564/6740
Point:6565/6740
Point:6566/6740
Point:6568/6740
Point:6569/6740
Point:6570/6740
Point:6572/6740
Point:6573/6740
Point:6575/6740
Point:6576/6740
Point:6577/6740
Point:6578/6740
Point:6579/6740
Point:6580/6740
Point:6581/6740
Point:6582/6740
Point:6591/6740
Point:6592/6740
Point:6593/6740
Point:6594/6740
Point:6595/6740
Point:6597/6740
Point:6598/6740
Point:6599/6740
Point:6601/6740
Point:6602/6740
Point:6603/6740
Point:6604/6740
Point:6605/6740
Point:6606/6740
Point:6607/6740
Point:6608/6740
Point:6609/6740
Point:6615/6740
Point:6616/6740
Point:6624/6740
Point:6627/6740
Point:6629/6740
Point:6630/6740
Point:6632/6740
Point:6642/6740
Point:6643/6740
Point:6645/6740
Point:6648/6740
Point:6656/6740
Point:6657/6740
Point:6658/6740
Point:6660/6740
Point:6661/6740
Point:6662/6740
Point:6663/6740
Point:6664/6740
Point:6666/6740
Point:6667/6740
Point:6668/6740
Point:6669/6740
Point:6673/6740
Point:6675/6740
Point:6678/6740
Point:6679/6740
Point:6681/6740
Point:6683/6740
Point:6684/6740
Point:6685/6740
Point:6686/6740
Point:6687/6740
Point:6690/6740
Point:6691/6740
Point:6692/6740
Point:6693/6740
Point:6694/6740
Point:6695/6740
Point:6696/6740
Point:6697/6740
Point:6699/6740
Point:6700/6740
Point:6702/6740
Point:6703/6740
Point:6704/6740
Point:6705/6740
Point:6707/6740
Point:6710/6740
Point:6712/6740
Point:6714/6740
Point:6715/6740
Point:6718/6740
Point:6720/6740
Point:6724/6740
Point:6725/6740
Point:6726/6740
Traceback (most recent call last):
  File "/home1/s4740556/mystery/online_learning_tuning.py", line 114, in <module>
    tuner.search(None, None, epochs=es["MAX_EPOCHS"], validation_data=(None, None))
  File "/home1/s4740556/venvs/mystery/lib/python3.9/site-packages/keras_tuner/src/engine/base_tuner.py", line 234, in search
    self.on_trial_end(trial)
  File "/home1/s4740556/venvs/mystery/lib/python3.9/site-packages/keras_tuner/src/engine/base_tuner.py", line 338, in on_trial_end
    self.oracle.end_trial(trial)
  File "/home1/s4740556/venvs/mystery/lib/python3.9/site-packages/keras_tuner/src/distribute/oracle_client.py", line 97, in end_trial
    self.stub.EndTrial(
  File "/home1/s4740556/venvs/mystery/lib/python3.9/site-packages/grpc/_channel.py", line 1161, in __call__
    return _end_unary_response_blocking(state, call, False, None)
  File "/home1/s4740556/venvs/mystery/lib/python3.9/site-packages/grpc/_channel.py", line 1004, in _end_unary_response_blocking
    raise _InactiveRpcError(state)  # pytype: disable=not-instantiable
grpc._channel._InactiveRpcError: <_InactiveRpcError of RPC that terminated with:
	status = StatusCode.UNKNOWN
	details = "Exception calling application: '07'"
	debug_error_string = "UNKNOWN:Error received from peer  {grpc_message:"Exception calling application: \'07\'", grpc_status:2, created_time:"2023-12-19T11:57:03.821513341+01:00"}"
>
Keras Uncertainty will use standalone Keras backendTraceback (most recent call last):
  File "/home1/s4740556/venvs/mystery/lib/python3.9/site-packages/keras_tuner/src/engine/base_tuner.py", line 273, in _try_run_and_update_trial
    self._run_and_update_trial(trial, *fit_args, **fit_kwargs)
  File "/home1/s4740556/venvs/mystery/lib/python3.9/site-packages/keras_tuner/src/engine/base_tuner.py", line 239, in _run_and_update_trial
    if self.oracle.get_trial(trial.trial_id).metrics.exists(
  File "/home1/s4740556/venvs/mystery/lib/python3.9/site-packages/keras_tuner/src/distribute/oracle_client.py", line 104, in get_trial
    response = self.stub.GetTrial(
  File "/home1/s4740556/venvs/mystery/lib/python3.9/site-packages/grpc/_channel.py", line 1161, in __call__
    return _end_unary_response_blocking(state, call, False, None)
  File "/home1/s4740556/venvs/mystery/lib/python3.9/site-packages/grpc/_channel.py", line 1004, in _end_unary_response_blocking
    raise _InactiveRpcError(state)  # pytype: disable=not-instantiable
grpc._channel._InactiveRpcError: <_InactiveRpcError of RPC that terminated with:
	status = StatusCode.UNKNOWN
	details = "Exception calling application: '04'"
	debug_error_string = "UNKNOWN:Error received from peer  {created_time:"2023-12-19T14:08:13.923697494+01:00", grpc_status:2, grpc_message:"Exception calling application: \'04\'"}"
>
Reloading Tuner from hyperparams/Full data1 THRESHOLD/tuner 9.json
Building that B*TCH
Tuning that B*TCH
Point:0/6740
Point:3/6740
Point:9/6740
Point:10/6740
Point:11/6740
Point:12/6740
Point:13/6740
Point:14/6740
Point:15/6740
Point:17/6740
Point:18/6740
Point:19/6740
Point:20/6740
Point:21/6740
Point:22/6740
Point:23/6740
Point:24/6740
Point:25/6740
Point:26/6740
Point:27/6740
Point:28/6740
Point:29/6740
Point:30/6740
Point:31/6740
Point:32/6740
Point:33/6740
Point:34/6740
Point:35/6740
Point:36/6740
Point:37/6740
Point:38/6740
Point:39/6740
Point:42/6740
Point:44/6740
Point:45/6740
Point:46/6740
Point:47/6740
Point:48/6740
Point:49/6740
Point:50/6740
Point:51/6740
Point:52/6740
Point:54/6740
Point:55/6740
Point:56/6740
Point:76/6740
Point:77/6740
Point:79/6740
Point:80/6740
Point:81/6740
Point:82/6740
Point:83/6740
Point:84/6740
Point:85/6740
Point:86/6740
Point:87/6740
Point:88/6740
Point:89/6740
Point:90/6740
Point:91/6740
Point:92/6740
Point:93/6740
Point:94/6740
Point:100/6740
Point:101/6740
Point:102/6740
Point:103/6740
Point:104/6740
Point:105/6740
Point:108/6740
Point:109/6740
Point:110/6740
Point:111/6740
Point:113/6740
Point:114/6740
Point:115/6740
Point:116/6740
Point:117/6740
Point:119/6740
Point:121/6740
Point:122/6740
Point:123/6740
Point:124/6740
Point:125/6740
Point:126/6740
Point:127/6740
Point:128/6740
Point:129/6740
Point:131/6740
Point:132/6740
Point:133/6740
Point:134/6740
Point:135/6740
Point:136/6740
Point:137/6740
Point:138/6740
Point:139/6740
Point:140/6740
Point:141/6740
Point:142/6740
Point:143/6740
Point:144/6740
Point:146/6740
Point:147/6740
Point:148/6740
Point:149/6740
Point:157/6740
Point:158/6740
Point:159/6740
Point:160/6740
Point:161/6740
Point:162/6740
Point:163/6740
Point:164/6740
Point:166/6740
Point:170/6740
Point:171/6740
Point:174/6740
Point:175/6740
Point:176/6740
Point:177/6740
Point:178/6740
Point:179/6740
Point:180/6740
Point:181/6740
Point:182/6740
Point:183/6740
Point:186/6740
Point:187/6740
Point:190/6740
Point:192/6740
Point:193/6740
Point:194/6740
Point:195/6740
Point:196/6740
Point:197/6740
Point:198/6740
Point:199/6740
Point:200/6740
Point:223/6740
Point:224/6740
Point:225/6740
Point:226/6740
Point:227/6740
Point:228/6740
Point:229/6740
Point:230/6740
Point:231/6740
Point:232/6740
Point:233/6740
Point:234/6740
Point:235/6740
Point:236/6740
Point:237/6740
Point:238/6740
Point:239/6740
Point:240/6740
Point:241/6740
Point:242/6740
Point:243/6740
Point:244/6740
Point:245/6740
Point:246/6740
Point:261/6740
Point:266/6740
Point:267/6740
Point:268/6740
Point:269/6740
Point:270/6740
Point:271/6740
Point:272/6740
Point:273/6740
Point:274/6740
Point:275/6740
Point:276/6740
Point:277/6740
Point:279/6740
Point:280/6740
Point:281/6740
Point:282/6740
Point:283/6740
Point:289/6740
Point:291/6740
Point:294/6740
Point:307/6740
Point:311/6740
Point:312/6740
Point:315/6740
Point:316/6740
Point:318/6740
Point:321/6740
Point:326/6740
Point:328/6740
Point:329/6740
Point:330/6740
Point:331/6740
Point:332/6740
Point:342/6740
Point:343/6740
Point:344/6740
Point:345/6740
Point:346/6740
Point:347/6740
Point:348/6740
Point:349/6740
Point:350/6740
Point:369/6740
Point:371/6740
Point:372/6740
Point:373/6740
Point:374/6740
Point:375/6740
Point:376/6740
Point:377/6740
Point:378/6740
Point:379/6740
Point:380/6740
Point:390/6740
Point:391/6740
Point:392/6740
Point:393/6740
Point:394/6740
Point:395/6740
Point:396/6740
Point:397/6740
Point:398/6740
Point:399/6740
Point:400/6740
Point:403/6740
Point:410/6740
Point:422/6740
Point:449/6740
Point:454/6740
Point:455/6740
Point:457/6740
Point:458/6740
Point:464/6740
Point:470/6740
Point:471/6740
Point:472/6740
Point:474/6740
Point:475/6740
Point:476/6740
Point:485/6740
Point:486/6740
Point:487/6740
Point:488/6740
Point:498/6740
Point:499/6740
Point:504/6740
Point:547/6740
Point:548/6740
Point:549/6740
Point:550/6740
Point:553/6740
Point:554/6740
Point:555/6740
Point:556/6740
Point:557/6740
Point:558/6740
Point:559/6740
Point:560/6740
Point:561/6740
Point:567/6740
Point:568/6740
Point:569/6740
Point:574/6740
Point:575/6740
Point:576/6740
Point:577/6740
Point:581/6740
Point:582/6740
Point:583/6740
Point:584/6740
Point:585/6740
Point:586/6740
Point:587/6740
Point:588/6740
Point:589/6740
Point:590/6740
Point:602/6740
Point:607/6740
Point:624/6740
Point:626/6740
Point:629/6740
Point:632/6740
Point:653/6740
Point:654/6740
Point:658/6740
Point:659/6740
Point:660/6740
Point:661/6740
Point:662/6740
Point:663/6740
Point:664/6740
Point:678/6740
Point:691/6740
Point:692/6740
Point:698/6740
Point:699/6740
Point:700/6740
Point:701/6740
Point:702/6740
Point:703/6740
Point:704/6740
Point:705/6740
Point:706/6740
Point:707/6740
Point:708/6740
Point:709/6740
Point:710/6740
Point:711/6740
Point:726/6740
Point:731/6740
Point:765/6740
Point:766/6740
Point:768/6740
Point:769/6740
Point:770/6740
Point:771/6740
Point:772/6740
Point:773/6740
Point:776/6740
Point:777/6740
Point:876/6740
Point:897/6740
Point:898/6740
Point:899/6740
Point:900/6740
Point:907/6740
Point:914/6740
Point:956/6740
Point:960/6740
Point:961/6740
Point:962/6740
Point:963/6740
Point:965/6740
Point:966/6740
Point:967/6740
Point:968/6740
Point:969/6740
Point:970/6740
Point:971/6740
Point:972/6740
Point:973/6740
Point:974/6740
Point:977/6740
Point:978/6740
Point:979/6740
Point:981/6740
Point:993/6740
Point:994/6740
Point:995/6740
Point:996/6740
Point:997/6740
Point:998/6740
Point:999/6740
Point:1000/6740
Point:1001/6740
Point:1006/6740
Point:1012/6740
Point:1022/6740
Point:1023/6740
Point:1043/6740
Point:1045/6740
Point:1046/6740
Point:1068/6740
Point:1087/6740
Point:1088/6740
Point:1089/6740
Point:1122/6740
Point:1123/6740
Point:1124/6740
Point:1131/6740
Point:1140/6740
Point:1141/6740
Point:1142/6740
Point:1143/6740
Point:1144/6740
Point:1145/6740
Point:1147/6740
Point:1150/6740
Point:1154/6740
Point:1155/6740
Point:1156/6740
Point:1157/6740
Point:1215/6740
Point:1216/6740
Point:1410/6740
Point:1412/6740
Point:1413/6740
Point:1424/6740
Point:1518/6740
Point:1519/6740
Point:1521/6740
Point:1525/6740
Point:1537/6740
Point:1538/6740
Point:1593/6740
Point:1594/6740
Point:1601/6740
Point:1610/6740
Point:1613/6740
Point:1614/6740
Point:1615/6740
Point:1616/6740
Point:1622/6740
Point:1627/6740
Point:1632/6740
Point:1647/6740
Point:1651/6740
Point:1665/6740
Point:1668/6740
Point:1734/6740
Point:1735/6740
Point:1761/6740
Point:1762/6740
Point:1801/6740
Point:1802/6740
Point:1803/6740
Point:1804/6740
Point:1805/6740
Point:1837/6740
Point:1838/6740
Point:1840/6740
Point:1841/6740
Point:1842/6740
Point:1843/6740
Point:1844/6740
Point:1845/6740
Point:1846/6740
Point:1847/6740
Point:1848/6740
Point:1849/6740
Point:1858/6740
Point:1859/6740
Point:1860/6740
Point:1861/6740
Point:1862/6740
Point:1866/6740
Point:1868/6740
Point:1889/6740
Point:1890/6740
Point:1893/6740
Point:1894/6740
Point:1895/6740
Point:1896/6740
Point:1897/6740
Point:1898/6740
Point:1904/6740
Point:1905/6740
Point:1909/6740
Point:1910/6740
Point:1911/6740
Point:1912/6740
Point:1913/6740
Point:1914/6740
Point:1938/6740
Point:1941/6740
Point:1944/6740
Point:1945/6740
Point:1946/6740
Point:1947/6740
Point:1948/6740
Point:1949/6740
Point:1950/6740
Point:1955/6740
Point:1961/6740
Point:1962/6740
Point:1963/6740
Point:1964/6740
Point:1965/6740
Point:1966/6740
Point:1992/6740
Point:1995/6740
Point:1996/6740
Point:1997/6740
Point:1998/6740
Point:1999/6740
Point:2000/6740
Point:2001/6740
Point:2002/6740
Point:2003/6740
Point:2013/6740
Point:2014/6740
Point:2015/6740
Point:2016/6740
Point:2017/6740
Point:2022/6740
Point:2023/6740
Point:2024/6740
Point:2025/6740
Point:2027/6740
Point:2028/6740
Point:2031/6740
Point:2034/6740
Point:2035/6740
Point:2036/6740
Point:2037/6740
Point:2043/6740
Point:2048/6740
Point:2049/6740
Point:2050/6740
Point:2051/6740
Point:2052/6740
Point:2064/6740
Point:2065/6740
Point:2066/6740
Point:2067/6740
Point:2068/6740
Point:2069/6740
Point:2088/6740
Point:2089/6740
Point:2095/6740
Point:2098/6740
Point:2099/6740
Point:2100/6740
Point:2113/6740
Point:2114/6740
Point:2115/6740
Point:2116/6740
Point:2117/6740
Point:2139/6740
Point:2145/6740
Point:2146/6740
Point:2164/6740
Point:2165/6740
Point:2166/6740
Point:2167/6740
Point:2168/6740
Point:2197/6740
Point:2199/6740
Point:2219/6740
Point:2249/6740
Point:2251/6740
Point:2271/6740
Point:2274/6740
Point:2276/6740
Point:2303/6740
Point:2319/6740
Point:2322/6740
Point:2370/6740
Point:2373/6740
Point:2374/6740
Point:2403/6740
Point:2455/6740
Point:2457/6740
Point:2507/6740
Point:2525/6740
Point:2561/6740
Point:3048/6740
Point:3050/6740
Point:3306/6740
Point:3308/6740
Point:3468/6740
Point:3469/6740
Point:3470/6740
Point:3472/6740
Point:3473/6740
Point:3475/6740
Point:3476/6740
Point:3477/6740
Point:3481/6740
Point:3482/6740
Point:3492/6740
Point:3493/6740
Point:3497/6740
Point:3504/6740
Point:3507/6740
Point:3510/6740
Point:3511/6740
Point:3512/6740
Point:3513/6740
Point:3514/6740
Point:3515/6740
Point:3516/6740
Point:3517/6740
Point:3519/6740
Point:3520/6740
Point:3521/6740
Point:3522/6740
Point:3523/6740
Point:3524/6740
Point:3525/6740
Point:3526/6740
Point:3527/6740
Point:3540/6740
Point:3546/6740
Point:3547/6740
Point:3548/6740
Point:3549/6740
Point:3550/6740
Point:3551/6740
Point:3552/6740
Point:3553/6740
Point:3554/6740
Point:3555/6740
Point:3556/6740
Point:3557/6740
Point:3558/6740
Point:3561/6740
Point:3563/6740
Point:3564/6740
Point:3565/6740
Point:3566/6740
Point:3569/6740
Point:3570/6740
Point:3571/6740
Point:3572/6740
Point:3573/6740
Point:3577/6740
Point:3579/6740
Point:3580/6740
Point:3581/6740
Point:3582/6740
Point:3584/6740
Point:3585/6740
Point:3586/6740
Point:3588/6740
Point:3593/6740
Point:3603/6740
Point:3605/6740
Point:3606/6740
Point:3607/6740
Point:3608/6740
Point:3609/6740
Point:3610/6740
Point:3611/6740
Point:3612/6740
Point:3613/6740
Point:3614/6740
Point:3615/6740
Point:3616/6740
Point:3617/6740
Point:3618/6740
Point:3619/6740
Point:3620/6740
Point:3621/6740
Point:3622/6740
Point:3623/6740
Point:3624/6740
Point:3625/6740
Point:3626/6740
Point:3627/6740
Point:3628/6740
Point:3629/6740
Point:3630/6740
Point:3631/6740
Point:3632/6740
Point:3633/6740
Point:3634/6740
Point:3635/6740
Point:3636/6740
Point:3637/6740
Point:3645/6740
Point:3647/6740
Point:3648/6740
Point:3649/6740
Point:3650/6740
Point:3652/6740
Point:3653/6740
Point:3654/6740
Point:3655/6740
Point:3663/6740
Point:3664/6740
Point:3665/6740
Point:3666/6740
Point:3672/6740
Point:3673/6740
Point:3675/6740
Point:3678/6740
Point:3679/6740
Point:3680/6740
Point:3682/6740
Point:3684/6740
Point:3699/6740
Point:3700/6740
Point:3702/6740
Point:3703/6740
Point:3704/6740
Point:3705/6740
Point:3706/6740
Point:3707/6740
Point:3708/6740
Point:3709/6740
Point:3710/6740
Point:3711/6740
Point:3712/6740
Point:3713/6740
Point:3714/6740
Point:3715/6740
Point:3716/6740
Point:3717/6740
Point:3718/6740
Point:3719/6740
Point:3723/6740
Point:3728/6740
Point:3730/6740
Point:3738/6740
Point:3739/6740
Point:3740/6740
Point:3741/6740
Point:3742/6740
Point:3743/6740
Point:3744/6740
Point:3745/6740
Point:3746/6740
Point:3747/6740
Point:3767/6740
Point:3775/6740
Point:3779/6740
Point:3780/6740
Point:3781/6740
Point:3782/6740
Point:3783/6740
Point:3784/6740
Point:3785/6740
Point:3786/6740
Point:3787/6740
Point:3788/6740
Point:3789/6740
Point:3842/6740
Point:3843/6740
Point:3844/6740
Point:3847/6740
Point:3848/6740
Point:3957/6740
Point:3964/6740
Point:3977/6740
Point:4002/6740
Point:4011/6740
Point:4012/6740
Point:4153/6740
Point:4178/6740
Point:4179/6740
Point:4180/6740
Point:4181/6740
Point:4182/6740
Point:4203/6740
Point:4204/6740
Point:4205/6740
Point:4206/6740
Point:4207/6740
Point:4208/6740
Point:4209/6740
Point:4216/6740
Point:4217/6740
Point:4233/6740
Point:4234/6740
Point:4235/6740
Point:4260/6740
Point:4261/6740
Point:4262/6740
Point:4263/6740
Point:4264/6740
Point:4265/6740
Point:4266/6740
Point:4267/6740
Point:4268/6740
Point:4269/6740
Point:4270/6740
Point:4271/6740
Point:4272/6740
Point:4273/6740
Point:4277/6740
Point:4278/6740
Point:4280/6740
Point:4281/6740
Point:4282/6740
Point:4298/6740
Point:4308/6740
Point:4309/6740
Point:4310/6740
Point:4311/6740
Point:4312/6740
Point:4313/6740
Point:4314/6740
Point:4315/6740
Point:4316/6740
Point:4317/6740
Point:4318/6740
Point:4319/6740
Point:4320/6740
Point:4321/6740
Point:4323/6740
Point:4324/6740
Point:4325/6740
Point:4326/6740
Point:4327/6740
Point:4328/6740
Point:4329/6740
Point:4330/6740
Point:4331/6740
Point:4332/6740
Point:4333/6740
Point:4334/6740
Point:4335/6740
Point:4341/6740
Point:4344/6740
Point:4345/6740
Point:4346/6740
Point:4347/6740
Point:4348/6740
Point:4349/6740
Point:4350/6740
Point:4351/6740
Point:4352/6740
Point:4353/6740
Point:4354/6740
Point:4356/6740
Point:4357/6740
Point:4358/6740
Point:4359/6740
Point:4360/6740
Point:4361/6740
Point:4362/6740
Point:4363/6740
Point:4364/6740
Point:4365/6740
Point:4366/6740
Point:4367/6740
Point:4368/6740
Point:4369/6740
Point:4370/6740
Point:4371/6740
Point:4372/6740
Point:4373/6740
Point:4374/6740
Point:4375/6740
Point:4376/6740
Point:4377/6740
Point:4378/6740
Point:4379/6740
Point:4380/6740
Point:4381/6740
Point:4382/6740
Point:4383/6740
Point:4384/6740
Point:4385/6740
Point:4386/6740
Point:4387/6740
Point:4388/6740
Point:4389/6740
Point:4390/6740
Point:4391/6740
Point:4392/6740
Point:4393/6740
Point:4394/6740
Point:4395/6740
Point:4396/6740
Point:4397/6740
Point:4398/6740
Point:4399/6740
Point:4400/6740
Point:4401/6740
Point:4402/6740
Point:4403/6740
Point:4404/6740
Point:4405/6740
Point:4406/6740
Point:4407/6740
Point:4408/6740
Point:4409/6740
Point:4410/6740
Point:4411/6740
Point:4412/6740
Point:4413/6740
Point:4414/6740
Point:4415/6740
Point:4416/6740
Point:4417/6740
Point:4418/6740
Point:4419/6740
Point:4420/6740
Point:4421/6740
Point:4422/6740
Point:4423/6740
Point:4424/6740
Point:4425/6740
Point:4426/6740
Point:4427/6740
Point:4428/6740
Point:4429/6740
Point:4430/6740
Point:4431/6740
Point:4432/6740
Point:4433/6740
Point:4434/6740
Point:4435/6740
Point:4436/6740
Point:4437/6740
Point:4438/6740
Point:4439/6740
Point:4440/6740
Point:4441/6740
Point:4442/6740
Point:4443/6740
Point:4444/6740
Point:4445/6740
Point:4446/6740
Point:4447/6740
Point:4448/6740
Point:4449/6740
Point:4450/6740
Point:4451/6740
Point:4452/6740
Point:4453/6740
Point:4454/6740
Point:4455/6740
Point:4456/6740
Point:4457/6740
Point:4458/6740
Point:4459/6740
Point:4460/6740
Point:4461/6740
Point:4462/6740
Point:4463/6740
Point:4464/6740
Point:4465/6740
Point:4466/6740
Point:4467/6740
Point:4468/6740
Point:4469/6740
Point:4470/6740
Point:4472/6740
Point:4473/6740
Point:4474/6740
Point:4475/6740
Point:4476/6740
Point:4477/6740
Point:4478/6740
Point:4479/6740
Point:4482/6740
Point:4483/6740
Point:4484/6740
Point:4485/6740
Point:4486/6740
Point:4487/6740
Point:4488/6740
Point:4489/6740
Point:4490/6740
Point:4491/6740
Point:4492/6740
Point:4493/6740
Point:4494/6740
Point:4495/6740
Point:4496/6740
Point:4497/6740
Point:4498/6740
Point:4499/6740
Point:4500/6740
Point:4501/6740
Point:4502/6740
Point:4503/6740
Point:4504/6740
Point:4505/6740
Point:4506/6740
Point:4507/6740
Point:4508/6740
Point:4509/6740
Point:4510/6740
Point:4511/6740
Point:4512/6740
Point:4513/6740
Point:4514/6740
Point:4515/6740
Point:4516/6740
Point:4517/6740
Point:4518/6740
Point:4519/6740
Point:4520/6740
Point:4521/6740
Point:4522/6740
Point:4523/6740
Point:4524/6740
Point:4525/6740
Point:4526/6740
Point:4527/6740
Point:4528/6740
Point:4529/6740
Point:4530/6740
Point:4531/6740
Point:4532/6740
Point:4533/6740
Point:4534/6740
Point:4535/6740
Point:4536/6740
Point:4537/6740
Point:4538/6740
Point:4539/6740
Point:4540/6740
Point:4541/6740
Point:4542/6740
Point:4543/6740
Point:4544/6740
Point:4545/6740
Point:4546/6740
Point:4547/6740
Point:4548/6740
Point:4549/6740
Point:4550/6740
Point:4551/6740
Point:4552/6740
Point:4553/6740
Point:4554/6740
Point:4555/6740
Point:4556/6740
Point:4558/6740
Point:4559/6740
Point:4560/6740
Point:4561/6740
Point:4562/6740
Point:4563/6740
Point:4564/6740
Point:4566/6740
Point:4567/6740
Point:4568/6740
Point:4572/6740
Point:4574/6740
Point:4575/6740
Point:4576/6740
Point:4577/6740
Point:4578/6740
Point:4579/6740
Point:4580/6740
Point:4581/6740
Point:4582/6740
Point:4583/6740
Point:4584/6740
Point:4585/6740
Point:4586/6740
Point:4587/6740
Point:4588/6740
Point:4598/6740
Point:4647/6740
Point:4656/6740
Point:4677/6740
Point:4690/6740
Point:4691/6740
Point:4692/6740
Point:4693/6740
Point:4694/6740
Point:4695/6740
Point:4696/6740
Point:4697/6740
Point:4698/6740
Point:4699/6740
Point:4700/6740
Point:4701/6740
Point:4702/6740
Point:4703/6740
Point:4713/6740
Point:4717/6740
Point:4720/6740
Point:4721/6740
Point:4722/6740
Point:4723/6740
Point:4724/6740
Point:4725/6740
Point:4726/6740
Point:4727/6740
Point:4728/6740
Point:4729/6740
Point:4730/6740
Point:4731/6740
Point:4732/6740
Point:4733/6740
Point:4734/6740
Point:4735/6740
Point:4736/6740
Point:4737/6740
Point:4738/6740
Point:4739/6740
Point:4740/6740
Point:4741/6740
Point:4743/6740
Point:4744/6740
Point:4745/6740
Point:4746/6740
Point:4747/6740
Point:4748/6740
Point:4749/6740
Point:4751/6740
Point:4772/6740
Point:4773/6740
Point:4774/6740
Point:4775/6740
Point:4776/6740
Point:4777/6740
Point:4778/6740
Point:4779/6740
Point:4780/6740
Point:4781/6740
Point:4782/6740
Point:4783/6740
Point:4785/6740
Point:4786/6740
Point:4788/6740
Point:4789/6740
Point:4790/6740
Point:4795/6740
Point:4825/6740
Point:4826/6740
Point:4830/6740
Point:4831/6740
Point:4834/6740
Point:4839/6740
Point:4840/6740
Point:4864/6740
Point:4865/6740
Point:4866/6740
Point:4867/6740
Point:4870/6740
Point:4871/6740
Point:4872/6740
Point:4873/6740
Point:4874/6740
Point:4875/6740
Point:4876/6740
Point:4878/6740
Point:4885/6740
Point:4886/6740
Point:4887/6740
Point:4888/6740
Point:4889/6740
Point:4890/6740
Point:4891/6740
Point:4892/6740
Point:4893/6740
Point:4896/6740
Point:4898/6740
Point:4902/6740
Point:4905/6740
Point:4911/6740
Point:4914/6740
Point:4924/6740
Point:4925/6740
Point:4926/6740
Point:4927/6740
Point:4928/6740
Point:4929/6740
Point:4932/6740
Point:4944/6740
Point:4945/6740
Point:4946/6740
Point:4947/6740
Point:4948/6740
Point:4962/6740
Point:4969/6740
Point:4971/6740
Point:4972/6740
Point:4974/6740
Point:4975/6740
Point:4976/6740
Point:4977/6740
Point:4978/6740
Point:4979/6740
Point:4980/6740
Point:4981/6740
Point:4982/6740
Point:4983/6740
Point:4984/6740
Point:4985/6740
Point:4986/6740
Point:4987/6740
Point:4989/6740
Point:4998/6740
Point:5004/6740
Point:5006/6740
Point:5008/6740
Point:5010/6740
Point:5013/6740
Point:5016/6740
Point:5028/6740
Point:5031/6740
Point:5032/6740
Point:5033/6740
Point:5037/6740
Point:5043/6740
Point:5044/6740
Point:5045/6740
Point:5046/6740
Point:5047/6740
Point:5048/6740
Point:5049/6740
Point:5084/6740
Point:5094/6740
Point:5098/6740
Point:5099/6740
Point:5121/6740
Point:5122/6740
Point:5124/6740
Point:5125/6740
Point:5126/6740
Point:5127/6740
Point:5128/6740
Point:5129/6740
Point:5130/6740
Point:5131/6740
Point:5134/6740
Point:5136/6740
Point:5139/6740
Point:5143/6740
Point:5145/6740
Point:5147/6740
Point:5184/6740
Point:5187/6740
Point:5193/6740
Point:5230/6740
Point:5231/6740
Point:5244/6740
Point:5245/6740
Point:5246/6740
Point:5275/6740
Point:5276/6740
Point:5277/6740
Point:5290/6740
Point:5293/6740
Point:5294/6740
Point:5295/6740
Point:5301/6740
Point:5302/6740
Point:5303/6740
Point:5308/6740
Point:5310/6740
Point:5312/6740
Point:5313/6740
Point:5314/6740
Point:5332/6740
Point:5334/6740
Point:5335/6740
Point:5337/6740
Point:5346/6740
Point:5348/6740
Point:5349/6740
Point:5350/6740
Point:5351/6740
Point:5352/6740
Point:5353/6740
Point:5355/6740
Point:5356/6740
Point:5357/6740
Point:5358/6740
Point:5359/6740
Point:5361/6740
Point:5362/6740
Point:5363/6740
Point:5364/6740
Point:5365/6740
Point:5367/6740
Point:5370/6740
Point:5371/6740
Point:5372/6740
Point:5373/6740
Point:5374/6740
Point:5379/6740
Point:5380/6740
Point:5381/6740
Point:5382/6740
Point:5383/6740
Point:5384/6740
Point:5385/6740
Point:5386/6740
Point:5387/6740
Point:5394/6740
Point:5404/6740
Point:5406/6740
Point:5407/6740
Point:5409/6740
Point:5410/6740
Point:5419/6740
Point:5420/6740
Point:5422/6740
Point:5423/6740
Point:5430/6740
Point:5431/6740
Point:5450/6740
Point:5451/6740
Point:5453/6740
Point:5454/6740
Point:5455/6740
Point:5456/6740
Point:5457/6740
Point:5458/6740
Point:5459/6740
Point:5460/6740
Point:5461/6740
Point:5462/6740
Point:5463/6740
Point:5468/6740
Point:5496/6740
Point:5506/6740
Point:5510/6740
Point:5517/6740
Point:5518/6740
Point:5519/6740
Point:5520/6740
Point:5521/6740
Point:5522/6740
Point:5523/6740
Point:5524/6740
Point:5525/6740
Point:5526/6740
Point:5527/6740
Point:5528/6740
Point:5529/6740
Point:5531/6740
Point:5532/6740
Point:5533/6740
Point:5534/6740
Point:5535/6740
Point:5536/6740
Point:5537/6740
Point:5538/6740
Point:5539/6740
Point:5540/6740
Point:5547/6740
Point:5549/6740
Point:5562/6740
Point:5580/6740
Point:5581/6740
Point:5587/6740
Point:5588/6740
Point:5595/6740
Point:5598/6740
Point:5613/6740
Point:5614/6740
Point:5615/6740
Point:5622/6740
Point:5625/6740
Point:5640/6740
Point:5655/6740
Point:5656/6740
Point:5682/6740
Point:5683/6740
Point:5684/6740
Point:5698/6740
Point:5701/6740
Point:5758/6740
Point:5766/6740
Point:5767/6740
Point:5768/6740
Point:5769/6740
Point:5770/6740
Point:5771/6740
Point:5783/6740
Point:5811/6740
Point:5812/6740
Point:5813/6740
Point:5822/6740
Point:5851/6740
Point:5852/6740
Point:5853/6740
Point:5854/6740
Point:5855/6740
Point:5871/6740
Point:5888/6740
Point:5889/6740
Point:5890/6740
Point:5892/6740
Point:5896/6740
Point:5900/6740
Point:5908/6740
Point:5924/6740
Point:5931/6740
Point:5936/6740
Point:5937/6740
Point:5943/6740
Point:5967/6740
Point:5973/6740
Point:5983/6740
Point:5984/6740
Point:5997/6740
Point:5998/6740
Point:5999/6740
Point:6000/6740
Point:6001/6740
Point:6002/6740
Point:6003/6740
Point:6004/6740
Point:6005/6740
Point:6033/6740
Point:6034/6740
Point:6039/6740
Point:6040/6740
Point:6065/6740
Point:6073/6740
Point:6074/6740
Point:6078/6740
Point:6080/6740
Point:6081/6740
Point:6082/6740
Point:6083/6740
Point:6084/6740
Point:6085/6740
Point:6086/6740
Point:6125/6740
Point:6156/6740
Point:6157/6740
Point:6158/6740
Point:6159/6740
Point:6160/6740
Point:6161/6740
Point:6162/6740
Point:6201/6740
Point:6231/6740
Point:6232/6740
Point:6235/6740
Point:6238/6740
Point:6249/6740
Point:6250/6740
Point:6251/6740
Point:6252/6740
Point:6253/6740
Point:6254/6740
Point:6264/6740
Point:6265/6740
Point:6266/6740
Point:6267/6740
Point:6268/6740
Point:6269/6740
Point:6270/6740
Point:6271/6740
Point:6272/6740
Point:6273/6740
Point:6274/6740
Point:6275/6740
Point:6289/6740
Point:6290/6740
Point:6291/6740
Point:6292/6740
Point:6293/6740
Point:6294/6740
Point:6295/6740
Point:6296/6740
Point:6297/6740
Point:6298/6740
Point:6310/6740
Point:6312/6740
Point:6313/6740
Point:6315/6740
Point:6316/6740
Point:6317/6740
Point:6318/6740
Point:6319/6740
Point:6322/6740
Point:6324/6740
Point:6325/6740
Point:6334/6740
Point:6336/6740
Point:6339/6740
Point:6340/6740
Point:6341/6740
Point:6348/6740
Point:6349/6740
Point:6370/6740
Point:6371/6740
Point:6378/6740
Point:6383/6740
Point:6387/6740
Point:6398/6740
Point:6409/6740
Point:6410/6740
Point:6451/6740
Point:6452/6740
Point:6454/6740
Point:6459/6740
Point:6464/6740
Point:6465/6740
Point:6471/6740
Point:6472/6740
Point:6473/6740
Point:6477/6740
Point:6478/6740
Point:6488/6740
Point:6494/6740
Point:6500/6740
Point:6510/6740
Point:6511/6740
Point:6512/6740
Point:6516/6740
Point:6517/6740
Point:6518/6740
Point:6519/6740
Point:6520/6740
Point:6521/6740
Point:6522/6740
Point:6523/6740
Point:6524/6740
Point:6525/6740
Point:6545/6740
Point:6549/6740
Point:6551/6740
Point:6552/6740
Point:6553/6740
Point:6554/6740
Point:6558/6740
Point:6559/6740
Point:6560/6740
Point:6561/6740
Point:6562/6740
Point:6563/6740
Point:6564/6740
Point:6566/6740
Point:6568/6740
Point:6569/6740
Point:6570/6740
Point:6571/6740
Point:6573/6740
Point:6574/6740
Point:6575/6740
Point:6577/6740
Point:6579/6740
Point:6580/6740
Point:6581/6740
Point:6583/6740
Point:6584/6740
Point:6585/6740
Point:6586/6740
Point:6587/6740
Point:6591/6740
Point:6592/6740
Point:6593/6740
Point:6594/6740
Point:6595/6740
Point:6601/6740
Point:6602/6740
Point:6603/6740
Point:6604/6740
Point:6605/6740
Point:6606/6740
Point:6607/6740
Point:6608/6740
Point:6610/6740
Point:6618/6740
Point:6619/6740
Point:6620/6740
Point:6621/6740
Point:6622/6740
Point:6623/6740
Point:6624/6740
Point:6625/6740
Point:6627/6740
Point:6628/6740
Point:6629/6740
Point:6630/6740
Point:6642/6740
Point:6643/6740
Point:6644/6740
Point:6648/6740
Point:6649/6740
Point:6650/6740
Point:6657/6740
Point:6658/6740
Point:6659/6740
Point:6660/6740
Point:6662/6740
Point:6663/6740
Point:6664/6740
Point:6665/6740
Point:6669/6740
Point:6671/6740
Point:6672/6740
Point:6678/6740
Point:6679/6740
Point:6680/6740
Point:6681/6740
Point:6682/6740
Point:6684/6740
Point:6685/6740
Point:6686/6740
Point:6687/6740
Point:6690/6740
Point:6691/6740
Point:6692/6740
Point:6693/6740
Point:6694/6740
Point:6695/6740
Point:6696/6740
Point:6697/6740
Point:6698/6740
Point:6701/6740
Point:6702/6740
Point:6703/6740
Point:6704/6740
Point:6705/6740
Point:6706/6740
Point:6707/6740
Point:6708/6740
Point:6710/6740
Point:6711/6740
Point:6712/6740
Point:6713/6740
Point:6714/6740
Point:6715/6740
Point:6717/6740
Point:6718/6740
Point:6720/6740
Point:6725/6740
Point:6726/6740
Point:6727/6740
Point:6739/6740
Traceback (most recent call last):
  File "/home1/s4740556/mystery/online_learning_tuning.py", line 114, in <module>
    tuner.search(None, None, epochs=es["MAX_EPOCHS"], validation_data=(None, None))
  File "/home1/s4740556/venvs/mystery/lib/python3.9/site-packages/keras_tuner/src/engine/base_tuner.py", line 234, in search
    self.on_trial_end(trial)
  File "/home1/s4740556/venvs/mystery/lib/python3.9/site-packages/keras_tuner/src/engine/base_tuner.py", line 338, in on_trial_end
    self.oracle.end_trial(trial)
  File "/home1/s4740556/venvs/mystery/lib/python3.9/site-packages/keras_tuner/src/distribute/oracle_client.py", line 97, in end_trial
    self.stub.EndTrial(
  File "/home1/s4740556/venvs/mystery/lib/python3.9/site-packages/grpc/_channel.py", line 1161, in __call__
    return _end_unary_response_blocking(state, call, False, None)
  File "/home1/s4740556/venvs/mystery/lib/python3.9/site-packages/grpc/_channel.py", line 1004, in _end_unary_response_blocking
    raise _InactiveRpcError(state)  # pytype: disable=not-instantiable
grpc._channel._InactiveRpcError: <_InactiveRpcError of RPC that terminated with:
	status = StatusCode.UNKNOWN
	details = "Exception calling application: '04'"
	debug_error_string = "UNKNOWN:Error received from peer  {created_time:"2023-12-19T14:08:13.931960879+01:00", grpc_status:2, grpc_message:"Exception calling application: \'04\'"}"
>
slurmstepd: error: If munged is up, restart with --num-threads=10
slurmstepd: error: Munge encode failed: Failed to access "/var/run/munge/munge.socket.2": No such file or directory
slurmstepd: error: slurm_buffers_pack_msg: auth_g_create: REQUEST_COMPLETE_BATCH_SCRIPT has authentication error
slurmstepd: error: If munged is up, restart with --num-threads=10
slurmstepd: error: Munge encode failed: Failed to access "/var/run/munge/munge.socket.2": No such file or directory
slurmstepd: error: slurm_buffers_pack_msg: auth_g_create: REQUEST_COMPLETE_BATCH_SCRIPT has authentication error
slurmstepd: error: If munged is up, restart with --num-threads=10
slurmstepd: error: Munge encode failed: Failed to access "/var/run/munge/munge.socket.2": No such file or directory
slurmstepd: error: slurm_buffers_pack_msg: auth_g_create: REQUEST_COMPLETE_BATCH_SCRIPT has authentication error
slurmstepd: error: If munged is up, restart with --num-threads=10
slurmstepd: error: Munge encode failed: Failed to access "/var/run/munge/munge.socket.2": No such file or directory
slurmstepd: error: slurm_buffers_pack_msg: auth_g_create: REQUEST_COMPLETE_BATCH_SCRIPT has authentication error
slurmstepd: error: If munged is up, restart with --num-threads=10
slurmstepd: error: Munge encode failed: Failed to access "/var/run/munge/munge.socket.2": No such file or directory
slurmstepd: error: slurm_buffers_pack_msg: auth_g_create: REQUEST_COMPLETE_BATCH_SCRIPT has authentication error
slurmstepd: error: If munged is up, restart with --num-threads=10
slurmstepd: error: Munge encode failed: Failed to access "/var/run/munge/munge.socket.2": No such file or directory
slurmstepd: error: slurm_buffers_pack_msg: auth_g_create: REQUEST_COMPLETE_BATCH_SCRIPT has authentication error
