2023-12-05 19:53:14.858654: I external/local_tsl/tsl/cuda/cudart_stub.cc:31] Could not find cuda drivers on your machine, GPU will not be used.
2023-12-05 19:53:16.661063: E external/local_xla/xla/stream_executor/cuda/cuda_dnn.cc:9261] Unable to register cuDNN factory: Attempting to register factory for plugin cuDNN when one has already been registered
2023-12-05 19:53:16.661143: E external/local_xla/xla/stream_executor/cuda/cuda_fft.cc:607] Unable to register cuFFT factory: Attempting to register factory for plugin cuFFT when one has already been registered
2023-12-05 19:53:16.952915: E external/local_xla/xla/stream_executor/cuda/cuda_blas.cc:1515] Unable to register cuBLAS factory: Attempting to register factory for plugin cuBLAS when one has already been registered
2023-12-05 19:53:17.630678: I external/local_tsl/tsl/cuda/cudart_stub.cc:31] Could not find cuda drivers on your machine, GPU will not be used.
2023-12-05 19:53:17.635554: I tensorflow/core/platform/cpu_feature_guard.cc:182] This TensorFlow binary is optimized to use available CPU instructions in performance-critical operations.
To enable the following instructions: AVX2 FMA, in other operations, rebuild TensorFlow with the appropriate compiler flags.
2023-12-05 19:53:34.991645: W tensorflow/compiler/tf2tensorrt/utils/py_utils.cc:38] TF-TRT Warning: Could not find TensorRT
Keras Uncertainty will use standalone Keras backend/home1/s4740556/venvs/mystery/lib/python3.9/site-packages/sklearn/gaussian_process/kernels.py:419: ConvergenceWarning: The optimal value found for dimension 0 of parameter length_scale is close to the specified lower bound 1e-05. Decreasing the bound and calling fit again may find a better value.
  warnings.warn(
/home1/s4740556/venvs/mystery/lib/python3.9/site-packages/sklearn/gaussian_process/kernels.py:419: ConvergenceWarning: The optimal value found for dimension 0 of parameter length_scale is close to the specified lower bound 1e-05. Decreasing the bound and calling fit again may find a better value.
  warnings.warn(
/home1/s4740556/venvs/mystery/lib/python3.9/site-packages/sklearn/gaussian_process/kernels.py:419: ConvergenceWarning: The optimal value found for dimension 0 of parameter length_scale is close to the specified lower bound 1e-05. Decreasing the bound and calling fit again may find a better value.
  warnings.warn(
/home1/s4740556/venvs/mystery/lib/python3.9/site-packages/sklearn/gaussian_process/kernels.py:419: ConvergenceWarning: The optimal value found for dimension 0 of parameter length_scale is close to the specified lower bound 1e-05. Decreasing the bound and calling fit again may find a better value.
  warnings.warn(
/home1/s4740556/venvs/mystery/lib/python3.9/site-packages/sklearn/gaussian_process/kernels.py:419: ConvergenceWarning: The optimal value found for dimension 0 of parameter length_scale is close to the specified lower bound 1e-05. Decreasing the bound and calling fit again may find a better value.
  warnings.warn(
/home1/s4740556/venvs/mystery/lib/python3.9/site-packages/sklearn/gaussian_process/kernels.py:419: ConvergenceWarning: The optimal value found for dimension 0 of parameter length_scale is close to the specified lower bound 1e-05. Decreasing the bound and calling fit again may find a better value.
  warnings.warn(
/home1/s4740556/venvs/mystery/lib/python3.9/site-packages/sklearn/gaussian_process/kernels.py:419: ConvergenceWarning: The optimal value found for dimension 0 of parameter length_scale is close to the specified lower bound 1e-05. Decreasing the bound and calling fit again may find a better value.
  warnings.warn(
/home1/s4740556/venvs/mystery/lib/python3.9/site-packages/sklearn/gaussian_process/kernels.py:419: ConvergenceWarning: The optimal value found for dimension 0 of parameter length_scale is close to the specified lower bound 1e-05. Decreasing the bound and calling fit again may find a better value.
  warnings.warn(
/home1/s4740556/venvs/mystery/lib/python3.9/site-packages/sklearn/gaussian_process/kernels.py:419: ConvergenceWarning: The optimal value found for dimension 0 of parameter length_scale is close to the specified lower bound 1e-05. Decreasing the bound and calling fit again may find a better value.
  warnings.warn(
/home1/s4740556/venvs/mystery/lib/python3.9/site-packages/sklearn/gaussian_process/kernels.py:419: ConvergenceWarning: The optimal value found for dimension 0 of parameter length_scale is close to the specified lower bound 1e-05. Decreasing the bound and calling fit again may find a better value.
  warnings.warn(
/home1/s4740556/venvs/mystery/lib/python3.9/site-packages/sklearn/gaussian_process/kernels.py:419: ConvergenceWarning: The optimal value found for dimension 0 of parameter length_scale is close to the specified lower bound 1e-05. Decreasing the bound and calling fit again may find a better value.
  warnings.warn(
/home1/s4740556/venvs/mystery/lib/python3.9/site-packages/sklearn/gaussian_process/kernels.py:419: ConvergenceWarning: The optimal value found for dimension 0 of parameter length_scale is close to the specified lower bound 1e-05. Decreasing the bound and calling fit again may find a better value.
  warnings.warn(
/home1/s4740556/venvs/mystery/lib/python3.9/site-packages/sklearn/gaussian_process/kernels.py:419: ConvergenceWarning: The optimal value found for dimension 0 of parameter length_scale is close to the specified lower bound 1e-05. Decreasing the bound and calling fit again may find a better value.
  warnings.warn(
/home1/s4740556/venvs/mystery/lib/python3.9/site-packages/sklearn/gaussian_process/kernels.py:419: ConvergenceWarning: The optimal value found for dimension 0 of parameter length_scale is close to the specified lower bound 1e-05. Decreasing the bound and calling fit again may find a better value.
  warnings.warn(
/home1/s4740556/venvs/mystery/lib/python3.9/site-packages/sklearn/gaussian_process/kernels.py:419: ConvergenceWarning: The optimal value found for dimension 0 of parameter length_scale is close to the specified lower bound 1e-05. Decreasing the bound and calling fit again may find a better value.
  warnings.warn(
/home1/s4740556/venvs/mystery/lib/python3.9/site-packages/sklearn/gaussian_process/_gpr.py:663: ConvergenceWarning: lbfgs failed to converge (status=2):
ABNORMAL_TERMINATION_IN_LNSRCH.

Increase the number of iterations (max_iter) or scale the data as shown in:
    https://scikit-learn.org/stable/modules/preprocessing.html
  _check_optimize_result("lbfgs", opt_res)

Search: Running Trial #1

default configuration


Trial 1 Complete [00h 05m 16s]
val_loss: 1.6153803984152864

Best val_loss So Far: 1.6153803984152864
Total elapsed time: 00h 05m 16s

Search: Running Trial #2

Value             |Best Value So Far |Hyperparameter
9                 |3                 |patience


Trial 2 Complete [00h 11m 25s]
val_loss: 1.5911460267058735

Best val_loss So Far: 1.5911460267058735
Total elapsed time: 00h 16m 41s

Search: Running Trial #3

Value             |Best Value So Far |Hyperparameter
5                 |9                 |patience


Trial 3 Complete [00h 07m 36s]
val_loss: 2.1972394349246196

Best val_loss So Far: 1.5911460267058735
Total elapsed time: 00h 24m 18s

Search: Running Trial #4

Value             |Best Value So Far |Hyperparameter
5                 |9                 |patience


Trial 4 Complete [00h 07m 31s]
val_loss: 1.8283412877855638

Best val_loss So Far: 1.5911460267058735
Total elapsed time: 00h 31m 49s

Search: Running Trial #5

Value             |Best Value So Far |Hyperparameter
3                 |9                 |patience


Trial 5 Complete [00h 05m 30s]
val_loss: 1.9116107423243855

Best val_loss So Far: 1.5911460267058735
Total elapsed time: 00h 37m 19s

Search: Running Trial #6

Value             |Best Value So Far |Hyperparameter
5                 |9                 |patience


Trial 6 Complete [00h 07m 43s]
val_loss: 1.4822469664544895

Best val_loss So Far: 1.4822469664544895
Total elapsed time: 00h 45m 02s

Search: Running Trial #7

Value             |Best Value So Far |Hyperparameter
9                 |5                 |patience


Trial 7 Complete [00h 11m 37s]
val_loss: 1.419428847216327

Best val_loss So Far: 1.419428847216327
Total elapsed time: 00h 56m 40s

Search: Running Trial #8

Value             |Best Value So Far |Hyperparameter
5                 |9                 |patience


Trial 8 Complete [00h 07m 30s]
val_loss: 1.768630019806581

Best val_loss So Far: 1.419428847216327
Total elapsed time: 01h 04m 09s

Search: Running Trial #9

Value             |Best Value So Far |Hyperparameter
9                 |9                 |patience


Trial 9 Complete [00h 11m 22s]
val_loss: 1.5296140033109435

Best val_loss So Far: 1.419428847216327
Total elapsed time: 01h 15m 31s

Search: Running Trial #10

Value             |Best Value So Far |Hyperparameter
3                 |9                 |patience


Trial 10 Complete [00h 05m 31s]
val_loss: 1.6270779882525566

Best val_loss So Far: 1.419428847216327
Total elapsed time: 01h 21m 02s

Search: Running Trial #11

Value             |Best Value So Far |Hyperparameter
3                 |9                 |patience


Trial 11 Complete [00h 05m 17s]
val_loss: 2.0577009109587525

Best val_loss So Far: 1.419428847216327
Total elapsed time: 01h 26m 19s

Search: Running Trial #12

Value             |Best Value So Far |Hyperparameter
3                 |9                 |patience


Trial 12 Complete [00h 05m 22s]
val_loss: 1.616648328972274

Best val_loss So Far: 1.419428847216327
Total elapsed time: 01h 31m 41s

Search: Running Trial #13

Value             |Best Value So Far |Hyperparameter
9                 |9                 |patience


Trial 13 Complete [00h 11m 40s]
val_loss: 1.5405329663691838

Best val_loss So Far: 1.419428847216327
Total elapsed time: 01h 43m 21s

Search: Running Trial #14

Value             |Best Value So Far |Hyperparameter
9                 |9                 |patience


Trial 14 Complete [00h 11m 30s]
val_loss: 1.3682522044099594

Best val_loss So Far: 1.3682522044099594
Total elapsed time: 01h 54m 51s

Search: Running Trial #15

Value             |Best Value So Far |Hyperparameter
3                 |9                 |patience


Trial 15 Complete [00h 05m 24s]
val_loss: 1.5001279626940867

Best val_loss So Far: 1.3682522044099594
Total elapsed time: 02h 00m 16s

Search: Running Trial #16

Value             |Best Value So Far |Hyperparameter
3                 |9                 |patience


Trial 16 Complete [00h 05m 31s]
val_loss: 1.5734785317346962

Best val_loss So Far: 1.3682522044099594
Total elapsed time: 02h 05m 47s

Search: Running Trial #17

Value             |Best Value So Far |Hyperparameter
3                 |9                 |patience


Trial 17 Complete [00h 05m 22s]
val_loss: 1.4781292602419853

Best val_loss So Far: 1.3682522044099594
Total elapsed time: 02h 11m 09s

Search: Running Trial #18

Value             |Best Value So Far |Hyperparameter
3                 |9                 |patience


Trial 18 Complete [00h 05m 25s]
val_loss: 2.65952207148075

Best val_loss So Far: 1.3682522044099594
Total elapsed time: 02h 16m 34s

Search: Running Trial #19

Value             |Best Value So Far |Hyperparameter
9                 |9                 |patience


Trial 19 Complete [00h 11m 44s]
val_loss: 1.8254924902114384

Best val_loss So Far: 1.3682522044099594
Total elapsed time: 02h 28m 18s

Search: Running Trial #20

Value             |Best Value So Far |Hyperparameter
9                 |9                 |patience


Trial 20 Complete [00h 11m 37s]
val_loss: 1.4845860425768225

Best val_loss So Far: 1.3682522044099594
Total elapsed time: 02h 39m 56s

Search: Running Trial #21

Value             |Best Value So Far |Hyperparameter
9                 |9                 |patience


Trial 21 Complete [00h 11m 20s]
val_loss: 1.5593754019716688

Best val_loss So Far: 1.3682522044099594
Total elapsed time: 02h 51m 15s

Search: Running Trial #22

Value             |Best Value So Far |Hyperparameter
9                 |9                 |patience


Trial 22 Complete [00h 11m 19s]
val_loss: 1.5295302009788052

Best val_loss So Far: 1.3682522044099594
Total elapsed time: 03h 02m 34s

Search: Running Trial #23

Value             |Best Value So Far |Hyperparameter
9                 |9                 |patience


Trial 23 Complete [00h 11m 31s]
val_loss: 2.1344364688828086

Best val_loss So Far: 1.3682522044099594
Total elapsed time: 03h 14m 05s

Search: Running Trial #24

Value             |Best Value So Far |Hyperparameter
9                 |9                 |patience


Trial 24 Complete [00h 11m 23s]
val_loss: 1.3522247309828619

Best val_loss So Far: 1.3522247309828619
Total elapsed time: 03h 25m 28s

Search: Running Trial #25

Value             |Best Value So Far |Hyperparameter
9                 |9                 |patience


Trial 25 Complete [00h 11m 22s]
val_loss: 1.7735922079661797

Best val_loss So Far: 1.3522247309828619
Total elapsed time: 03h 36m 50s

Search: Running Trial #26

Value             |Best Value So Far |Hyperparameter
9                 |9                 |patience


Trial 26 Complete [00h 11m 34s]
val_loss: 1.304116030962302

Best val_loss So Far: 1.304116030962302
Total elapsed time: 03h 48m 25s

Search: Running Trial #27

Value             |Best Value So Far |Hyperparameter
9                 |9                 |patience


Trial 27 Complete [00h 11m 42s]
val_loss: 1.7770973834498176

Best val_loss So Far: 1.304116030962302
Total elapsed time: 04h 00m 07s

Search: Running Trial #28

Value             |Best Value So Far |Hyperparameter
9                 |9                 |patience


Trial 28 Complete [00h 11m 28s]
val_loss: 1.7720249493060451

Best val_loss So Far: 1.304116030962302
Total elapsed time: 04h 11m 35s

Search: Running Trial #29

Value             |Best Value So Far |Hyperparameter
9                 |9                 |patience


Trial 29 Complete [00h 11m 36s]
val_loss: 1.9046181615056665

Best val_loss So Far: 1.304116030962302
Total elapsed time: 04h 23m 12s

Search: Running Trial #30

Value             |Best Value So Far |Hyperparameter
9                 |9                 |patience


Trial 30 Complete [00h 11m 23s]
val_loss: 1.2884412127835998

Best val_loss So Far: 1.2884412127835998
Total elapsed time: 04h 34m 34s

Search: Running Trial #31

Value             |Best Value So Far |Hyperparameter
9                 |9                 |patience


Trial 31 Complete [00h 11m 42s]
val_loss: 1.8634558363721285

Best val_loss So Far: 1.2884412127835998
Total elapsed time: 04h 46m 17s

Search: Running Trial #32

Value             |Best Value So Far |Hyperparameter
9                 |9                 |patience


Trial 32 Complete [00h 11m 23s]
val_loss: 1.3967244838332302

Best val_loss So Far: 1.2884412127835998
Total elapsed time: 04h 57m 40s

Search: Running Trial #33

Value             |Best Value So Far |Hyperparameter
9                 |9                 |patience


Trial 33 Complete [00h 11m 12s]
val_loss: 1.4442588838523835

Best val_loss So Far: 1.2884412127835998
Total elapsed time: 05h 08m 52s

Search: Running Trial #34

Value             |Best Value So Far |Hyperparameter
9                 |9                 |patience


Trial 34 Complete [00h 11m 19s]
val_loss: 1.5470782266608603

Best val_loss So Far: 1.2884412127835998
Total elapsed time: 05h 20m 11s

Search: Running Trial #35

Value             |Best Value So Far |Hyperparameter
9                 |9                 |patience


Trial 35 Complete [00h 11m 10s]
val_loss: 2.0823220895795993

Best val_loss So Far: 1.2884412127835998
Total elapsed time: 05h 31m 22s

Search: Running Trial #36

Value             |Best Value So Far |Hyperparameter
9                 |9                 |patience


Trial 36 Complete [00h 11m 29s]
val_loss: 1.4886957766680893

Best val_loss So Far: 1.2884412127835998
Total elapsed time: 05h 42m 51s

Search: Running Trial #37

Value             |Best Value So Far |Hyperparameter
9                 |9                 |patience


Trial 37 Complete [00h 11m 10s]
val_loss: 1.5403929057306252

Best val_loss So Far: 1.2884412127835998
Total elapsed time: 05h 54m 01s

Search: Running Trial #38

Value             |Best Value So Far |Hyperparameter
9                 |9                 |patience


Trial 38 Complete [00h 11m 33s]
val_loss: 1.5252876173833314

Best val_loss So Far: 1.2884412127835998
Total elapsed time: 06h 05m 35s

Search: Running Trial #39

Value             |Best Value So Far |Hyperparameter
9                 |9                 |patience


Trial 39 Complete [00h 11m 23s]
val_loss: 1.3218503134517827

Best val_loss So Far: 1.2884412127835998
Total elapsed time: 06h 16m 58s

Search: Running Trial #40

Value             |Best Value So Far |Hyperparameter
9                 |9                 |patience


Trial 40 Complete [00h 11m 23s]
val_loss: 1.6977006338279812

Best val_loss So Far: 1.2884412127835998
Total elapsed time: 06h 28m 22s

Search: Running Trial #41

Value             |Best Value So Far |Hyperparameter
9                 |9                 |patience


Trial 41 Complete [00h 11m 19s]
val_loss: 1.3993079639200523

Best val_loss So Far: 1.2884412127835998
Total elapsed time: 06h 39m 41s

Search: Running Trial #42

Value             |Best Value So Far |Hyperparameter
9                 |9                 |patience


Trial 42 Complete [00h 11m 32s]
val_loss: 1.6202788054943096

Best val_loss So Far: 1.2884412127835998
Total elapsed time: 06h 51m 13s

Search: Running Trial #43

Value             |Best Value So Far |Hyperparameter
9                 |9                 |patience


Trial 43 Complete [00h 11m 25s]
val_loss: 2.471559470326736

Best val_loss So Far: 1.2884412127835998
Total elapsed time: 07h 02m 38s

Search: Running Trial #44

Value             |Best Value So Far |Hyperparameter
9                 |9                 |patience


Trial 44 Complete [00h 11m 18s]
val_loss: 1.4834564035308797

Best val_loss So Far: 1.2884412127835998
Total elapsed time: 07h 13m 56s

Search: Running Trial #45

Value             |Best Value So Far |Hyperparameter
9                 |9                 |patience


Trial 45 Complete [00h 11m 08s]
val_loss: 1.4068777281148672

Best val_loss So Far: 1.2884412127835998
Total elapsed time: 07h 25m 05s

Search: Running Trial #46

Value             |Best Value So Far |Hyperparameter
9                 |9                 |patience


Trial 46 Complete [00h 11m 09s]
val_loss: 1.4876149574230453

Best val_loss So Far: 1.2884412127835998
Total elapsed time: 07h 36m 14s

Search: Running Trial #47

Value             |Best Value So Far |Hyperparameter
9                 |9                 |patience


Trial 47 Complete [00h 11m 03s]
val_loss: 2.0713657513260832

Best val_loss So Far: 1.2884412127835998
Total elapsed time: 07h 47m 18s

Search: Running Trial #48

Value             |Best Value So Far |Hyperparameter
9                 |9                 |patience


Trial 48 Complete [00h 11m 28s]
val_loss: 1.522592275820929

Best val_loss So Far: 1.2884412127835998
Total elapsed time: 07h 58m 46s

Search: Running Trial #49

Value             |Best Value So Far |Hyperparameter
9                 |9                 |patience


Trial 49 Complete [00h 11m 09s]
val_loss: 1.4253629566780446

Best val_loss So Far: 1.2884412127835998
Total elapsed time: 08h 09m 55s

Search: Running Trial #50

Value             |Best Value So Far |Hyperparameter
9                 |9                 |patience


Trial 50 Complete [00h 11m 06s]
val_loss: 1.4993364112130538

Best val_loss So Far: 1.2884412127835998
Total elapsed time: 08h 21m 01s

Search: Running Trial #51

Value             |Best Value So Far |Hyperparameter
9                 |9                 |patience


Trial 51 Complete [00h 11m 05s]
val_loss: 1.340227983121213

Best val_loss So Far: 1.2884412127835998
Total elapsed time: 08h 32m 06s

Search: Running Trial #52

Value             |Best Value So Far |Hyperparameter
9                 |9                 |patience


Trial 52 Complete [00h 10m 56s]
val_loss: 1.3957592138442496

Best val_loss So Far: 1.2884412127835998
Total elapsed time: 08h 43m 02s

Search: Running Trial #53

Value             |Best Value So Far |Hyperparameter
9                 |9                 |patience


Trial 53 Complete [00h 10m 54s]
val_loss: 1.3600754162360873

Best val_loss So Far: 1.2884412127835998
Total elapsed time: 08h 53m 56s

Search: Running Trial #54

Value             |Best Value So Far |Hyperparameter
9                 |9                 |patience


Trial 54 Complete [00h 11m 01s]
val_loss: 1.3771923325698945

Best val_loss So Far: 1.2884412127835998
Total elapsed time: 09h 04m 58s

Search: Running Trial #55

Value             |Best Value So Far |Hyperparameter
9                 |9                 |patience


Trial 55 Complete [00h 11m 16s]
val_loss: 1.4370321890917326

Best val_loss So Far: 1.2884412127835998
Total elapsed time: 09h 16m 14s

Search: Running Trial #56

Value             |Best Value So Far |Hyperparameter
9                 |9                 |patience


Trial 56 Complete [00h 11m 09s]
val_loss: 1.4422469539888971

Best val_loss So Far: 1.2884412127835998
Total elapsed time: 09h 27m 22s

Search: Running Trial #57

Value             |Best Value So Far |Hyperparameter
9                 |9                 |patience


Trial 57 Complete [00h 11m 14s]
val_loss: 1.3836369964069335

Best val_loss So Far: 1.2884412127835998
Total elapsed time: 09h 38m 37s

Search: Running Trial #58

Value             |Best Value So Far |Hyperparameter
9                 |9                 |patience


Trial 58 Complete [00h 11m 14s]
val_loss: 1.5284149775217308

Best val_loss So Far: 1.2884412127835998
Total elapsed time: 09h 49m 51s

Search: Running Trial #59

Value             |Best Value So Far |Hyperparameter
9                 |9                 |patience


Trial 59 Complete [00h 11m 25s]
val_loss: 1.7015345643820432

Best val_loss So Far: 1.2884412127835998
Total elapsed time: 10h 01m 16s

Search: Running Trial #60

Value             |Best Value So Far |Hyperparameter
9                 |9                 |patience


Trial 60 Complete [00h 11m 06s]
val_loss: 1.6028111818535582

Best val_loss So Far: 1.2884412127835998
Total elapsed time: 10h 12m 23s

The following have been reloaded with a version change:
  1) GCCcore/11.2.0 => GCCcore/12.2.0
  2) XZ/5.2.5-GCCcore-11.2.0 => XZ/5.2.7-GCCcore-12.2.0
  3) libreadline/8.1-GCCcore-11.2.0 => libreadline/8.2-GCCcore-12.2.0
  4) ncurses/6.2-GCCcore-11.2.0 => ncurses/6.3-GCCcore-12.2.0
  5) zlib/1.2.11-GCCcore-11.2.0 => zlib/1.2.12-GCCcore-12.2.0

