2023-11-27 21:02:45.908294: I external/local_tsl/tsl/cuda/cudart_stub.cc:31] Could not find cuda drivers on your machine, GPU will not be used.
2023-11-27 21:02:46.382336: E external/local_xla/xla/stream_executor/cuda/cuda_dnn.cc:9261] Unable to register cuDNN factory: Attempting to register factory for plugin cuDNN when one has already been registered
2023-11-27 21:02:46.382455: E external/local_xla/xla/stream_executor/cuda/cuda_fft.cc:607] Unable to register cuFFT factory: Attempting to register factory for plugin cuFFT when one has already been registered
2023-11-27 21:02:46.482838: E external/local_xla/xla/stream_executor/cuda/cuda_blas.cc:1515] Unable to register cuBLAS factory: Attempting to register factory for plugin cuBLAS when one has already been registered
2023-11-27 21:02:46.695512: I external/local_tsl/tsl/cuda/cudart_stub.cc:31] Could not find cuda drivers on your machine, GPU will not be used.
2023-11-27 21:02:46.697887: I tensorflow/core/platform/cpu_feature_guard.cc:182] This TensorFlow binary is optimized to use available CPU instructions in performance-critical operations.
To enable the following instructions: AVX2 FMA, in other operations, rebuild TensorFlow with the appropriate compiler flags.
2023-11-27 21:02:49.605829: W tensorflow/compiler/tf2tensorrt/utils/py_utils.cc:38] TF-TRT Warning: Could not find TensorRT
Reloading Tuner from hyperparams/sinus: first real try RIRO/tuner0.json
Dagon try RIRO
300
Model: "model"
_________________________________________________________________
 Layer (type)                Output Shape              Param #   
=================================================================
 input_1 (InputLayer)        [(None, 1)]               0         
                                                                 
 dense (Dense)               (None, 64)                128       
                                                                 
 dense_1 (Dense)             (None, 64)                4160      
                                                                 
 dense_2 (Dense)             (None, 1)                 65        
                                                                 
=================================================================
Total params: 4353 (17.00 KB)
Trainable params: 4353 (17.00 KB)
Non-trainable params: 0 (0.00 Byte)
_________________________________________________________________
None
Model: "model_1"
_________________________________________________________________
 Layer (type)                Output Shape              Param #   
=================================================================
 input_2 (InputLayer)        [(None, 1)]               0         
                                                                 
 dense_3 (Dense)             (None, 64)                128       
                                                                 
 dense_4 (Dense)             (None, 64)                4160      
                                                                 
 dense_5 (Dense)             (None, 1)                 65        
                                                                 
=================================================================
Total params: 4353 (17.00 KB)
Trainable params: 4353 (17.00 KB)
Non-trainable params: 0 (0.00 Byte)
_________________________________________________________________
None
Model: "model_2"
_________________________________________________________________
 Layer (type)                Output Shape              Param #   
=================================================================
 input_3 (InputLayer)        [(None, 1)]               0         
                                                                 
 dense_6 (Dense)             (None, 64)                128       
                                                                 
 dense_7 (Dense)             (None, 64)                4160      
                                                                 
 dense_8 (Dense)             (None, 1)                 65        
                                                                 
=================================================================
Total params: 4353 (17.00 KB)
Trainable params: 4353 (17.00 KB)
Non-trainable params: 0 (0.00 Byte)
_________________________________________________________________
None
Model: "model_3"
_________________________________________________________________
 Layer (type)                Output Shape              Param #   
=================================================================
 input_4 (InputLayer)        [(None, 1)]               0         
                                                                 
 dense_9 (Dense)             (None, 64)                128       
                                                                 
 dense_10 (Dense)            (None, 64)                4160      
                                                                 
 dense_11 (Dense)            (None, 1)                 65        
                                                                 
=================================================================
Total params: 4353 (17.00 KB)
Trainable params: 4353 (17.00 KB)
Non-trainable params: 0 (0.00 Byte)
_________________________________________________________________
None
Model: "model_4"
_________________________________________________________________
 Layer (type)                Output Shape              Param #   
=================================================================
 input_5 (InputLayer)        [(None, 1)]               0         
                                                                 
 dense_12 (Dense)            (None, 64)                128       
                                                                 
 dense_13 (Dense)            (None, 64)                4160      
                                                                 
 dense_14 (Dense)            (None, 1)                 65        
                                                                 
=================================================================
Total params: 4353 (17.00 KB)
Trainable params: 4353 (17.00 KB)
Non-trainable params: 0 (0.00 Byte)
_________________________________________________________________
None
Model: "model_5"
_________________________________________________________________
 Layer (type)                Output Shape              Param #   
=================================================================
 input_6 (InputLayer)        [(None, 1)]               0         
                                                                 
 dense_15 (Dense)            (None, 64)                128       
                                                                 
 dense_16 (Dense)            (None, 64)                4160      
                                                                 
 dense_17 (Dense)            (None, 1)                 65        
                                                                 
=================================================================
Total params: 4353 (17.00 KB)
Trainable params: 4353 (17.00 KB)
Non-trainable params: 0 (0.00 Byte)
_________________________________________________________________
None
Model: "model_6"
_________________________________________________________________
 Layer (type)                Output Shape              Param #   
=================================================================
 input_7 (InputLayer)        [(None, 1)]               0         
                                                                 
 dense_18 (Dense)            (None, 64)                128       
                                                                 
 dense_19 (Dense)            (None, 64)                4160      
                                                                 
 dense_20 (Dense)            (None, 1)                 65        
                                                                 
=================================================================
Total params: 4353 (17.00 KB)
Trainable params: 4353 (17.00 KB)
Non-trainable params: 0 (0.00 Byte)
_________________________________________________________________
None
Model: "model_7"
_________________________________________________________________
 Layer (type)                Output Shape              Param #   
=================================================================
 input_8 (InputLayer)        [(None, 1)]               0         
                                                                 
 dense_21 (Dense)            (None, 64)                128       
                                                                 
 dense_22 (Dense)            (None, 64)                4160      
                                                                 
 dense_23 (Dense)            (None, 1)                 65        
                                                                 
=================================================================
Total params: 4353 (17.00 KB)
Trainable params: 4353 (17.00 KB)
Non-trainable params: 0 (0.00 Byte)
_________________________________________________________________
None
Model: "model_8"
_________________________________________________________________
 Layer (type)                Output Shape              Param #   
=================================================================
 input_9 (InputLayer)        [(None, 1)]               0         
                                                                 
 dense_24 (Dense)            (None, 64)                128       
                                                                 
 dense_25 (Dense)            (None, 64)                4160      
                                                                 
 dense_26 (Dense)            (None, 1)                 65        
                                                                 
=================================================================
Total params: 4353 (17.00 KB)
Trainable params: 4353 (17.00 KB)
Non-trainable params: 0 (0.00 Byte)
_________________________________________________________________
None
Model: "model_9"
_________________________________________________________________
 Layer (type)                Output Shape              Param #   
=================================================================
 input_10 (InputLayer)       [(None, 1)]               0         
                                                                 
 dense_27 (Dense)            (None, 64)                128       
                                                                 
 dense_28 (Dense)            (None, 64)                4160      
                                                                 
 dense_29 (Dense)            (None, 1)                 65        
                                                                 
=================================================================
Total params: 4353 (17.00 KB)
Trainable params: 4353 (17.00 KB)
Non-trainable params: 0 (0.00 Byte)
_________________________________________________________________
Keras Uncertainty will use standalone Keras backendNone
The results will be saved in results/sinus: first real try RIRO tuned (2)
Time 21.82: used 33.33% of the points.
0.8191037484328136
Time 21.84: used 33.67% of the points.
0.3524024392655687
Time 39.78: used 34.00% of the points.
0.7563884107599034
Time 39.80: used 34.33% of the points.
0.900097285885245
Time 39.81: used 34.67% of the points.
0.6010520431113251
Time 46.75: used 35.00% of the points.
0.7728154950800761
Time 46.77: used 35.33% of the points.
0.8918372418618559
Time 46.78: used 35.67% of the points.
0.48850117559071715
Time 51.09: used 36.00% of the points.
0.35070901021243395
Time 54.67: used 36.33% of the points.
0.6425796679677189
Time 57.60: used 36.67% of the points.
0.6661416075586425
Time 60.19: used 37.00% of the points.
0.5282774649043597
Time 62.36: used 37.33% of the points.
0.6337892194912231
Time 64.78: used 37.67% of the points.
0.6860359783855053
Time 67.01: used 38.00% of the points.
0.615661095226814
Time 69.24: used 38.33% of the points.
0.3520407088957106
Time 71.52: used 38.67% of the points.
0.06611233112569392
Time 74.01: used 39.00% of the points.
0.9979820425697515
Time 74.02: used 39.33% of the points.
0.7073029595941853
Time 74.04: used 39.67% of the points.
0.27604956455603147
Time 75.99: used 40.00% of the points.
0.4208982650925732
Time 78.04: used 40.33% of the points.
0.7249965509705804
Time 78.06: used 40.67% of the points.
0.5238373528952671
Time 80.08: used 41.00% of the points.
0.20027061470825025
Time 82.34: used 41.33% of the points.
0.5992186274823612
Time 84.50: used 41.67% of the points.
0.5570021437085443
Time 86.30: used 42.00% of the points.
0.6800464853344103
Time 88.29: used 42.33% of the points.
0.736894439169756
Time 88.30: used 42.67% of the points.
0.9299063567914866
Time 88.32: used 43.00% of the points.
0.09905868207700819
Time 90.56: used 43.33% of the points.
0.5452916284974945
Time 92.59: used 43.67% of the points.
0.9869889857597675
Time 92.61: used 44.00% of the points.
0.07303515788149106
Time 94.81: used 44.33% of the points.
0.8123904649416042
Time 94.83: used 44.67% of the points.
0.5112907447028442
Time 96.95: used 45.00% of the points.
0.37290147435744114
Time 99.02: used 45.33% of the points.
0.19495276219927837
Time 101.18: used 45.67% of the points.
0.9841673142669105
Time 101.20: used 46.00% of the points.
0.3269303254760847
Time 103.65: used 46.33% of the points.
0.6542857048314425
Time 105.62: used 46.67% of the points.
0.954697853079208
Time 105.63: used 47.00% of the points.
0.5768911725052719
Time 107.87: used 47.33% of the points.
0.40103796606265696
Time 109.68: used 47.67% of the points.
0.03311759005180748
Time 111.68: used 48.00% of the points.
0.28405180484912707
Time 113.61: used 48.33% of the points.
0.05436759498778465
Time 115.77: used 48.67% of the points.
0.640179834902471
Time 117.71: used 49.00% of the points.
0.7566727667625299
Time 117.73: used 49.33% of the points.
0.16139068755803399
Time 120.18: used 49.67% of the points.
0.7971678511288371
Time 120.19: used 50.00% of the points.
0.9007265055070196
Time 120.21: used 50.33% of the points.
0.38172816396314235
Time 122.22: used 50.67% of the points.
0.3499246612978846
Time 124.39: used 51.00% of the points.
0.8716586530934424
Time 124.40: used 51.33% of the points.
0.09687912816922117
Time 126.36: used 51.67% of the points.
0.7819833532187301
Time 126.37: used 52.00% of the points.
0.10292749782586708
Time 128.50: used 52.33% of the points.
0.6472989795283287
Time 131.00: used 52.67% of the points.
0.08021204312969621
Time 133.45: used 53.00% of the points.
0.6121960759643192
Time 135.44: used 53.33% of the points.
0.33360585371546103
Time 138.07: used 53.67% of the points.
0.09585409403489786
Time 140.05: used 54.00% of the points.
0.9819826401713632
Time 140.06: used 54.33% of the points.
0.9675118552207764
Time 140.07: used 54.67% of the points.
0.5655748174364886
Time 142.33: used 55.00% of the points.
0.12786940598928442
Time 144.84: used 55.33% of the points.
0.823412409047617
Time 144.86: used 55.67% of the points.
0.2439014496959392
Time 147.07: used 56.00% of the points.
0.4231088692621695
Time 149.04: used 56.33% of the points.
0.7361690631596313
Time 149.05: used 56.67% of the points.
0.3666769562755783
Time 151.57: used 57.00% of the points.
0.5365352888057858
Time 153.29: used 57.33% of the points.
0.4559546868897244
Time 155.32: used 57.67% of the points.
0.05331463508650136
Time 157.33: used 58.00% of the points.
0.4005409861774285
Time 159.20: used 58.33% of the points.
0.7496045540378726
Time 159.21: used 58.67% of the points.
0.6380872584341998
Time 161.44: used 59.00% of the points.
0.7032945569966863
Time 161.45: used 59.33% of the points.
0.28335179199378324
Time 163.47: used 59.67% of the points.
0.21737257161256562
Time 165.76: used 60.00% of the points.
0.42439257251956275
Time 167.77: used 60.33% of the points.
0.8342563403777488
Time 167.79: used 60.67% of the points.
0.6331436639082516
Time 170.06: used 61.00% of the points.
0.5420629947199122
Time 172.20: used 61.33% of the points.
0.7981522737059322
Time 172.22: used 61.67% of the points.
0.11552714839734246
Time 174.15: used 62.00% of the points.
0.4865362464036844
Time 176.06: used 62.33% of the points.
0.7767064918586561
Time 176.07: used 62.67% of the points.
0.9574241986625641
Time 176.08: used 63.00% of the points.
0.2787361039928552
Time 178.17: used 63.33% of the points.
0.47520358217663006
Time 180.33: used 63.67% of the points.
0.9067486911401178
Time 180.34: used 64.00% of the points.
0.862214828605503
Time 180.35: used 64.33% of the points.
0.38691317657437363
Time 182.49: used 64.67% of the points.
0.4188229701904297
Time 184.35: used 65.00% of the points.
0.45566248085106265
Time 186.58: used 65.33% of the points.
0.002091135518698106
Time 188.59: used 65.67% of the points.
0.3722308870419446
Time 190.53: used 66.00% of the points.
0.6265964483776657
Time 192.44: used 66.33% of the points.
0.7320241867303072
Time 192.45: used 66.67% of the points.
0.8937236113834839
Time 192.46: used 67.00% of the points.
0.9195606610599755
Time 192.48: used 67.33% of the points.
0.7118100863421364
Time 192.49: used 67.67% of the points.
0.2811484203704673
Time 194.75: used 68.00% of the points.
0.16612335862284178
Time 196.60: used 68.33% of the points.
0.6438535111039965
Time 198.84: used 68.67% of the points.
0.9830861119461435
Time 198.85: used 69.00% of the points.
0.19082005703471183
Time 201.17: used 69.33% of the points.
0.3167161117930458
Time 203.45: used 69.67% of the points.
0.7202291155518852
Time 203.47: used 70.00% of the points.
0.5461420943495582
Time 206.07: used 70.33% of the points.
0.8583553684145502
Time 206.09: used 70.67% of the points.
0.9481928344416382
Time 206.10: used 71.00% of the points.
0.2040396513435948
Time 208.27: used 71.33% of the points.
0.0887047773297921
Time 211.87: used 71.67% of the points.
0.9745877783886241
Time 211.88: used 72.00% of the points.
0.31858223382162176
Time 214.79: used 72.33% of the points.
0.6229605867255172
Time 218.16: used 72.67% of the points.
0.8715358199919497
Time 218.18: used 73.00% of the points.
0.8475324888541863
Time 218.19: used 73.33% of the points.
0.4714766519969781
Time 221.66: used 73.67% of the points.
0.7851244677547712
Time 221.68: used 74.00% of the points.
0.9507606286546815
Time 221.69: used 74.33% of the points.
0.7016951021229214
Time 221.70: used 74.67% of the points.
0.9777970091391728
Time 221.72: used 75.00% of the points.
0.36904168148822725
Time 225.47: used 75.33% of the points.
0.03389755283243179
Time 229.76: used 75.67% of the points.
0.3783977989348791
Time 235.10: used 76.00% of the points.
0.26792576547195324
Time 237.91: used 76.33% of the points.
0.4346521623427887
Time 240.92: used 76.67% of the points.
0.40180571923713115
Time 243.30: used 77.00% of the points.
0.003206280998060307
Time 245.67: used 77.33% of the points.
0.09414115782042698
Time 248.65: used 77.67% of the points.
0.2960511631650651
Time 251.02: used 78.00% of the points.
0.421430803492992
Time 252.87: used 78.33% of the points.
0.6235429940337228
Time 255.09: used 78.67% of the points.
0.9397433902999809
Time 255.11: used 79.00% of the points.
0.7126437212307787
Time 255.12: used 79.33% of the points.
0.6624835918594416
Time 257.40: used 79.67% of the points.
0.11902558677153596
Time 259.49: used 80.00% of the points.
0.1289534418757189
Time 261.90: used 80.33% of the points.
0.5486120235978023
Time 264.57: used 80.67% of the points.
0.47390390608866817
Time 266.97: used 81.00% of the points.
0.6875338818585438
Time 269.19: used 81.33% of the points.
0.18164378037296547
Time 271.30: used 81.67% of the points.
0.4426717684668855
Time 273.30: used 82.00% of the points.
0.7116902900131071
Time 273.32: used 82.33% of the points.
0.10490418186988737
Time 275.26: used 82.67% of the points.
0.6748772168671865
Time 277.22: used 83.00% of the points.
0.07310262854521854
Time 279.31: used 83.33% of the points.
0.0936336405441277
Time 281.43: used 83.67% of the points.
0.44139313538796443
Time 283.29: used 84.00% of the points.
0.6899410575678858
Time 285.29: used 84.33% of the points.
0.5098643562537873
Time 287.11: used 84.67% of the points.
0.9018818902975646
Time 287.13: used 85.00% of the points.
0.5813042755403145
Time 289.03: used 85.33% of the points.
0.7196579435018123
Time 289.04: used 85.67% of the points.
0.885991854556036
Time 289.05: used 86.00% of the points.
0.9654116134403773
Time 289.07: used 86.33% of the points.
0.23048348106440186
Time 291.18: used 86.67% of the points.
0.6623540956595625
Time 293.27: used 87.00% of the points.
0.9831975495801778
Time 293.29: used 87.33% of the points.
0.9643478777387232
Time 293.30: used 87.67% of the points.
0.3948749786893926
Time 295.34: used 88.00% of the points.
0.45533924282102967
Time 297.33: used 88.33% of the points.
0.3041669217263592
Time 299.41: used 88.67% of the points.
0.39604561737494126
Time 301.93: used 89.00% of the points.
0.48924997484503996
Time 304.26: used 89.33% of the points.
0.02339031841668393
Time 306.35: used 89.67% of the points.
0.609162208250953
Time 308.68: used 90.00% of the points.
0.8523280555849022
Time 308.70: used 90.33% of the points.
0.12347284850829521
Time 311.06: used 90.67% of the points.
0.5110017237365044
Time 313.95: used 91.00% of the points.
0.6931552516996502
Time 316.29: used 91.33% of the points.
0.5291253227030962
Time 318.64: used 91.67% of the points.
0.17975453593805113
Time 321.13: used 92.00% of the points.
0.01669289693178022
Time 323.74: used 92.33% of the points.
0.6953398728000802
Time 326.15: used 92.67% of the points.
0.2920083918518166
Time 329.31: used 93.00% of the points.
0.6762267620567313
Time 331.75: used 93.33% of the points.
0.36018560472779193
Time 335.06: used 93.67% of the points.
0.8458533007311148
Time 335.08: used 94.00% of the points.
0.4782228320148463
Time 338.26: used 94.33% of the points.
0.21737339072377715
Time 342.15: used 94.67% of the points.
0.5408993094356361
Time 346.00: used 95.00% of the points.
0.4682454017384303
Time 352.59: used 95.33% of the points.
0.13191829563872903
Time 358.59: used 95.67% of the points.
0.5246937153349156
Time 362.30: used 96.00% of the points.
0.0139661824080477
Time 366.43: used 96.33% of the points.
0.6431497574088806
Time 370.47: used 96.67% of the points.
0.988183574088391
Time 370.49: used 97.00% of the points.
0.7066789571946354
Time 370.50: used 97.33% of the points.
0.561797964985181
Time 374.93: used 97.67% of the points.
0.31169632284157733
Time 379.22: used 98.00% of the points.
0.013151266045467014
Time 381.98: used 98.33% of the points.
0.7357253843952752
Time 382.00: used 98.67% of the points.
0.7342805632437939
Time 382.01: used 99.00% of the points.
0.9846560832053249
Time 382.02: used 99.33% of the points.
0.5661180166371398
Time 386.63: used 99.67% of the points.
0.9365207058775182
Time 386.64: used 100.00% of the points.
Time 1701115765.04: used 100.00% of the points.

The following have been reloaded with a version change:
  1) GCCcore/11.2.0 => GCCcore/12.2.0
  2) XZ/5.2.5-GCCcore-11.2.0 => XZ/5.2.7-GCCcore-12.2.0
  3) libreadline/8.1-GCCcore-11.2.0 => libreadline/8.2-GCCcore-12.2.0
  4) ncurses/6.2-GCCcore-11.2.0 => ncurses/6.3-GCCcore-12.2.0
  5) zlib/1.2.11-GCCcore-11.2.0 => zlib/1.2.12-GCCcore-12.2.0

