2023-11-28 10:28:16.801269: I external/local_tsl/tsl/cuda/cudart_stub.cc:31] Could not find cuda drivers on your machine, GPU will not be used.
2023-11-28 10:28:16.840070: E external/local_xla/xla/stream_executor/cuda/cuda_dnn.cc:9261] Unable to register cuDNN factory: Attempting to register factory for plugin cuDNN when one has already been registered
2023-11-28 10:28:16.840115: E external/local_xla/xla/stream_executor/cuda/cuda_fft.cc:607] Unable to register cuFFT factory: Attempting to register factory for plugin cuFFT when one has already been registered
2023-11-28 10:28:16.842577: E external/local_xla/xla/stream_executor/cuda/cuda_blas.cc:1515] Unable to register cuBLAS factory: Attempting to register factory for plugin cuBLAS when one has already been registered
2023-11-28 10:28:16.850739: I external/local_tsl/tsl/cuda/cudart_stub.cc:31] Could not find cuda drivers on your machine, GPU will not be used.
2023-11-28 10:28:16.851028: I tensorflow/core/platform/cpu_feature_guard.cc:182] This TensorFlow binary is optimized to use available CPU instructions in performance-critical operations.
To enable the following instructions: AVX2 FMA, in other operations, rebuild TensorFlow with the appropriate compiler flags.
2023-11-28 10:28:19.047493: W tensorflow/compiler/tf2tensorrt/utils/py_utils.cc:38] TF-TRT Warning: Could not find TensorRT
Reloading Tuner from hyperparams/Dagon try THRESHOLD/tuner0.json
Dagon try THRESHOLD
1387
Model: "model"
_________________________________________________________________
 Layer (type)                Output Shape              Param #   
=================================================================
 input_1 (InputLayer)        [(None, 6)]               0         
                                                                 
 dense (Dense)               (None, 32)                224       
                                                                 
 dense_1 (Dense)             (None, 3)                 99        
                                                                 
=================================================================
Total params: 323 (1.26 KB)
Trainable params: 323 (1.26 KB)
Non-trainable params: 0 (0.00 Byte)
_________________________________________________________________
None
Model: "model_1"
_________________________________________________________________
 Layer (type)                Output Shape              Param #   
=================================================================
 input_2 (InputLayer)        [(None, 6)]               0         
                                                                 
 dense_2 (Dense)             (None, 32)                224       
                                                                 
 dense_3 (Dense)             (None, 3)                 99        
                                                                 
=================================================================
Total params: 323 (1.26 KB)
Trainable params: 323 (1.26 KB)
Non-trainable params: 0 (0.00 Byte)
_________________________________________________________________
None
Model: "model_2"
_________________________________________________________________
 Layer (type)                Output Shape              Param #   
=================================================================
 input_3 (InputLayer)        [(None, 6)]               0         
                                                                 
 dense_4 (Dense)             (None, 32)                224       
                                                                 
 dense_5 (Dense)             (None, 3)                 99        
                                                                 
=================================================================
Total params: 323 (1.26 KB)
Trainable params: 323 (1.26 KB)
Non-trainable params: 0 (0.00 Byte)
_________________________________________________________________
None
Model: "model_3"
_________________________________________________________________
 Layer (type)                Output Shape              Param #   
=================================================================
 input_4 (InputLayer)        [(None, 6)]               0         
                                                                 
 dense_6 (Dense)             (None, 32)                224       
                                                                 
 dense_7 (Dense)             (None, 3)                 99        
                                                                 
=================================================================
Total params: 323 (1.26 KB)
Trainable params: 323 (1.26 KB)
Non-trainable params: 0 (0.00 Byte)
_________________________________________________________________
None
Model: "model_4"
_________________________________________________________________
 Layer (type)                Output Shape              Param #   
=================================================================
 input_5 (InputLayer)        [(None, 6)]               0         
                                                                 
 dense_8 (Dense)             (None, 32)                224       
                                                                 
 dense_9 (Dense)             (None, 3)                 99        
                                                                 
=================================================================
Total params: 323 (1.26 KB)
Trainable params: 323 (1.26 KB)
Non-trainable params: 0 (0.00 Byte)
_________________________________________________________________
None
Model: "model_5"
_________________________________________________________________
 Layer (type)                Output Shape              Param #   
=================================================================
 input_6 (InputLayer)        [(None, 6)]               0         
                                                                 
 dense_10 (Dense)            (None, 32)                224       
                                                                 
 dense_11 (Dense)            (None, 3)                 99        
                                                                 
=================================================================
Total params: 323 (1.26 KB)
Trainable params: 323 (1.26 KB)
Non-trainable params: 0 (0.00 Byte)
_________________________________________________________________
None
Model: "model_6"
_________________________________________________________________
 Layer (type)                Output Shape              Param #   
=================================================================
 input_7 (InputLayer)        [(None, 6)]               0         
                                                                 
 dense_12 (Dense)            (None, 32)                224       
                                                                 
 dense_13 (Dense)            (None, 3)                 99        
                                                                 
=================================================================
Total params: 323 (1.26 KB)
Trainable params: 323 (1.26 KB)
Non-trainable params: 0 (0.00 Byte)
_________________________________________________________________
None
Model: "model_7"
_________________________________________________________________
 Layer (type)                Output Shape              Param #   
=================================================================
 input_8 (InputLayer)        [(None, 6)]               0         
                                                                 
 dense_14 (Dense)            (None, 32)                224       
                                                                 
 dense_15 (Dense)            (None, 3)                 99        
                                                                 
=================================================================
Total params: 323 (1.26 KB)
Trainable params: 323 (1.26 KB)
Non-trainable params: 0 (0.00 Byte)
_________________________________________________________________
None
Model: "model_8"
_________________________________________________________________
 Layer (type)                Output Shape              Param #   
=================================================================
 input_9 (InputLayer)        [(None, 6)]               0         
                                                                 
 dense_16 (Dense)            (None, 32)                224       
                                                                 
 dense_17 (Dense)            (None, 3)                 99        
                                                                 
=================================================================
Total params: 323 (1.26 KB)
Trainable params: 323 (1.26 KB)
Non-trainable params: 0 (0.00 Byte)
_________________________________________________________________
None
Model: "model_9"
_________________________________________________________________
 Layer (type)                Output Shape              Param #   
=================================================================
 input_10 (InputLayer)       [(None, 6)]               0         
                                                                 
 dense_18 (Dense)            (None, 32)                224       
                                                                 
 dense_19 (Dense)            (None, 3)                 99        
                                                                 
=================================================================
Total params: 323 (1.26 KB)
Trainable params: 323 (1.26 KB)
Non-trainable params: 0 (0.00 Byte)
_________________________________________________________________
Keras Uncertainty will use standalone Keras backendNone
The results will be saved in results/Dagon try THRESHOLD tuned (0)
Time 32.72: used 7.21% of the points.
Time 63.63: used 7.28% of the points.
Time 97.20: used 7.35% of the points.
Time 129.68: used 7.43% of the points.
Time 162.19: used 7.50% of the points.
Time 162.22: used 7.57% of the points.
Time 162.24: used 7.64% of the points.
Time 192.26: used 7.71% of the points.
Time 192.28: used 7.79% of the points.
Time 192.30: used 7.86% of the points.
Time 224.11: used 7.93% of the points.
Time 224.13: used 8.00% of the points.
Time 224.16: used 8.07% of the points.
Time 256.57: used 8.15% of the points.
Time 288.76: used 8.22% of the points.
Time 288.79: used 8.29% of the points.
Time 288.81: used 8.36% of the points.
Time 288.84: used 8.44% of the points.
Time 288.86: used 8.51% of the points.
Time 288.89: used 8.58% of the points.
Time 288.92: used 8.65% of the points.
Time 288.94: used 8.72% of the points.
Time 288.96: used 8.80% of the points.
Time 288.99: used 8.87% of the points.
Time 289.01: used 8.94% of the points.
Time 289.04: used 9.01% of the points.
Time 321.42: used 9.08% of the points.
Time 353.08: used 9.16% of the points.
Time 382.41: used 9.23% of the points.
Time 382.43: used 9.30% of the points.
Time 410.29: used 9.37% of the points.
Time 442.37: used 9.44% of the points.
Time 442.39: used 9.52% of the points.
Time 442.42: used 9.59% of the points.
Time 442.44: used 9.66% of the points.
Time 442.46: used 9.73% of the points.
Time 442.49: used 9.81% of the points.
Time 442.51: used 9.88% of the points.
Time 442.53: used 9.95% of the points.
Time 442.56: used 10.02% of the points.
Time 442.58: used 10.09% of the points.
Time 442.60: used 10.17% of the points.
Time 442.62: used 10.24% of the points.
Time 474.58: used 10.31% of the points.
Time 474.60: used 10.38% of the points.
Time 474.63: used 10.45% of the points.
Time 504.91: used 10.53% of the points.
Time 504.93: used 10.60% of the points.
Time 504.95: used 10.67% of the points.
Time 504.98: used 10.74% of the points.
Time 505.00: used 10.81% of the points.
Time 505.02: used 10.89% of the points.
Time 505.04: used 10.96% of the points.
Time 505.07: used 11.03% of the points.
Time 505.09: used 11.10% of the points.
Time 505.11: used 11.18% of the points.
Time 505.14: used 11.25% of the points.
Time 505.16: used 11.32% of the points.
Time 505.19: used 11.39% of the points.
Time 505.21: used 11.46% of the points.
Time 505.23: used 11.54% of the points.
Time 505.26: used 11.61% of the points.
Time 505.28: used 11.68% of the points.
Time 505.31: used 11.75% of the points.
Time 505.33: used 11.82% of the points.
Time 505.35: used 11.90% of the points.
Time 505.37: used 11.97% of the points.
Time 537.24: used 12.04% of the points.
Time 569.07: used 12.11% of the points.
Time 599.37: used 12.18% of the points.
Time 628.57: used 12.26% of the points.
Time 660.05: used 12.33% of the points.
Time 691.90: used 12.40% of the points.
Time 723.37: used 12.47% of the points.
Time 723.39: used 12.55% of the points.
Time 753.54: used 12.62% of the points.
Time 785.01: used 12.69% of the points.
Time 785.03: used 12.76% of the points.
Time 785.05: used 12.83% of the points.
Time 785.08: used 12.91% of the points.
Time 785.10: used 12.98% of the points.
Time 785.13: used 13.05% of the points.
Time 785.15: used 13.12% of the points.
Time 785.17: used 13.19% of the points.
Time 785.20: used 13.27% of the points.
Time 785.23: used 13.34% of the points.
Time 785.25: used 13.41% of the points.
Time 785.28: used 13.48% of the points.
Time 785.31: used 13.55% of the points.
Time 785.33: used 13.63% of the points.
Time 785.36: used 13.70% of the points.
Time 785.38: used 13.77% of the points.
Time 785.41: used 13.84% of the points.
Time 785.43: used 13.91% of the points.
Time 785.46: used 13.99% of the points.
Time 785.48: used 14.06% of the points.
Time 785.51: used 14.13% of the points.
Time 785.53: used 14.20% of the points.
Time 785.55: used 14.28% of the points.
Time 785.58: used 14.35% of the points.
Time 785.60: used 14.42% of the points.
Time 785.62: used 14.49% of the points.
Time 785.65: used 14.56% of the points.
Time 785.67: used 14.64% of the points.
Time 785.69: used 14.71% of the points.
Time 785.72: used 14.78% of the points.
Time 785.74: used 14.85% of the points.
Time 815.89: used 14.92% of the points.
Time 846.41: used 15.00% of the points.
Time 874.43: used 15.07% of the points.
Time 905.02: used 15.14% of the points.
Time 936.38: used 15.21% of the points.
Time 936.41: used 15.28% of the points.
Time 936.44: used 15.36% of the points.
Time 936.47: used 15.43% of the points.
Time 936.49: used 15.50% of the points.
Time 936.52: used 15.57% of the points.
Time 936.54: used 15.65% of the points.
Time 936.57: used 15.72% of the points.
Time 936.59: used 15.79% of the points.
Time 936.62: used 15.86% of the points.
Time 936.64: used 15.93% of the points.
Time 936.67: used 16.01% of the points.
Time 936.69: used 16.08% of the points.
Time 936.71: used 16.15% of the points.
Time 936.74: used 16.22% of the points.
Time 936.76: used 16.29% of the points.
Time 936.78: used 16.37% of the points.
Time 936.81: used 16.44% of the points.
Time 936.83: used 16.51% of the points.
Time 936.85: used 16.58% of the points.
Time 936.88: used 16.65% of the points.
Time 936.90: used 16.73% of the points.
Time 936.92: used 16.80% of the points.
Time 936.95: used 16.87% of the points.
Time 936.97: used 16.94% of the points.
Time 937.00: used 17.02% of the points.
Time 937.02: used 17.09% of the points.
Time 937.04: used 17.16% of the points.
Time 937.07: used 17.23% of the points.
Time 937.09: used 17.30% of the points.
Time 937.11: used 17.38% of the points.
Time 937.14: used 17.45% of the points.
Time 969.40: used 17.52% of the points.
Time 1001.61: used 17.59% of the points.
Time 1033.79: used 17.66% of the points.
Time 1066.03: used 17.74% of the points.
Time 1096.24: used 17.81% of the points.
Time 1127.46: used 17.88% of the points.
Time 1159.79: used 17.95% of the points.
Time 1189.24: used 18.02% of the points.
Time 1189.27: used 18.10% of the points.
Time 1189.29: used 18.17% of the points.
Time 1189.32: used 18.24% of the points.
Time 1189.34: used 18.31% of the points.
Time 1189.36: used 18.39% of the points.
Time 1189.38: used 18.46% of the points.
Time 1189.41: used 18.53% of the points.
Time 1189.43: used 18.60% of the points.
Time 1189.46: used 18.67% of the points.
Time 1189.48: used 18.75% of the points.
Time 1189.50: used 18.82% of the points.
Time 1189.53: used 18.89% of the points.
Time 1189.55: used 18.96% of the points.
Time 1189.57: used 19.03% of the points.
Time 1189.59: used 19.11% of the points.
Time 1189.62: used 19.18% of the points.
Time 1189.64: used 19.25% of the points.
Time 1189.66: used 19.32% of the points.
Time 1189.68: used 19.39% of the points.
Time 1189.71: used 19.47% of the points.
Time 1189.73: used 19.54% of the points.
Time 1189.76: used 19.61% of the points.
Time 1189.78: used 19.68% of the points.
Time 1189.80: used 19.75% of the points.
Time 1189.83: used 19.83% of the points.
Time 1189.85: used 19.90% of the points.
Time 1189.88: used 19.97% of the points.
Time 1189.90: used 20.04% of the points.
Time 1189.92: used 20.12% of the points.
Time 1189.95: used 20.19% of the points.
Time 1221.47: used 20.26% of the points.
Time 1221.49: used 20.33% of the points.
Time 1251.17: used 20.40% of the points.
Time 1283.13: used 20.48% of the points.
Time 1283.16: used 20.55% of the points.
Time 1283.18: used 20.62% of the points.
Time 1309.26: used 20.69% of the points.
Time 1309.28: used 20.76% of the points.
Time 1337.79: used 20.84% of the points.
Time 1337.81: used 20.91% of the points.
Time 1337.83: used 20.98% of the points.
Time 1337.85: used 21.05% of the points.
Time 1337.87: used 21.12% of the points.
Time 1337.89: used 21.20% of the points.
Time 1337.92: used 21.27% of the points.
Time 1337.94: used 21.34% of the points.
Time 1337.96: used 21.41% of the points.
Time 1337.98: used 21.49% of the points.
Time 1338.00: used 21.56% of the points.
Time 1338.02: used 21.63% of the points.
Time 1338.04: used 21.70% of the points.
Time 1338.06: used 21.77% of the points.
Time 1338.08: used 21.85% of the points.
Time 1338.10: used 21.92% of the points.
Time 1338.12: used 21.99% of the points.
Time 1338.14: used 22.06% of the points.
Time 1338.16: used 22.13% of the points.
Time 1338.18: used 22.21% of the points.
Time 1338.20: used 22.28% of the points.
Time 1338.22: used 22.35% of the points.
Time 1338.24: used 22.42% of the points.
Time 1338.26: used 22.49% of the points.
Time 1338.28: used 22.57% of the points.
Time 1338.30: used 22.64% of the points.
Time 1338.32: used 22.71% of the points.
Time 1338.34: used 22.78% of the points.
Time 1338.36: used 22.86% of the points.
Time 1338.38: used 22.93% of the points.
Time 1338.40: used 23.00% of the points.
Time 1338.42: used 23.07% of the points.
Time 1338.44: used 23.14% of the points.
Time 1338.46: used 23.22% of the points.
Time 1338.48: used 23.29% of the points.
Time 1370.80: used 23.36% of the points.
Time 1403.04: used 23.43% of the points.
Time 1403.06: used 23.50% of the points.
Time 1403.08: used 23.58% of the points.
Time 1403.11: used 23.65% of the points.
Time 1403.13: used 23.72% of the points.
Time 1403.15: used 23.79% of the points.
Time 1403.18: used 23.86% of the points.
Time 1403.20: used 23.94% of the points.
Time 1403.22: used 24.01% of the points.
Time 1403.25: used 24.08% of the points.
Time 1403.27: used 24.15% of the points.
Time 1403.30: used 24.22% of the points.
Time 1403.32: used 24.30% of the points.
Time 1403.34: used 24.37% of the points.
Time 1403.37: used 24.44% of the points.
Time 1403.39: used 24.51% of the points.
Time 1403.41: used 24.59% of the points.
Time 1403.44: used 24.66% of the points.
Time 1403.46: used 24.73% of the points.
Time 1403.48: used 24.80% of the points.
Time 1403.51: used 24.87% of the points.
Time 1403.53: used 24.95% of the points.
Time 1403.55: used 25.02% of the points.
Time 1403.58: used 25.09% of the points.
Time 1403.60: used 25.16% of the points.
Time 1403.63: used 25.23% of the points.
Time 1403.65: used 25.31% of the points.
Time 1403.67: used 25.38% of the points.
Time 1403.70: used 25.45% of the points.
Time 1403.72: used 25.52% of the points.
Time 1403.75: used 25.59% of the points.
Time 1403.77: used 25.67% of the points.
Time 1433.14: used 25.74% of the points.
Time 1433.16: used 25.81% of the points.
Time 1433.19: used 25.88% of the points.
Time 1433.21: used 25.96% of the points.
Time 1460.60: used 26.03% of the points.
Time 1490.22: used 26.10% of the points.
Time 1490.25: used 26.17% of the points.
Time 1490.28: used 26.24% of the points.
Time 1490.30: used 26.32% of the points.
Time 1490.33: used 26.39% of the points.
Time 1490.35: used 26.46% of the points.
Time 1490.38: used 26.53% of the points.
Time 1490.40: used 26.60% of the points.
Time 1490.43: used 26.68% of the points.
Time 1490.45: used 26.75% of the points.
Time 1490.48: used 26.82% of the points.
Time 1490.50: used 26.89% of the points.
Time 1490.53: used 26.96% of the points.
Time 1490.55: used 27.04% of the points.
Time 1490.57: used 27.11% of the points.
Time 1490.60: used 27.18% of the points.
Time 1490.62: used 27.25% of the points.
Time 1490.65: used 27.33% of the points.
Time 1490.67: used 27.40% of the points.
Time 1490.69: used 27.47% of the points.
Time 1490.72: used 27.54% of the points.
Time 1490.74: used 27.61% of the points.
Time 1490.77: used 27.69% of the points.
Time 1490.79: used 27.76% of the points.
Time 1490.81: used 27.83% of the points.
Time 1490.84: used 27.90% of the points.
Time 1490.86: used 27.97% of the points.
Time 1490.88: used 28.05% of the points.
Time 1490.91: used 28.12% of the points.
Time 1490.93: used 28.19% of the points.
Time 1490.95: used 28.26% of the points.
Time 1490.98: used 28.33% of the points.
Time 1491.00: used 28.41% of the points.
Time 1491.02: used 28.48% of the points.
Time 1491.05: used 28.55% of the points.
Time 1491.07: used 28.62% of the points.
Time 1491.09: used 28.70% of the points.
Time 1491.12: used 28.77% of the points.
Time 1491.14: used 28.84% of the points.
Time 1491.17: used 28.91% of the points.
Time 1491.19: used 28.98% of the points.
Time 1491.22: used 29.06% of the points.
Time 1491.24: used 29.13% of the points.
Time 1491.27: used 29.20% of the points.
Time 1491.29: used 29.27% of the points.
Time 1491.31: used 29.34% of the points.
Time 1491.34: used 29.42% of the points.
Time 1491.36: used 29.49% of the points.
Time 1491.39: used 29.56% of the points.
Time 1491.41: used 29.63% of the points.
Time 1491.43: used 29.70% of the points.
Time 1491.46: used 29.78% of the points.
Time 1491.48: used 29.85% of the points.
Time 1491.51: used 29.92% of the points.
Time 1491.53: used 29.99% of the points.
Time 1491.56: used 30.06% of the points.
Time 1491.59: used 30.14% of the points.
Time 1491.62: used 30.21% of the points.
Time 1491.64: used 30.28% of the points.
Time 1491.66: used 30.35% of the points.
Time 1491.69: used 30.43% of the points.
Time 1491.71: used 30.50% of the points.
Time 1491.74: used 30.57% of the points.
Time 1491.76: used 30.64% of the points.
Time 1491.79: used 30.71% of the points.
Time 1491.81: used 30.79% of the points.
Time 1491.84: used 30.86% of the points.
Time 1523.75: used 30.93% of the points.
Time 1523.78: used 31.00% of the points.
Time 1550.54: used 31.07% of the points.
Time 1550.57: used 31.15% of the points.
Time 1550.59: used 31.22% of the points.
Time 1550.62: used 31.29% of the points.
Time 1550.64: used 31.36% of the points.
Time 1550.66: used 31.43% of the points.
Time 1550.69: used 31.51% of the points.
Time 1550.71: used 31.58% of the points.
Time 1550.74: used 31.65% of the points.
Time 1550.76: used 31.72% of the points.
Time 1550.78: used 31.80% of the points.
Time 1550.81: used 31.87% of the points.
Time 1577.75: used 31.94% of the points.
Time 1577.77: used 32.01% of the points.
Time 1577.79: used 32.08% of the points.
Time 1577.82: used 32.16% of the points.
Time 1577.84: used 32.23% of the points.
Time 1577.86: used 32.30% of the points.
Time 1577.89: used 32.37% of the points.
Time 1577.91: used 32.44% of the points.
Time 1577.94: used 32.52% of the points.
Time 1577.96: used 32.59% of the points.
Time 1577.98: used 32.66% of the points.
Time 1578.00: used 32.73% of the points.
Time 1578.03: used 32.80% of the points.
Time 1578.05: used 32.88% of the points.
Time 1578.07: used 32.95% of the points.
Time 1578.10: used 33.02% of the points.
Time 1578.12: used 33.09% of the points.
Time 1578.14: used 33.17% of the points.
Time 1578.17: used 33.24% of the points.
Time 1578.20: used 33.31% of the points.
Time 1578.22: used 33.38% of the points.
Time 1578.25: used 33.45% of the points.
Time 1578.28: used 33.53% of the points.
Time 1578.30: used 33.60% of the points.
Time 1578.33: used 33.67% of the points.
Time 1578.35: used 33.74% of the points.
Time 1578.38: used 33.81% of the points.
Time 1578.40: used 33.89% of the points.
Time 1578.43: used 33.96% of the points.
Time 1578.45: used 34.03% of the points.
Time 1578.48: used 34.10% of the points.
Time 1578.50: used 34.17% of the points.
Time 1578.52: used 34.25% of the points.
Time 1578.55: used 34.32% of the points.
Time 1578.57: used 34.39% of the points.
Time 1578.59: used 34.46% of the points.
Time 1578.62: used 34.53% of the points.
Time 1578.64: used 34.61% of the points.
Time 1578.67: used 34.68% of the points.
Time 1578.69: used 34.75% of the points.
Time 1578.71: used 34.82% of the points.
Time 1578.74: used 34.90% of the points.
Time 1578.76: used 34.97% of the points.
Time 1578.78: used 35.04% of the points.
Time 1578.81: used 35.11% of the points.
Time 1578.83: used 35.18% of the points.
Time 1578.86: used 35.26% of the points.
Time 1578.88: used 35.33% of the points.
Time 1578.90: used 35.40% of the points.
Time 1578.93: used 35.47% of the points.
Time 1578.95: used 35.54% of the points.
Time 1578.98: used 35.62% of the points.
Time 1579.00: used 35.69% of the points.
Time 1579.02: used 35.76% of the points.
Time 1579.05: used 35.83% of the points.
Time 1579.07: used 35.90% of the points.
Time 1579.09: used 35.98% of the points.
Time 1579.12: used 36.05% of the points.
Time 1579.14: used 36.12% of the points.
Time 1579.16: used 36.19% of the points.
Time 1579.19: used 36.27% of the points.
Time 1579.21: used 36.34% of the points.
Time 1579.24: used 36.41% of the points.
Time 1579.26: used 36.48% of the points.
Time 1579.28: used 36.55% of the points.
Time 1579.31: used 36.63% of the points.
Time 1579.33: used 36.70% of the points.
Time 1579.35: used 36.77% of the points.
Time 1579.38: used 36.84% of the points.
Time 1579.40: used 36.91% of the points.
Time 1579.42: used 36.99% of the points.
Time 1579.44: used 37.06% of the points.
Time 1579.47: used 37.13% of the points.
Time 1579.49: used 37.20% of the points.
Time 1579.52: used 37.27% of the points.
Time 1579.54: used 37.35% of the points.
Time 1579.57: used 37.42% of the points.
Time 1579.59: used 37.49% of the points.
Time 1579.62: used 37.56% of the points.
Time 1579.64: used 37.64% of the points.
Time 1579.67: used 37.71% of the points.
Time 1579.69: used 37.78% of the points.
Time 1579.72: used 37.85% of the points.
Time 1579.74: used 37.92% of the points.
Time 1579.77: used 38.00% of the points.
Time 1579.79: used 38.07% of the points.
Time 1579.82: used 38.14% of the points.
Time 1579.84: used 38.21% of the points.
Time 1579.87: used 38.28% of the points.
Time 1579.89: used 38.36% of the points.
Time 1579.91: used 38.43% of the points.
Time 1579.94: used 38.50% of the points.
Time 1579.96: used 38.57% of the points.
Time 1579.98: used 38.64% of the points.
Time 1580.01: used 38.72% of the points.
Time 1580.03: used 38.79% of the points.
Time 1580.05: used 38.86% of the points.
Time 1580.08: used 38.93% of the points.
Time 1580.10: used 39.01% of the points.
Time 1580.13: used 39.08% of the points.
Time 1580.15: used 39.15% of the points.
Time 1580.17: used 39.22% of the points.
Time 1580.20: used 39.29% of the points.
Time 1580.22: used 39.37% of the points.
Time 1580.24: used 39.44% of the points.
Time 1580.27: used 39.51% of the points.
Time 1580.29: used 39.58% of the points.
Time 1580.31: used 39.65% of the points.
Time 1580.34: used 39.73% of the points.
Time 1580.36: used 39.80% of the points.
Time 1580.38: used 39.87% of the points.
Time 1580.41: used 39.94% of the points.
Time 1580.43: used 40.01% of the points.
Time 1580.45: used 40.09% of the points.
Time 1580.48: used 40.16% of the points.
Time 1580.50: used 40.23% of the points.
Time 1580.53: used 40.30% of the points.
Time 1580.55: used 40.37% of the points.
Time 1580.58: used 40.45% of the points.
Time 1580.60: used 40.52% of the points.
Time 1580.62: used 40.59% of the points.
Time 1580.64: used 40.66% of the points.
Time 1580.67: used 40.74% of the points.
Time 1580.69: used 40.81% of the points.
Time 1580.71: used 40.88% of the points.
Time 1580.73: used 40.95% of the points.
Time 1580.76: used 41.02% of the points.
Time 1580.78: used 41.10% of the points.
Time 1580.81: used 41.17% of the points.
Time 1580.83: used 41.24% of the points.
Time 1580.86: used 41.31% of the points.
Time 1580.88: used 41.38% of the points.
Time 1580.91: used 41.46% of the points.
Time 1580.94: used 41.53% of the points.
Time 1580.96: used 41.60% of the points.
Time 1580.99: used 41.67% of the points.
Time 1581.01: used 41.74% of the points.
Time 1581.04: used 41.82% of the points.
Time 1581.06: used 41.89% of the points.
Time 1581.08: used 41.96% of the points.
Time 1581.11: used 42.03% of the points.
Time 1581.13: used 42.11% of the points.
Time 1581.16: used 42.18% of the points.
Time 1581.18: used 42.25% of the points.
Time 1581.21: used 42.32% of the points.
Time 1581.23: used 42.39% of the points.
Time 1581.25: used 42.47% of the points.
Time 1581.28: used 42.54% of the points.
Time 1581.30: used 42.61% of the points.
Time 1581.33: used 42.68% of the points.
Time 1581.35: used 42.75% of the points.
Time 1581.38: used 42.83% of the points.
Time 1581.40: used 42.90% of the points.
Time 1581.42: used 42.97% of the points.
Time 1581.45: used 43.04% of the points.
Time 1581.47: used 43.11% of the points.
Time 1581.50: used 43.19% of the points.
Time 1581.52: used 43.26% of the points.
Time 1581.54: used 43.33% of the points.
Time 1581.57: used 43.40% of the points.
Time 1581.59: used 43.48% of the points.
Time 1581.61: used 43.55% of the points.
Time 1581.64: used 43.62% of the points.
Time 1581.66: used 43.69% of the points.
Time 1581.69: used 43.76% of the points.
Time 1581.71: used 43.84% of the points.
Time 1581.73: used 43.91% of the points.
Time 1581.76: used 43.98% of the points.
Time 1581.78: used 44.05% of the points.
Time 1581.80: used 44.12% of the points.
Time 1581.83: used 44.20% of the points.
Time 1581.85: used 44.27% of the points.
Time 1581.88: used 44.34% of the points.
Time 1581.90: used 44.41% of the points.
Time 1581.92: used 44.48% of the points.
Time 1581.95: used 44.56% of the points.
Time 1581.97: used 44.63% of the points.
Time 1581.99: used 44.70% of the points.
Time 1582.01: used 44.77% of the points.
Time 1582.04: used 44.84% of the points.
Time 1582.06: used 44.92% of the points.
Time 1582.09: used 44.99% of the points.
Time 1582.11: used 45.06% of the points.
Time 1582.14: used 45.13% of the points.
Time 1582.17: used 45.21% of the points.
Time 1582.19: used 45.28% of the points.
Time 1582.22: used 45.35% of the points.
Time 1582.24: used 45.42% of the points.
Time 1582.27: used 45.49% of the points.
Time 1582.29: used 45.57% of the points.
Time 1582.32: used 45.64% of the points.
Time 1582.34: used 45.71% of the points.
Time 1582.37: used 45.78% of the points.
Time 1582.39: used 45.85% of the points.
Time 1582.41: used 45.93% of the points.
Time 1582.44: used 46.00% of the points.
Time 1582.46: used 46.07% of the points.
Time 1582.49: used 46.14% of the points.
Time 1582.51: used 46.21% of the points.
Time 1582.53: used 46.29% of the points.
Time 1582.56: used 46.36% of the points.
Time 1582.58: used 46.43% of the points.
Time 1582.60: used 46.50% of the points.
Time 1582.63: used 46.58% of the points.
Time 1582.65: used 46.65% of the points.
Time 1582.68: used 46.72% of the points.
Time 1582.70: used 46.79% of the points.
Time 1582.72: used 46.86% of the points.
Time 1582.75: used 46.94% of the points.
Time 1582.77: used 47.01% of the points.
Time 1582.79: used 47.08% of the points.
Time 1582.82: used 47.15% of the points.
Time 1582.84: used 47.22% of the points.
Time 1582.86: used 47.30% of the points.
Time 1582.89: used 47.37% of the points.
Time 1582.91: used 47.44% of the points.
Time 1582.93: used 47.51% of the points.
Time 1582.96: used 47.58% of the points.
Time 1582.98: used 47.66% of the points.
Time 1583.00: used 47.73% of the points.
Time 1583.03: used 47.80% of the points.
Time 1583.05: used 47.87% of the points.
Time 1583.07: used 47.95% of the points.
Time 1583.10: used 48.02% of the points.
Time 1583.12: used 48.09% of the points.
Time 1583.15: used 48.16% of the points.
Time 1583.17: used 48.23% of the points.
Time 1583.19: used 48.31% of the points.
Time 1583.22: used 48.38% of the points.
Time 1583.24: used 48.45% of the points.
Time 1583.26: used 48.52% of the points.
Time 1583.29: used 48.59% of the points.
Time 1583.31: used 48.67% of the points.
Time 1583.33: used 48.74% of the points.
Time 1583.35: used 48.81% of the points.
Time 1583.38: used 48.88% of the points.
Time 1583.40: used 48.95% of the points.
Time 1583.42: used 49.03% of the points.
Time 1583.45: used 49.10% of the points.
Time 1583.47: used 49.17% of the points.
Time 1583.50: used 49.24% of the points.
Time 1583.52: used 49.32% of the points.
Time 1583.55: used 49.39% of the points.
Time 1583.57: used 49.46% of the points.
Time 1583.59: used 49.53% of the points.
Time 1583.62: used 49.60% of the points.
Time 1583.64: used 49.68% of the points.
Time 1583.67: used 49.75% of the points.
Time 1583.69: used 49.82% of the points.
Time 1583.72: used 49.89% of the points.
Time 1583.74: used 49.96% of the points.
Time 1583.77: used 50.04% of the points.
Time 1583.79: used 50.11% of the points.
Time 1583.82: used 50.18% of the points.
Time 1583.84: used 50.25% of the points.
Time 1583.87: used 50.32% of the points.
Time 1583.89: used 50.40% of the points.
Time 1583.92: used 50.47% of the points.
Time 1583.94: used 50.54% of the points.
Time 1583.96: used 50.61% of the points.
Time 1583.99: used 50.68% of the points.
Time 1584.01: used 50.76% of the points.
Time 1584.04: used 50.83% of the points.
Time 1584.06: used 50.90% of the points.
Time 1584.08: used 50.97% of the points.
Time 1584.11: used 51.05% of the points.
Time 1584.13: used 51.12% of the points.
Time 1584.15: used 51.19% of the points.
Time 1584.18: used 51.26% of the points.
Time 1584.20: used 51.33% of the points.
Time 1584.22: used 51.41% of the points.
Time 1584.25: used 51.48% of the points.
Time 1584.27: used 51.55% of the points.
Time 1584.29: used 51.62% of the points.
Time 1584.32: used 51.69% of the points.
Time 1584.34: used 51.77% of the points.
Time 1584.36: used 51.84% of the points.
Time 1584.39: used 51.91% of the points.
Time 1584.41: used 51.98% of the points.
Time 1584.43: used 52.05% of the points.
Time 1584.46: used 52.13% of the points.
Time 1584.48: used 52.20% of the points.
Time 1584.50: used 52.27% of the points.
Time 1584.53: used 52.34% of the points.
Time 1584.55: used 52.42% of the points.
Time 1584.58: used 52.49% of the points.
Time 1584.60: used 52.56% of the points.
Time 1584.62: used 52.63% of the points.
Time 1584.64: used 52.70% of the points.
Time 1584.67: used 52.78% of the points.
Time 1584.69: used 52.85% of the points.
Time 1584.71: used 52.92% of the points.
Time 1584.74: used 52.99% of the points.
Time 1584.76: used 53.06% of the points.
Time 1584.79: used 53.14% of the points.
Time 1584.82: used 53.21% of the points.
Time 1584.84: used 53.28% of the points.
Time 1584.87: used 53.35% of the points.
Time 1584.89: used 53.42% of the points.
Time 1584.92: used 53.50% of the points.
Time 1584.95: used 53.57% of the points.
Time 1584.97: used 53.64% of the points.
Time 1585.00: used 53.71% of the points.
Time 1585.02: used 53.79% of the points.
Time 1585.05: used 53.86% of the points.
Time 1585.07: used 53.93% of the points.
Time 1585.09: used 54.00% of the points.
Time 1585.12: used 54.07% of the points.
Time 1585.14: used 54.15% of the points.
Time 1585.17: used 54.22% of the points.
Time 1613.67: used 54.29% of the points.
Time 1613.69: used 54.36% of the points.
Time 1613.71: used 54.43% of the points.
Time 1613.73: used 54.51% of the points.
Time 1613.75: used 54.58% of the points.
Time 1613.77: used 54.65% of the points.
Time 1613.79: used 54.72% of the points.
Time 1613.81: used 54.79% of the points.
Time 1613.83: used 54.87% of the points.
Time 1613.85: used 54.94% of the points.
Time 1613.87: used 55.01% of the points.
Time 1613.89: used 55.08% of the points.
Time 1613.91: used 55.16% of the points.
Time 1613.93: used 55.23% of the points.
Time 1613.95: used 55.30% of the points.
Time 1613.97: used 55.37% of the points.
Time 1613.99: used 55.44% of the points.
Time 1614.01: used 55.52% of the points.
Time 1614.03: used 55.59% of the points.
Time 1614.05: used 55.66% of the points.
Time 1614.07: used 55.73% of the points.
Time 1614.09: used 55.80% of the points.
Time 1614.11: used 55.88% of the points.
Time 1614.13: used 55.95% of the points.
Time 1614.15: used 56.02% of the points.
Time 1614.17: used 56.09% of the points.
Time 1614.19: used 56.16% of the points.
Time 1614.21: used 56.24% of the points.
Time 1614.23: used 56.31% of the points.
Time 1614.25: used 56.38% of the points.
Time 1614.27: used 56.45% of the points.
Time 1614.29: used 56.52% of the points.
Time 1614.31: used 56.60% of the points.
Time 1614.33: used 56.67% of the points.
Time 1614.35: used 56.74% of the points.
Time 1614.38: used 56.81% of the points.
Time 1614.40: used 56.89% of the points.
Time 1614.42: used 56.96% of the points.
Time 1614.44: used 57.03% of the points.
Time 1614.46: used 57.10% of the points.
Time 1614.48: used 57.17% of the points.
Time 1614.50: used 57.25% of the points.
Time 1614.52: used 57.32% of the points.
Time 1614.54: used 57.39% of the points.
Time 1614.56: used 57.46% of the points.
Time 1614.58: used 57.53% of the points.
Time 1614.60: used 57.61% of the points.
Time 1614.62: used 57.68% of the points.
Time 1614.64: used 57.75% of the points.
Time 1614.66: used 57.82% of the points.
Time 1614.68: used 57.89% of the points.
Time 1614.70: used 57.97% of the points.
Time 1614.72: used 58.04% of the points.
Time 1614.74: used 58.11% of the points.
Time 1614.76: used 58.18% of the points.
Time 1614.78: used 58.26% of the points.
Time 1614.80: used 58.33% of the points.
Time 1614.82: used 58.40% of the points.
Time 1614.84: used 58.47% of the points.
Time 1640.12: used 58.54% of the points.
Time 1640.14: used 58.62% of the points.
Time 1640.16: used 58.69% of the points.
Time 1640.18: used 58.76% of the points.
Time 1640.20: used 58.83% of the points.
Time 1640.22: used 58.90% of the points.
Time 1640.24: used 58.98% of the points.
Time 1640.26: used 59.05% of the points.
Time 1640.28: used 59.12% of the points.
Time 1640.30: used 59.19% of the points.
Time 1640.32: used 59.26% of the points.
Time 1640.34: used 59.34% of the points.
Time 1640.36: used 59.41% of the points.
Time 1640.38: used 59.48% of the points.
Time 1640.40: used 59.55% of the points.
Time 1640.42: used 59.63% of the points.
Time 1640.44: used 59.70% of the points.
Time 1640.46: used 59.77% of the points.
Time 1640.48: used 59.84% of the points.
Time 1640.50: used 59.91% of the points.
Time 1640.52: used 59.99% of the points.
Time 1640.54: used 60.06% of the points.
Time 1640.56: used 60.13% of the points.
Time 1640.58: used 60.20% of the points.
Time 1640.60: used 60.27% of the points.
Time 1640.62: used 60.35% of the points.
Time 1640.64: used 60.42% of the points.
Time 1640.66: used 60.49% of the points.
Time 1640.68: used 60.56% of the points.
Time 1640.70: used 60.63% of the points.
Time 1640.72: used 60.71% of the points.
Time 1640.74: used 60.78% of the points.
Time 1640.76: used 60.85% of the points.
Time 1640.78: used 60.92% of the points.
Time 1640.80: used 60.99% of the points.
Time 1640.82: used 61.07% of the points.
Time 1640.84: used 61.14% of the points.
Time 1640.86: used 61.21% of the points.
Time 1640.88: used 61.28% of the points.
Time 1640.90: used 61.36% of the points.
Time 1640.92: used 61.43% of the points.
Time 1640.94: used 61.50% of the points.
Time 1640.96: used 61.57% of the points.
Time 1640.98: used 61.64% of the points.
Time 1641.00: used 61.72% of the points.
Time 1641.02: used 61.79% of the points.
Time 1641.04: used 61.86% of the points.
Time 1641.06: used 61.93% of the points.
Time 1641.08: used 62.00% of the points.
Time 1641.10: used 62.08% of the points.
Time 1641.12: used 62.15% of the points.
Time 1641.14: used 62.22% of the points.
Time 1641.16: used 62.29% of the points.
Time 1641.18: used 62.36% of the points.
Time 1641.20: used 62.44% of the points.
Time 1641.22: used 62.51% of the points.
Time 1641.24: used 62.58% of the points.
Time 1641.26: used 62.65% of the points.
Time 1641.28: used 62.73% of the points.
Time 1641.30: used 62.80% of the points.
Time 1641.32: used 62.87% of the points.
Time 1641.34: used 62.94% of the points.
Time 1641.36: used 63.01% of the points.
Time 1641.38: used 63.09% of the points.
Time 1641.40: used 63.16% of the points.
Time 1641.42: used 63.23% of the points.
Time 1641.44: used 63.30% of the points.
Time 1641.46: used 63.37% of the points.
Time 1641.48: used 63.45% of the points.
Time 1641.50: used 63.52% of the points.
Time 1641.52: used 63.59% of the points.
Time 1641.54: used 63.66% of the points.
Time 1641.56: used 63.73% of the points.
Time 1641.58: used 63.81% of the points.
Time 1641.60: used 63.88% of the points.
Time 1641.62: used 63.95% of the points.
Time 1641.64: used 64.02% of the points.
Time 1641.66: used 64.10% of the points.
Time 1641.68: used 64.17% of the points.
Time 1641.70: used 64.24% of the points.
Time 1641.72: used 64.31% of the points.
Time 1641.74: used 64.38% of the points.
Time 1641.76: used 64.46% of the points.
Time 1641.78: used 64.53% of the points.
Time 1641.80: used 64.60% of the points.
Time 1641.82: used 64.67% of the points.
Time 1641.84: used 64.74% of the points.
Time 1641.86: used 64.82% of the points.
Time 1641.88: used 64.89% of the points.
Time 1641.90: used 64.96% of the points.
Time 1641.92: used 65.03% of the points.
Time 1641.94: used 65.10% of the points.
Time 1641.96: used 65.18% of the points.
Time 1641.98: used 65.25% of the points.
Time 1642.00: used 65.32% of the points.
Time 1642.02: used 65.39% of the points.
Time 1642.04: used 65.47% of the points.
Time 1642.06: used 65.54% of the points.
Time 1642.08: used 65.61% of the points.
Time 1642.10: used 65.68% of the points.
Time 1642.12: used 65.75% of the points.
Time 1642.14: used 65.83% of the points.
Time 1642.16: used 65.90% of the points.
Time 1642.18: used 65.97% of the points.
Time 1642.20: used 66.04% of the points.
Time 1642.22: used 66.11% of the points.
Time 1642.24: used 66.19% of the points.
Time 1642.26: used 66.26% of the points.
Time 1642.28: used 66.33% of the points.
Time 1642.30: used 66.40% of the points.
Time 1642.32: used 66.47% of the points.
Time 1642.35: used 66.55% of the points.
Time 1642.37: used 66.62% of the points.
Time 1642.39: used 66.69% of the points.
Time 1642.41: used 66.76% of the points.
Time 1642.43: used 66.83% of the points.
Time 1642.45: used 66.91% of the points.
Time 1642.47: used 66.98% of the points.
Time 1642.49: used 67.05% of the points.
Time 1642.51: used 67.12% of the points.
Time 1642.52: used 67.20% of the points.
Time 1642.55: used 67.27% of the points.
Time 1642.57: used 67.34% of the points.
Time 1642.59: used 67.41% of the points.
Time 1642.61: used 67.48% of the points.
Time 1642.63: used 67.56% of the points.
Time 1642.65: used 67.63% of the points.
Time 1642.67: used 67.70% of the points.
Time 1642.69: used 67.77% of the points.
Time 1642.71: used 67.84% of the points.
Time 1642.73: used 67.92% of the points.
Time 1642.75: used 67.99% of the points.
Time 1642.77: used 68.06% of the points.
Time 1642.79: used 68.13% of the points.
Time 1642.81: used 68.20% of the points.
Time 1642.83: used 68.28% of the points.
Time 1642.85: used 68.35% of the points.
Time 1642.87: used 68.42% of the points.
Time 1642.89: used 68.49% of the points.
Time 1642.91: used 68.57% of the points.
Time 1642.93: used 68.64% of the points.
Time 1642.95: used 68.71% of the points.
Time 1642.97: used 68.78% of the points.
Time 1642.99: used 68.85% of the points.
Time 1643.01: used 68.93% of the points.
Time 1643.03: used 69.00% of the points.
Time 1643.05: used 69.07% of the points.
Time 1643.07: used 69.14% of the points.
Time 1643.09: used 69.21% of the points.
Time 1643.11: used 69.29% of the points.
Time 1643.13: used 69.36% of the points.
Time 1643.15: used 69.43% of the points.
Time 1643.17: used 69.50% of the points.
Time 1643.19: used 69.57% of the points.
Time 1643.21: used 69.65% of the points.
Time 1643.23: used 69.72% of the points.
Time 1643.25: used 69.79% of the points.
Time 1643.27: used 69.86% of the points.
Time 1643.29: used 69.94% of the points.
Time 1643.31: used 70.01% of the points.
Time 1643.33: used 70.08% of the points.
Time 1643.35: used 70.15% of the points.
Time 1643.37: used 70.22% of the points.
Time 1643.39: used 70.30% of the points.
Time 1643.41: used 70.37% of the points.
Time 1643.43: used 70.44% of the points.
Time 1643.45: used 70.51% of the points.
Time 1643.47: used 70.58% of the points.
Time 1643.49: used 70.66% of the points.
Time 1643.51: used 70.73% of the points.
Time 1643.53: used 70.80% of the points.
Time 1643.55: used 70.87% of the points.
Time 1643.57: used 70.94% of the points.
Time 1643.59: used 71.02% of the points.
Time 1643.61: used 71.09% of the points.
Time 1643.63: used 71.16% of the points.
Time 1643.65: used 71.23% of the points.
Time 1643.67: used 71.30% of the points.
Time 1643.69: used 71.38% of the points.
Time 1643.71: used 71.45% of the points.
Time 1643.73: used 71.52% of the points.
Time 1643.75: used 71.59% of the points.
Time 1643.77: used 71.67% of the points.
Time 1643.79: used 71.74% of the points.
Time 1643.81: used 71.81% of the points.
Time 1643.83: used 71.88% of the points.
Time 1643.85: used 71.95% of the points.
Time 1643.87: used 72.03% of the points.
Time 1643.89: used 72.10% of the points.
Time 1643.91: used 72.17% of the points.
Time 1643.93: used 72.24% of the points.
Time 1643.95: used 72.31% of the points.
Time 1643.97: used 72.39% of the points.
Time 1643.99: used 72.46% of the points.
Time 1644.01: used 72.53% of the points.
Time 1644.03: used 72.60% of the points.
Time 1644.05: used 72.67% of the points.
Time 1644.07: used 72.75% of the points.
Time 1644.09: used 72.82% of the points.
Time 1644.11: used 72.89% of the points.
Time 1644.13: used 72.96% of the points.
Time 1644.15: used 73.04% of the points.
Time 1644.17: used 73.11% of the points.
Time 1644.19: used 73.18% of the points.
Time 1644.21: used 73.25% of the points.
Time 1644.23: used 73.32% of the points.
Time 1644.25: used 73.40% of the points.
Time 1644.27: used 73.47% of the points.
Time 1644.29: used 73.54% of the points.
Time 1644.31: used 73.61% of the points.
Time 1644.33: used 73.68% of the points.
Time 1644.35: used 73.76% of the points.
Time 1644.37: used 73.83% of the points.
Time 1644.39: used 73.90% of the points.
Time 1644.42: used 73.97% of the points.
Time 1644.43: used 74.04% of the points.
Time 1644.45: used 74.12% of the points.
Time 1644.47: used 74.19% of the points.
Time 1644.49: used 74.26% of the points.
Time 1644.52: used 74.33% of the points.
Time 1644.53: used 74.41% of the points.
Time 1644.56: used 74.48% of the points.
Time 1644.58: used 74.55% of the points.
Time 1644.60: used 74.62% of the points.
Time 1644.62: used 74.69% of the points.
Time 1644.64: used 74.77% of the points.
Time 1644.66: used 74.84% of the points.
Time 1644.68: used 74.91% of the points.
Time 1644.70: used 74.98% of the points.
Time 1644.72: used 75.05% of the points.
Time 1644.74: used 75.13% of the points.
Time 1644.76: used 75.20% of the points.
Time 1644.78: used 75.27% of the points.
Time 1644.80: used 75.34% of the points.
Time 1644.82: used 75.41% of the points.
Time 1644.84: used 75.49% of the points.
Time 1644.86: used 75.56% of the points.
Time 1644.88: used 75.63% of the points.
Time 1644.90: used 75.70% of the points.
Time 1644.92: used 75.78% of the points.
Time 1644.94: used 75.85% of the points.
Time 1644.96: used 75.92% of the points.
Time 1644.98: used 75.99% of the points.
Time 1645.00: used 76.06% of the points.
Time 1645.02: used 76.14% of the points.
Time 1645.04: used 76.21% of the points.
Time 1645.06: used 76.28% of the points.
Time 1645.08: used 76.35% of the points.
Time 1645.10: used 76.42% of the points.
Time 1645.12: used 76.50% of the points.
Time 1645.14: used 76.57% of the points.
Time 1645.16: used 76.64% of the points.
Time 1645.18: used 76.71% of the points.
Time 1645.20: used 76.78% of the points.
Time 1645.22: used 76.86% of the points.
Time 1645.24: used 76.93% of the points.
Time 1645.26: used 77.00% of the points.
Time 1645.28: used 77.07% of the points.
Time 1645.30: used 77.14% of the points.
Time 1645.32: used 77.22% of the points.
Time 1645.34: used 77.29% of the points.
Time 1645.36: used 77.36% of the points.
Time 1645.38: used 77.43% of the points.
Time 1645.40: used 77.51% of the points.
Time 1645.42: used 77.58% of the points.
Time 1645.44: used 77.65% of the points.
Time 1645.46: used 77.72% of the points.
Time 1645.48: used 77.79% of the points.
Time 1645.50: used 77.87% of the points.
Time 1645.52: used 77.94% of the points.
Time 1645.54: used 78.01% of the points.
Time 1645.56: used 78.08% of the points.
Time 1645.58: used 78.15% of the points.
Time 1645.60: used 78.23% of the points.
Time 1645.62: used 78.30% of the points.
Time 1645.64: used 78.37% of the points.
Time 1645.66: used 78.44% of the points.
Time 1645.68: used 78.51% of the points.
Time 1645.70: used 78.59% of the points.
Time 1645.72: used 78.66% of the points.
Time 1645.74: used 78.73% of the points.
Time 1645.76: used 78.80% of the points.
Time 1645.78: used 78.88% of the points.
Time 1645.80: used 78.95% of the points.
Time 1645.82: used 79.02% of the points.
Time 1645.84: used 79.09% of the points.
Time 1645.86: used 79.16% of the points.
Time 1645.88: used 79.24% of the points.
Time 1645.90: used 79.31% of the points.
Time 1645.92: used 79.38% of the points.
Time 1645.94: used 79.45% of the points.
Time 1645.96: used 79.52% of the points.
Time 1645.98: used 79.60% of the points.
Time 1646.00: used 79.67% of the points.
Time 1646.02: used 79.74% of the points.
Time 1646.04: used 79.81% of the points.
Time 1646.06: used 79.88% of the points.
Time 1646.08: used 79.96% of the points.
Time 1646.10: used 80.03% of the points.
Time 1646.12: used 80.10% of the points.
Time 1646.14: used 80.17% of the points.
Time 1646.16: used 80.25% of the points.
Time 1646.18: used 80.32% of the points.
Time 1646.20: used 80.39% of the points.
Time 1646.22: used 80.46% of the points.
Time 1646.24: used 80.53% of the points.
Time 1646.26: used 80.61% of the points.
Time 1646.28: used 80.68% of the points.
Time 1646.30: used 80.75% of the points.
Time 1646.32: used 80.82% of the points.
Time 1646.34: used 80.89% of the points.
Time 1646.36: used 80.97% of the points.
Time 1646.38: used 81.04% of the points.
Time 1646.40: used 81.11% of the points.
Time 1646.42: used 81.18% of the points.
Time 1646.44: used 81.25% of the points.
Time 1646.46: used 81.33% of the points.
Time 1646.48: used 81.40% of the points.
Time 1646.50: used 81.47% of the points.
Time 1646.52: used 81.54% of the points.
Time 1646.54: used 81.61% of the points.
Time 1646.56: used 81.69% of the points.
Time 1646.58: used 81.76% of the points.
Time 1646.60: used 81.83% of the points.
Time 1646.62: used 81.90% of the points.
Time 1646.64: used 81.98% of the points.
Time 1646.66: used 82.05% of the points.
Time 1646.68: used 82.12% of the points.
Time 1646.70: used 82.19% of the points.
Time 1646.72: used 82.26% of the points.
Time 1646.74: used 82.34% of the points.
Time 1646.76: used 82.41% of the points.
Time 1646.78: used 82.48% of the points.
Time 1646.80: used 82.55% of the points.
Time 1646.82: used 82.62% of the points.
Time 1646.84: used 82.70% of the points.
Time 1646.86: used 82.77% of the points.
Time 1646.88: used 82.84% of the points.
Time 1646.90: used 82.91% of the points.
Time 1646.92: used 82.98% of the points.
Time 1646.94: used 83.06% of the points.
Time 1646.96: used 83.13% of the points.
Time 1646.98: used 83.20% of the points.
Time 1647.00: used 83.27% of the points.
Time 1647.02: used 83.35% of the points.
Time 1647.04: used 83.42% of the points.
Time 1647.06: used 83.49% of the points.
Time 1647.08: used 83.56% of the points.
Time 1647.11: used 83.63% of the points.
Time 1647.13: used 83.71% of the points.
Time 1647.15: used 83.78% of the points.
Time 1647.17: used 83.85% of the points.
Time 1647.19: used 83.92% of the points.
Time 1647.21: used 83.99% of the points.
Time 1647.23: used 84.07% of the points.
Time 1647.25: used 84.14% of the points.
Time 1647.27: used 84.21% of the points.
Time 1647.29: used 84.28% of the points.
Time 1647.31: used 84.35% of the points.
Time 1647.33: used 84.43% of the points.
Time 1647.35: used 84.50% of the points.
Time 1647.37: used 84.57% of the points.
Time 1647.39: used 84.64% of the points.
Time 1647.41: used 84.72% of the points.
Time 1647.43: used 84.79% of the points.
Time 1647.45: used 84.86% of the points.
Time 1647.47: used 84.93% of the points.
Time 1647.49: used 85.00% of the points.
Time 1647.51: used 85.08% of the points.
Time 1647.53: used 85.15% of the points.
Time 1647.55: used 85.22% of the points.
Time 1647.57: used 85.29% of the points.
Time 1647.59: used 85.36% of the points.
Time 1647.61: used 85.44% of the points.
Time 1647.63: used 85.51% of the points.
Time 1647.65: used 85.58% of the points.
Time 1647.67: used 85.65% of the points.
Time 1647.69: used 85.72% of the points.
Time 1647.71: used 85.80% of the points.
Time 1647.73: used 85.87% of the points.
Time 1647.75: used 85.94% of the points.
Time 1647.77: used 86.01% of the points.
Time 1647.79: used 86.09% of the points.
Time 1647.81: used 86.16% of the points.
Time 1647.83: used 86.23% of the points.
Time 1647.85: used 86.30% of the points.
Time 1647.87: used 86.37% of the points.
Time 1647.89: used 86.45% of the points.
Time 1647.91: used 86.52% of the points.
Time 1647.93: used 86.59% of the points.
Time 1647.95: used 86.66% of the points.
Time 1647.97: used 86.73% of the points.
Time 1647.99: used 86.81% of the points.
Time 1648.01: used 86.88% of the points.
Time 1648.03: used 86.95% of the points.
Time 1648.05: used 87.02% of the points.
Time 1648.07: used 87.09% of the points.
Time 1648.09: used 87.17% of the points.
Time 1648.11: used 87.24% of the points.
Time 1648.13: used 87.31% of the points.
Time 1648.15: used 87.38% of the points.
Time 1648.17: used 87.45% of the points.
Time 1648.19: used 87.53% of the points.
Time 1648.21: used 87.60% of the points.
Time 1648.23: used 87.67% of the points.
Time 1648.25: used 87.74% of the points.
Time 1648.27: used 87.82% of the points.
Time 1648.29: used 87.89% of the points.
Time 1648.31: used 87.96% of the points.
Time 1648.33: used 88.03% of the points.
Time 1648.35: used 88.10% of the points.
Time 1648.37: used 88.18% of the points.
Time 1648.39: used 88.25% of the points.
Time 1648.41: used 88.32% of the points.
Time 1648.43: used 88.39% of the points.
Time 1648.45: used 88.46% of the points.
Time 1648.47: used 88.54% of the points.
Time 1648.49: used 88.61% of the points.
Time 1648.51: used 88.68% of the points.
Time 1648.53: used 88.75% of the points.
Time 1648.55: used 88.82% of the points.
Time 1648.57: used 88.90% of the points.
Time 1648.59: used 88.97% of the points.
Time 1648.61: used 89.04% of the points.
Time 1648.63: used 89.11% of the points.
Time 1648.65: used 89.19% of the points.
Time 1648.67: used 89.26% of the points.
Time 1648.69: used 89.33% of the points.
Time 1648.71: used 89.40% of the points.
Time 1648.73: used 89.47% of the points.
Time 1648.75: used 89.55% of the points.
Time 1648.77: used 89.62% of the points.
Time 1648.79: used 89.69% of the points.
Time 1648.81: used 89.76% of the points.
Time 1648.83: used 89.83% of the points.
Time 1648.85: used 89.91% of the points.
Time 1648.87: used 89.98% of the points.
Time 1648.89: used 90.05% of the points.
Time 1648.91: used 90.12% of the points.
Time 1648.93: used 90.19% of the points.
Time 1648.95: used 90.27% of the points.
Time 1648.97: used 90.34% of the points.
Time 1648.99: used 90.41% of the points.
Time 1649.01: used 90.48% of the points.
Time 1649.03: used 90.56% of the points.
Time 1649.05: used 90.63% of the points.
Time 1649.07: used 90.70% of the points.
Time 1649.09: used 90.77% of the points.
Time 1649.11: used 90.84% of the points.
Time 1649.13: used 90.92% of the points.
Time 1649.15: used 90.99% of the points.
Time 1649.17: used 91.06% of the points.
Time 1649.19: used 91.13% of the points.
Time 1649.21: used 91.20% of the points.
Time 1649.23: used 91.28% of the points.
Time 1649.25: used 91.35% of the points.
Time 1649.27: used 91.42% of the points.
Time 1649.29: used 91.49% of the points.
Time 1649.31: used 91.56% of the points.
Time 1649.34: used 91.64% of the points.
Time 1649.36: used 91.71% of the points.
Time 1649.38: used 91.78% of the points.
Time 1649.40: used 91.85% of the points.
Time 1649.42: used 91.93% of the points.
Time 1649.44: used 92.00% of the points.
Time 1649.46: used 92.07% of the points.
Time 1649.48: used 92.14% of the points.
Time 1649.50: used 92.21% of the points.
Time 1649.52: used 92.29% of the points.
Time 1649.54: used 92.36% of the points.
Time 1649.56: used 92.43% of the points.
Time 1649.57: used 92.50% of the points.
Time 1649.59: used 92.57% of the points.
Time 1649.61: used 92.65% of the points.
Time 1649.63: used 92.72% of the points.
Time 1649.65: used 92.79% of the points.
Time 1649.67: used 92.86% of the points.
Time 1649.69: used 92.93% of the points.
Time 1649.71: used 93.01% of the points.
Time 1649.73: used 93.08% of the points.
Time 1649.75: used 93.15% of the points.
Time 1649.77: used 93.22% of the points.
Time 1649.79: used 93.29% of the points.
Time 1649.81: used 93.37% of the points.
Time 1649.83: used 93.44% of the points.
Time 1649.85: used 93.51% of the points.
Time 1649.87: used 93.58% of the points.
Time 1649.90: used 93.66% of the points.
Time 1649.92: used 93.73% of the points.
Time 1649.94: used 93.80% of the points.
Time 1649.96: used 93.87% of the points.
Time 1649.98: used 93.94% of the points.
Time 1650.00: used 94.02% of the points.
Time 1650.02: used 94.09% of the points.
Time 1650.04: used 94.16% of the points.
Time 1650.06: used 94.23% of the points.
Time 1650.08: used 94.30% of the points.
Time 1650.10: used 94.38% of the points.
Time 1650.12: used 94.45% of the points.
Time 1650.14: used 94.52% of the points.
Time 1650.16: used 94.59% of the points.
Time 1650.18: used 94.66% of the points.
Time 1650.20: used 94.74% of the points.
Time 1650.22: used 94.81% of the points.
Time 1650.24: used 94.88% of the points.
Time 1650.26: used 94.95% of the points.
Time 1650.28: used 95.03% of the points.
Time 1650.30: used 95.10% of the points.
Time 1650.32: used 95.17% of the points.
Time 1650.34: used 95.24% of the points.
Time 1650.36: used 95.31% of the points.
Time 1650.38: used 95.39% of the points.
Time 1650.40: used 95.46% of the points.
Time 1650.42: used 95.53% of the points.
Time 1650.44: used 95.60% of the points.
Time 1650.46: used 95.67% of the points.
Time 1650.48: used 95.75% of the points.
Time 1650.50: used 95.82% of the points.
Time 1650.52: used 95.89% of the points.
Time 1650.54: used 95.96% of the points.
Time 1650.56: used 96.03% of the points.
Time 1650.58: used 96.11% of the points.
Time 1650.60: used 96.18% of the points.
Time 1650.62: used 96.25% of the points.
Time 1650.64: used 96.32% of the points.
Time 1650.66: used 96.40% of the points.
Time 1650.68: used 96.47% of the points.
Time 1650.70: used 96.54% of the points.
Time 1650.72: used 96.61% of the points.
Time 1650.74: used 96.68% of the points.
Time 1650.76: used 96.76% of the points.
Time 1650.78: used 96.83% of the points.
Time 1650.80: used 96.90% of the points.
Time 1650.82: used 96.97% of the points.
Time 1650.84: used 97.04% of the points.
Time 1650.86: used 97.12% of the points.
Time 1650.88: used 97.19% of the points.
Time 1650.90: used 97.26% of the points.
Time 1650.92: used 97.33% of the points.
Time 1650.94: used 97.40% of the points.
Time 1650.96: used 97.48% of the points.
Time 1650.98: used 97.55% of the points.
Time 1651.00: used 97.62% of the points.
Time 1651.02: used 97.69% of the points.
Time 1651.04: used 97.76% of the points.
Time 1651.06: used 97.84% of the points.
Time 1651.08: used 97.91% of the points.
Time 1651.10: used 97.98% of the points.
Time 1651.12: used 98.05% of the points.
Time 1651.14: used 98.13% of the points.
Time 1651.16: used 98.20% of the points.
Time 1651.18: used 98.27% of the points.
Time 1651.20: used 98.34% of the points.
Time 1651.22: used 98.41% of the points.
Time 1651.24: used 98.49% of the points.
Time 1651.26: used 98.56% of the points.
Time 1651.28: used 98.63% of the points.
Time 1651.31: used 98.70% of the points.
Time 1651.33: used 98.77% of the points.
Time 1651.35: used 98.85% of the points.
Time 1651.37: used 98.92% of the points.
Time 1651.39: used 98.99% of the points.
Time 1651.41: used 99.06% of the points.
Time 1651.43: used 99.13% of the points.
Time 1651.45: used 99.21% of the points.
Time 1651.47: used 99.28% of the points.
Time 1651.49: used 99.35% of the points.
Time 1651.51: used 99.42% of the points.
Time 1651.53: used 99.50% of the points.
Time 1651.55: used 99.57% of the points.
Time 1651.57: used 99.64% of the points.
Time 1651.59: used 99.71% of the points.
Time 1651.61: used 99.78% of the points.
Time 1651.63: used 99.86% of the points.
Time 1651.65: used 99.93% of the points.
Time 1651.67: used 100.00% of the points.
Time 1701165355.37: used 100.00% of the points.

The following have been reloaded with a version change:
  1) GCCcore/11.2.0 => GCCcore/12.2.0
  2) XZ/5.2.5-GCCcore-11.2.0 => XZ/5.2.7-GCCcore-12.2.0
  3) libreadline/8.1-GCCcore-11.2.0 => libreadline/8.2-GCCcore-12.2.0
  4) ncurses/6.2-GCCcore-11.2.0 => ncurses/6.3-GCCcore-12.2.0
  5) zlib/1.2.11-GCCcore-11.2.0 => zlib/1.2.12-GCCcore-12.2.0

